2025-04-30 20:55:32|DEBUG|MarketDataSync|‚ÄĘ Logging initialized. Console level: INFO. General logs: 'logs/app.log'. Error logs: 'logs/error.log'.
2025-04-30 20:55:32|INFO|MarketDataSync|[32m‚ÄĘ Market Data Sync START [0m
2025-04-30 20:55:32|DEBUG|MarketDataSync|[32m‚ÄĘ Starting Market Data Sync Cycle [0m
2025-04-30 20:55:32|DEBUG|MarketDataSync|‚ÄĘ Successfully loaded 2902 crypto name mappings from dictionaries/crypto_names_fa.json
2025-04-30 20:55:32|DEBUG|MarketDataSync|‚ÄĘ Loaded 2 blacklist entries from dictionaries/blacklist.json
2025-04-30 20:55:32|DEBUG|MarketDataSync|‚ÄĘ Cycle time: UTC=2025-04-30T17:25:32.261811+00:00, Local=2025-04-30T20:55:32.261811+03:30
2025-04-30 20:55:32|INFO|MarketDataSync|‚ÄĘ Checking API Fetch Tasks 
2025-04-30 20:55:32|DEBUG|MarketDataSync|‚ÄĘ Checking fetch task: 'gold'
2025-04-30 20:55:32|DEBUG|MarketDataSync|‚ÄĘ Scheduling fetch for: 'gold'
2025-04-30 20:55:32|DEBUG|MarketDataSync|‚ÄĘ Checking fetch task: 'currency'
2025-04-30 20:55:32|DEBUG|MarketDataSync|‚ÄĘ Scheduling fetch for: 'currency'
2025-04-30 20:55:32|DEBUG|MarketDataSync|‚ÄĘ Checking fetch task: 'crypto'
2025-04-30 20:55:32|DEBUG|MarketDataSync|‚ÄĘ Scheduling fetch for: 'crypto'
2025-04-30 20:55:32|DEBUG|MarketDataSync|‚ÄĘ Checking fetch task: 'commodity'
2025-04-30 20:55:32|DEBUG|MarketDataSync|‚ÄĘ Scheduling fetch for: 'commodity'
2025-04-30 20:55:32|DEBUG|MarketDataSync|‚ÄĘ Checking fetch task: 'tse_ifb_symbols'
2025-04-30 20:55:32|DEBUG|MarketDataSync|‚ÄĘ Market Check: LocalTime=20:55:32 +0330, Weekday=2, CurrentTime=20:55:32.262314, MarketHours=08:30:00-12:45:00, MarketDays=[5, 6, 0, 1, 2]
2025-04-30 20:55:32|DEBUG|MarketDataSync|‚ÄĘ Market Status: CLOSED (Within Market Hours Check)
2025-04-30 20:55:32|DEBUG|MarketDataSync|‚ÄĘ  // Skip 'tse_ifb_symbols': Market is closed.
2025-04-30 20:55:32|DEBUG|MarketDataSync|‚ÄĘ Checking fetch task: 'tse_options'
2025-04-30 20:55:32|DEBUG|MarketDataSync|‚ÄĘ  // Skip 'tse_options': Disabled in config.
2025-04-30 20:55:32|DEBUG|MarketDataSync|‚ÄĘ Checking fetch task: 'tse_nav'
2025-04-30 20:55:32|DEBUG|MarketDataSync|‚ÄĘ  // Skip 'tse_nav': Disabled in config.
2025-04-30 20:55:32|DEBUG|MarketDataSync|‚ÄĘ Checking fetch task: 'tse_index'
2025-04-30 20:55:32|DEBUG|MarketDataSync|‚ÄĘ  // Skip 'tse_index': Disabled in config.
2025-04-30 20:55:32|DEBUG|MarketDataSync|‚ÄĘ Checking fetch task: 'ifb_index'
2025-04-30 20:55:32|DEBUG|MarketDataSync|‚ÄĘ  // Skip 'ifb_index': Disabled in config.
2025-04-30 20:55:32|DEBUG|MarketDataSync|‚ÄĘ Checking fetch task: 'selected_indices'
2025-04-30 20:55:32|DEBUG|MarketDataSync|‚ÄĘ  // Skip 'selected_indices': Disabled in config.
2025-04-30 20:55:32|DEBUG|MarketDataSync|‚ÄĘ Checking fetch task: 'debt_securities'
2025-04-30 20:55:32|DEBUG|MarketDataSync|‚ÄĘ Market Check: LocalTime=20:55:32 +0330, Weekday=2, CurrentTime=20:55:32.262847, MarketHours=08:30:00-12:45:00, MarketDays=[5, 6, 0, 1, 2]
2025-04-30 20:55:32|DEBUG|MarketDataSync|‚ÄĘ Market Status: CLOSED (Within Market Hours Check)
2025-04-30 20:55:32|DEBUG|MarketDataSync|‚ÄĘ  // Skip 'debt_securities': Market is closed.
2025-04-30 20:55:32|DEBUG|MarketDataSync|‚ÄĘ Checking fetch task: 'housing_facilities'
2025-04-30 20:55:32|DEBUG|MarketDataSync|‚ÄĘ Market Check: LocalTime=20:55:32 +0330, Weekday=2, CurrentTime=20:55:32.263018, MarketHours=08:30:00-12:45:00, MarketDays=[5, 6, 0, 1, 2]
2025-04-30 20:55:32|DEBUG|MarketDataSync|‚ÄĘ Market Status: CLOSED (Within Market Hours Check)
2025-04-30 20:55:32|DEBUG|MarketDataSync|‚ÄĘ  // Skip 'housing_facilities': Market is closed.
2025-04-30 20:55:32|DEBUG|MarketDataSync|‚ÄĘ Checking fetch task: 'futures'
2025-04-30 20:55:32|DEBUG|MarketDataSync|‚ÄĘ Market Check: LocalTime=20:55:32 +0330, Weekday=2, CurrentTime=20:55:32.263187, MarketHours=08:30:00-12:45:00, MarketDays=[5, 6, 0, 1, 2]
2025-04-30 20:55:32|DEBUG|MarketDataSync|‚ÄĘ Market Status: CLOSED (Within Market Hours Check)
2025-04-30 20:55:32|DEBUG|MarketDataSync|‚ÄĘ  // Skip 'futures': Market is closed.
2025-04-30 20:55:32|DEBUG|MarketDataSync|‚ÄĘ Attempting to fetch data for 4 endpoints...
2025-04-30 20:55:32|DEBUG|MarketDataSync|‚ÄĘ Requesting: gold
2025-04-30 20:55:32|DEBUG|MarketDataSync|‚ÄĘ Requesting: currency
2025-04-30 20:55:32|DEBUG|MarketDataSync|‚ÄĘ Requesting: crypto
2025-04-30 20:55:32|DEBUG|MarketDataSync|‚ÄĘ Requesting: commodity
2025-04-30 20:55:33|DEBUG|MarketDataSync|‚ÄĘ Response: currency Status=200 in 1.48s
2025-04-30 20:55:33|DEBUG|MarketDataSync|‚ÄĘ Response: gold Status=200 in 1.49s
2025-04-30 20:55:33|DEBUG|MarketDataSync|‚ÄĘ Response: crypto Status=200 in 1.49s
2025-04-30 20:55:33|DEBUG|MarketDataSync|‚ÄĘ Response: commodity Status=200 in 1.50s
2025-04-30 20:55:34|INFO|MarketDataSync|‚ÄĘ Processing Fetch Results 
2025-04-30 20:55:34|DEBUG|MarketDataSync|‚ÄĘ Applied transformation function for gold
2025-04-30 20:55:34|DEBUG|MarketDataSync|‚ÄĘ Applied blacklist filter for gold
2025-04-30 20:55:34|DEBUG|MarketDataSync|‚ÄĘ Saved latest raw JSON: gold.json
2025-04-30 20:55:34|DEBUG|MarketDataSync|‚ÄĘ Applied transformation function for currency
2025-04-30 20:55:34|DEBUG|MarketDataSync|‚ÄĘ Applied blacklist filter for currency
2025-04-30 20:55:34|DEBUG|MarketDataSync|‚ÄĘ Saved latest raw JSON: currency.json
2025-04-30 20:55:34|DEBUG|MarketDataSync|‚ÄĘ No Persian name found for: Ponchiqs
2025-04-30 20:55:34|DEBUG|MarketDataSync|‚ÄĘ No Persian name found for: Oxygen
2025-04-30 20:55:34|DEBUG|MarketDataSync|‚ÄĘ No Persian name found for: Loser Coin
2025-04-30 20:55:34|DEBUG|MarketDataSync|‚ÄĘ No Persian name found for: RealFevr
2025-04-30 20:55:34|DEBUG|MarketDataSync|‚ÄĘ Persian name mapping: 4 crypto names were not found in the map.
2025-04-30 20:55:34|DEBUG|MarketDataSync|‚ÄĘ Applied transformation function for crypto
2025-04-30 20:55:34|DEBUG|MarketDataSync|‚ÄĘ Applied blacklist filter for crypto
2025-04-30 20:55:34|DEBUG|MarketDataSync|‚ÄĘ Saved latest raw JSON: cryptocurrency.json
2025-04-30 20:55:34|DEBUG|MarketDataSync|‚ÄĘ Applied transformation function for commodity
2025-04-30 20:55:34|DEBUG|MarketDataSync|‚ÄĘ Applied blacklist filter for commodity
2025-04-30 20:55:34|DEBUG|MarketDataSync|‚ÄĘ Saved latest raw JSON: commodity.json
2025-04-30 20:55:34|DEBUG|MarketDataSync|‚ÄĘ Fetch Results Summary:  Processed=4,  Errors=0
2025-04-30 20:55:34|DEBUG|MarketDataSync|‚ÄĘ [34m‚ÄĘ Creating Consolidated JSON Output[0m
2025-04-30 20:55:34|DEBUG|MarketDataSync|‚ÄĘ Reading commodity.json for consolidation...
2025-04-30 20:55:34|DEBUG|MarketDataSync|‚ÄĘ Reading cryptocurrency.json for consolidation...
2025-04-30 20:55:34|DEBUG|MarketDataSync|‚ÄĘ Reading currency.json for consolidation...
2025-04-30 20:55:34|DEBUG|MarketDataSync|‚ÄĘ Reading gold.json for consolidation...
2025-04-30 20:55:34|DEBUG|MarketDataSync|‚ÄĘ [32m‚úď Consolidated JSON successfully created at: api/v1/market/all_market_data.json (4 files combined)[0m
2025-04-30 20:55:34|INFO|MarketDataSync|‚ÄĘ Computing Historical Aggregations
2025-04-30 20:55:34|INFO|MarketDataSync|[32m‚ÄĘ Market Data Sync END [0m|[90m Duration: 2.44s[0m
2025-04-30 21:07:08|DEBUG|MarketDataSync|‚ÄĘ Logging initialized. Console level: INFO. General logs: 'logs/app.log'. Error logs: 'logs/error.log'.
2025-04-30 21:07:08|INFO|MarketDataSync|[32m‚ÄĘ Market Data Sync START [0m
2025-04-30 21:07:08|DEBUG|MarketDataSync|[32m‚ÄĘ Starting Market Data Sync Cycle [0m
2025-04-30 21:07:08|DEBUG|MarketDataSync|‚ÄĘ Successfully loaded 2902 crypto name mappings from dictionaries/crypto_names_fa.json
2025-04-30 21:07:08|DEBUG|MarketDataSync|‚ÄĘ Loaded 2 blacklist entries from dictionaries/blacklist.json
2025-04-30 21:07:08|DEBUG|MarketDataSync|‚ÄĘ Cycle time: UTC=2025-04-30T17:37:08.404807+00:00, Local=2025-04-30T21:07:08.404807+03:30
2025-04-30 21:07:08|INFO|MarketDataSync|‚ÄĘ Checking API Fetch Tasks 
2025-04-30 21:07:08|DEBUG|MarketDataSync|‚ÄĘ Checking fetch task: 'gold'
2025-04-30 21:07:08|DEBUG|MarketDataSync|‚ÄĘ Scheduling fetch for: 'gold'
2025-04-30 21:07:08|DEBUG|MarketDataSync|‚ÄĘ Checking fetch task: 'currency'
2025-04-30 21:07:08|DEBUG|MarketDataSync|‚ÄĘ Scheduling fetch for: 'currency'
2025-04-30 21:07:08|DEBUG|MarketDataSync|‚ÄĘ Checking fetch task: 'crypto'
2025-04-30 21:07:08|DEBUG|MarketDataSync|‚ÄĘ Scheduling fetch for: 'crypto'
2025-04-30 21:07:08|DEBUG|MarketDataSync|‚ÄĘ Checking fetch task: 'commodity'
2025-04-30 21:07:08|DEBUG|MarketDataSync|‚ÄĘ Scheduling fetch for: 'commodity'
2025-04-30 21:07:08|DEBUG|MarketDataSync|‚ÄĘ Checking fetch task: 'tse_ifb_symbols'
2025-04-30 21:07:08|DEBUG|MarketDataSync|‚ÄĘ Market Check: LocalTime=21:07:08 +0330, Weekday=2, CurrentTime=21:07:08.405252, MarketHours=08:30:00-12:45:00, MarketDays=[5, 6, 0, 1, 2]
2025-04-30 21:07:08|DEBUG|MarketDataSync|‚ÄĘ Market Status: CLOSED (Within Market Hours Check)
2025-04-30 21:07:08|DEBUG|MarketDataSync|‚ÄĘ  // Skip 'tse_ifb_symbols': Market is closed.
2025-04-30 21:07:08|DEBUG|MarketDataSync|‚ÄĘ Checking fetch task: 'tse_options'
2025-04-30 21:07:08|DEBUG|MarketDataSync|‚ÄĘ  // Skip 'tse_options': Disabled in config.
2025-04-30 21:07:08|DEBUG|MarketDataSync|‚ÄĘ Checking fetch task: 'tse_nav'
2025-04-30 21:07:08|DEBUG|MarketDataSync|‚ÄĘ  // Skip 'tse_nav': Disabled in config.
2025-04-30 21:07:08|DEBUG|MarketDataSync|‚ÄĘ Checking fetch task: 'tse_index'
2025-04-30 21:07:08|DEBUG|MarketDataSync|‚ÄĘ  // Skip 'tse_index': Disabled in config.
2025-04-30 21:07:08|DEBUG|MarketDataSync|‚ÄĘ Checking fetch task: 'ifb_index'
2025-04-30 21:07:08|DEBUG|MarketDataSync|‚ÄĘ  // Skip 'ifb_index': Disabled in config.
2025-04-30 21:07:08|DEBUG|MarketDataSync|‚ÄĘ Checking fetch task: 'selected_indices'
2025-04-30 21:07:08|DEBUG|MarketDataSync|‚ÄĘ  // Skip 'selected_indices': Disabled in config.
2025-04-30 21:07:08|DEBUG|MarketDataSync|‚ÄĘ Checking fetch task: 'debt_securities'
2025-04-30 21:07:08|DEBUG|MarketDataSync|‚ÄĘ Market Check: LocalTime=21:07:08 +0330, Weekday=2, CurrentTime=21:07:08.405599, MarketHours=08:30:00-12:45:00, MarketDays=[5, 6, 0, 1, 2]
2025-04-30 21:07:08|DEBUG|MarketDataSync|‚ÄĘ Market Status: CLOSED (Within Market Hours Check)
2025-04-30 21:07:08|DEBUG|MarketDataSync|‚ÄĘ  // Skip 'debt_securities': Market is closed.
2025-04-30 21:07:08|DEBUG|MarketDataSync|‚ÄĘ Checking fetch task: 'housing_facilities'
2025-04-30 21:07:08|DEBUG|MarketDataSync|‚ÄĘ Market Check: LocalTime=21:07:08 +0330, Weekday=2, CurrentTime=21:07:08.405761, MarketHours=08:30:00-12:45:00, MarketDays=[5, 6, 0, 1, 2]
2025-04-30 21:07:08|DEBUG|MarketDataSync|‚ÄĘ Market Status: CLOSED (Within Market Hours Check)
2025-04-30 21:07:08|DEBUG|MarketDataSync|‚ÄĘ  // Skip 'housing_facilities': Market is closed.
2025-04-30 21:07:08|DEBUG|MarketDataSync|‚ÄĘ Checking fetch task: 'futures'
2025-04-30 21:07:08|DEBUG|MarketDataSync|‚ÄĘ Market Check: LocalTime=21:07:08 +0330, Weekday=2, CurrentTime=21:07:08.405869, MarketHours=08:30:00-12:45:00, MarketDays=[5, 6, 0, 1, 2]
2025-04-30 21:07:08|DEBUG|MarketDataSync|‚ÄĘ Market Status: CLOSED (Within Market Hours Check)
2025-04-30 21:07:08|DEBUG|MarketDataSync|‚ÄĘ  // Skip 'futures': Market is closed.
2025-04-30 21:07:08|DEBUG|MarketDataSync|‚ÄĘ Attempting to fetch data for 4 endpoints...
2025-04-30 21:07:08|DEBUG|MarketDataSync|‚ÄĘ Requesting: gold
2025-04-30 21:07:08|DEBUG|MarketDataSync|‚ÄĘ Requesting: currency
2025-04-30 21:07:08|DEBUG|MarketDataSync|‚ÄĘ Requesting: crypto
2025-04-30 21:07:08|DEBUG|MarketDataSync|‚ÄĘ Requesting: commodity
2025-04-30 21:07:09|DEBUG|MarketDataSync|‚ÄĘ Response: gold Status=200 in 1.36s
2025-04-30 21:07:09|DEBUG|MarketDataSync|‚ÄĘ Response: crypto Status=200 in 1.36s
2025-04-30 21:07:09|DEBUG|MarketDataSync|‚ÄĘ Response: commodity Status=200 in 1.36s
2025-04-30 21:07:09|DEBUG|MarketDataSync|‚ÄĘ Response: currency Status=200 in 1.37s
2025-04-30 21:07:10|INFO|MarketDataSync|‚ÄĘ Processing Fetch Results 
2025-04-30 21:07:10|DEBUG|MarketDataSync|‚ÄĘ Applied transformation function for gold
2025-04-30 21:07:10|DEBUG|MarketDataSync|‚ÄĘ Applied blacklist filter for gold
2025-04-30 21:07:10|DEBUG|MarketDataSync|‚ÄĘ Saved latest raw JSON: gold.json
2025-04-30 21:07:10|DEBUG|MarketDataSync|‚ÄĘ Applied transformation function for currency
2025-04-30 21:07:10|DEBUG|MarketDataSync|‚ÄĘ Applied blacklist filter for currency
2025-04-30 21:07:10|DEBUG|MarketDataSync|‚ÄĘ Saved latest raw JSON: currency.json
2025-04-30 21:07:10|DEBUG|MarketDataSync|‚ÄĘ No Persian name found for: Ponchiqs
2025-04-30 21:07:10|DEBUG|MarketDataSync|‚ÄĘ No Persian name found for: Oxygen
2025-04-30 21:07:10|DEBUG|MarketDataSync|‚ÄĘ No Persian name found for: RealFevr
2025-04-30 21:07:10|DEBUG|MarketDataSync|‚ÄĘ Persian name mapping: 3 crypto names were not found in the map.
2025-04-30 21:07:10|DEBUG|MarketDataSync|‚ÄĘ Applied transformation function for crypto
2025-04-30 21:07:10|DEBUG|MarketDataSync|‚ÄĘ Applied blacklist filter for crypto
2025-04-30 21:07:10|DEBUG|MarketDataSync|‚ÄĘ Saved latest raw JSON: cryptocurrency.json
2025-04-30 21:07:10|DEBUG|MarketDataSync|‚ÄĘ Applied transformation function for commodity
2025-04-30 21:07:10|DEBUG|MarketDataSync|‚ÄĘ Applied blacklist filter for commodity
2025-04-30 21:07:10|DEBUG|MarketDataSync|‚ÄĘ Saved latest raw JSON: commodity.json
2025-04-30 21:07:10|DEBUG|MarketDataSync|‚ÄĘ Fetch Results Summary:  Processed=4,  Errors=0
2025-04-30 21:07:10|DEBUG|MarketDataSync|‚ÄĘ [34m‚ÄĘ Creating Consolidated JSON Output[0m
2025-04-30 21:07:10|DEBUG|MarketDataSync|‚ÄĘ Reading commodity.json for consolidation...
2025-04-30 21:07:10|DEBUG|MarketDataSync|‚ÄĘ Reading cryptocurrency.json for consolidation...
2025-04-30 21:07:10|DEBUG|MarketDataSync|‚ÄĘ Reading currency.json for consolidation...
2025-04-30 21:07:10|DEBUG|MarketDataSync|‚ÄĘ Reading gold.json for consolidation...
2025-04-30 21:07:10|DEBUG|MarketDataSync|‚ÄĘ [32m‚úď Consolidated JSON successfully created at: api/v1/market/all_market_data.json (4 files combined)[0m
2025-04-30 21:07:10|INFO|MarketDataSync|‚ÄĘ Computing Historical Aggregations
2025-04-30 21:07:10|INFO|MarketDataSync|[32m‚ÄĘ Market Data Sync END [0m|[90m Duration: 2.30s[0m
2025-04-30 21:16:10|DEBUG|MarketDataSync|‚ÄĘ Logging initialized. Console level: INFO. General logs: 'logs/app.log'. Error logs: 'logs/error.log'.
2025-04-30 21:16:10|INFO|MarketDataSync|[32m‚ÄĘ Market Data Sync START [0m
2025-04-30 21:16:10|DEBUG|MarketDataSync|[32m‚ÄĘ Starting Market Data Sync Cycle [0m
2025-04-30 21:16:10|DEBUG|MarketDataSync|‚ÄĘ Successfully loaded 2902 crypto name mappings from dictionaries/crypto_names_fa.json
2025-04-30 21:16:10|DEBUG|MarketDataSync|‚ÄĘ Loaded 2 blacklist entries from dictionaries/blacklist.json
2025-04-30 21:16:10|DEBUG|MarketDataSync|‚ÄĘ Cycle time: UTC=2025-04-30T17:46:10.821629+00:00, Local=2025-04-30T21:16:10.821629+03:30
2025-04-30 21:16:10|INFO|MarketDataSync|‚ÄĘ Checking API Fetch Tasks 
2025-04-30 21:16:10|DEBUG|MarketDataSync|‚ÄĘ Checking fetch task: 'gold'
2025-04-30 21:16:10|DEBUG|MarketDataSync|‚ÄĘ Scheduling fetch for: 'gold'
2025-04-30 21:16:10|DEBUG|MarketDataSync|‚ÄĘ Checking fetch task: 'currency'
2025-04-30 21:16:10|DEBUG|MarketDataSync|‚ÄĘ Scheduling fetch for: 'currency'
2025-04-30 21:16:10|DEBUG|MarketDataSync|‚ÄĘ Checking fetch task: 'crypto'
2025-04-30 21:16:10|DEBUG|MarketDataSync|‚ÄĘ Scheduling fetch for: 'crypto'
2025-04-30 21:16:10|DEBUG|MarketDataSync|‚ÄĘ Checking fetch task: 'commodity'
2025-04-30 21:16:10|DEBUG|MarketDataSync|‚ÄĘ Scheduling fetch for: 'commodity'
2025-04-30 21:16:10|DEBUG|MarketDataSync|‚ÄĘ Checking fetch task: 'tse_ifb_symbols'
2025-04-30 21:16:10|DEBUG|MarketDataSync|‚ÄĘ Market Check: LocalTime=21:16:10 +0330, Weekday=2, CurrentTime=21:16:10.822153, MarketHours=08:30:00-12:45:00, MarketDays=[5, 6, 0, 1, 2]
2025-04-30 21:16:10|DEBUG|MarketDataSync|‚ÄĘ Market Status: CLOSED (Within Market Hours Check)
2025-04-30 21:16:10|DEBUG|MarketDataSync|‚ÄĘ  // Skip 'tse_ifb_symbols': Market is closed.
2025-04-30 21:16:10|DEBUG|MarketDataSync|‚ÄĘ Checking fetch task: 'tse_options'
2025-04-30 21:16:10|DEBUG|MarketDataSync|‚ÄĘ  // Skip 'tse_options': Disabled in config.
2025-04-30 21:16:10|DEBUG|MarketDataSync|‚ÄĘ Checking fetch task: 'tse_nav'
2025-04-30 21:16:10|DEBUG|MarketDataSync|‚ÄĘ  // Skip 'tse_nav': Disabled in config.
2025-04-30 21:16:10|DEBUG|MarketDataSync|‚ÄĘ Checking fetch task: 'tse_index'
2025-04-30 21:16:10|DEBUG|MarketDataSync|‚ÄĘ  // Skip 'tse_index': Disabled in config.
2025-04-30 21:16:10|DEBUG|MarketDataSync|‚ÄĘ Checking fetch task: 'ifb_index'
2025-04-30 21:16:10|DEBUG|MarketDataSync|‚ÄĘ  // Skip 'ifb_index': Disabled in config.
2025-04-30 21:16:10|DEBUG|MarketDataSync|‚ÄĘ Checking fetch task: 'selected_indices'
2025-04-30 21:16:10|DEBUG|MarketDataSync|‚ÄĘ  // Skip 'selected_indices': Disabled in config.
2025-04-30 21:16:10|DEBUG|MarketDataSync|‚ÄĘ Checking fetch task: 'debt_securities'
2025-04-30 21:16:10|DEBUG|MarketDataSync|‚ÄĘ Market Check: LocalTime=21:16:10 +0330, Weekday=2, CurrentTime=21:16:10.822582, MarketHours=08:30:00-12:45:00, MarketDays=[5, 6, 0, 1, 2]
2025-04-30 21:16:10|DEBUG|MarketDataSync|‚ÄĘ Market Status: CLOSED (Within Market Hours Check)
2025-04-30 21:16:10|DEBUG|MarketDataSync|‚ÄĘ  // Skip 'debt_securities': Market is closed.
2025-04-30 21:16:10|DEBUG|MarketDataSync|‚ÄĘ Checking fetch task: 'housing_facilities'
2025-04-30 21:16:10|DEBUG|MarketDataSync|‚ÄĘ Market Check: LocalTime=21:16:10 +0330, Weekday=2, CurrentTime=21:16:10.822693, MarketHours=08:30:00-12:45:00, MarketDays=[5, 6, 0, 1, 2]
2025-04-30 21:16:10|DEBUG|MarketDataSync|‚ÄĘ Market Status: CLOSED (Within Market Hours Check)
2025-04-30 21:16:10|DEBUG|MarketDataSync|‚ÄĘ  // Skip 'housing_facilities': Market is closed.
2025-04-30 21:16:10|DEBUG|MarketDataSync|‚ÄĘ Checking fetch task: 'futures'
2025-04-30 21:16:10|DEBUG|MarketDataSync|‚ÄĘ Market Check: LocalTime=21:16:10 +0330, Weekday=2, CurrentTime=21:16:10.822795, MarketHours=08:30:00-12:45:00, MarketDays=[5, 6, 0, 1, 2]
2025-04-30 21:16:10|DEBUG|MarketDataSync|‚ÄĘ Market Status: CLOSED (Within Market Hours Check)
2025-04-30 21:16:10|DEBUG|MarketDataSync|‚ÄĘ  // Skip 'futures': Market is closed.
2025-04-30 21:16:10|DEBUG|MarketDataSync|‚ÄĘ Attempting to fetch data for 4 endpoints...
2025-04-30 21:16:10|DEBUG|MarketDataSync|‚ÄĘ Requesting: gold
2025-04-30 21:16:10|DEBUG|MarketDataSync|‚ÄĘ Requesting: currency
2025-04-30 21:16:10|DEBUG|MarketDataSync|‚ÄĘ Requesting: crypto
2025-04-30 21:16:10|DEBUG|MarketDataSync|‚ÄĘ Requesting: commodity
2025-04-30 21:16:12|DEBUG|MarketDataSync|‚ÄĘ Response: currency Status=200 in 1.75s
2025-04-30 21:16:12|DEBUG|MarketDataSync|‚ÄĘ Response: crypto Status=200 in 1.76s
2025-04-30 21:16:12|DEBUG|MarketDataSync|‚ÄĘ Response: gold Status=200 in 1.78s
2025-04-30 21:16:12|DEBUG|MarketDataSync|‚ÄĘ Response: commodity Status=200 in 1.77s
2025-04-30 21:16:13|INFO|MarketDataSync|‚ÄĘ Processing Fetch Results 
2025-04-30 21:16:13|DEBUG|MarketDataSync|‚ÄĘ Applied transformation function for gold
2025-04-30 21:16:13|DEBUG|MarketDataSync|‚ÄĘ Applied blacklist filter for gold
2025-04-30 21:16:13|DEBUG|MarketDataSync|‚ÄĘ Saved latest raw JSON: gold.json
2025-04-30 21:16:13|DEBUG|MarketDataSync|‚ÄĘ Applied transformation function for currency
2025-04-30 21:16:13|DEBUG|MarketDataSync|‚ÄĘ Applied blacklist filter for currency
2025-04-30 21:16:13|DEBUG|MarketDataSync|‚ÄĘ Saved latest raw JSON: currency.json
2025-04-30 21:16:13|DEBUG|MarketDataSync|‚ÄĘ No Persian name found for: Ponchiqs
2025-04-30 21:16:13|DEBUG|MarketDataSync|‚ÄĘ No Persian name found for: Oxygen
2025-04-30 21:16:13|DEBUG|MarketDataSync|‚ÄĘ No Persian name found for: RealFevr
2025-04-30 21:16:13|DEBUG|MarketDataSync|‚ÄĘ Persian name mapping: 3 crypto names were not found in the map.
2025-04-30 21:16:13|DEBUG|MarketDataSync|‚ÄĘ Applied transformation function for crypto
2025-04-30 21:16:13|DEBUG|MarketDataSync|‚ÄĘ Applied blacklist filter for crypto
2025-04-30 21:16:13|DEBUG|MarketDataSync|‚ÄĘ Saved latest raw JSON: cryptocurrency.json
2025-04-30 21:16:13|DEBUG|MarketDataSync|‚ÄĘ Applied transformation function for commodity
2025-04-30 21:16:13|DEBUG|MarketDataSync|‚ÄĘ Applied blacklist filter for commodity
2025-04-30 21:16:13|DEBUG|MarketDataSync|‚ÄĘ Saved latest raw JSON: commodity.json
2025-04-30 21:16:13|DEBUG|MarketDataSync|‚ÄĘ Fetch Results Summary:  Processed=4,  Errors=0
2025-04-30 21:16:13|DEBUG|MarketDataSync|‚ÄĘ [34m‚ÄĘ Creating Consolidated JSON Output[0m
2025-04-30 21:16:13|DEBUG|MarketDataSync|‚ÄĘ Reading commodity.json for consolidation...
2025-04-30 21:16:13|DEBUG|MarketDataSync|‚ÄĘ Reading cryptocurrency.json for consolidation...
2025-04-30 21:16:13|DEBUG|MarketDataSync|‚ÄĘ Reading currency.json for consolidation...
2025-04-30 21:16:13|DEBUG|MarketDataSync|‚ÄĘ Reading gold.json for consolidation...
2025-04-30 21:16:13|DEBUG|MarketDataSync|‚ÄĘ [32m‚úď Consolidated JSON successfully created at: api/v1/market/all_market_data.json (4 files combined)[0m
2025-04-30 21:16:13|INFO|MarketDataSync|‚ÄĘ Computing Historical Aggregations
2025-04-30 21:16:13|INFO|MarketDataSync|[32m‚ÄĘ Market Data Sync END [0m|[90m Duration: 2.84s[0m
2025-04-30 21:25:15|DEBUG|MarketDataSync|‚ÄĘ Logging initialized. Console level: INFO. General logs: 'logs/app.log'. Error logs: 'logs/error.log'.
2025-04-30 21:25:15|INFO|MarketDataSync|[32m‚ÄĘ Market Data Sync START [0m
2025-04-30 21:25:15|DEBUG|MarketDataSync|[32m‚ÄĘ Starting Market Data Sync Cycle [0m
2025-04-30 21:25:15|DEBUG|MarketDataSync|‚ÄĘ Successfully loaded 2902 crypto name mappings from dictionaries/crypto_names_fa.json
2025-04-30 21:25:15|DEBUG|MarketDataSync|‚ÄĘ Loaded 2 blacklist entries from dictionaries/blacklist.json
2025-04-30 21:25:15|DEBUG|MarketDataSync|‚ÄĘ Cycle time: UTC=2025-04-30T17:55:15.938596+00:00, Local=2025-04-30T21:25:15.938596+03:30
2025-04-30 21:25:15|INFO|MarketDataSync|‚ÄĘ Checking API Fetch Tasks 
2025-04-30 21:25:15|DEBUG|MarketDataSync|‚ÄĘ Checking fetch task: 'gold'
2025-04-30 21:25:15|DEBUG|MarketDataSync|‚ÄĘ Scheduling fetch for: 'gold'
2025-04-30 21:25:15|DEBUG|MarketDataSync|‚ÄĘ Checking fetch task: 'currency'
2025-04-30 21:25:15|DEBUG|MarketDataSync|‚ÄĘ Scheduling fetch for: 'currency'
2025-04-30 21:25:15|DEBUG|MarketDataSync|‚ÄĘ Checking fetch task: 'crypto'
2025-04-30 21:25:15|DEBUG|MarketDataSync|‚ÄĘ Scheduling fetch for: 'crypto'
2025-04-30 21:25:15|DEBUG|MarketDataSync|‚ÄĘ Checking fetch task: 'commodity'
2025-04-30 21:25:15|DEBUG|MarketDataSync|‚ÄĘ Scheduling fetch for: 'commodity'
2025-04-30 21:25:15|DEBUG|MarketDataSync|‚ÄĘ Checking fetch task: 'tse_ifb_symbols'
2025-04-30 21:25:15|DEBUG|MarketDataSync|‚ÄĘ Market Check: LocalTime=21:25:15 +0330, Weekday=2, CurrentTime=21:25:15.939063, MarketHours=08:30:00-12:45:00, MarketDays=[5, 6, 0, 1, 2]
2025-04-30 21:25:15|DEBUG|MarketDataSync|‚ÄĘ Market Status: CLOSED (Within Market Hours Check)
2025-04-30 21:25:15|DEBUG|MarketDataSync|‚ÄĘ  // Skip 'tse_ifb_symbols': Market is closed.
2025-04-30 21:25:15|DEBUG|MarketDataSync|‚ÄĘ Checking fetch task: 'tse_options'
2025-04-30 21:25:15|DEBUG|MarketDataSync|‚ÄĘ  // Skip 'tse_options': Disabled in config.
2025-04-30 21:25:15|DEBUG|MarketDataSync|‚ÄĘ Checking fetch task: 'tse_nav'
2025-04-30 21:25:15|DEBUG|MarketDataSync|‚ÄĘ  // Skip 'tse_nav': Disabled in config.
2025-04-30 21:25:15|DEBUG|MarketDataSync|‚ÄĘ Checking fetch task: 'tse_index'
2025-04-30 21:25:15|DEBUG|MarketDataSync|‚ÄĘ  // Skip 'tse_index': Disabled in config.
2025-04-30 21:25:15|DEBUG|MarketDataSync|‚ÄĘ Checking fetch task: 'ifb_index'
2025-04-30 21:25:15|DEBUG|MarketDataSync|‚ÄĘ  // Skip 'ifb_index': Disabled in config.
2025-04-30 21:25:15|DEBUG|MarketDataSync|‚ÄĘ Checking fetch task: 'selected_indices'
2025-04-30 21:25:15|DEBUG|MarketDataSync|‚ÄĘ  // Skip 'selected_indices': Disabled in config.
2025-04-30 21:25:15|DEBUG|MarketDataSync|‚ÄĘ Checking fetch task: 'debt_securities'
2025-04-30 21:25:15|DEBUG|MarketDataSync|‚ÄĘ Market Check: LocalTime=21:25:15 +0330, Weekday=2, CurrentTime=21:25:15.939546, MarketHours=08:30:00-12:45:00, MarketDays=[5, 6, 0, 1, 2]
2025-04-30 21:25:15|DEBUG|MarketDataSync|‚ÄĘ Market Status: CLOSED (Within Market Hours Check)
2025-04-30 21:25:15|DEBUG|MarketDataSync|‚ÄĘ  // Skip 'debt_securities': Market is closed.
2025-04-30 21:25:15|DEBUG|MarketDataSync|‚ÄĘ Checking fetch task: 'housing_facilities'
2025-04-30 21:25:15|DEBUG|MarketDataSync|‚ÄĘ Market Check: LocalTime=21:25:15 +0330, Weekday=2, CurrentTime=21:25:15.939676, MarketHours=08:30:00-12:45:00, MarketDays=[5, 6, 0, 1, 2]
2025-04-30 21:25:15|DEBUG|MarketDataSync|‚ÄĘ Market Status: CLOSED (Within Market Hours Check)
2025-04-30 21:25:15|DEBUG|MarketDataSync|‚ÄĘ  // Skip 'housing_facilities': Market is closed.
2025-04-30 21:25:15|DEBUG|MarketDataSync|‚ÄĘ Checking fetch task: 'futures'
2025-04-30 21:25:15|DEBUG|MarketDataSync|‚ÄĘ Market Check: LocalTime=21:25:15 +0330, Weekday=2, CurrentTime=21:25:15.939796, MarketHours=08:30:00-12:45:00, MarketDays=[5, 6, 0, 1, 2]
2025-04-30 21:25:15|DEBUG|MarketDataSync|‚ÄĘ Market Status: CLOSED (Within Market Hours Check)
2025-04-30 21:25:15|DEBUG|MarketDataSync|‚ÄĘ  // Skip 'futures': Market is closed.
2025-04-30 21:25:15|DEBUG|MarketDataSync|‚ÄĘ Attempting to fetch data for 4 endpoints...
2025-04-30 21:25:15|DEBUG|MarketDataSync|‚ÄĘ Requesting: gold
2025-04-30 21:25:15|DEBUG|MarketDataSync|‚ÄĘ Requesting: currency
2025-04-30 21:25:15|DEBUG|MarketDataSync|‚ÄĘ Requesting: crypto
2025-04-30 21:25:15|DEBUG|MarketDataSync|‚ÄĘ Requesting: commodity
2025-04-30 21:25:17|DEBUG|MarketDataSync|‚ÄĘ Response: currency Status=200 in 1.32s
2025-04-30 21:25:17|DEBUG|MarketDataSync|‚ÄĘ Response: commodity Status=200 in 1.33s
2025-04-30 21:25:17|DEBUG|MarketDataSync|‚ÄĘ Response: gold Status=200 in 1.35s
2025-04-30 21:25:17|DEBUG|MarketDataSync|‚ÄĘ Response: crypto Status=200 in 1.33s
2025-04-30 21:25:17|INFO|MarketDataSync|‚ÄĘ Processing Fetch Results 
2025-04-30 21:25:17|DEBUG|MarketDataSync|‚ÄĘ Applied transformation function for gold
2025-04-30 21:25:17|DEBUG|MarketDataSync|‚ÄĘ Applied blacklist filter for gold
2025-04-30 21:25:17|DEBUG|MarketDataSync|‚ÄĘ Saved latest raw JSON: gold.json
2025-04-30 21:25:17|DEBUG|MarketDataSync|‚ÄĘ Applied transformation function for currency
2025-04-30 21:25:17|DEBUG|MarketDataSync|‚ÄĘ Applied blacklist filter for currency
2025-04-30 21:25:17|DEBUG|MarketDataSync|‚ÄĘ Saved latest raw JSON: currency.json
2025-04-30 21:25:17|DEBUG|MarketDataSync|‚ÄĘ No Persian name found for: Ponchiqs
2025-04-30 21:25:17|DEBUG|MarketDataSync|‚ÄĘ No Persian name found for: Oxygen
2025-04-30 21:25:17|DEBUG|MarketDataSync|‚ÄĘ No Persian name found for: RealFevr
2025-04-30 21:25:17|DEBUG|MarketDataSync|‚ÄĘ No Persian name found for: Loser Coin
2025-04-30 21:25:17|DEBUG|MarketDataSync|‚ÄĘ Persian name mapping: 4 crypto names were not found in the map.
2025-04-30 21:25:17|DEBUG|MarketDataSync|‚ÄĘ Applied transformation function for crypto
2025-04-30 21:25:17|DEBUG|MarketDataSync|‚ÄĘ Applied blacklist filter for crypto
2025-04-30 21:25:17|DEBUG|MarketDataSync|‚ÄĘ Saved latest raw JSON: cryptocurrency.json
2025-04-30 21:25:17|DEBUG|MarketDataSync|‚ÄĘ Applied transformation function for commodity
2025-04-30 21:25:17|DEBUG|MarketDataSync|‚ÄĘ Applied blacklist filter for commodity
2025-04-30 21:25:17|DEBUG|MarketDataSync|‚ÄĘ Saved latest raw JSON: commodity.json
2025-04-30 21:25:17|DEBUG|MarketDataSync|‚ÄĘ Fetch Results Summary:  Processed=4,  Errors=0
2025-04-30 21:25:17|DEBUG|MarketDataSync|‚ÄĘ [34m‚ÄĘ Creating Consolidated JSON Output[0m
2025-04-30 21:25:17|DEBUG|MarketDataSync|‚ÄĘ Reading commodity.json for consolidation...
2025-04-30 21:25:17|DEBUG|MarketDataSync|‚ÄĘ Reading cryptocurrency.json for consolidation...
2025-04-30 21:25:17|DEBUG|MarketDataSync|‚ÄĘ Reading currency.json for consolidation...
2025-04-30 21:25:17|DEBUG|MarketDataSync|‚ÄĘ Reading gold.json for consolidation...
2025-04-30 21:25:18|DEBUG|MarketDataSync|‚ÄĘ [32m‚úď Consolidated JSON successfully created at: api/v1/market/all_market_data.json (4 files combined)[0m
2025-04-30 21:25:18|INFO|MarketDataSync|‚ÄĘ Computing Historical Aggregations
2025-04-30 21:25:18|INFO|MarketDataSync|[32m‚ÄĘ Market Data Sync END [0m|[90m Duration: 2.30s[0m
2025-04-30 21:51:14|DEBUG|MarketDataSync|‚ÄĘ Logging initialized. Console level: INFO. General logs: 'logs/app.log'. Error logs: 'logs/error.log'.
2025-04-30 21:51:14|INFO|MarketDataSync|[32m‚ÄĘ Market Data Sync START [0m
2025-04-30 21:51:14|DEBUG|MarketDataSync|[32m‚ÄĘ Starting Market Data Sync Cycle [0m
2025-04-30 21:51:14|DEBUG|MarketDataSync|‚ÄĘ Successfully loaded 2902 crypto name mappings from dictionaries/crypto_names_fa.json
2025-04-30 21:51:14|DEBUG|MarketDataSync|‚ÄĘ Loaded 2 blacklist entries from dictionaries/blacklist.json
2025-04-30 21:51:14|DEBUG|MarketDataSync|‚ÄĘ Cycle time: UTC=2025-04-30T18:21:14.023321+00:00, Local=2025-04-30T21:51:14.023321+03:30
2025-04-30 21:51:14|INFO|MarketDataSync|‚ÄĘ Checking API Fetch Tasks 
2025-04-30 21:51:14|DEBUG|MarketDataSync|‚ÄĘ Checking fetch task: 'gold'
2025-04-30 21:51:14|DEBUG|MarketDataSync|‚ÄĘ Scheduling fetch for: 'gold'
2025-04-30 21:51:14|DEBUG|MarketDataSync|‚ÄĘ Checking fetch task: 'currency'
2025-04-30 21:51:14|DEBUG|MarketDataSync|‚ÄĘ Scheduling fetch for: 'currency'
2025-04-30 21:51:14|DEBUG|MarketDataSync|‚ÄĘ Checking fetch task: 'crypto'
2025-04-30 21:51:14|DEBUG|MarketDataSync|‚ÄĘ Scheduling fetch for: 'crypto'
2025-04-30 21:51:14|DEBUG|MarketDataSync|‚ÄĘ Checking fetch task: 'commodity'
2025-04-30 21:51:14|DEBUG|MarketDataSync|‚ÄĘ Scheduling fetch for: 'commodity'
2025-04-30 21:51:14|DEBUG|MarketDataSync|‚ÄĘ Checking fetch task: 'tse_ifb_symbols'
2025-04-30 21:51:14|DEBUG|MarketDataSync|‚ÄĘ Market Check: LocalTime=21:51:14 +0330, Weekday=2, CurrentTime=21:51:14.023775, MarketHours=08:30:00-12:45:00, MarketDays=[5, 6, 0, 1, 2]
2025-04-30 21:51:14|DEBUG|MarketDataSync|‚ÄĘ Market Status: CLOSED (Within Market Hours Check)
2025-04-30 21:51:14|DEBUG|MarketDataSync|‚ÄĘ  // Skip 'tse_ifb_symbols': Market is closed.
2025-04-30 21:51:14|DEBUG|MarketDataSync|‚ÄĘ Checking fetch task: 'tse_options'
2025-04-30 21:51:14|DEBUG|MarketDataSync|‚ÄĘ  // Skip 'tse_options': Disabled in config.
2025-04-30 21:51:14|DEBUG|MarketDataSync|‚ÄĘ Checking fetch task: 'tse_nav'
2025-04-30 21:51:14|DEBUG|MarketDataSync|‚ÄĘ  // Skip 'tse_nav': Disabled in config.
2025-04-30 21:51:14|DEBUG|MarketDataSync|‚ÄĘ Checking fetch task: 'tse_index'
2025-04-30 21:51:14|DEBUG|MarketDataSync|‚ÄĘ  // Skip 'tse_index': Disabled in config.
2025-04-30 21:51:14|DEBUG|MarketDataSync|‚ÄĘ Checking fetch task: 'ifb_index'
2025-04-30 21:51:14|DEBUG|MarketDataSync|‚ÄĘ  // Skip 'ifb_index': Disabled in config.
2025-04-30 21:51:14|DEBUG|MarketDataSync|‚ÄĘ Checking fetch task: 'selected_indices'
2025-04-30 21:51:14|DEBUG|MarketDataSync|‚ÄĘ  // Skip 'selected_indices': Disabled in config.
2025-04-30 21:51:14|DEBUG|MarketDataSync|‚ÄĘ Checking fetch task: 'debt_securities'
2025-04-30 21:51:14|DEBUG|MarketDataSync|‚ÄĘ Market Check: LocalTime=21:51:14 +0330, Weekday=2, CurrentTime=21:51:14.024114, MarketHours=08:30:00-12:45:00, MarketDays=[5, 6, 0, 1, 2]
2025-04-30 21:51:14|DEBUG|MarketDataSync|‚ÄĘ Market Status: CLOSED (Within Market Hours Check)
2025-04-30 21:51:14|DEBUG|MarketDataSync|‚ÄĘ  // Skip 'debt_securities': Market is closed.
2025-04-30 21:51:14|DEBUG|MarketDataSync|‚ÄĘ Checking fetch task: 'housing_facilities'
2025-04-30 21:51:14|DEBUG|MarketDataSync|‚ÄĘ Market Check: LocalTime=21:51:14 +0330, Weekday=2, CurrentTime=21:51:14.024223, MarketHours=08:30:00-12:45:00, MarketDays=[5, 6, 0, 1, 2]
2025-04-30 21:51:14|DEBUG|MarketDataSync|‚ÄĘ Market Status: CLOSED (Within Market Hours Check)
2025-04-30 21:51:14|DEBUG|MarketDataSync|‚ÄĘ  // Skip 'housing_facilities': Market is closed.
2025-04-30 21:51:14|DEBUG|MarketDataSync|‚ÄĘ Checking fetch task: 'futures'
2025-04-30 21:51:14|DEBUG|MarketDataSync|‚ÄĘ Market Check: LocalTime=21:51:14 +0330, Weekday=2, CurrentTime=21:51:14.024326, MarketHours=08:30:00-12:45:00, MarketDays=[5, 6, 0, 1, 2]
2025-04-30 21:51:14|DEBUG|MarketDataSync|‚ÄĘ Market Status: CLOSED (Within Market Hours Check)
2025-04-30 21:51:14|DEBUG|MarketDataSync|‚ÄĘ  // Skip 'futures': Market is closed.
2025-04-30 21:51:14|DEBUG|MarketDataSync|‚ÄĘ Attempting to fetch data for 4 endpoints...
2025-04-30 21:51:14|DEBUG|MarketDataSync|‚ÄĘ Requesting: gold
2025-04-30 21:51:14|DEBUG|MarketDataSync|‚ÄĘ Requesting: currency
2025-04-30 21:51:14|DEBUG|MarketDataSync|‚ÄĘ Requesting: crypto
2025-04-30 21:51:14|DEBUG|MarketDataSync|‚ÄĘ Requesting: commodity
2025-04-30 21:51:15|DEBUG|MarketDataSync|‚ÄĘ Response: gold Status=200 in 1.38s
2025-04-30 21:51:15|DEBUG|MarketDataSync|‚ÄĘ Response: commodity Status=200 in 1.40s
2025-04-30 21:51:15|DEBUG|MarketDataSync|‚ÄĘ Response: crypto Status=200 in 1.40s
2025-04-30 21:51:15|DEBUG|MarketDataSync|‚ÄĘ Response: currency Status=200 in 1.40s
2025-04-30 21:51:16|INFO|MarketDataSync|‚ÄĘ Processing Fetch Results 
2025-04-30 21:51:16|DEBUG|MarketDataSync|‚ÄĘ Applied transformation function for gold
2025-04-30 21:51:16|DEBUG|MarketDataSync|‚ÄĘ Applied blacklist filter for gold
2025-04-30 21:51:16|DEBUG|MarketDataSync|‚ÄĘ Saved latest raw JSON: gold.json
2025-04-30 21:51:16|DEBUG|MarketDataSync|‚ÄĘ Applied transformation function for currency
2025-04-30 21:51:16|DEBUG|MarketDataSync|‚ÄĘ Applied blacklist filter for currency
2025-04-30 21:51:16|DEBUG|MarketDataSync|‚ÄĘ Saved latest raw JSON: currency.json
2025-04-30 21:51:16|DEBUG|MarketDataSync|‚ÄĘ No Persian name found for: Ponchiqs
2025-04-30 21:51:16|DEBUG|MarketDataSync|‚ÄĘ No Persian name found for: Oxygen
2025-04-30 21:51:16|DEBUG|MarketDataSync|‚ÄĘ No Persian name found for: BeamSwap
2025-04-30 21:51:16|DEBUG|MarketDataSync|‚ÄĘ No Persian name found for: RealFevr
2025-04-30 21:51:16|DEBUG|MarketDataSync|‚ÄĘ Persian name mapping: 4 crypto names were not found in the map.
2025-04-30 21:51:16|DEBUG|MarketDataSync|‚ÄĘ Applied transformation function for crypto
2025-04-30 21:51:16|DEBUG|MarketDataSync|‚ÄĘ Applied blacklist filter for crypto
2025-04-30 21:51:16|DEBUG|MarketDataSync|‚ÄĘ Saved latest raw JSON: cryptocurrency.json
2025-04-30 21:51:16|DEBUG|MarketDataSync|‚ÄĘ Applied transformation function for commodity
2025-04-30 21:51:16|DEBUG|MarketDataSync|‚ÄĘ Applied blacklist filter for commodity
2025-04-30 21:51:16|DEBUG|MarketDataSync|‚ÄĘ Saved latest raw JSON: commodity.json
2025-04-30 21:51:16|DEBUG|MarketDataSync|‚ÄĘ Fetch Results Summary:  Processed=4,  Errors=0
2025-04-30 21:51:16|DEBUG|MarketDataSync|‚ÄĘ [34m‚ÄĘ Creating Consolidated JSON Output[0m
2025-04-30 21:51:16|DEBUG|MarketDataSync|‚ÄĘ Reading commodity.json for consolidation...
2025-04-30 21:51:16|DEBUG|MarketDataSync|‚ÄĘ Reading cryptocurrency.json for consolidation...
2025-04-30 21:51:16|DEBUG|MarketDataSync|‚ÄĘ Reading currency.json for consolidation...
2025-04-30 21:51:16|DEBUG|MarketDataSync|‚ÄĘ Reading gold.json for consolidation...
2025-04-30 21:51:16|DEBUG|MarketDataSync|‚ÄĘ [32m‚úď Consolidated JSON successfully created at: api/v1/market/all_market_data.json (4 files combined)[0m
2025-04-30 21:51:16|INFO|MarketDataSync|‚ÄĘ Computing Historical Aggregations
2025-04-30 21:51:16|INFO|MarketDataSync|[32m‚ÄĘ Market Data Sync END [0m|[90m Duration: 2.42s[0m
