From https://github.com/aurumco/riyales-api
 * branch            main       -> FETCH_HEAD
Already up to date.
From https://github.com/aurumco/riyales-api
 * branch            main       -> FETCH_HEAD
<<<<<<< Updated upstream
   45d033f..de96764  main       -> origin/main
Updating 45d033f..de96764
From https://github.com/aurumco/riyales-api
 * branch            main       -> FETCH_HEAD
Already up to date.
=======
   de96764..747aa2e  main       -> origin/main
Updating de96764..747aa2e
>>>>>>> Stashed changes
From https://github.com/aurumco/riyales-api
 * branch            main       -> FETCH_HEAD
<<<<<<< Updated upstream
   874f19f..347b30f  main       -> origin/main
Updating 874f19f..347b30f
=======
   347b30f..56c4924  main       -> origin/main
Updating 347b30f..56c4924
>>>>>>> Stashed changes
From https://github.com/aurumco/riyales-api
 * branch            main       -> FETCH_HEAD
   4d4d997..539826b  main       -> origin/main
Updating 4d4d997..539826b
