[32m窶｢[0m 21:49:32|[32mINFO   [0m| [32mCleaned old log file: market_data_20250426_094339.log[0m
[32m窶｢[0m 21:49:32|[32mINFO   [0m| [32mCleaned old log file: market_data_20250426_094340.log[0m
[32m窶｢[0m 21:49:32|[32mINFO   [0m| [32mLogging setup complete. Target Console Level: INFO, File Level: DEBUG[0m
[32m窶｢[0m 21:49:32|[32mINFO   [0m| [32mCurrent log file: logs/market_data_20250426_214932.log[0m
[32m窶｢[0m 21:49:32|[32mINFO   [0m| [32m[32m--- Starting Market Data Sync Cycle ---[0m[0m
[32m窶｢[0m 21:49:32|[32mINFO   [0m| [32mDB connection successful.[0m
[32m窶｢[0m 21:49:32|[32mINFO   [0m| [32m--- Checking API Fetch Tasks ---[0m
[32m窶｢[0m 21:49:32|[32mINFO   [0m| [32mNo API endpoints scheduled for fetching in this cycle.[0m
[32m窶｢[0m 21:49:32|[32mINFO   [0m| [32m--- Checking Aggregation Tasks ---[0m
[32m窶｢[0m 21:49:32|[32mINFO   [0m| [32mAggregation Results Summary: Success=0, Skipped=16, Errors=0[0m
[32m窶｢[0m 21:49:32|[32mINFO   [0m| [32mDB connection closed.[0m
[32m窶｢[0m 21:49:32|[32mINFO   [0m| [32m[32m--- Market Data Sync Cycle Finished in 0.02 seconds ---[0m[0m
[32m窶｢[0m 21:49:32|[32mINFO   [0m| [32mImprovement Suggestion 1: Implement more specific error handling for common API issues (e.g., rate limits, maintenance status codes).[0m
[32m窶｢[0m 21:49:32|[32mINFO   [0m| [32mImprovement Suggestion 2: Consider adding data quality checks (e.g., price outliers, missing symbols) after fetching or before aggregation.[0m
[34m窶｢[0m No .env file found at: /home/runner/work/riyales-api/riyales-api/src/../.env. Relying on system environment variables.
|DEBUG  |MarketDataSync|Checking fetch task: 'crypto'
2025-04-26 21:49:32|DEBUG  |MarketDataSync|Task 'fetch_crypto': LastRunUTC=2025-04-26T21:40:22.735474+00:00, TimeSince=0:09:09.761267, Interval=0:10:00, IsDue=False
2025-04-26 21:49:32|DEBUG  |MarketDataSync| -> Skip 'crypto': Interval not met.
2025-04-26 21:49:32|DEBUG  |MarketDataSync|Checking fetch task: 'commodity'
2025-04-26 21:49:32|DEBUG  |MarketDataSync|Task 'fetch_commodity': LastRunUTC=2025-04-26T21:40:22.735474+00:00, TimeSince=0:09:09.761267, Interval=0:10:00, IsDue=False
2025-04-26 21:49:32|DEBUG  |MarketDataSync| -> Skip 'commodity': Interval not met.
2025-04-26 21:49:32|DEBUG  |MarketDataSync|Checking fetch task: 'tse_ifb_symbols'
2025-04-26 21:49:32|DEBUG  |MarketDataSync|Market Check: LocalTime=01:19:32 +0330, Weekday=6, CurrentTime=01:19:32.499983, MarketHours=08:45:00-12:45:00, MarketDays=[5, 6, 0, 1, 2]
2025-04-26 21:49:32|DEBUG  |MarketDataSync|Market Status: CLOSED (Within Market Hours Check)
2025-04-26 21:49:32|DEBUG  |MarketDataSync| -> Skip 'tse_ifb_symbols': Market is closed.
2025-04-26 21:49:32|DEBUG  |MarketDataSync|Checking fetch task: 'tse_options'
2025-04-26 21:49:32|DEBUG  |MarketDataSync| -> Skip 'tse_options': Disabled in config.
2025-04-26 21:49:32|DEBUG  |MarketDataSync|Checking fetch task: 'tse_nav'
2025-04-26 21:49:32|DEBUG  |MarketDataSync| -> Skip 'tse_nav': Disabled in config.
2025-04-26 21:49:32|DEBUG  |MarketDataSync|Checking fetch task: 'tse_index'
2025-04-26 21:49:32|DEBUG  |MarketDataSync| -> Skip 'tse_index': Disabled in config.
2025-04-26 21:49:32|DEBUG  |MarketDataSync|Checking fetch task: 'ifb_index'
2025-04-26 21:49:32|DEBUG  |MarketDataSync| -> Skip 'ifb_index': Disabled in config.
2025-04-26 21:49:32|DEBUG  |MarketDataSync|Checking fetch task: 'selected_indices'
2025-04-26 21:49:32|DEBUG  |MarketDataSync| -> Skip 'selected_indices': Disabled in config.
2025-04-26 21:49:32|DEBUG  |MarketDataSync|Checking fetch task: 'debt_securities'
2025-04-26 21:49:32|DEBUG  |MarketDataSync|Market Check: LocalTime=01:19:32 +0330, Weekday=6, CurrentTime=01:19:32.500272, MarketHours=08:45:00-12:45:00, MarketDays=[5, 6, 0, 1, 2]
2025-04-26 21:49:32|DEBUG  |MarketDataSync|Market Status: CLOSED (Within Market Hours Check)
2025-04-26 21:49:32|DEBUG  |MarketDataSync| -> Skip 'debt_securities': Market is closed.
2025-04-26 21:49:32|DEBUG  |MarketDataSync|Checking fetch task: 'housing_facilities'
2025-04-26 21:49:32|DEBUG  |MarketDataSync|Market Check: LocalTime=01:19:32 +0330, Weekday=6, CurrentTime=01:19:32.500365, MarketHours=08:45:00-12:45:00, MarketDays=[5, 6, 0, 1, 2]
2025-04-26 21:49:32|DEBUG  |MarketDataSync|Market Status: CLOSED (Within Market Hours Check)
2025-04-26 21:49:32|DEBUG  |MarketDataSync| -> Skip 'housing_facilities': Market is closed.
2025-04-26 21:49:32|DEBUG  |MarketDataSync|Checking fetch task: 'futures'
2025-04-26 21:49:32|DEBUG  |MarketDataSync|Market Check: LocalTime=01:19:32 +0330, Weekday=6, CurrentTime=01:19:32.500482, MarketHours=08:45:00-12:45:00, MarketDays=[5, 6, 0, 1, 2]
2025-04-26 21:49:32|DEBUG  |MarketDataSync|Market Status: CLOSED (Within Market Hours Check)
2025-04-26 21:49:32|DEBUG  |MarketDataSync| -> Skip 'futures': Market is closed.
2025-04-26 21:49:32|INFO   |MarketDataSync|No API endpoints scheduled for fetching in this cycle.
2025-04-26 21:49:32|INFO   |MarketDataSync|--- Checking Aggregation Tasks ---
2025-04-26 21:49:32|DEBUG  |MarketDataSync|Checking aggregations for 'gold_currency': Levels=['6h', '12h', 'daily', '3d', 'weekly']
2025-04-26 21:49:32|DEBUG  |MarketDataSync|Task 'aggregate_6h_gold_currency': LastRunUTC=2025-04-26T17:17:28.358070+00:00, TimeSince=4:32:04.138671, Interval=6:00:00, IsDue=False
2025-04-26 21:49:32|DEBUG  |MarketDataSync|Task 'aggregate_12h_gold_currency': LastRunUTC=2025-04-26T17:17:28.519020+00:00, TimeSince=4:32:03.977721, Interval=12:00:00, IsDue=False
2025-04-26 21:49:32|DEBUG  |MarketDataSync|Skip Daily 'aggregate_daily_gold_currency': Already processed up to or including yesterday (2025-04-26).
2025-04-26 21:49:32|DEBUG  |MarketDataSync|Task 'aggregate_3d_gold_currency': LastRunUTC=2025-04-26T05:05:16.584527+00:00, TimeSince=16:44:15.912214, Interval=3 days, 0:00:00, IsDue=False
2025-04-26 21:49:32|DEBUG  |MarketDataSync|Task 'aggregate_weekly_gold_currency': LastRunUTC=2025-04-26T05:05:16.589416+00:00, TimeSince=16:44:15.907325, Interval=7 days, 0:00:00, IsDue=False
2025-04-26 21:49:32|DEBUG  |MarketDataSync|Checking aggregations for 'crypto': Levels=['6h', '12h', 'daily', '3d', 'weekly']
2025-04-26 21:49:32|DEBUG  |MarketDataSync|Task 'aggregate_6h_crypto': LastRunUTC=2025-04-26T17:17:28.791980+00:00, TimeSince=4:32:03.704761, Interval=6:00:00, IsDue=False
2025-04-26 21:49:32|DEBUG  |MarketDataSync|Task 'aggregate_12h_crypto': LastRunUTC=2025-04-26T17:17:29.299113+00:00, TimeSince=4:32:03.197628, Interval=12:00:00, IsDue=False
2025-04-26 21:49:32|DEBUG  |MarketDataSync|Skip Daily 'aggregate_daily_crypto': Already processed up to or including yesterday (2025-04-26).
2025-04-26 21:49:32|DEBUG  |MarketDataSync|Task 'aggregate_3d_crypto': LastRunUTC=2025-04-26T05:05:16.609675+00:00, TimeSince=16:44:15.887066, Interval=3 days, 0:00:00, IsDue=False
2025-04-26 21:49:32|DEBUG  |MarketDataSync|Task 'aggregate_weekly_crypto': LastRunUTC=2025-04-26T05:05:16.615389+00:00, TimeSince=16:44:15.881352, Interval=7 days, 0:00:00, IsDue=False
2025-04-26 21:49:32|DEBUG  |MarketDataSync|Checking aggregations for 'commodity': Levels=['6h', '12h', 'daily', '3d', 'weekly']
2025-04-26 21:49:32|DEBUG  |MarketDataSync|Task 'aggregate_6h_commodity': LastRunUTC=2025-04-26T17:17:29.346786+00:00, TimeSince=4:32:03.149955, Interval=6:00:00, IsDue=False
2025-04-26 21:49:32|DEBUG  |MarketDataSync|Task 'aggregate_12h_commodity': LastRunUTC=2025-04-26T17:17:29.420563+00:00, TimeSince=4:32:03.076178, Interval=12:00:00, IsDue=False
2025-04-26 21:49:32|DEBUG  |MarketDataSync|Skip Daily 'aggregate_daily_commodity': Already processed up to or including yesterday (2025-04-26).
2025-04-26 21:49:32|DEBUG  |MarketDataSync|Task 'aggregate_3d_commodity': LastRunUTC=2025-04-26T05:05:16.635096+00:00, TimeSince=16:44:15.861645, Interval=3 days, 0:00:00, IsDue=False
2025-04-26 21:49:32|DEBUG  |MarketDataSync|Task 'aggregate_weekly_commodity': LastRunUTC=2025-04-26T05:05:16.640100+00:00, TimeSince=16:44:15.856641, Interval=7 days, 0:00:00, IsDue=False
2025-04-26 21:49:32|DEBUG  |MarketDataSync|Checking aggregations for 'tse_ifb_symbols': Levels=['daily']
2025-04-26 21:49:32|DEBUG  |MarketDataSync|Skip Daily 'aggregate_daily_tse_ifb_symbols': Already processed up to or including yesterday (2025-04-26).
2025-04-26 21:49:32|INFO   |MarketDataSync|Aggregation Results Summary: Success=0, Skipped=16, Errors=0
2025-04-26 21:49:32|INFO   |MarketDataSync|DB connection closed.
2025-04-26 21:49:32|INFO   |MarketDataSync|[32m--- Market Data Sync Cycle Finished in 0.02 seconds ---[0m
2025-04-26 21:49:32|INFO   |MarketDataSync|Improvement Suggestion 1: Implement more specific error handling for common API issues (e.g., rate limits, maintenance status codes).
2025-04-26 21:49:32|INFO   |MarketDataSync|Improvement Suggestion 2: Consider adding data quality checks (e.g., price outliers, missing symbols) after fetching or before aggregation.
