2025-04-28 20:51:24|DEBUG  |MarketDataSync|Checking for logs older than 12 hours (2025-04-28T08:51:24.064965) in 'logs'...
2025-04-28 20:51:24|DEBUG  |MarketDataSync|Log cleanup finished. Removed 0 old files.
2025-04-28 20:51:24|INFO   |MarketDataSync|Logging setup complete. Target Console Level: INFO, File Level: DEBUG
2025-04-28 20:51:24|INFO   |MarketDataSync|Current log file: logs/market_data_20250428_205124.log
2025-04-28 20:51:24|DEBUG  |MarketDataSync|To change console log level, set the 'LOG_LEVEL' environment variable (e.g., 'DEBUG', 'INFO', 'WARNING').
2025-04-28 20:51:24|INFO   |MarketDataSync|[32m--- Starting Market Data Sync Cycle ---[0m
2025-04-28 20:51:24|DEBUG  |MarketDataSync|Attempting to connect to DB: data/market_data.duckdb
2025-04-28 20:51:24|INFO   |MarketDataSync|DB connection successful.
2025-04-28 20:51:24|DEBUG  |MarketDataSync|Ensured aggregation_tracker table exists.
2025-04-28 20:51:24|DEBUG  |MarketDataSync|Cycle time: UTC=2025-04-28T20:51:24.083871+00:00, Local=2025-04-29T00:21:24.083871+03:30
2025-04-28 20:51:24|INFO   |MarketDataSync|--- Checking API Fetch Tasks ---
2025-04-28 20:51:24|DEBUG  |MarketDataSync|Checking fetch task: 'gold_currency'
2025-04-28 20:51:24|DEBUG  |MarketDataSync|Task 'fetch_gold_currency': LastRunUTC=2025-04-28T20:42:29.464741+00:00, TimeSince=0:08:54.619130, Interval=0:10:00, IsDue=False
2025-04-28 20:51:24|DEBUG  |MarketDataSync| -> Skip 'gold_currency': Interval not met.
2025-04-28 20:51:24|DEBUG  |MarketDataSync|Checking fetch task: 'crypto'
2025-04-28 20:51:24|DEBUG  |MarketDataSync|Task 'fetch_crypto': LastRunUTC=2025-04-28T20:42:29.464741+00:00, TimeSince=0:08:54.619130, Interval=0:10:00, IsDue=False
2025-04-28 20:51:24|DEBUG  |MarketDataSync| -> Skip 'crypto': Interval not met.
2025-04-28 20:51:24|DEBUG  |MarketDataSync|Checking fetch task: 'commodity'
2025-04-28 20:51:24|DEBUG  |MarketDataSync|Task 'fetch_commodity': LastRunUTC=2025-04-28T20:42:29.464741+00:00, TimeSince=0:08:54.619130, Interval=0:10:00, IsDue=False
2025-04-28 20:51:24|DEBUG  |MarketDataSync| -> Skip 'commodity': Interval not met.
2025-04-28 20:51:24|DEBUG  |MarketDataSync|Checking fetch task: 'tse_ifb_symbols'
2025-04-28 20:51:24|DEBUG  |MarketDataSync|Market Check: LocalTime=00:21:24 +0330, Weekday=1, CurrentTime=00:21:24.087036, MarketHours=08:45:00-12:45:00, MarketDays=[5, 6, 0, 1, 2]
2025-04-28 20:51:24|DEBUG  |MarketDataSync|Market Status: CLOSED (Within Market Hours Check)
2025-04-28 20:51:24|DEBUG  |MarketDataSync| -> Skip 'tse_ifb_symbols': Market is closed.
2025-04-28 20:51:24|DEBUG  |MarketDataSync|Checking fetch task: 'tse_options'
2025-04-28 20:51:24|DEBUG  |MarketDataSync| -> Skip 'tse_options': Disabled in config.
2025-04-28 20:51:24|DEBUG  |MarketDataSync|Checking fetch task: 'tse_nav'
2025-04-28 20:51:24|DEBUG  |MarketDataSync| -> Skip 'tse_nav': Disabled in config.
2025-04-28 20:51:24|DEBUG  |MarketDataSync|Checking fetch task: 'tse_index'
2025-04-28 20:51:24|DEBUG  |MarketDataSync| -> Skip 'tse_index': Disabled in config.
2025-04-28 20:51:24|DEBUG  |MarketDataSync|Checking fetch task: 'ifb_index'
2025-04-28 20:51:24|DEBUG  |MarketDataSync| -> Skip 'ifb_index': Disabled in config.
2025-04-28 20:51:24|DEBUG  |MarketDataSync|Checking fetch task: 'selected_indices'
2025-04-28 20:51:24|DEBUG  |MarketDataSync| -> Skip 'selected_indices': Disabled in config.
2025-04-28 20:51:24|DEBUG  |MarketDataSync|Checking fetch task: 'debt_securities'
2025-04-28 20:51:24|DEBUG  |MarketDataSync|Market Check: LocalTime=00:21:24 +0330, Weekday=1, CurrentTime=00:21:24.087314, MarketHours=08:45:00-12:45:00, MarketDays=[5, 6, 0, 1, 2]
2025-04-28 20:51:24|DEBUG  |MarketDataSync|Market Status: CLOSED (Within Market Hours Check)
2025-04-28 20:51:24|DEBUG  |MarketDataSync| -> Skip 'debt_securities': Market is closed.
2025-04-28 20:51:24|DEBUG  |MarketDataSync|Checking fetch task: 'housing_facilities'
2025-04-28 20:51:24|DEBUG  |MarketDataSync|Market Check: LocalTime=00:21:24 +0330, Weekday=1, CurrentTime=00:21:24.087405, MarketHours=08:45:00-12:45:00, MarketDays=[5, 6, 0, 1, 2]
2025-04-28 20:51:24|DEBUG  |MarketDataSync|Market Status: CLOSED (Within Market Hours Check)
2025-04-28 20:51:24|DEBUG  |MarketDataSync| -> Skip 'housing_facilities': Market is closed.
2025-04-28 20:51:24|DEBUG  |MarketDataSync|Checking fetch task: 'futures'
2025-04-28 20:51:24|DEBUG  |MarketDataSync|Market Check: LocalTime=00:21:24 +0330, Weekday=1, CurrentTime=00:21:24.087526, MarketHours=08:45:00-12:45:00, MarketDays=[5, 6, 0, 1, 2]
2025-04-28 20:51:24|DEBUG  |MarketDataSync|Market Status: CLOSED (Within Market Hours Check)
2025-04-28 20:51:24|DEBUG  |MarketDataSync| -> Skip 'futures': Market is closed.
2025-04-28 20:51:24|INFO   |MarketDataSync|No API endpoints scheduled for fetching in this cycle.
2025-04-28 20:51:24|INFO   |MarketDataSync|--- Checking Aggregation Tasks ---
2025-04-28 20:51:24|DEBUG  |MarketDataSync|Checking aggregations for 'gold_currency': Levels=['6h', '12h', 'daily', '3d', 'weekly']
2025-04-28 20:51:24|DEBUG  |MarketDataSync|Task 'aggregate_6h_gold_currency': LastRunUTC=2025-04-28T18:41:34.183422+00:00, TimeSince=2:09:49.900449, Interval=6:00:00, IsDue=False
2025-04-28 20:51:24|DEBUG  |MarketDataSync|Task 'aggregate_12h_gold_currency': LastRunUTC=2025-04-28T12:21:53.954430+00:00, TimeSince=8:29:30.129441, Interval=12:00:00, IsDue=False
2025-04-28 20:51:24|DEBUG  |MarketDataSync|Skip Daily 'aggregate_daily_gold_currency': Already processed up to or including yesterday (2025-04-28).
2025-04-28 20:51:24|DEBUG  |MarketDataSync|Task 'aggregate_3d_gold_currency': LastRunUTC=2025-04-27T23:53:52.154884+00:00, TimeSince=20:57:31.928987, Interval=3 days, 0:00:00, IsDue=False
2025-04-28 20:51:24|DEBUG  |MarketDataSync|Task 'aggregate_weekly_gold_currency': LastRunUTC=2025-04-27T23:53:52.160884+00:00, TimeSince=20:57:31.922987, Interval=7 days, 0:00:00, IsDue=False
2025-04-28 20:51:24|DEBUG  |MarketDataSync|Checking aggregations for 'crypto': Levels=['6h', '12h', 'daily', '3d', 'weekly']
2025-04-28 20:51:24|DEBUG  |MarketDataSync|Task 'aggregate_6h_crypto': LastRunUTC=2025-04-28T18:41:34.404838+00:00, TimeSince=2:09:49.679033, Interval=6:00:00, IsDue=False
2025-04-28 20:51:24|DEBUG  |MarketDataSync|Task 'aggregate_12h_crypto': LastRunUTC=2025-04-28T12:21:54.332520+00:00, TimeSince=8:29:29.751351, Interval=12:00:00, IsDue=False
2025-04-28 20:51:24|DEBUG  |MarketDataSync|Skip Daily 'aggregate_daily_crypto': Already processed up to or including yesterday (2025-04-28).
2025-04-28 20:51:24|DEBUG  |MarketDataSync|Task 'aggregate_3d_crypto': LastRunUTC=2025-04-27T23:53:52.184634+00:00, TimeSince=20:57:31.899237, Interval=3 days, 0:00:00, IsDue=False
2025-04-28 20:51:24|DEBUG  |MarketDataSync|Task 'aggregate_weekly_crypto': LastRunUTC=2025-04-27T23:53:52.190994+00:00, TimeSince=20:57:31.892877, Interval=7 days, 0:00:00, IsDue=False
2025-04-28 20:51:24|DEBUG  |MarketDataSync|Checking aggregations for 'commodity': Levels=['6h', '12h', 'daily', '3d', 'weekly']
2025-04-28 20:51:24|DEBUG  |MarketDataSync|Task 'aggregate_6h_commodity': LastRunUTC=2025-04-28T18:41:34.445640+00:00, TimeSince=2:09:49.638231, Interval=6:00:00, IsDue=False
2025-04-28 20:51:24|DEBUG  |MarketDataSync|Task 'aggregate_12h_commodity': LastRunUTC=2025-04-28T12:21:54.404772+00:00, TimeSince=8:29:29.679099, Interval=12:00:00, IsDue=False
2025-04-28 20:51:24|DEBUG  |MarketDataSync|Skip Daily 'aggregate_daily_commodity': Already processed up to or including yesterday (2025-04-28).
2025-04-28 20:51:24|DEBUG  |MarketDataSync|Task 'aggregate_3d_commodity': LastRunUTC=2025-04-27T23:53:52.219063+00:00, TimeSince=20:57:31.864808, Interval=3 days, 0:00:00, IsDue=False
2025-04-28 20:51:24|DEBUG  |MarketDataSync|Task 'aggregate_weekly_commodity': LastRunUTC=2025-04-27T23:53:52.225242+00:00, TimeSince=20:57:31.858629, Interval=7 days, 0:00:00, IsDue=False
2025-04-28 20:51:24|DEBUG  |MarketDataSync|Checking aggregations for 'tse_ifb_symbols': Levels=['daily']
2025-04-28 20:51:24|DEBUG  |MarketDataSync|Skip Daily 'aggregate_daily_tse_ifb_symbols': Already processed up to or including yesterday (2025-04-28).
2025-04-28 20:51:24|INFO   |MarketDataSync|Aggregation Results Summary: Success=0, Skipped=16, Errors=0
2025-04-28 20:51:24|INFO   |MarketDataSync|DB connection closed.
2025-04-28 20:51:24|INFO   |MarketDataSync|[32m--- Market Data Sync Cycle Finished in 0.02 seconds ---[0m
2025-04-28 20:51:24|INFO   |MarketDataSync|Improvement Suggestion 1: Implement more specific error handling for common API issues (e.g., rate limits, maintenance status codes).
2025-04-28 20:51:24|INFO   |MarketDataSync|Improvement Suggestion 2: Consider adding data quality checks (e.g., price outliers, missing symbols) after fetching or before aggregation.
