[32m•[0m 06:55:57|[32mINFO   [0m| [32mLogging setup complete. Target Console Level: INFO, File Level: DEBUG[0m
[32m•[0m 06:55:57|[32mINFO   [0m| [32mCurrent log file: logs/market_data_20250428_065557.log[0m
[32m•[0m 06:55:57|[32mINFO   [0m| [32m[32m--- Starting Market Data Sync Cycle ---[0m[0m
[32m•[0m 06:55:57|[32mINFO   [0m| [32mDB connection successful.[0m
[32m•[0m 06:55:57|[32mINFO   [0m| [32m--- Checking API Fetch Tasks ---[0m
[32m•[0m 06:55:57|[32mINFO   [0m| [32mScheduling fetch for: 'gold_currency'[0m
[32m•[0m 06:55:57|[32mINFO   [0m| [32mScheduling fetch for: 'crypto'[0m
[32m•[0m 06:55:57|[32mINFO   [0m| [32mScheduling fetch for: 'commodity'[0m
[32m•[0m 06:55:57|[32mINFO   [0m| [32mScheduling fetch for: 'tse_ifb_symbols'[0m
[32m•[0m 06:55:57|[32mINFO   [0m| [32mScheduling fetch for: 'debt_securities'[0m
[32m•[0m 06:55:57|[32mINFO   [0m| [32mScheduling fetch for: 'housing_facilities'[0m
[32m•[0m 06:55:57|[32mINFO   [0m| [32mScheduling fetch for: 'futures'[0m
[32m•[0m 06:55:57|[32mINFO   [0m| [32mAttempting to fetch data for 7 endpoints...[0m
[32m•[0m 06:55:59|[32mINFO   [0m| [32mSuccess: Fetched 'futures'.[0m
[32m•[0m 06:55:59|[32mINFO   [0m| [32mSuccess: Fetched 'commodity'.[0m
[32m•[0m 06:55:59|[32mINFO   [0m| [32mSuccess: Fetched 'gold_currency'.[0m
[32m•[0m 06:55:59|[32mINFO   [0m| [32mSuccess: Fetched 'housing_facilities'.[0m
[32m•[0m 06:56:00|[32mINFO   [0m| [32mSuccess: Fetched 'debt_securities'.[0m
[32m•[0m 06:56:00|[32mINFO   [0m| [32mSuccess: Fetched 'crypto'.[0m
[32m•[0m 06:56:00|[32mINFO   [0m| [32mSuccess: Fetched 'tse_ifb_symbols'.[0m
[32m•[0m 06:56:00|[32mINFO   [0m| [32m--- Processing Fetch Results ---[0m
[32m•[0m 06:56:00|[32mINFO   [0m| [32mFetch Results Summary: Processed=7, DB Inserts=7, Errors=0[0m
[32m•[0m 06:56:00|[32mINFO   [0m| [32m--- Checking Aggregation Tasks ---[0m
[32m•[0m 06:56:01|[32mINFO   [0m| [32mAggregation Results Summary: Success=0, Skipped=16, Errors=0[0m
[32m•[0m 06:56:01|[32mINFO   [0m| [32mDB connection closed.[0m
[32m•[0m 06:56:01|[32mINFO   [0m| [32m[32m--- Market Data Sync Cycle Finished in 3.09 seconds ---[0m[0m
[32m•[0m 06:56:01|[32mINFO   [0m| [32mImprovement Suggestion 1: Implement more specific error handling for common API issues (e.g., rate limits, maintenance status codes).[0m
[32m•[0m 06:56:01|[32mINFO   [0m| [32mImprovement Suggestion 2: Consider adding data quality checks (e.g., price outliers, missing symbols) after fetching or before aggregation.[0m
[34m•[0m No .env file found at: /home/runner/work/riyales-api/riyales-api/src/../.env. Relying on system environment variables.
kip 'tse_options': Disabled in config.
2025-04-28 06:55:57|DEBUG  |MarketDataSync|Checking fetch task: 'tse_nav'
2025-04-28 06:55:57|DEBUG  |MarketDataSync| -> Skip 'tse_nav': Disabled in config.
2025-04-28 06:55:57|DEBUG  |MarketDataSync|Checking fetch task: 'tse_index'
2025-04-28 06:55:57|DEBUG  |MarketDataSync| -> Skip 'tse_index': Disabled in config.
2025-04-28 06:55:57|DEBUG  |MarketDataSync|Checking fetch task: 'ifb_index'
2025-04-28 06:55:57|DEBUG  |MarketDataSync| -> Skip 'ifb_index': Disabled in config.
2025-04-28 06:55:57|DEBUG  |MarketDataSync|Checking fetch task: 'selected_indices'
2025-04-28 06:55:57|DEBUG  |MarketDataSync| -> Skip 'selected_indices': Disabled in config.
2025-04-28 06:55:57|DEBUG  |MarketDataSync|Checking fetch task: 'debt_securities'
2025-04-28 06:55:57|DEBUG  |MarketDataSync|Market Check: LocalTime=10:25:57 +0330, Weekday=0, CurrentTime=10:25:57.982618, MarketHours=08:45:00-12:45:00, MarketDays=[5, 6, 0, 1, 2]
2025-04-28 06:55:57|DEBUG  |MarketDataSync|Market Status: OPEN (Within Market Hours Check)
2025-04-28 06:55:57|DEBUG  |MarketDataSync|Task 'fetch_debt_securities': LastRunUTC=2025-04-28T06:29:25.654594+00:00, TimeSince=0:26:32.323748, Interval=0:20:00, IsDue=True
2025-04-28 06:55:57|INFO   |MarketDataSync|Scheduling fetch for: 'debt_securities'
2025-04-28 06:55:57|DEBUG  |MarketDataSync|Checking fetch task: 'housing_facilities'
2025-04-28 06:55:57|DEBUG  |MarketDataSync|Market Check: LocalTime=10:25:57 +0330, Weekday=0, CurrentTime=10:25:57.983356, MarketHours=08:45:00-12:45:00, MarketDays=[5, 6, 0, 1, 2]
2025-04-28 06:55:57|DEBUG  |MarketDataSync|Market Status: OPEN (Within Market Hours Check)
2025-04-28 06:55:57|DEBUG  |MarketDataSync|Task 'fetch_housing_facilities': LastRunUTC=2025-04-28T06:29:25.654594+00:00, TimeSince=0:26:32.323748, Interval=0:20:00, IsDue=True
2025-04-28 06:55:57|INFO   |MarketDataSync|Scheduling fetch for: 'housing_facilities'
2025-04-28 06:55:57|DEBUG  |MarketDataSync|Checking fetch task: 'futures'
2025-04-28 06:55:57|DEBUG  |MarketDataSync|Market Check: LocalTime=10:25:57 +0330, Weekday=0, CurrentTime=10:25:57.984108, MarketHours=08:45:00-12:45:00, MarketDays=[5, 6, 0, 1, 2]
2025-04-28 06:55:57|DEBUG  |MarketDataSync|Market Status: OPEN (Within Market Hours Check)
2025-04-28 06:55:57|DEBUG  |MarketDataSync|Task 'fetch_futures': LastRunUTC=2025-04-28T06:29:25.654594+00:00, TimeSince=0:26:32.323748, Interval=0:20:00, IsDue=True
2025-04-28 06:55:57|INFO   |MarketDataSync|Scheduling fetch for: 'futures'
2025-04-28 06:55:57|INFO   |MarketDataSync|Attempting to fetch data for 7 endpoints...
2025-04-28 06:55:57|DEBUG  |MarketDataSync|Requesting: gold_currency (https://brsapi.ir/Api/Market/Gold_Currency.php?key=********)
2025-04-28 06:55:57|DEBUG  |MarketDataSync|Requesting: crypto (https://brsapi.ir/Api/Market/Cryptocurrency.php?key=********)
2025-04-28 06:55:57|DEBUG  |MarketDataSync|Requesting: commodity (https://brsapi.ir/Api/Market/Commodity.php?key=********)
2025-04-28 06:55:57|DEBUG  |MarketDataSync|Requesting: tse_ifb_symbols (https://brsapi.ir/Api/Tsetmc/AllSymbols.php?key=********&type=1)
2025-04-28 06:55:57|DEBUG  |MarketDataSync|Requesting: debt_securities (https://brsapi.ir/Api/Tsetmc/AllSymbols.php?key=********&type=4)
2025-04-28 06:55:57|DEBUG  |MarketDataSync|Requesting: housing_facilities (https://brsapi.ir/Api/Tsetmc/AllSymbols.php?key=********&type=5)
2025-04-28 06:55:57|DEBUG  |MarketDataSync|Requesting: futures (https://brsapi.ir/Api/Tsetmc/AllSymbols.php?key=********&type=3)
2025-04-28 06:55:59|DEBUG  |MarketDataSync|Response: debt_securities Status=200 in 1.70s
2025-04-28 06:55:59|DEBUG  |MarketDataSync|Response: crypto Status=200 in 1.71s
2025-04-28 06:55:59|DEBUG  |MarketDataSync|Response: futures Status=200 in 1.73s
2025-04-28 06:55:59|INFO   |MarketDataSync|Success: Fetched 'futures'.
2025-04-28 06:55:59|DEBUG  |MarketDataSync|Response: tse_ifb_symbols Status=200 in 1.73s
2025-04-28 06:55:59|DEBUG  |MarketDataSync|Response: commodity Status=200 in 1.73s
2025-04-28 06:55:59|INFO   |MarketDataSync|Success: Fetched 'commodity'.
2025-04-28 06:55:59|DEBUG  |MarketDataSync|Response: gold_currency Status=200 in 1.74s
2025-04-28 06:55:59|INFO   |MarketDataSync|Success: Fetched 'gold_currency'.
2025-04-28 06:55:59|DEBUG  |MarketDataSync|Response: housing_facilities Status=200 in 1.75s
2025-04-28 06:55:59|INFO   |MarketDataSync|Success: Fetched 'housing_facilities'.
2025-04-28 06:56:00|INFO   |MarketDataSync|Success: Fetched 'debt_securities'.
2025-04-28 06:56:00|INFO   |MarketDataSync|Success: Fetched 'crypto'.
2025-04-28 06:56:00|INFO   |MarketDataSync|Success: Fetched 'tse_ifb_symbols'.
2025-04-28 06:56:00|INFO   |MarketDataSync|--- Processing Fetch Results ---
2025-04-28 06:56:00|DEBUG  |MarketDataSync|Ensured table 'gold_currency_raw' exists or was created.
2025-04-28 06:56:00|DEBUG  |MarketDataSync|Inserted raw data into 'gold_currency_raw' for 2025-04-28T06:56:00.812311+00:00.
2025-04-28 06:56:00|DEBUG  |MarketDataSync|Saved latest raw JSON: gold_currency.json
2025-04-28 06:56:00|DEBUG  |MarketDataSync|Updated last run time for 'fetch_gold_currency' to 2025-04-28T06:55:57.978342+00:00
2025-04-28 06:56:00|DEBUG  |MarketDataSync|Ensured table 'crypto_raw' exists or was created.
2025-04-28 06:56:00|DEBUG  |MarketDataSync|Inserted raw data into 'crypto_raw' for 2025-04-28T06:56:00.812311+00:00.
2025-04-28 06:56:00|DEBUG  |MarketDataSync|Saved latest raw JSON: cryptocurrency.json
2025-04-28 06:56:00|DEBUG  |MarketDataSync|Updated last run time for 'fetch_crypto' to 2025-04-28T06:55:57.978342+00:00
2025-04-28 06:56:00|DEBUG  |MarketDataSync|Ensured table 'commodity_raw' exists or was created.
2025-04-28 06:56:00|DEBUG  |MarketDataSync|Inserted raw data into 'commodity_raw' for 2025-04-28T06:56:00.812311+00:00.
2025-04-28 06:56:00|DEBUG  |MarketDataSync|Saved latest raw JSON: commodity.json
2025-04-28 06:56:00|DEBUG  |MarketDataSync|Updated last run time for 'fetch_commodity' to 2025-04-28T06:55:57.978342+00:00
2025-04-28 06:56:00|DEBUG  |MarketDataSync|Ensured table 'tse_ifb_symbols_raw' exists or was created.
2025-04-28 06:56:00|DEBUG  |MarketDataSync|Inserted raw data into 'tse_ifb_symbols_raw' for 2025-04-28T06:56:00.812311+00:00.
2025-04-28 06:56:00|DEBUG  |MarketDataSync|Saved latest raw JSON: tse_ifb_symbols.json
2025-04-28 06:56:00|DEBUG  |MarketDataSync|Updated last run time for 'fetch_tse_ifb_symbols' to 2025-04-28T06:55:57.978342+00:00
2025-04-28 06:56:00|DEBUG  |MarketDataSync|Ensured table 'debt_securities_raw' exists or was created.
2025-04-28 06:56:00|DEBUG  |MarketDataSync|Inserted raw data into 'debt_securities_raw' for 2025-04-28T06:56:00.812311+00:00.
2025-04-28 06:56:00|DEBUG  |MarketDataSync|Saved latest raw JSON: debt_securities.json
2025-04-28 06:56:00|DEBUG  |MarketDataSync|Updated last run time for 'fetch_debt_securities' to 2025-04-28T06:55:57.978342+00:00
2025-04-28 06:56:00|DEBUG  |MarketDataSync|Ensured table 'housing_facilities_raw' exists or was created.
2025-04-28 06:56:00|DEBUG  |MarketDataSync|Inserted raw data into 'housing_facilities_raw' for 2025-04-28T06:56:00.812311+00:00.
2025-04-28 06:56:00|DEBUG  |MarketDataSync|Saved latest raw JSON: housing_facilities.json
2025-04-28 06:56:00|DEBUG  |MarketDataSync|Updated last run time for 'fetch_housing_facilities' to 2025-04-28T06:55:57.978342+00:00
2025-04-28 06:56:00|DEBUG  |MarketDataSync|Ensured table 'futures_raw' exists or was created.
2025-04-28 06:56:00|DEBUG  |MarketDataSync|Inserted raw data into 'futures_raw' for 2025-04-28T06:56:00.812311+00:00.
2025-04-28 06:56:00|DEBUG  |MarketDataSync|Saved latest raw JSON: futures.json
2025-04-28 06:56:00|DEBUG  |MarketDataSync|Updated last run time for 'fetch_futures' to 2025-04-28T06:55:57.978342+00:00
2025-04-28 06:56:00|INFO   |MarketDataSync|Fetch Results Summary: Processed=7, DB Inserts=7, Errors=0
2025-04-28 06:56:00|INFO   |MarketDataSync|--- Checking Aggregation Tasks ---
2025-04-28 06:56:00|DEBUG  |MarketDataSync|Checking aggregations for 'gold_currency': Levels=['6h', '12h', 'daily', '3d', 'weekly']
2025-04-28 06:56:00|DEBUG  |MarketDataSync|Task 'aggregate_6h_gold_currency': LastRunUTC=2025-04-28T05:55:36.296831+00:00, TimeSince=1:00:21.681511, Interval=6:00:00, IsDue=False
2025-04-28 06:56:00|DEBUG  |MarketDataSync|Task 'aggregate_12h_gold_currency': LastRunUTC=2025-04-27T23:53:52.143594+00:00, TimeSince=7:02:05.834748, Interval=12:00:00, IsDue=False
2025-04-28 06:56:00|DEBUG  |MarketDataSync|Skip Daily 'aggregate_daily_gold_currency': Already processed up to or including yesterday (2025-04-28).
2025-04-28 06:56:00|DEBUG  |MarketDataSync|Task 'aggregate_3d_gold_currency': LastRunUTC=2025-04-27T23:53:52.154884+00:00, TimeSince=7:02:05.823458, Interval=3 days, 0:00:00, IsDue=False
2025-04-28 06:56:00|DEBUG  |MarketDataSync|Task 'aggregate_weekly_gold_currency': LastRunUTC=2025-04-27T23:53:52.160884+00:00, TimeSince=7:02:05.817458, Interval=7 days, 0:00:00, IsDue=False
2025-04-28 06:56:00|DEBUG  |MarketDataSync|Checking aggregations for 'crypto': Levels=['6h', '12h', 'daily', '3d', 'weekly']
2025-04-28 06:56:00|DEBUG  |MarketDataSync|Task 'aggregate_6h_crypto': LastRunUTC=2025-04-28T05:55:36.406756+00:00, TimeSince=1:00:21.571586, Interval=6:00:00, IsDue=False
2025-04-28 06:56:00|DEBUG  |MarketDataSync|Task 'aggregate_12h_crypto': LastRunUTC=2025-04-27T23:53:52.172746+00:00, TimeSince=7:02:05.805596, Interval=12:00:00, IsDue=False
2025-04-28 06:56:00|DEBUG  |MarketDataSync|Skip Daily 'aggregate_daily_crypto': Already processed up to or including yesterday (2025-04-28).
2025-04-28 06:56:00|DEBUG  |MarketDataSync|Task 'aggregate_3d_crypto': LastRunUTC=2025-04-27T23:53:52.184634+00:00, TimeSince=7:02:05.793708, Interval=3 days, 0:00:00, IsDue=False
2025-04-28 06:56:00|DEBUG  |MarketDataSync|Task 'aggregate_weekly_crypto': LastRunUTC=2025-04-27T23:53:52.190994+00:00, TimeSince=7:02:05.787348, Interval=7 days, 0:00:00, IsDue=False
2025-04-28 06:56:00|DEBUG  |MarketDataSync|Checking aggregations for 'commodity': Levels=['6h', '12h', 'daily', '3d', 'weekly']
2025-04-28 06:56:00|DEBUG  |MarketDataSync|Task 'aggregate_6h_commodity': LastRunUTC=2025-04-28T05:55:36.432160+00:00, TimeSince=1:00:21.546182, Interval=6:00:00, IsDue=False
2025-04-28 06:56:00|DEBUG  |MarketDataSync|Task 'aggregate_12h_commodity': LastRunUTC=2025-04-27T23:53:52.207218+00:00, TimeSince=7:02:05.771124, Interval=12:00:00, IsDue=False
2025-04-28 06:56:00|DEBUG  |MarketDataSync|Skip Daily 'aggregate_daily_commodity': Already processed up to or including yesterday (2025-04-28).
2025-04-28 06:56:00|DEBUG  |MarketDataSync|Task 'aggregate_3d_commodity': LastRunUTC=2025-04-27T23:53:52.219063+00:00, TimeSince=7:02:05.759279, Interval=3 days, 0:00:00, IsDue=False
2025-04-28 06:56:00|DEBUG  |MarketDataSync|Task 'aggregate_weekly_commodity': LastRunUTC=2025-04-27T23:53:52.225242+00:00, TimeSince=7:02:05.753100, Interval=7 days, 0:00:00, IsDue=False
2025-04-28 06:56:00|DEBUG  |MarketDataSync|Checking aggregations for 'tse_ifb_symbols': Levels=['daily']
2025-04-28 06:56:01|DEBUG  |MarketDataSync|Skip Daily 'aggregate_daily_tse_ifb_symbols': Already processed up to or including yesterday (2025-04-28).
2025-04-28 06:56:01|INFO   |MarketDataSync|Aggregation Results Summary: Success=0, Skipped=16, Errors=0
2025-04-28 06:56:01|INFO   |MarketDataSync|DB connection closed.
2025-04-28 06:56:01|INFO   |MarketDataSync|[32m--- Market Data Sync Cycle Finished in 3.09 seconds ---[0m
2025-04-28 06:56:01|INFO   |MarketDataSync|Improvement Suggestion 1: Implement more specific error handling for common API issues (e.g., rate limits, maintenance status codes).
2025-04-28 06:56:01|INFO   |MarketDataSync|Improvement Suggestion 2: Consider adding data quality checks (e.g., price outliers, missing symbols) after fetching or before aggregation.
