[32m•[0m 16:19:21|[32mINFO   [0m| [32mLogging setup complete. Target Console Level: INFO, File Level: DEBUG[0m
[32m•[0m 16:19:21|[32mINFO   [0m| [32mCurrent log file: logs/market_data_20250425_161921.log[0m
[32m•[0m 16:19:21|[32mINFO   [0m| [32m[32m--- Starting Market Data Sync Cycle ---[0m[0m
[32m•[0m 16:19:21|[32mINFO   [0m| [32mDB connection successful.[0m
[32m•[0m 16:19:21|[32mINFO   [0m| [32m--- Checking API Fetch Tasks ---[0m
[32m•[0m 16:19:21|[32mINFO   [0m| [32mScheduling fetch for: 'gold_currency'[0m
[32m•[0m 16:19:21|[32mINFO   [0m| [32mScheduling fetch for: 'crypto'[0m
[32m•[0m 16:19:21|[32mINFO   [0m| [32mScheduling fetch for: 'commodity'[0m
[32m•[0m 16:19:21|[32mINFO   [0m| [32mAttempting to fetch data for 3 endpoints...[0m
[32m•[0m 16:19:22|[32mINFO   [0m| [32mSuccess: Fetched 'gold_currency'.[0m
[32m•[0m 16:19:22|[32mINFO   [0m| [32mSuccess: Fetched 'commodity'.[0m
[32m•[0m 16:19:23|[32mINFO   [0m| [32mSuccess: Fetched 'crypto'.[0m
[32m•[0m 16:19:23|[32mINFO   [0m| [32m--- Processing Fetch Results ---[0m
[32m•[0m 16:19:23|[32mINFO   [0m| [32mFetch Results Summary: Processed=3, DB Inserts=3, Errors=0[0m
[32m•[0m 16:19:23|[32mINFO   [0m| [32m--- Checking Aggregation Tasks ---[0m
[32m•[0m 16:19:23|[32mINFO   [0m| [32mRunning Aggregation: 'aggregate_6h_gold_currency' target=2025-04-25T16:19:21.132574+00:00 period=[2025-04-25T10:19:21.132574+00:00 to 2025-04-25T16:19:21.132574+00:00)[0m
[32m•[0m 16:19:23|[32mINFO   [0m| [32mStarting aggregation for 'gold_currency_6h' (Period: 2025-04-25T10:19:21.132574+00:00 to 2025-04-25T16:19:21.132574+00:00)[0m
[33m•[0m 16:19:23|[33mWARNING[0m| [33mError extracting data from JSON: Binder Error: No function matches the given name and argument types 'json_extract_string(JSON)'. You might need to add explicit type casts.
	Candidate functions:
	json_extract_string(VARCHAR, BIGINT) -> VARCHAR
	json_extract_string(VARCHAR, VARCHAR) -> VARCHAR
	json_extract_string(VARCHAR, VARCHAR[]) -> VARCHAR[]
	json_extract_string(JSON, BIGINT) -> VARCHAR
	json_extract_string(JSON, VARCHAR) -> VARCHAR
	json_extract_string(JSON, VARCHAR[]) -> VARCHAR[]


LINE 1: SELECT json_extract_string(json_extract(?, '$[0]'))
               ^[0m
[33m•[0m 16:19:23|[33mWARNING[0m| [33mError extracting data from JSON: Binder Error: No function matches the given name and argument types 'json_extract_string(JSON)'. You might need to add explicit type casts.
	Candidate functions:
	json_extract_string(VARCHAR, BIGINT) -> VARCHAR
	json_extract_string(VARCHAR, VARCHAR) -> VARCHAR
	json_extract_string(VARCHAR, VARCHAR[]) -> VARCHAR[]
	json_extract_string(JSON, BIGINT) -> VARCHAR
	json_extract_string(JSON, VARCHAR) -> VARCHAR
	json_extract_string(JSON, VARCHAR[]) -> VARCHAR[]


LINE 1: SELECT json_extract_string(json_extract(?, '$[0]'))
               ^[0m
[33m•[0m 16:19:23|[33mWARNING[0m| [33mError extracting data from JSON: Binder Error: No function matches the given name and argument types 'json_extract_string(JSON)'. You might need to add explicit type casts.
	Candidate functions:
	json_extract_string(VARCHAR, BIGINT) -> VARCHAR
	json_extract_string(VARCHAR, VARCHAR) -> VARCHAR
	json_extract_string(VARCHAR, VARCHAR[]) -> VARCHAR[]
	json_extract_string(JSON, BIGINT) -> VARCHAR
	json_extract_string(JSON, VARCHAR) -> VARCHAR
	json_extract_string(JSON, VARCHAR[]) -> VARCHAR[]


LINE 1: SELECT json_extract_string(json_extract(?, '$[0]'))
               ^[0m
[33m•[0m 16:19:23|[33mWARNING[0m| [33mError extracting data from JSON: Binder Error: No function matches the given name and argument types 'json_extract_string(JSON)'. You might need to add explicit type casts.
	Candidate functions:
	json_extract_string(VARCHAR, BIGINT) -> VARCHAR
	json_extract_string(VARCHAR, VARCHAR) -> VARCHAR
	json_extract_string(VARCHAR, VARCHAR[]) -> VARCHAR[]
	json_extract_string(JSON, BIGINT) -> VARCHAR
	json_extract_string(JSON, VARCHAR) -> VARCHAR
	json_extract_string(JSON, VARCHAR[]) -> VARCHAR[]


LINE 1: SELECT json_extract_string(json_extract(?, '$[0]'))
               ^[0m
[33m•[0m 16:19:23|[33mWARNING[0m| [33mError extracting data from JSON: Binder Error: No function matches the given name and argument types 'json_extract_string(JSON)'. You might need to add explicit type casts.
	Candidate functions:
	json_extract_string(VARCHAR, BIGINT) -> VARCHAR
	json_extract_string(VARCHAR, VARCHAR) -> VARCHAR
	json_extract_string(VARCHAR, VARCHAR[]) -> VARCHAR[]
	json_extract_string(JSON, BIGINT) -> VARCHAR
	json_extract_string(JSON, VARCHAR) -> VARCHAR
	json_extract_string(JSON, VARCHAR[]) -> VARCHAR[]


LINE 1: SELECT json_extract_string(json_extract(?, '$[0]'))
               ^[0m
[33m•[0m 16:19:23|[33mWARNING[0m| [33mError extracting data from JSON: Binder Error: No function matches the given name and argument types 'json_extract_string(JSON)'. You might need to add explicit type casts.
	Candidate functions:
	json_extract_string(VARCHAR, BIGINT) -> VARCHAR
	json_extract_string(VARCHAR, VARCHAR) -> VARCHAR
	json_extract_string(VARCHAR, VARCHAR[]) -> VARCHAR[]
	json_extract_string(JSON, BIGINT) -> VARCHAR
	json_extract_string(JSON, VARCHAR) -> VARCHAR
	json_extract_string(JSON, VARCHAR[]) -> VARCHAR[]


LINE 1: SELECT json_extract_string(json_extract(?, '$[0]'))
               ^[0m
[33m•[0m 16:19:23|[33mWARNING[0m| [33mError extracting data from JSON: Binder Error: No function matches the given name and argument types 'json_extract_string(JSON)'. You might need to add explicit type casts.
	Candidate functions:
	json_extract_string(VARCHAR, BIGINT) -> VARCHAR
	json_extract_string(VARCHAR, VARCHAR) -> VARCHAR
	json_extract_string(VARCHAR, VARCHAR[]) -> VARCHAR[]
	json_extract_string(JSON, BIGINT) -> VARCHAR
	json_extract_string(JSON, VARCHAR) -> VARCHAR
	json_extract_string(JSON, VARCHAR[]) -> VARCHAR[]


LINE 1: SELECT json_extract_string(json_extract(?, '$[0]'))
               ^[0m
[33m•[0m 16:19:23|[33mWARNING[0m| [33mError extracting data from JSON: Binder Error: No function matches the given name and argument types 'json_extract_string(JSON)'. You might need to add explicit type casts.
	Candidate functions:
	json_extract_string(VARCHAR, BIGINT) -> VARCHAR
	json_extract_string(VARCHAR, VARCHAR) -> VARCHAR
	json_extract_string(VARCHAR, VARCHAR[]) -> VARCHAR[]
	json_extract_string(JSON, BIGINT) -> VARCHAR
	json_extract_string(JSON, VARCHAR) -> VARCHAR
	json_extract_string(JSON, VARCHAR[]) -> VARCHAR[]


LINE 1: SELECT json_extract_string(json_extract(?, '$[0]'))
               ^[0m
[33m•[0m 16:19:23|[33mWARNING[0m| [33mError extracting data from JSON: Binder Error: No function matches the given name and argument types 'json_extract_string(JSON)'. You might need to add explicit type casts.
	Candidate functions:
	json_extract_string(VARCHAR, BIGINT) -> VARCHAR
	json_extract_string(VARCHAR, VARCHAR) -> VARCHAR
	json_extract_string(VARCHAR, VARCHAR[]) -> VARCHAR[]
	json_extract_string(JSON, BIGINT) -> VARCHAR
	json_extract_string(JSON, VARCHAR) -> VARCHAR
	json_extract_string(JSON, VARCHAR[]) -> VARCHAR[]


LINE 1: SELECT json_extract_string(json_extract(?, '$[0]'))
               ^[0m
[33m•[0m 16:19:23|[33mWARNING[0m| [33mError extracting data from JSON: Binder Error: No function matches the given name and argument types 'json_extract_string(JSON)'. You might need to add explicit type casts.
	Candidate functions:
	json_extract_string(VARCHAR, BIGINT) -> VARCHAR
	json_extract_string(VARCHAR, VARCHAR) -> VARCHAR
	json_extract_string(VARCHAR, VARCHAR[]) -> VARCHAR[]
	json_extract_string(JSON, BIGINT) -> VARCHAR
	json_extract_string(JSON, VARCHAR) -> VARCHAR
	json_extract_string(JSON, VARCHAR[]) -> VARCHAR[]


LINE 1: SELECT json_extract_string(json_extract(?, '$[0]'))
               ^[0m
[33m•[0m 16:19:23|[33mWARNING[0m| [33mError extracting data from JSON: Binder Error: No function matches the given name and argument types 'json_extract_string(JSON)'. You might need to add explicit type casts.
	Candidate functions:
	json_extract_string(VARCHAR, BIGINT) -> VARCHAR
	json_extract_string(VARCHAR, VARCHAR) -> VARCHAR
	json_extract_string(VARCHAR, VARCHAR[]) -> VARCHAR[]
	json_extract_string(JSON, BIGINT) -> VARCHAR
	json_extract_string(JSON, VARCHAR) -> VARCHAR
	json_extract_string(JSON, VARCHAR[]) -> VARCHAR[]


LINE 1: SELECT json_extract_string(json_extract(?, '$[0]'))
               ^[0m
[33m•[0m 16:19:23|[33mWARNING[0m| [33mError extracting data from JSON: Binder Error: No function matches the given name and argument types 'json_extract_string(JSON)'. You might need to add explicit type casts.
	Candidate functions:
	json_extract_string(VARCHAR, BIGINT) -> VARCHAR
	json_extract_string(VARCHAR, VARCHAR) -> VARCHAR
	json_extract_string(VARCHAR, VARCHAR[]) -> VARCHAR[]
	json_extract_string(JSON, BIGINT) -> VARCHAR
	json_extract_string(JSON, VARCHAR) -> VARCHAR
	json_extract_string(JSON, VARCHAR[]) -> VARCHAR[]


LINE 1: SELECT json_extract_string(json_extract(?, '$[0]'))
               ^[0m
[33m•[0m 16:19:23|[33mWARNING[0m| [33mError extracting data from JSON: Binder Error: No function matches the given name and argument types 'json_extract_string(JSON)'. You might need to add explicit type casts.
	Candidate functions:
	json_extract_string(VARCHAR, BIGINT) -> VARCHAR
	json_extract_string(VARCHAR, VARCHAR) -> VARCHAR
	json_extract_string(VARCHAR, VARCHAR[]) -> VARCHAR[]
	json_extract_string(JSON, BIGINT) -> VARCHAR
	json_extract_string(JSON, VARCHAR) -> VARCHAR
	json_extract_string(JSON, VARCHAR[]) -> VARCHAR[]


LINE 1: SELECT json_extract_string(json_extract(?, '$[0]'))
               ^[0m
[33m•[0m 16:19:23|[33mWARNING[0m| [33mError extracting data from JSON: Binder Error: No function matches the given name and argument types 'json_extract_string(JSON)'. You might need to add explicit type casts.
	Candidate functions:
	json_extract_string(VARCHAR, BIGINT) -> VARCHAR
	json_extract_string(VARCHAR, VARCHAR) -> VARCHAR
	json_extract_string(VARCHAR, VARCHAR[]) -> VARCHAR[]
	json_extract_string(JSON, BIGINT) -> VARCHAR
	json_extract_string(JSON, VARCHAR) -> VARCHAR
	json_extract_string(JSON, VARCHAR[]) -> VARCHAR[]


LINE 1: SELECT json_extract_string(json_extract(?, '$[0]'))
               ^[0m
[33m•[0m 16:19:23|[33mWARNING[0m| [33mError extracting data from JSON: Binder Error: No function matches the given name and argument types 'json_extract_string(JSON)'. You might need to add explicit type casts.
	Candidate functions:
	json_extract_string(VARCHAR, BIGINT) -> VARCHAR
	json_extract_string(VARCHAR, VARCHAR) -> VARCHAR
	json_extract_string(VARCHAR, VARCHAR[]) -> VARCHAR[]
	json_extract_string(JSON, BIGINT) -> VARCHAR
	json_extract_string(JSON, VARCHAR) -> VARCHAR
	json_extract_string(JSON, VARCHAR[]) -> VARCHAR[]


LINE 1: SELECT json_extract_string(json_extract(?, '$[0]'))
               ^[0m
[33m•[0m 16:19:23|[33mWARNING[0m| [33mError extracting data from JSON: Binder Error: No function matches the given name and argument types 'json_extract_string(JSON)'. You might need to add explicit type casts.
	Candidate functions:
	json_extract_string(VARCHAR, BIGINT) -> VARCHAR
	json_extract_string(VARCHAR, VARCHAR) -> VARCHAR
	json_extract_string(VARCHAR, VARCHAR[]) -> VARCHAR[]
	json_extract_string(JSON, BIGINT) -> VARCHAR
	json_extract_string(JSON, VARCHAR) -> VARCHAR
	json_extract_string(JSON, VARCHAR[]) -> VARCHAR[]


LINE 1: SELECT json_extract_string(json_extract(?, '$[0]'))
               ^[0m
[33m•[0m 16:19:23|[33mWARNING[0m| [33mError extracting data from JSON: Binder Error: No function matches the given name and argument types 'json_extract_string(JSON)'. You might need to add explicit type casts.
	Candidate functions:
	json_extract_string(VARCHAR, BIGINT) -> VARCHAR
	json_extract_string(VARCHAR, VARCHAR) -> VARCHAR
	json_extract_string(VARCHAR, VARCHAR[]) -> VARCHAR[]
	json_extract_string(JSON, BIGINT) -> VARCHAR
	json_extract_string(JSON, VARCHAR) -> VARCHAR
	json_extract_string(JSON, VARCHAR[]) -> VARCHAR[]


LINE 1: SELECT json_extract_string(json_extract(?, '$[0]'))
               ^[0m
[32m•[0m 16:19:23|[32mINFO   [0m| [32mAggregated 0 symbols from path '$.gold' for gold_currency_6h[0m
[33m•[0m 16:19:23|[33mWARNING[0m| [33mError extracting data from JSON: Binder Error: No function matches the given name and argument types 'json_extract_string(JSON)'. You might need to add explicit type casts.
	Candidate functions:
	json_extract_string(VARCHAR, BIGINT) -> VARCHAR
	json_extract_string(VARCHAR, VARCHAR) -> VARCHAR
	json_extract_string(VARCHAR, VARCHAR[]) -> VARCHAR[]
	json_extract_string(JSON, BIGINT) -> VARCHAR
	json_extract_string(JSON, VARCHAR) -> VARCHAR
	json_extract_string(JSON, VARCHAR[]) -> VARCHAR[]


LINE 1: SELECT json_extract_string(json_extract(?, '$[0]'))
               ^[0m
[33m•[0m 16:19:23|[33mWARNING[0m| [33mError extracting data from JSON: Binder Error: No function matches the given name and argument types 'json_extract_string(JSON)'. You might need to add explicit type casts.
	Candidate functions:
	json_extract_string(VARCHAR, BIGINT) -> VARCHAR
	json_extract_string(VARCHAR, VARCHAR) -> VARCHAR
	json_extract_string(VARCHAR, VARCHAR[]) -> VARCHAR[]
	json_extract_string(JSON, BIGINT) -> VARCHAR
	json_extract_string(JSON, VARCHAR) -> VARCHAR
	json_extract_string(JSON, VARCHAR[]) -> VARCHAR[]


LINE 1: SELECT json_extract_string(json_extract(?, '$[0]'))
               ^[0m
[33m•[0m 16:19:23|[33mWARNING[0m| [33mError extracting data from JSON: Binder Error: No function matches the given name and argument types 'json_extract_string(JSON)'. You might need to add explicit type casts.
	Candidate functions:
	json_extract_string(VARCHAR, BIGINT) -> VARCHAR
	json_extract_string(VARCHAR, VARCHAR) -> VARCHAR
	json_extract_string(VARCHAR, VARCHAR[]) -> VARCHAR[]
	json_extract_string(JSON, BIGINT) -> VARCHAR
	json_extract_string(JSON, VARCHAR) -> VARCHAR
	json_extract_string(JSON, VARCHAR[]) -> VARCHAR[]


LINE 1: SELECT json_extract_string(json_extract(?, '$[0]'))
               ^[0m
[33m•[0m 16:19:23|[33mWARNING[0m| [33mError extracting data from JSON: Binder Error: No function matches the given name and argument types 'json_extract_string(JSON)'. You might need to add explicit type casts.
	Candidate functions:
	json_extract_string(VARCHAR, BIGINT) -> VARCHAR
	json_extract_string(VARCHAR, VARCHAR) -> VARCHAR
	json_extract_string(VARCHAR, VARCHAR[]) -> VARCHAR[]
	json_extract_string(JSON, BIGINT) -> VARCHAR
	json_extract_string(JSON, VARCHAR) -> VARCHAR
	json_extract_string(JSON, VARCHAR[]) -> VARCHAR[]


LINE 1: SELECT json_extract_string(json_extract(?, '$[0]'))
               ^[0m
[33m•[0m 16:19:23|[33mWARNING[0m| [33mError extracting data from JSON: Binder Error: No function matches the given name and argument types 'json_extract_string(JSON)'. You might need to add explicit type casts.
	Candidate functions:
	json_extract_string(VARCHAR, BIGINT) -> VARCHAR
	json_extract_string(VARCHAR, VARCHAR) -> VARCHAR
	json_extract_string(VARCHAR, VARCHAR[]) -> VARCHAR[]
	json_extract_string(JSON, BIGINT) -> VARCHAR
	json_extract_string(JSON, VARCHAR) -> VARCHAR
	json_extract_string(JSON, VARCHAR[]) -> VARCHAR[]


LINE 1: SELECT json_extract_string(json_extract(?, '$[0]'))
               ^[0m
[33m•[0m 16:19:23|[33mWARNING[0m| [33mError extracting data from JSON: Binder Error: No function matches the given name and argument types 'json_extract_string(JSON)'. You might need to add explicit type casts.
	Candidate functions:
	json_extract_string(VARCHAR, BIGINT) -> VARCHAR
	json_extract_string(VARCHAR, VARCHAR) -> VARCHAR
	json_extract_string(VARCHAR, VARCHAR[]) -> VARCHAR[]
	json_extract_string(JSON, BIGINT) -> VARCHAR
	json_extract_string(JSON, VARCHAR) -> VARCHAR
	json_extract_string(JSON, VARCHAR[]) -> VARCHAR[]


LINE 1: SELECT json_extract_string(json_extract(?, '$[0]'))
               ^[0m
[33m•[0m 16:19:23|[33mWARNING[0m| [33mError extracting data from JSON: Binder Error: No function matches the given name and argument types 'json_extract_string(JSON)'. You might need to add explicit type casts.
	Candidate functions:
	json_extract_string(VARCHAR, BIGINT) -> VARCHAR
	json_extract_string(VARCHAR, VARCHAR) -> VARCHAR
	json_extract_string(VARCHAR, VARCHAR[]) -> VARCHAR[]
	json_extract_string(JSON, BIGINT) -> VARCHAR
	json_extract_string(JSON, VARCHAR) -> VARCHAR
	json_extract_string(JSON, VARCHAR[]) -> VARCHAR[]


LINE 1: SELECT json_extract_string(json_extract(?, '$[0]'))
               ^[0m
[33m•[0m 16:19:23|[33mWARNING[0m| [33mError extracting data from JSON: Binder Error: No function matches the given name and argument types 'json_extract_string(JSON)'. You might need to add explicit type casts.
	Candidate functions:
	json_extract_string(VARCHAR, BIGINT) -> VARCHAR
	json_extract_string(VARCHAR, VARCHAR) -> VARCHAR
	json_extract_string(VARCHAR, VARCHAR[]) -> VARCHAR[]
	json_extract_string(JSON, BIGINT) -> VARCHAR
	json_extract_string(JSON, VARCHAR) -> VARCHAR
	json_extract_string(JSON, VARCHAR[]) -> VARCHAR[]


LINE 1: SELECT json_extract_string(json_extract(?, '$[0]'))
               ^[0m
[33m•[0m 16:19:23|[33mWARNING[0m| [33mError extracting data from JSON: Binder Error: No function matches the given name and argument types 'json_extract_string(JSON)'. You might need to add explicit type casts.
	Candidate functions:
	json_extract_string(VARCHAR, BIGINT) -> VARCHAR
	json_extract_string(VARCHAR, VARCHAR) -> VARCHAR
	json_extract_string(VARCHAR, VARCHAR[]) -> VARCHAR[]
	json_extract_string(JSON, BIGINT) -> VARCHAR
	json_extract_string(JSON, VARCHAR) -> VARCHAR
	json_extract_string(JSON, VARCHAR[]) -> VARCHAR[]


LINE 1: SELECT json_extract_string(json_extract(?, '$[0]'))
               ^[0m
[33m•[0m 16:19:23|[33mWARNING[0m| [33mError extracting data from JSON: Binder Error: No function matches the given name and argument types 'json_extract_string(JSON)'. You might need to add explicit type casts.
	Candidate functions:
	json_extract_string(VARCHAR, BIGINT) -> VARCHAR
	json_extract_string(VARCHAR, VARCHAR) -> VARCHAR
	json_extract_string(VARCHAR, VARCHAR[]) -> VARCHAR[]
	json_extract_string(JSON, BIGINT) -> VARCHAR
	json_extract_string(JSON, VARCHAR) -> VARCHAR
	json_extract_string(JSON, VARCHAR[]) -> VARCHAR[]


LINE 1: SELECT json_extract_string(json_extract(?, '$[0]'))
               ^[0m
[33m•[0m 16:19:23|[33mWARNING[0m| [33mError extracting data from JSON: Binder Error: No function matches the given name and argument types 'json_extract_string(JSON)'. You might need to add explicit type casts.
	Candidate functions:
	json_extract_string(VARCHAR, BIGINT) -> VARCHAR
	json_extract_string(VARCHAR, VARCHAR) -> VARCHAR
	json_extract_string(VARCHAR, VARCHAR[]) -> VARCHAR[]
	json_extract_string(JSON, BIGINT) -> VARCHAR
	json_extract_string(JSON, VARCHAR) -> VARCHAR
	json_extract_string(JSON, VARCHAR[]) -> VARCHAR[]


LINE 1: SELECT json_extract_string(json_extract(?, '$[0]'))
               ^[0m
[33m•[0m 16:19:23|[33mWARNING[0m| [33mError extracting data from JSON: Binder Error: No function matches the given name and argument types 'json_extract_string(JSON)'. You might need to add explicit type casts.
	Candidate functions:
	json_extract_string(VARCHAR, BIGINT) -> VARCHAR
	json_extract_string(VARCHAR, VARCHAR) -> VARCHAR
	json_extract_string(VARCHAR, VARCHAR[]) -> VARCHAR[]
	json_extract_string(JSON, BIGINT) -> VARCHAR
	json_extract_string(JSON, VARCHAR) -> VARCHAR
	json_extract_string(JSON, VARCHAR[]) -> VARCHAR[]


LINE 1: SELECT json_extract_string(json_extract(?, '$[0]'))
               ^[0m
[33m•[0m 16:19:23|[33mWARNING[0m| [33mError extracting data from JSON: Binder Error: No function matches the given name and argument types 'json_extract_string(JSON)'. You might need to add explicit type casts.
	Candidate functions:
	json_extract_string(VARCHAR, BIGINT) -> VARCHAR
	json_extract_string(VARCHAR, VARCHAR) -> VARCHAR
	json_extract_string(VARCHAR, VARCHAR[]) -> VARCHAR[]
	json_extract_string(JSON, BIGINT) -> VARCHAR
	json_extract_string(JSON, VARCHAR) -> VARCHAR
	json_extract_string(JSON, VARCHAR[]) -> VARCHAR[]


LINE 1: SELECT json_extract_string(json_extract(?, '$[0]'))
               ^[0m
[33m•[0m 16:19:23|[33mWARNING[0m| [33mError extracting data from JSON: Binder Error: No function matches the given name and argument types 'json_extract_string(JSON)'. You might need to add explicit type casts.
	Candidate functions:
	json_extract_string(VARCHAR, BIGINT) -> VARCHAR
	json_extract_string(VARCHAR, VARCHAR) -> VARCHAR
	json_extract_string(VARCHAR, VARCHAR[]) -> VARCHAR[]
	json_extract_string(JSON, BIGINT) -> VARCHAR
	json_extract_string(JSON, VARCHAR) -> VARCHAR
	json_extract_string(JSON, VARCHAR[]) -> VARCHAR[]


LINE 1: SELECT json_extract_string(json_extract(?, '$[0]'))
               ^[0m
[33m•[0m 16:19:23|[33mWARNING[0m| [33mError extracting data from JSON: Binder Error: No function matches the given name and argument types 'json_extract_string(JSON)'. You might need to add explicit type casts.
	Candidate functions:
	json_extract_string(VARCHAR, BIGINT) -> VARCHAR
	json_extract_string(VARCHAR, VARCHAR) -> VARCHAR
	json_extract_string(VARCHAR, VARCHAR[]) -> VARCHAR[]
	json_extract_string(JSON, BIGINT) -> VARCHAR
	json_extract_string(JSON, VARCHAR) -> VARCHAR
	json_extract_string(JSON, VARCHAR[]) -> VARCHAR[]


LINE 1: SELECT json_extract_string(json_extract(?, '$[0]'))
               ^[0m
[33m•[0m 16:19:23|[33mWARNING[0m| [33mError extracting data from JSON: Binder Error: No function matches the given name and argument types 'json_extract_string(JSON)'. You might need to add explicit type casts.
	Candidate functions:
	json_extract_string(VARCHAR, BIGINT) -> VARCHAR
	json_extract_string(VARCHAR, VARCHAR) -> VARCHAR
	json_extract_string(VARCHAR, VARCHAR[]) -> VARCHAR[]
	json_extract_string(JSON, BIGINT) -> VARCHAR
	json_extract_string(JSON, VARCHAR) -> VARCHAR
	json_extract_string(JSON, VARCHAR[]) -> VARCHAR[]


LINE 1: SELECT json_extract_string(json_extract(?, '$[0]'))
               ^[0m
[33m•[0m 16:19:23|[33mWARNING[0m| [33mError extracting data from JSON: Binder Error: No function matches the given name and argument types 'json_extract_string(JSON)'. You might need to add explicit type casts.
	Candidate functions:
	json_extract_string(VARCHAR, BIGINT) -> VARCHAR
	json_extract_string(VARCHAR, VARCHAR) -> VARCHAR
	json_extract_string(VARCHAR, VARCHAR[]) -> VARCHAR[]
	json_extract_string(JSON, BIGINT) -> VARCHAR
	json_extract_string(JSON, VARCHAR) -> VARCHAR
	json_extract_string(JSON, VARCHAR[]) -> VARCHAR[]


LINE 1: SELECT json_extract_string(json_extract(?, '$[0]'))
               ^[0m
[32m•[0m 16:19:23|[32mINFO   [0m| [32mAggregated 0 symbols from path '$.currency' for gold_currency_6h[0m
[33m•[0m 16:19:23|[33mWARNING[0m| [33mNo valid aggregate data calculated for gold_currency_6h in period 2025-04-25T10:19:21.132574+00:00 - 2025-04-25T16:19:21.132574+00:00.[0m
[32m•[0m 16:19:23|[32mINFO   [0m| [32mAttempting to export aggregates from 'gold_currency_6h' to JSON: data/aggregates/agg_gold_currency_6h.json[0m
[33m•[0m 16:19:23|[33mWARNING[0m| [33mNo aggregate data found in 'gold_currency_6h' to export.[0m
[32m•[0m 16:19:23|[32mINFO   [0m| [32mCreated empty aggregate JSON file: data/aggregates/agg_gold_currency_6h.json[0m
[32m•[0m 16:19:23|[32mINFO   [0m| [32mRunning Aggregation: 'aggregate_6h_crypto' target=2025-04-25T16:19:21.132574+00:00 period=[2025-04-25T10:19:21.132574+00:00 to 2025-04-25T16:19:21.132574+00:00)[0m
[32m•[0m 16:19:23|[32mINFO   [0m| [32mStarting aggregation for 'crypto_6h' (Period: 2025-04-25T10:19:21.132574+00:00 to 2025-04-25T16:19:21.132574+00:00)[0m
[33m•[0m 16:19:23|[33mWARNING[0m| [33mError extracting data from JSON: Binder Error: No function matches the given name and argument types 'json_extract_string(JSON)'. You might need to add explicit type casts.
	Candidate functions:
	json_extract_string(VARCHAR, BIGINT) -> VARCHAR
	json_extract_string(VARCHAR, VARCHAR) -> VARCHAR
	json_extract_string(VARCHAR, VARCHAR[]) -> VARCHAR[]
	json_extract_string(JSON, BIGINT) -> VARCHAR
	json_extract_string(JSON, VARCHAR) -> VARCHAR
	json_extract_string(JSON, VARCHAR[]) -> VARCHAR[]


LINE 1: SELECT json_extract_string(json_extract(?, '$[0]'))
               ^[0m
[33m•[0m 16:19:23|[33mWARNING[0m| [33mError extracting data from JSON: Binder Error: No function matches the given name and argument types 'json_extract_string(JSON)'. You might need to add explicit type casts.
	Candidate functions:
	json_extract_string(VARCHAR, BIGINT) -> VARCHAR
	json_extract_string(VARCHAR, VARCHAR) -> VARCHAR
	json_extract_string(VARCHAR, VARCHAR[]) -> VARCHAR[]
	json_extract_string(JSON, BIGINT) -> VARCHAR
	json_extract_string(JSON, VARCHAR) -> VARCHAR
	json_extract_string(JSON, VARCHAR[]) -> VARCHAR[]


LINE 1: SELECT json_extract_string(json_extract(?, '$[0]'))
               ^[0m
[33m•[0m 16:19:23|[33mWARNING[0m| [33mError extracting data from JSON: Binder Error: No function matches the given name and argument types 'json_extract_string(JSON)'. You might need to add explicit type casts.
	Candidate functions:
	json_extract_string(VARCHAR, BIGINT) -> VARCHAR
	json_extract_string(VARCHAR, VARCHAR) -> VARCHAR
	json_extract_string(VARCHAR, VARCHAR[]) -> VARCHAR[]
	json_extract_string(JSON, BIGINT) -> VARCHAR
	json_extract_string(JSON, VARCHAR) -> VARCHAR
	json_extract_string(JSON, VARCHAR[]) -> VARCHAR[]


LINE 1: SELECT json_extract_string(json_extract(?, '$[0]'))
               ^[0m
[33m•[0m 16:19:23|[33mWARNING[0m| [33mError extracting data from JSON: Binder Error: No function matches the given name and argument types 'json_extract_string(JSON)'. You might need to add explicit type casts.
	Candidate functions:
	json_extract_string(VARCHAR, BIGINT) -> VARCHAR
	json_extract_string(VARCHAR, VARCHAR) -> VARCHAR
	json_extract_string(VARCHAR, VARCHAR[]) -> VARCHAR[]
	json_extract_string(JSON, BIGINT) -> VARCHAR
	json_extract_string(JSON, VARCHAR) -> VARCHAR
	json_extract_string(JSON, VARCHAR[]) -> VARCHAR[]


LINE 1: SELECT json_extract_string(json_extract(?, '$[0]'))
               ^[0m
[33m•[0m 16:19:23|[33mWARNING[0m| [33mError extracting data from JSON: Binder Error: No function matches the given name and argument types 'json_extract_string(JSON)'. You might need to add explicit type casts.
	Candidate functions:
	json_extract_string(VARCHAR, BIGINT) -> VARCHAR
	json_extract_string(VARCHAR, VARCHAR) -> VARCHAR
	json_extract_string(VARCHAR, VARCHAR[]) -> VARCHAR[]
	json_extract_string(JSON, BIGINT) -> VARCHAR
	json_extract_string(JSON, VARCHAR) -> VARCHAR
	json_extract_string(JSON, VARCHAR[]) -> VARCHAR[]


LINE 1: SELECT json_extract_string(json_extract(?, '$[0]'))
               ^[0m
[33m•[0m 16:19:23|[33mWARNING[0m| [33mError extracting data from JSON: Binder Error: No function matches the given name and argument types 'json_extract_string(JSON)'. You might need to add explicit type casts.
	Candidate functions:
	json_extract_string(VARCHAR, BIGINT) -> VARCHAR
	json_extract_string(VARCHAR, VARCHAR) -> VARCHAR
	json_extract_string(VARCHAR, VARCHAR[]) -> VARCHAR[]
	json_extract_string(JSON, BIGINT) -> VARCHAR
	json_extract_string(JSON, VARCHAR) -> VARCHAR
	json_extract_string(JSON, VARCHAR[]) -> VARCHAR[]


LINE 1: SELECT json_extract_string(json_extract(?, '$[0]'))
               ^[0m
[33m•[0m 16:19:23|[33mWARNING[0m| [33mError extracting data from JSON: Binder Error: No function matches the given name and argument types 'json_extract_string(JSON)'. You might need to add explicit type casts.
	Candidate functions:
	json_extract_string(VARCHAR, BIGINT) -> VARCHAR
	json_extract_string(VARCHAR, VARCHAR) -> VARCHAR
	json_extract_string(VARCHAR, VARCHAR[]) -> VARCHAR[]
	json_extract_string(JSON, BIGINT) -> VARCHAR
	json_extract_string(JSON, VARCHAR) -> VARCHAR
	json_extract_string(JSON, VARCHAR[]) -> VARCHAR[]


LINE 1: SELECT json_extract_string(json_extract(?, '$[0]'))
               ^[0m
[33m•[0m 16:19:23|[33mWARNING[0m| [33mError extracting data from JSON: Binder Error: No function matches the given name and argument types 'json_extract_string(JSON)'. You might need to add explicit type casts.
	Candidate functions:
	json_extract_string(VARCHAR, BIGINT) -> VARCHAR
	json_extract_string(VARCHAR, VARCHAR) -> VARCHAR
	json_extract_string(VARCHAR, VARCHAR[]) -> VARCHAR[]
	json_extract_string(JSON, BIGINT) -> VARCHAR
	json_extract_string(JSON, VARCHAR) -> VARCHAR
	json_extract_string(JSON, VARCHAR[]) -> VARCHAR[]


LINE 1: SELECT json_extract_string(json_extract(?, '$[0]'))
               ^[0m
[33m•[0m 16:19:23|[33mWARNING[0m| [33mError extracting data from JSON: Binder Error: No function matches the given name and argument types 'json_extract_string(JSON)'. You might need to add explicit type casts.
	Candidate functions:
	json_extract_string(VARCHAR, BIGINT) -> VARCHAR
	json_extract_string(VARCHAR, VARCHAR) -> VARCHAR
	json_extract_string(VARCHAR, VARCHAR[]) -> VARCHAR[]
	json_extract_string(JSON, BIGINT) -> VARCHAR
	json_extract_string(JSON, VARCHAR) -> VARCHAR
	json_extract_string(JSON, VARCHAR[]) -> VARCHAR[]


LINE 1: SELECT json_extract_string(json_extract(?, '$[0]'))
               ^[0m
[33m•[0m 16:19:23|[33mWARNING[0m| [33mError extracting data from JSON: Binder Error: No function matches the given name and argument types 'json_extract_string(JSON)'. You might need to add explicit type casts.
	Candidate functions:
	json_extract_string(VARCHAR, BIGINT) -> VARCHAR
	json_extract_string(VARCHAR, VARCHAR) -> VARCHAR
	json_extract_string(VARCHAR, VARCHAR[]) -> VARCHAR[]
	json_extract_string(JSON, BIGINT) -> VARCHAR
	json_extract_string(JSON, VARCHAR) -> VARCHAR
	json_extract_string(JSON, VARCHAR[]) -> VARCHAR[]


LINE 1: SELECT json_extract_string(json_extract(?, '$[0]'))
               ^[0m
[33m•[0m 16:19:23|[33mWARNING[0m| [33mError extracting data from JSON: Binder Error: No function matches the given name and argument types 'json_extract_string(JSON)'. You might need to add explicit type casts.
	Candidate functions:
	json_extract_string(VARCHAR, BIGINT) -> VARCHAR
	json_extract_string(VARCHAR, VARCHAR) -> VARCHAR
	json_extract_string(VARCHAR, VARCHAR[]) -> VARCHAR[]
	json_extract_string(JSON, BIGINT) -> VARCHAR
	json_extract_string(JSON, VARCHAR) -> VARCHAR
	json_extract_string(JSON, VARCHAR[]) -> VARCHAR[]


LINE 1: SELECT json_extract_string(json_extract(?, '$[0]'))
               ^[0m
[33m•[0m 16:19:23|[33mWARNING[0m| [33mError extracting data from JSON: Binder Error: No function matches the given name and argument types 'json_extract_string(JSON)'. You might need to add explicit type casts.
	Candidate functions:
	json_extract_string(VARCHAR, BIGINT) -> VARCHAR
	json_extract_string(VARCHAR, VARCHAR) -> VARCHAR
	json_extract_string(VARCHAR, VARCHAR[]) -> VARCHAR[]
	json_extract_string(JSON, BIGINT) -> VARCHAR
	json_extract_string(JSON, VARCHAR) -> VARCHAR
	json_extract_string(JSON, VARCHAR[]) -> VARCHAR[]


LINE 1: SELECT json_extract_string(json_extract(?, '$[0]'))
               ^[0m
[33m•[0m 16:19:23|[33mWARNING[0m| [33mError extracting data from JSON: Binder Error: No function matches the given name and argument types 'json_extract_string(JSON)'. You might need to add explicit type casts.
	Candidate functions:
	json_extract_string(VARCHAR, BIGINT) -> VARCHAR
	json_extract_string(VARCHAR, VARCHAR) -> VARCHAR
	json_extract_string(VARCHAR, VARCHAR[]) -> VARCHAR[]
	json_extract_string(JSON, BIGINT) -> VARCHAR
	json_extract_string(JSON, VARCHAR) -> VARCHAR
	json_extract_string(JSON, VARCHAR[]) -> VARCHAR[]


LINE 1: SELECT json_extract_string(json_extract(?, '$[0]'))
               ^[0m
[33m•[0m 16:19:24|[33mWARNING[0m| [33mError extracting data from JSON: Binder Error: No function matches the given name and argument types 'json_extract_string(JSON)'. You might need to add explicit type casts.
	Candidate functions:
	json_extract_string(VARCHAR, BIGINT) -> VARCHAR
	json_extract_string(VARCHAR, VARCHAR) -> VARCHAR
	json_extract_string(VARCHAR, VARCHAR[]) -> VARCHAR[]
	json_extract_string(JSON, BIGINT) -> VARCHAR
	json_extract_string(JSON, VARCHAR) -> VARCHAR
	json_extract_string(JSON, VARCHAR[]) -> VARCHAR[]


LINE 1: SELECT json_extract_string(json_extract(?, '$[0]'))
               ^[0m
[33m•[0m 16:19:24|[33mWARNING[0m| [33mError extracting data from JSON: Binder Error: No function matches the given name and argument types 'json_extract_string(JSON)'. You might need to add explicit type casts.
	Candidate functions:
	json_extract_string(VARCHAR, BIGINT) -> VARCHAR
	json_extract_string(VARCHAR, VARCHAR) -> VARCHAR
	json_extract_string(VARCHAR, VARCHAR[]) -> VARCHAR[]
	json_extract_string(JSON, BIGINT) -> VARCHAR
	json_extract_string(JSON, VARCHAR) -> VARCHAR
	json_extract_string(JSON, VARCHAR[]) -> VARCHAR[]


LINE 1: SELECT json_extract_string(json_extract(?, '$[0]'))
               ^[0m
[33m•[0m 16:19:24|[33mWARNING[0m| [33mError extracting data from JSON: Binder Error: No function matches the given name and argument types 'json_extract_string(JSON)'. You might need to add explicit type casts.
	Candidate functions:
	json_extract_string(VARCHAR, BIGINT) -> VARCHAR
	json_extract_string(VARCHAR, VARCHAR) -> VARCHAR
	json_extract_string(VARCHAR, VARCHAR[]) -> VARCHAR[]
	json_extract_string(JSON, BIGINT) -> VARCHAR
	json_extract_string(JSON, VARCHAR) -> VARCHAR
	json_extract_string(JSON, VARCHAR[]) -> VARCHAR[]


LINE 1: SELECT json_extract_string(json_extract(?, '$[0]'))
               ^[0m
[33m•[0m 16:19:24|[33mWARNING[0m| [33mError extracting data from JSON: Binder Error: No function matches the given name and argument types 'json_extract_string(JSON)'. You might need to add explicit type casts.
	Candidate functions:
	json_extract_string(VARCHAR, BIGINT) -> VARCHAR
	json_extract_string(VARCHAR, VARCHAR) -> VARCHAR
	json_extract_string(VARCHAR, VARCHAR[]) -> VARCHAR[]
	json_extract_string(JSON, BIGINT) -> VARCHAR
	json_extract_string(JSON, VARCHAR) -> VARCHAR
	json_extract_string(JSON, VARCHAR[]) -> VARCHAR[]


LINE 1: SELECT json_extract_string(json_extract(?, '$[0]'))
               ^[0m
[32m•[0m 16:19:24|[32mINFO   [0m| [32mAggregated 0 symbols from path '$' for crypto_6h[0m
[33m•[0m 16:19:24|[33mWARNING[0m| [33mNo valid aggregate data calculated for crypto_6h in period 2025-04-25T10:19:21.132574+00:00 - 2025-04-25T16:19:21.132574+00:00.[0m
[32m•[0m 16:19:24|[32mINFO   [0m| [32mAttempting to export aggregates from 'crypto_6h' to JSON: data/aggregates/agg_crypto_6h.json[0m
[33m•[0m 16:19:24|[33mWARNING[0m| [33mNo aggregate data found in 'crypto_6h' to export.[0m
[32m•[0m 16:19:24|[32mINFO   [0m| [32mCreated empty aggregate JSON file: data/aggregates/agg_crypto_6h.json[0m
[32m•[0m 16:19:24|[32mINFO   [0m| [32mRunning Aggregation: 'aggregate_6h_commodity' target=2025-04-25T16:19:21.132574+00:00 period=[2025-04-25T10:19:21.132574+00:00 to 2025-04-25T16:19:21.132574+00:00)[0m
[32m•[0m 16:19:24|[32mINFO   [0m| [32mStarting aggregation for 'commodity_6h' (Period: 2025-04-25T10:19:21.132574+00:00 to 2025-04-25T16:19:21.132574+00:00)[0m
[33m•[0m 16:19:24|[33mWARNING[0m| [33mError extracting data from JSON: Binder Error: No function matches the given name and argument types 'json_extract_string(JSON)'. You might need to add explicit type casts.
	Candidate functions:
	json_extract_string(VARCHAR, BIGINT) -> VARCHAR
	json_extract_string(VARCHAR, VARCHAR) -> VARCHAR
	json_extract_string(VARCHAR, VARCHAR[]) -> VARCHAR[]
	json_extract_string(JSON, BIGINT) -> VARCHAR
	json_extract_string(JSON, VARCHAR) -> VARCHAR
	json_extract_string(JSON, VARCHAR[]) -> VARCHAR[]


LINE 1: SELECT json_extract_string(json_extract(?, '$[0]'))
               ^[0m
[33m•[0m 16:19:24|[33mWARNING[0m| [33mError extracting data from JSON: Binder Error: No function matches the given name and argument types 'json_extract_string(JSON)'. You might need to add explicit type casts.
	Candidate functions:
	json_extract_string(VARCHAR, BIGINT) -> VARCHAR
	json_extract_string(VARCHAR, VARCHAR) -> VARCHAR
	json_extract_string(VARCHAR, VARCHAR[]) -> VARCHAR[]
	json_extract_string(JSON, BIGINT) -> VARCHAR
	json_extract_string(JSON, VARCHAR) -> VARCHAR
	json_extract_string(JSON, VARCHAR[]) -> VARCHAR[]


LINE 1: SELECT json_extract_string(json_extract(?, '$[0]'))
               ^[0m
[33m•[0m 16:19:24|[33mWARNING[0m| [33mError extracting data from JSON: Binder Error: No function matches the given name and argument types 'json_extract_string(JSON)'. You might need to add explicit type casts.
	Candidate functions:
	json_extract_string(VARCHAR, BIGINT) -> VARCHAR
	json_extract_string(VARCHAR, VARCHAR) -> VARCHAR
	json_extract_string(VARCHAR, VARCHAR[]) -> VARCHAR[]
	json_extract_string(JSON, BIGINT) -> VARCHAR
	json_extract_string(JSON, VARCHAR) -> VARCHAR
	json_extract_string(JSON, VARCHAR[]) -> VARCHAR[]


LINE 1: SELECT json_extract_string(json_extract(?, '$[0]'))
               ^[0m
[33m•[0m 16:19:24|[33mWARNING[0m| [33mError extracting data from JSON: Binder Error: No function matches the given name and argument types 'json_extract_string(JSON)'. You might need to add explicit type casts.
	Candidate functions:
	json_extract_string(VARCHAR, BIGINT) -> VARCHAR
	json_extract_string(VARCHAR, VARCHAR) -> VARCHAR
	json_extract_string(VARCHAR, VARCHAR[]) -> VARCHAR[]
	json_extract_string(JSON, BIGINT) -> VARCHAR
	json_extract_string(JSON, VARCHAR) -> VARCHAR
	json_extract_string(JSON, VARCHAR[]) -> VARCHAR[]


LINE 1: SELECT json_extract_string(json_extract(?, '$[0]'))
               ^[0m
[33m•[0m 16:19:24|[33mWARNING[0m| [33mError extracting data from JSON: Binder Error: No function matches the given name and argument types 'json_extract_string(JSON)'. You might need to add explicit type casts.
	Candidate functions:
	json_extract_string(VARCHAR, BIGINT) -> VARCHAR
	json_extract_string(VARCHAR, VARCHAR) -> VARCHAR
	json_extract_string(VARCHAR, VARCHAR[]) -> VARCHAR[]
	json_extract_string(JSON, BIGINT) -> VARCHAR
	json_extract_string(JSON, VARCHAR) -> VARCHAR
	json_extract_string(JSON, VARCHAR[]) -> VARCHAR[]


LINE 1: SELECT json_extract_string(json_extract(?, '$[0]'))
               ^[0m
[33m•[0m 16:19:24|[33mWARNING[0m| [33mError extracting data from JSON: Binder Error: No function matches the given name and argument types 'json_extract_string(JSON)'. You might need to add explicit type casts.
	Candidate functions:
	json_extract_string(VARCHAR, BIGINT) -> VARCHAR
	json_extract_string(VARCHAR, VARCHAR) -> VARCHAR
	json_extract_string(VARCHAR, VARCHAR[]) -> VARCHAR[]
	json_extract_string(JSON, BIGINT) -> VARCHAR
	json_extract_string(JSON, VARCHAR) -> VARCHAR
	json_extract_string(JSON, VARCHAR[]) -> VARCHAR[]


LINE 1: SELECT json_extract_string(json_extract(?, '$[0]'))
               ^[0m
[33m•[0m 16:19:24|[33mWARNING[0m| [33mError extracting data from JSON: Binder Error: No function matches the given name and argument types 'json_extract_string(JSON)'. You might need to add explicit type casts.
	Candidate functions:
	json_extract_string(VARCHAR, BIGINT) -> VARCHAR
	json_extract_string(VARCHAR, VARCHAR) -> VARCHAR
	json_extract_string(VARCHAR, VARCHAR[]) -> VARCHAR[]
	json_extract_string(JSON, BIGINT) -> VARCHAR
	json_extract_string(JSON, VARCHAR) -> VARCHAR
	json_extract_string(JSON, VARCHAR[]) -> VARCHAR[]


LINE 1: SELECT json_extract_string(json_extract(?, '$[0]'))
               ^[0m
[33m•[0m 16:19:24|[33mWARNING[0m| [33mError extracting data from JSON: Binder Error: No function matches the given name and argument types 'json_extract_string(JSON)'. You might need to add explicit type casts.
	Candidate functions:
	json_extract_string(VARCHAR, BIGINT) -> VARCHAR
	json_extract_string(VARCHAR, VARCHAR) -> VARCHAR
	json_extract_string(VARCHAR, VARCHAR[]) -> VARCHAR[]
	json_extract_string(JSON, BIGINT) -> VARCHAR
	json_extract_string(JSON, VARCHAR) -> VARCHAR
	json_extract_string(JSON, VARCHAR[]) -> VARCHAR[]


LINE 1: SELECT json_extract_string(json_extract(?, '$[0]'))
               ^[0m
[33m•[0m 16:19:24|[33mWARNING[0m| [33mError extracting data from JSON: Binder Error: No function matches the given name and argument types 'json_extract_string(JSON)'. You might need to add explicit type casts.
	Candidate functions:
	json_extract_string(VARCHAR, BIGINT) -> VARCHAR
	json_extract_string(VARCHAR, VARCHAR) -> VARCHAR
	json_extract_string(VARCHAR, VARCHAR[]) -> VARCHAR[]
	json_extract_string(JSON, BIGINT) -> VARCHAR
	json_extract_string(JSON, VARCHAR) -> VARCHAR
	json_extract_string(JSON, VARCHAR[]) -> VARCHAR[]


LINE 1: SELECT json_extract_string(json_extract(?, '$[0]'))
               ^[0m
[33m•[0m 16:19:24|[33mWARNING[0m| [33mError extracting data from JSON: Binder Error: No function matches the given name and argument types 'json_extract_string(JSON)'. You might need to add explicit type casts.
	Candidate functions:
	json_extract_string(VARCHAR, BIGINT) -> VARCHAR
	json_extract_string(VARCHAR, VARCHAR) -> VARCHAR
	json_extract_string(VARCHAR, VARCHAR[]) -> VARCHAR[]
	json_extract_string(JSON, BIGINT) -> VARCHAR
	json_extract_string(JSON, VARCHAR) -> VARCHAR
	json_extract_string(JSON, VARCHAR[]) -> VARCHAR[]


LINE 1: SELECT json_extract_string(json_extract(?, '$[0]'))
               ^[0m
[33m•[0m 16:19:24|[33mWARNING[0m| [33mError extracting data from JSON: Binder Error: No function matches the given name and argument types 'json_extract_string(JSON)'. You might need to add explicit type casts.
	Candidate functions:
	json_extract_string(VARCHAR, BIGINT) -> VARCHAR
	json_extract_string(VARCHAR, VARCHAR) -> VARCHAR
	json_extract_string(VARCHAR, VARCHAR[]) -> VARCHAR[]
	json_extract_string(JSON, BIGINT) -> VARCHAR
	json_extract_string(JSON, VARCHAR) -> VARCHAR
	json_extract_string(JSON, VARCHAR[]) -> VARCHAR[]


LINE 1: SELECT json_extract_string(json_extract(?, '$[0]'))
               ^[0m
[33m•[0m 16:19:24|[33mWARNING[0m| [33mError extracting data from JSON: Binder Error: No function matches the given name and argument types 'json_extract_string(JSON)'. You might need to add explicit type casts.
	Candidate functions:
	json_extract_string(VARCHAR, BIGINT) -> VARCHAR
	json_extract_string(VARCHAR, VARCHAR) -> VARCHAR
	json_extract_string(VARCHAR, VARCHAR[]) -> VARCHAR[]
	json_extract_string(JSON, BIGINT) -> VARCHAR
	json_extract_string(JSON, VARCHAR) -> VARCHAR
	json_extract_string(JSON, VARCHAR[]) -> VARCHAR[]


LINE 1: SELECT json_extract_string(json_extract(?, '$[0]'))
               ^[0m
[33m•[0m 16:19:24|[33mWARNING[0m| [33mError extracting data from JSON: Binder Error: No function matches the given name and argument types 'json_extract_string(JSON)'. You might need to add explicit type casts.
	Candidate functions:
	json_extract_string(VARCHAR, BIGINT) -> VARCHAR
	json_extract_string(VARCHAR, VARCHAR) -> VARCHAR
	json_extract_string(VARCHAR, VARCHAR[]) -> VARCHAR[]
	json_extract_string(JSON, BIGINT) -> VARCHAR
	json_extract_string(JSON, VARCHAR) -> VARCHAR
	json_extract_string(JSON, VARCHAR[]) -> VARCHAR[]


LINE 1: SELECT json_extract_string(json_extract(?, '$[0]'))
               ^[0m
[33m•[0m 16:19:24|[33mWARNING[0m| [33mError extracting data from JSON: Binder Error: No function matches the given name and argument types 'json_extract_string(JSON)'. You might need to add explicit type casts.
	Candidate functions:
	json_extract_string(VARCHAR, BIGINT) -> VARCHAR
	json_extract_string(VARCHAR, VARCHAR) -> VARCHAR
	json_extract_string(VARCHAR, VARCHAR[]) -> VARCHAR[]
	json_extract_string(JSON, BIGINT) -> VARCHAR
	json_extract_string(JSON, VARCHAR) -> VARCHAR
	json_extract_string(JSON, VARCHAR[]) -> VARCHAR[]


LINE 1: SELECT json_extract_string(json_extract(?, '$[0]'))
               ^[0m
[33m•[0m 16:19:24|[33mWARNING[0m| [33mError extracting data from JSON: Binder Error: No function matches the given name and argument types 'json_extract_string(JSON)'. You might need to add explicit type casts.
	Candidate functions:
	json_extract_string(VARCHAR, BIGINT) -> VARCHAR
	json_extract_string(VARCHAR, VARCHAR) -> VARCHAR
	json_extract_string(VARCHAR, VARCHAR[]) -> VARCHAR[]
	json_extract_string(JSON, BIGINT) -> VARCHAR
	json_extract_string(JSON, VARCHAR) -> VARCHAR
	json_extract_string(JSON, VARCHAR[]) -> VARCHAR[]


LINE 1: SELECT json_extract_string(json_extract(?, '$[0]'))
               ^[0m
[33m•[0m 16:19:24|[33mWARNING[0m| [33mError extracting data from JSON: Binder Error: No function matches the given name and argument types 'json_extract_string(JSON)'. You might need to add explicit type casts.
	Candidate functions:
	json_extract_string(VARCHAR, BIGINT) -> VARCHAR
	json_extract_string(VARCHAR, VARCHAR) -> VARCHAR
	json_extract_string(VARCHAR, VARCHAR[]) -> VARCHAR[]
	json_extract_string(JSON, BIGINT) -> VARCHAR
	json_extract_string(JSON, VARCHAR) -> VARCHAR
	json_extract_string(JSON, VARCHAR[]) -> VARCHAR[]


LINE 1: SELECT json_extract_string(json_extract(?, '$[0]'))
               ^[0m
[33m•[0m 16:19:24|[33mWARNING[0m| [33mError extracting data from JSON: Binder Error: No function matches the given name and argument types 'json_extract_string(JSON)'. You might need to add explicit type casts.
	Candidate functions:
	json_extract_string(VARCHAR, BIGINT) -> VARCHAR
	json_extract_string(VARCHAR, VARCHAR) -> VARCHAR
	json_extract_string(VARCHAR, VARCHAR[]) -> VARCHAR[]
	json_extract_string(JSON, BIGINT) -> VARCHAR
	json_extract_string(JSON, VARCHAR) -> VARCHAR
	json_extract_string(JSON, VARCHAR[]) -> VARCHAR[]


LINE 1: SELECT json_extract_string(json_extract(?, '$[0]'))
               ^[0m
[32m•[0m 16:19:24|[32mINFO   [0m| [32mAggregated 0 symbols from path '$.metal_precious' for commodity_6h[0m
[33m•[0m 16:19:24|[33mWARNING[0m| [33mNo valid aggregate data calculated for commodity_6h in period 2025-04-25T10:19:21.132574+00:00 - 2025-04-25T16:19:21.132574+00:00.[0m
[32m•[0m 16:19:24|[32mINFO   [0m| [32mAttempting to export aggregates from 'commodity_6h' to JSON: data/aggregates/agg_commodity_6h.json[0m
[33m•[0m 16:19:24|[33mWARNING[0m| [33mNo aggregate data found in 'commodity_6h' to export.[0m
[32m•[0m 16:19:24|[32mINFO   [0m| [32mCreated empty aggregate JSON file: data/aggregates/agg_commodity_6h.json[0m
[32m•[0m 16:19:24|[32mINFO   [0m| [32mDaily task 'aggregate_daily_tse_ifb_symbols' due: Never run before.[0m
[32m•[0m 16:19:24|[32mINFO   [0m| [32mRunning Aggregation: 'aggregate_daily_tse_ifb_symbols' target=2025-04-24 period=[2025-04-23T20:30:00+00:00 to 2025-04-24T20:30:00+00:00)[0m
[32m•[0m 16:19:24|[32mINFO   [0m| [32mStarting aggregation for 'tse_ifb_symbols_daily' (Period: 2025-04-23T20:30:00+00:00 to 2025-04-24T20:30:00+00:00)[0m
[33m•[0m 16:19:24|[33mWARNING[0m| [33mSkip Aggregation for tse_ifb_symbols_daily: Raw table 'tse_ifb_symbols_raw' does not exist.[0m
[32m•[0m 16:19:24|[32mINFO   [0m| [32mAggregation Results Summary: Success=4, Skipped=12, Errors=0[0m
[32m•[0m 16:19:24|[32mINFO   [0m| [32mDB connection closed.[0m
[32m•[0m 16:19:24|[32mINFO   [0m| [32m[32m--- Market Data Sync Cycle Finished in 3.09 seconds ---[0m[0m
[32m•[0m 16:19:24|[32mINFO   [0m| [32mImprovement Suggestion 1: Implement more specific error handling for common API issues (e.g., rate limits, maintenance status codes).[0m
[32m•[0m 16:19:24|[32mINFO   [0m| [32mImprovement Suggestion 2: Consider adding data quality checks (e.g., price outliers, missing symbols) after fetching or before aggregation.[0m
[34m•[0m No .env file found at: /home/runner/work/riyales-api/riyales-api/src/../.env. Relying on system environment variables.
