2025-04-26 08:50:30|DEBUG  |MarketDataSync|Checking for logs older than 12 hours (2025-04-25T20:50:30.052579) in 'logs'...
2025-04-26 08:50:30|INFO   |MarketDataSync|Cleaned old log file: market_data_20250425_204115.log
2025-04-26 08:50:30|INFO   |MarketDataSync|Cleaned old log file: market_data_20250425_204114.log
2025-04-26 08:50:30|DEBUG  |MarketDataSync|Log cleanup finished. Removed 2 old files.
2025-04-26 08:50:30|INFO   |MarketDataSync|Logging setup complete. Target Console Level: INFO, File Level: DEBUG
2025-04-26 08:50:30|INFO   |MarketDataSync|Current log file: logs/market_data_20250426_085030.log
2025-04-26 08:50:30|DEBUG  |MarketDataSync|To change console log level, set the 'LOG_LEVEL' environment variable (e.g., 'DEBUG', 'INFO', 'WARNING').
2025-04-26 08:50:30|INFO   |MarketDataSync|[32m--- Starting Market Data Sync Cycle ---[0m
2025-04-26 08:50:30|DEBUG  |MarketDataSync|Attempting to connect to DB: data/market_data.duckdb
2025-04-26 08:50:30|INFO   |MarketDataSync|DB connection successful.
2025-04-26 08:50:30|DEBUG  |MarketDataSync|Ensured aggregation_tracker table exists.
2025-04-26 08:50:30|DEBUG  |MarketDataSync|Cycle time: UTC=2025-04-26T08:50:30.167080+00:00, Local=2025-04-26T12:20:30.167080+03:30
2025-04-26 08:50:30|INFO   |MarketDataSync|--- Checking API Fetch Tasks ---
2025-04-26 08:50:30|DEBUG  |MarketDataSync|Checking fetch task: 'gold_currency'
2025-04-26 08:50:30|DEBUG  |MarketDataSync|Task 'fetch_gold_currency': LastRunUTC=2025-04-26T08:39:26.941769+00:00, TimeSince=0:11:03.225311, Interval=0:10:00, IsDue=True
2025-04-26 08:50:30|INFO   |MarketDataSync|Scheduling fetch for: 'gold_currency'
2025-04-26 08:50:30|DEBUG  |MarketDataSync|Checking fetch task: 'crypto'
2025-04-26 08:50:30|DEBUG  |MarketDataSync|Task 'fetch_crypto': LastRunUTC=2025-04-26T08:39:26.941769+00:00, TimeSince=0:11:03.225311, Interval=0:10:00, IsDue=True
2025-04-26 08:50:30|INFO   |MarketDataSync|Scheduling fetch for: 'crypto'
2025-04-26 08:50:30|DEBUG  |MarketDataSync|Checking fetch task: 'commodity'
2025-04-26 08:50:30|DEBUG  |MarketDataSync|Task 'fetch_commodity': LastRunUTC=2025-04-26T08:39:26.941769+00:00, TimeSince=0:11:03.225311, Interval=0:10:00, IsDue=True
2025-04-26 08:50:30|INFO   |MarketDataSync|Scheduling fetch for: 'commodity'
2025-04-26 08:50:30|DEBUG  |MarketDataSync|Checking fetch task: 'tse_ifb_symbols'
2025-04-26 08:50:30|DEBUG  |MarketDataSync|Market Check: LocalTime=12:20:30 +0330, Weekday=5, CurrentTime=12:20:30.170258, MarketHours=08:45:00-12:45:00, MarketDays=[5, 6, 0, 1, 2]
2025-04-26 08:50:30|DEBUG  |MarketDataSync|Market Status: OPEN (Within Market Hours Check)
2025-04-26 08:50:30|DEBUG  |MarketDataSync|Task 'fetch_tse_ifb_symbols': LastRunUTC=2025-04-26T08:22:01.655045+00:00, TimeSince=0:28:28.512035, Interval=0:20:00, IsDue=True
2025-04-26 08:50:30|INFO   |MarketDataSync|Scheduling fetch for: 'tse_ifb_symbols'
2025-04-26 08:50:30|DEBUG  |MarketDataSync|Checking fetch task: 'tse_options'
2025-04-26 08:50:30|DEBUG  |MarketDataSync| -> Skip 'tse_options': Disabled in config.
2025-04-26 08:50:30|DEBUG  |MarketDataSync|Checking fetch task: 'tse_nav'
2025-04-26 08:50:30|DEBUG  |MarketDataSync| -> Skip 'tse_nav': Disabled in config.
2025-04-26 08:50:30|DEBUG  |MarketDataSync|Checking fetch task: 'tse_index'
2025-04-26 08:50:30|DEBUG  |MarketDataSync| -> Skip 'tse_index': Disabled in config.
2025-04-26 08:50:30|DEBUG  |MarketDataSync|Checking fetch task: 'ifb_index'
2025-04-26 08:50:30|DEBUG  |MarketDataSync| -> Skip 'ifb_index': Disabled in config.
2025-04-26 08:50:30|DEBUG  |MarketDataSync|Checking fetch task: 'selected_indices'
2025-04-26 08:50:30|DEBUG  |MarketDataSync| -> Skip 'selected_indices': Disabled in config.
2025-04-26 08:50:30|DEBUG  |MarketDataSync|Checking fetch task: 'debt_securities'
2025-04-26 08:50:30|DEBUG  |MarketDataSync|Market Check: LocalTime=12:20:30 +0330, Weekday=5, CurrentTime=12:20:30.171213, MarketHours=08:45:00-12:45:00, MarketDays=[5, 6, 0, 1, 2]
2025-04-26 08:50:30|DEBUG  |MarketDataSync|Market Status: OPEN (Within Market Hours Check)
2025-04-26 08:50:30|DEBUG  |MarketDataSync|Task 'fetch_debt_securities': LastRunUTC=2025-04-26T08:22:01.655045+00:00, TimeSince=0:28:28.512035, Interval=0:20:00, IsDue=True
2025-04-26 08:50:30|INFO   |MarketDataSync|Scheduling fetch for: 'debt_securities'
2025-04-26 08:50:30|DEBUG  |MarketDataSync|Checking fetch task: 'housing_facilities'
2025-04-26 08:50:30|DEBUG  |MarketDataSync|Market Check: LocalTime=12:20:30 +0330, Weekday=5, CurrentTime=12:20:30.171941, MarketHours=08:45:00-12:45:00, MarketDays=[5, 6, 0, 1, 2]
2025-04-26 08:50:30|DEBUG  |MarketDataSync|Market Status: OPEN (Within Market Hours Check)
2025-04-26 08:50:30|DEBUG  |MarketDataSync|Task 'fetch_housing_facilities': LastRunUTC=2025-04-26T08:22:01.655045+00:00, TimeSince=0:28:28.512035, Interval=0:20:00, IsDue=True
2025-04-26 08:50:30|INFO   |MarketDataSync|Scheduling fetch for: 'housing_facilities'
2025-04-26 08:50:30|DEBUG  |MarketDataSync|Checking fetch task: 'futures'
2025-04-26 08:50:30|DEBUG  |MarketDataSync|Market Check: LocalTime=12:20:30 +0330, Weekday=5, CurrentTime=12:20:30.172672, MarketHours=08:45:00-12:45:00, MarketDays=[5, 6, 0, 1, 2]
2025-04-26 08:50:30|DEBUG  |MarketDataSync|Market Status: OPEN (Within Market Hours Check)
2025-04-26 08:50:30|DEBUG  |MarketDataSync|Task 'fetch_futures': LastRunUTC=2025-04-26T08:22:01.655045+00:00, TimeSince=0:28:28.512035, Interval=0:20:00, IsDue=True
2025-04-26 08:50:30|INFO   |MarketDataSync|Scheduling fetch for: 'futures'
2025-04-26 08:50:30|INFO   |MarketDataSync|Attempting to fetch data for 7 endpoints...
2025-04-26 08:50:30|DEBUG  |MarketDataSync|Requesting: gold_currency (https://brsapi.ir/Api/Market/Gold_Currency.php?key=********)
2025-04-26 08:50:30|DEBUG  |MarketDataSync|Requesting: crypto (https://brsapi.ir/Api/Market/Cryptocurrency.php?key=********)
2025-04-26 08:50:30|DEBUG  |MarketDataSync|Requesting: commodity (https://brsapi.ir/Api/Market/Commodity.php?key=********)
2025-04-26 08:50:30|DEBUG  |MarketDataSync|Requesting: tse_ifb_symbols (https://brsapi.ir/Api/Tsetmc/AllSymbols.php?key=********&type=1)
2025-04-26 08:50:30|DEBUG  |MarketDataSync|Requesting: debt_securities (https://brsapi.ir/Api/Tsetmc/AllSymbols.php?key=********&type=4)
2025-04-26 08:50:30|DEBUG  |MarketDataSync|Requesting: housing_facilities (https://brsapi.ir/Api/Tsetmc/AllSymbols.php?key=********&type=5)
2025-04-26 08:50:30|DEBUG  |MarketDataSync|Requesting: futures (https://brsapi.ir/Api/Tsetmc/AllSymbols.php?key=********&type=3)
2025-04-26 08:50:31|DEBUG  |MarketDataSync|Response: commodity Status=200 in 1.67s
2025-04-26 08:50:31|INFO   |MarketDataSync|Success: Fetched 'commodity'.
2025-04-26 08:50:31|DEBUG  |MarketDataSync|Response: housing_facilities Status=200 in 1.68s
2025-04-26 08:50:31|INFO   |MarketDataSync|Success: Fetched 'housing_facilities'.
2025-04-26 08:50:31|DEBUG  |MarketDataSync|Response: crypto Status=200 in 1.68s
2025-04-26 08:50:31|DEBUG  |MarketDataSync|Response: tse_ifb_symbols Status=200 in 1.68s
2025-04-26 08:50:31|DEBUG  |MarketDataSync|Response: debt_securities Status=200 in 1.69s
2025-04-26 08:50:31|DEBUG  |MarketDataSync|Response: gold_currency Status=200 in 1.70s
2025-04-26 08:50:31|INFO   |MarketDataSync|Success: Fetched 'gold_currency'.
2025-04-26 08:50:31|DEBUG  |MarketDataSync|Response: futures Status=200 in 1.72s
2025-04-26 08:50:31|INFO   |MarketDataSync|Success: Fetched 'futures'.
2025-04-26 08:50:32|INFO   |MarketDataSync|Success: Fetched 'debt_securities'.
2025-04-26 08:50:32|INFO   |MarketDataSync|Success: Fetched 'crypto'.
2025-04-26 08:50:32|INFO   |MarketDataSync|Success: Fetched 'tse_ifb_symbols'.
2025-04-26 08:50:32|INFO   |MarketDataSync|--- Processing Fetch Results ---
2025-04-26 08:50:32|DEBUG  |MarketDataSync|Ensured table 'gold_currency_raw' exists or was created.
2025-04-26 08:50:32|DEBUG  |MarketDataSync|Inserted raw data into 'gold_currency_raw' for 2025-04-26T08:50:32.915661+00:00.
2025-04-26 08:50:32|DEBUG  |MarketDataSync|Saved latest raw JSON: gold_currency.json
2025-04-26 08:50:32|DEBUG  |MarketDataSync|Updated last run time for 'fetch_gold_currency' to 2025-04-26T08:50:30.167080+00:00
2025-04-26 08:50:32|DEBUG  |MarketDataSync|Ensured table 'crypto_raw' exists or was created.
2025-04-26 08:50:32|DEBUG  |MarketDataSync|Inserted raw data into 'crypto_raw' for 2025-04-26T08:50:32.915661+00:00.
2025-04-26 08:50:32|DEBUG  |MarketDataSync|Saved latest raw JSON: cryptocurrency.json
2025-04-26 08:50:32|DEBUG  |MarketDataSync|Updated last run time for 'fetch_crypto' to 2025-04-26T08:50:30.167080+00:00
2025-04-26 08:50:32|DEBUG  |MarketDataSync|Ensured table 'commodity_raw' exists or was created.
2025-04-26 08:50:32|DEBUG  |MarketDataSync|Inserted raw data into 'commodity_raw' for 2025-04-26T08:50:32.915661+00:00.
2025-04-26 08:50:32|DEBUG  |MarketDataSync|Saved latest raw JSON: commodity.json
2025-04-26 08:50:32|DEBUG  |MarketDataSync|Updated last run time for 'fetch_commodity' to 2025-04-26T08:50:30.167080+00:00
2025-04-26 08:50:32|DEBUG  |MarketDataSync|Ensured table 'tse_ifb_symbols_raw' exists or was created.
2025-04-26 08:50:32|DEBUG  |MarketDataSync|Inserted raw data into 'tse_ifb_symbols_raw' for 2025-04-26T08:50:32.915661+00:00.
2025-04-26 08:50:33|DEBUG  |MarketDataSync|Saved latest raw JSON: tse_ifb_symbols.json
2025-04-26 08:50:33|DEBUG  |MarketDataSync|Updated last run time for 'fetch_tse_ifb_symbols' to 2025-04-26T08:50:30.167080+00:00
2025-04-26 08:50:33|DEBUG  |MarketDataSync|Ensured table 'debt_securities_raw' exists or was created.
2025-04-26 08:50:33|DEBUG  |MarketDataSync|Inserted raw data into 'debt_securities_raw' for 2025-04-26T08:50:32.915661+00:00.
2025-04-26 08:50:33|DEBUG  |MarketDataSync|Saved latest raw JSON: debt_securities.json
2025-04-26 08:50:33|DEBUG  |MarketDataSync|Updated last run time for 'fetch_debt_securities' to 2025-04-26T08:50:30.167080+00:00
2025-04-26 08:50:33|DEBUG  |MarketDataSync|Ensured table 'housing_facilities_raw' exists or was created.
2025-04-26 08:50:33|DEBUG  |MarketDataSync|Inserted raw data into 'housing_facilities_raw' for 2025-04-26T08:50:32.915661+00:00.
2025-04-26 08:50:33|DEBUG  |MarketDataSync|Saved latest raw JSON: housing_facilities.json
2025-04-26 08:50:33|DEBUG  |MarketDataSync|Updated last run time for 'fetch_housing_facilities' to 2025-04-26T08:50:30.167080+00:00
2025-04-26 08:50:33|DEBUG  |MarketDataSync|Ensured table 'futures_raw' exists or was created.
2025-04-26 08:50:33|DEBUG  |MarketDataSync|Inserted raw data into 'futures_raw' for 2025-04-26T08:50:32.915661+00:00.
2025-04-26 08:50:33|DEBUG  |MarketDataSync|Saved latest raw JSON: futures.json
2025-04-26 08:50:33|DEBUG  |MarketDataSync|Updated last run time for 'fetch_futures' to 2025-04-26T08:50:30.167080+00:00
2025-04-26 08:50:33|INFO   |MarketDataSync|Fetch Results Summary: Processed=7, DB Inserts=7, Errors=0
2025-04-26 08:50:33|INFO   |MarketDataSync|--- Checking Aggregation Tasks ---
2025-04-26 08:50:33|DEBUG  |MarketDataSync|Checking aggregations for 'gold_currency': Levels=['6h', '12h', 'daily', '3d', 'weekly']
2025-04-26 08:50:33|DEBUG  |MarketDataSync|Task 'aggregate_6h_gold_currency': LastRunUTC=2025-04-26T05:05:16.568778+00:00, TimeSince=3:45:13.598302, Interval=6:00:00, IsDue=False
2025-04-26 08:50:33|DEBUG  |MarketDataSync|Task 'aggregate_12h_gold_currency': LastRunUTC=2025-04-26T05:05:16.573692+00:00, TimeSince=3:45:13.593388, Interval=12:00:00, IsDue=False
2025-04-26 08:50:33|DEBUG  |MarketDataSync|Skip Daily 'aggregate_daily_gold_currency': Already processed up to or including yesterday (2025-04-26).
2025-04-26 08:50:33|DEBUG  |MarketDataSync|Task 'aggregate_3d_gold_currency': LastRunUTC=2025-04-26T05:05:16.584527+00:00, TimeSince=3:45:13.582553, Interval=3 days, 0:00:00, IsDue=False
2025-04-26 08:50:33|DEBUG  |MarketDataSync|Task 'aggregate_weekly_gold_currency': LastRunUTC=2025-04-26T05:05:16.589416+00:00, TimeSince=3:45:13.577664, Interval=7 days, 0:00:00, IsDue=False
2025-04-26 08:50:33|DEBUG  |MarketDataSync|Checking aggregations for 'crypto': Levels=['6h', '12h', 'daily', '3d', 'weekly']
2025-04-26 08:50:33|DEBUG  |MarketDataSync|Task 'aggregate_6h_crypto': LastRunUTC=2025-04-26T05:05:16.594193+00:00, TimeSince=3:45:13.572887, Interval=6:00:00, IsDue=False
2025-04-26 08:50:33|DEBUG  |MarketDataSync|Task 'aggregate_12h_crypto': LastRunUTC=2025-04-26T05:05:16.599316+00:00, TimeSince=3:45:13.567764, Interval=12:00:00, IsDue=False
2025-04-26 08:50:33|DEBUG  |MarketDataSync|Skip Daily 'aggregate_daily_crypto': Already processed up to or including yesterday (2025-04-26).
2025-04-26 08:50:33|DEBUG  |MarketDataSync|Task 'aggregate_3d_crypto': LastRunUTC=2025-04-26T05:05:16.609675+00:00, TimeSince=3:45:13.557405, Interval=3 days, 0:00:00, IsDue=False
2025-04-26 08:50:33|DEBUG  |MarketDataSync|Task 'aggregate_weekly_crypto': LastRunUTC=2025-04-26T05:05:16.615389+00:00, TimeSince=3:45:13.551691, Interval=7 days, 0:00:00, IsDue=False
2025-04-26 08:50:33|DEBUG  |MarketDataSync|Checking aggregations for 'commodity': Levels=['6h', '12h', 'daily', '3d', 'weekly']
2025-04-26 08:50:33|DEBUG  |MarketDataSync|Task 'aggregate_6h_commodity': LastRunUTC=2025-04-26T05:05:16.620180+00:00, TimeSince=3:45:13.546900, Interval=6:00:00, IsDue=False
2025-04-26 08:50:33|DEBUG  |MarketDataSync|Task 'aggregate_12h_commodity': LastRunUTC=2025-04-26T05:05:16.625099+00:00, TimeSince=3:45:13.541981, Interval=12:00:00, IsDue=False
2025-04-26 08:50:33|DEBUG  |MarketDataSync|Skip Daily 'aggregate_daily_commodity': Already processed up to or including yesterday (2025-04-26).
2025-04-26 08:50:33|DEBUG  |MarketDataSync|Task 'aggregate_3d_commodity': LastRunUTC=2025-04-26T05:05:16.635096+00:00, TimeSince=3:45:13.531984, Interval=3 days, 0:00:00, IsDue=False
2025-04-26 08:50:33|DEBUG  |MarketDataSync|Task 'aggregate_weekly_commodity': LastRunUTC=2025-04-26T05:05:16.640100+00:00, TimeSince=3:45:13.526980, Interval=7 days, 0:00:00, IsDue=False
2025-04-26 08:50:33|DEBUG  |MarketDataSync|Checking aggregations for 'tse_ifb_symbols': Levels=['daily']
2025-04-26 08:50:33|DEBUG  |MarketDataSync|Skip Daily 'aggregate_daily_tse_ifb_symbols': Already processed up to or including yesterday (2025-04-26).
2025-04-26 08:50:33|INFO   |MarketDataSync|Aggregation Results Summary: Success=0, Skipped=16, Errors=0
2025-04-26 08:50:33|INFO   |MarketDataSync|DB connection closed.
2025-04-26 08:50:33|INFO   |MarketDataSync|[32m--- Market Data Sync Cycle Finished in 3.01 seconds ---[0m
2025-04-26 08:50:33|INFO   |MarketDataSync|Improvement Suggestion 1: Implement more specific error handling for common API issues (e.g., rate limits, maintenance status codes).
2025-04-26 08:50:33|INFO   |MarketDataSync|Improvement Suggestion 2: Consider adding data quality checks (e.g., price outliers, missing symbols) after fetching or before aggregation.
