2025-04-28 23:21:29|DEBUG  |MarketDataSync|Checking for logs older than 12 hours (2025-04-28T11:21:29.476491) in 'logs'...
2025-04-28 23:21:29|DEBUG  |MarketDataSync|Log cleanup finished. Removed 0 old files.
2025-04-28 23:21:29|INFO   |MarketDataSync|Logging setup complete. Target Console Level: INFO, File Level: DEBUG
2025-04-28 23:21:29|INFO   |MarketDataSync|Current log file: logs/market_data_20250428_232129.log
2025-04-28 23:21:29|DEBUG  |MarketDataSync|To change console log level, set the 'LOG_LEVEL' environment variable (e.g., 'DEBUG', 'INFO', 'WARNING').
2025-04-28 23:21:29|INFO   |MarketDataSync|[32m--- Starting Market Data Sync Cycle ---[0m
2025-04-28 23:21:29|DEBUG  |MarketDataSync|Attempting to connect to DB: data/market_data.duckdb
2025-04-28 23:21:29|INFO   |MarketDataSync|DB connection successful.
2025-04-28 23:21:29|DEBUG  |MarketDataSync|Ensured aggregation_tracker table exists.
2025-04-28 23:21:29|DEBUG  |MarketDataSync|Cycle time: UTC=2025-04-28T23:21:29.519615+00:00, Local=2025-04-29T02:51:29.519615+03:30
2025-04-28 23:21:29|INFO   |MarketDataSync|--- Checking API Fetch Tasks ---
2025-04-28 23:21:29|DEBUG  |MarketDataSync|Checking fetch task: 'gold_currency'
2025-04-28 23:21:29|DEBUG  |MarketDataSync|Task 'fetch_gold_currency': LastRunUTC=2025-04-28T22:58:45.027635+00:00, TimeSince=0:22:44.491980, Interval=0:10:00, IsDue=True
2025-04-28 23:21:29|INFO   |MarketDataSync|Scheduling fetch for: 'gold_currency'
2025-04-28 23:21:29|DEBUG  |MarketDataSync|Checking fetch task: 'crypto'
2025-04-28 23:21:29|DEBUG  |MarketDataSync|Task 'fetch_crypto': LastRunUTC=2025-04-28T22:58:45.027635+00:00, TimeSince=0:22:44.491980, Interval=0:10:00, IsDue=True
2025-04-28 23:21:29|INFO   |MarketDataSync|Scheduling fetch for: 'crypto'
2025-04-28 23:21:29|DEBUG  |MarketDataSync|Checking fetch task: 'commodity'
2025-04-28 23:21:29|DEBUG  |MarketDataSync|Task 'fetch_commodity': LastRunUTC=2025-04-28T22:58:45.027635+00:00, TimeSince=0:22:44.491980, Interval=0:10:00, IsDue=True
2025-04-28 23:21:29|INFO   |MarketDataSync|Scheduling fetch for: 'commodity'
2025-04-28 23:21:29|DEBUG  |MarketDataSync|Checking fetch task: 'tse_ifb_symbols'
2025-04-28 23:21:29|DEBUG  |MarketDataSync|Market Check: LocalTime=02:51:29 +0330, Weekday=1, CurrentTime=02:51:29.523141, MarketHours=08:45:00-12:45:00, MarketDays=[5, 6, 0, 1, 2]
2025-04-28 23:21:29|DEBUG  |MarketDataSync|Market Status: CLOSED (Within Market Hours Check)
2025-04-28 23:21:29|DEBUG  |MarketDataSync| -> Skip 'tse_ifb_symbols': Market is closed.
2025-04-28 23:21:29|DEBUG  |MarketDataSync|Checking fetch task: 'tse_options'
2025-04-28 23:21:29|DEBUG  |MarketDataSync| -> Skip 'tse_options': Disabled in config.
2025-04-28 23:21:29|DEBUG  |MarketDataSync|Checking fetch task: 'tse_nav'
2025-04-28 23:21:29|DEBUG  |MarketDataSync| -> Skip 'tse_nav': Disabled in config.
2025-04-28 23:21:29|DEBUG  |MarketDataSync|Checking fetch task: 'tse_index'
2025-04-28 23:21:29|DEBUG  |MarketDataSync| -> Skip 'tse_index': Disabled in config.
2025-04-28 23:21:29|DEBUG  |MarketDataSync|Checking fetch task: 'ifb_index'
2025-04-28 23:21:29|DEBUG  |MarketDataSync| -> Skip 'ifb_index': Disabled in config.
2025-04-28 23:21:29|DEBUG  |MarketDataSync|Checking fetch task: 'selected_indices'
2025-04-28 23:21:29|DEBUG  |MarketDataSync| -> Skip 'selected_indices': Disabled in config.
2025-04-28 23:21:29|DEBUG  |MarketDataSync|Checking fetch task: 'debt_securities'
2025-04-28 23:21:29|DEBUG  |MarketDataSync|Market Check: LocalTime=02:51:29 +0330, Weekday=1, CurrentTime=02:51:29.523491, MarketHours=08:45:00-12:45:00, MarketDays=[5, 6, 0, 1, 2]
2025-04-28 23:21:29|DEBUG  |MarketDataSync|Market Status: CLOSED (Within Market Hours Check)
2025-04-28 23:21:29|DEBUG  |MarketDataSync| -> Skip 'debt_securities': Market is closed.
2025-04-28 23:21:29|DEBUG  |MarketDataSync|Checking fetch task: 'housing_facilities'
2025-04-28 23:21:29|DEBUG  |MarketDataSync|Market Check: LocalTime=02:51:29 +0330, Weekday=1, CurrentTime=02:51:29.523585, MarketHours=08:45:00-12:45:00, MarketDays=[5, 6, 0, 1, 2]
2025-04-28 23:21:29|DEBUG  |MarketDataSync|Market Status: CLOSED (Within Market Hours Check)
2025-04-28 23:21:29|DEBUG  |MarketDataSync| -> Skip 'housing_facilities': Market is closed.
2025-04-28 23:21:29|DEBUG  |MarketDataSync|Checking fetch task: 'futures'
2025-04-28 23:21:29|DEBUG  |MarketDataSync|Market Check: LocalTime=02:51:29 +0330, Weekday=1, CurrentTime=02:51:29.523680, MarketHours=08:45:00-12:45:00, MarketDays=[5, 6, 0, 1, 2]
2025-04-28 23:21:29|DEBUG  |MarketDataSync|Market Status: CLOSED (Within Market Hours Check)
2025-04-28 23:21:29|DEBUG  |MarketDataSync| -> Skip 'futures': Market is closed.
2025-04-28 23:21:29|INFO   |MarketDataSync|Attempting to fetch data for 3 endpoints...
2025-04-28 23:21:29|DEBUG  |MarketDataSync|Requesting: gold_currency (https://brsapi.ir/Api/Market/Gold_Currency.php?key=********)
2025-04-28 23:21:29|DEBUG  |MarketDataSync|Requesting: crypto (https://brsapi.ir/Api/Market/Cryptocurrency.php?key=********)
2025-04-28 23:21:29|DEBUG  |MarketDataSync|Requesting: commodity (https://brsapi.ir/Api/Market/Commodity.php?key=********)
2025-04-28 23:21:31|DEBUG  |MarketDataSync|Response: crypto Status=200 in 2.16s
2025-04-28 23:21:31|DEBUG  |MarketDataSync|Response: commodity Status=200 in 2.16s
2025-04-28 23:21:31|INFO   |MarketDataSync|Success: Fetched 'commodity'.
2025-04-28 23:21:31|DEBUG  |MarketDataSync|Response: gold_currency Status=200 in 2.18s
2025-04-28 23:21:31|INFO   |MarketDataSync|Success: Fetched 'gold_currency'.
2025-04-28 23:21:32|INFO   |MarketDataSync|Success: Fetched 'crypto'.
2025-04-28 23:21:32|INFO   |MarketDataSync|--- Processing Fetch Results ---
2025-04-28 23:21:32|DEBUG  |MarketDataSync|Ensured table 'gold_currency_raw' exists or was created.
2025-04-28 23:21:32|DEBUG  |MarketDataSync|Inserted raw data into 'gold_currency_raw' for 2025-04-28T23:21:32.431061+00:00.
2025-04-28 23:21:32|DEBUG  |MarketDataSync|Saved latest raw JSON: gold_currency.json
2025-04-28 23:21:32|DEBUG  |MarketDataSync|Updated last run time for 'fetch_gold_currency' to 2025-04-28T23:21:29.519615+00:00
2025-04-28 23:21:32|DEBUG  |MarketDataSync|Ensured table 'crypto_raw' exists or was created.
2025-04-28 23:21:32|DEBUG  |MarketDataSync|Inserted raw data into 'crypto_raw' for 2025-04-28T23:21:32.431061+00:00.
2025-04-28 23:21:32|DEBUG  |MarketDataSync|Saved latest raw JSON: cryptocurrency.json
2025-04-28 23:21:32|DEBUG  |MarketDataSync|Updated last run time for 'fetch_crypto' to 2025-04-28T23:21:29.519615+00:00
2025-04-28 23:21:32|DEBUG  |MarketDataSync|Ensured table 'commodity_raw' exists or was created.
2025-04-28 23:21:32|DEBUG  |MarketDataSync|Inserted raw data into 'commodity_raw' for 2025-04-28T23:21:32.431061+00:00.
2025-04-28 23:21:32|DEBUG  |MarketDataSync|Saved latest raw JSON: commodity.json
2025-04-28 23:21:32|DEBUG  |MarketDataSync|Updated last run time for 'fetch_commodity' to 2025-04-28T23:21:29.519615+00:00
2025-04-28 23:21:32|INFO   |MarketDataSync|Fetch Results Summary: Processed=3, DB Inserts=3, Errors=0
2025-04-28 23:21:32|INFO   |MarketDataSync|--- Checking Aggregation Tasks ---
2025-04-28 23:21:32|DEBUG  |MarketDataSync|Checking aggregations for 'gold_currency': Levels=['6h', '12h', 'daily', '3d', 'weekly']
2025-04-28 23:21:32|DEBUG  |MarketDataSync|Task 'aggregate_6h_gold_currency': LastRunUTC=2025-04-28T18:41:34.183422+00:00, TimeSince=4:39:55.336193, Interval=6:00:00, IsDue=False
2025-04-28 23:21:32|DEBUG  |MarketDataSync|Task 'aggregate_12h_gold_currency': LastRunUTC=2025-04-28T12:21:53.954430+00:00, TimeSince=10:59:35.565185, Interval=12:00:00, IsDue=False
2025-04-28 23:21:32|DEBUG  |MarketDataSync|Skip Daily 'aggregate_daily_gold_currency': Already processed up to or including yesterday (2025-04-28).
2025-04-28 23:21:32|DEBUG  |MarketDataSync|Task 'aggregate_3d_gold_currency': LastRunUTC=2025-04-27T23:53:52.154884+00:00, TimeSince=23:27:37.364731, Interval=3 days, 0:00:00, IsDue=False
2025-04-28 23:21:32|DEBUG  |MarketDataSync|Task 'aggregate_weekly_gold_currency': LastRunUTC=2025-04-27T23:53:52.160884+00:00, TimeSince=23:27:37.358731, Interval=7 days, 0:00:00, IsDue=False
2025-04-28 23:21:32|DEBUG  |MarketDataSync|Checking aggregations for 'crypto': Levels=['6h', '12h', 'daily', '3d', 'weekly']
2025-04-28 23:21:32|DEBUG  |MarketDataSync|Task 'aggregate_6h_crypto': LastRunUTC=2025-04-28T18:41:34.404838+00:00, TimeSince=4:39:55.114777, Interval=6:00:00, IsDue=False
2025-04-28 23:21:32|DEBUG  |MarketDataSync|Task 'aggregate_12h_crypto': LastRunUTC=2025-04-28T12:21:54.332520+00:00, TimeSince=10:59:35.187095, Interval=12:00:00, IsDue=False
2025-04-28 23:21:32|DEBUG  |MarketDataSync|Skip Daily 'aggregate_daily_crypto': Already processed up to or including yesterday (2025-04-28).
2025-04-28 23:21:32|DEBUG  |MarketDataSync|Task 'aggregate_3d_crypto': LastRunUTC=2025-04-27T23:53:52.184634+00:00, TimeSince=23:27:37.334981, Interval=3 days, 0:00:00, IsDue=False
2025-04-28 23:21:32|DEBUG  |MarketDataSync|Task 'aggregate_weekly_crypto': LastRunUTC=2025-04-27T23:53:52.190994+00:00, TimeSince=23:27:37.328621, Interval=7 days, 0:00:00, IsDue=False
2025-04-28 23:21:32|DEBUG  |MarketDataSync|Checking aggregations for 'commodity': Levels=['6h', '12h', 'daily', '3d', 'weekly']
2025-04-28 23:21:32|DEBUG  |MarketDataSync|Task 'aggregate_6h_commodity': LastRunUTC=2025-04-28T18:41:34.445640+00:00, TimeSince=4:39:55.073975, Interval=6:00:00, IsDue=False
2025-04-28 23:21:32|DEBUG  |MarketDataSync|Task 'aggregate_12h_commodity': LastRunUTC=2025-04-28T12:21:54.404772+00:00, TimeSince=10:59:35.114843, Interval=12:00:00, IsDue=False
2025-04-28 23:21:32|DEBUG  |MarketDataSync|Skip Daily 'aggregate_daily_commodity': Already processed up to or including yesterday (2025-04-28).
2025-04-28 23:21:32|DEBUG  |MarketDataSync|Task 'aggregate_3d_commodity': LastRunUTC=2025-04-27T23:53:52.219063+00:00, TimeSince=23:27:37.300552, Interval=3 days, 0:00:00, IsDue=False
2025-04-28 23:21:32|DEBUG  |MarketDataSync|Task 'aggregate_weekly_commodity': LastRunUTC=2025-04-27T23:53:52.225242+00:00, TimeSince=23:27:37.294373, Interval=7 days, 0:00:00, IsDue=False
2025-04-28 23:21:32|DEBUG  |MarketDataSync|Checking aggregations for 'tse_ifb_symbols': Levels=['daily']
2025-04-28 23:21:32|DEBUG  |MarketDataSync|Skip Daily 'aggregate_daily_tse_ifb_symbols': Already processed up to or including yesterday (2025-04-28).
2025-04-28 23:21:32|INFO   |MarketDataSync|Aggregation Results Summary: Success=0, Skipped=16, Errors=0
2025-04-28 23:21:32|INFO   |MarketDataSync|DB connection closed.
2025-04-28 23:21:32|INFO   |MarketDataSync|[32m--- Market Data Sync Cycle Finished in 3.13 seconds ---[0m
2025-04-28 23:21:32|INFO   |MarketDataSync|Improvement Suggestion 1: Implement more specific error handling for common API issues (e.g., rate limits, maintenance status codes).
2025-04-28 23:21:32|INFO   |MarketDataSync|Improvement Suggestion 2: Consider adding data quality checks (e.g., price outliers, missing symbols) after fetching or before aggregation.
