2025-04-28 04:57:46|DEBUG  |MarketDataSync|Checking for logs older than 12 hours (2025-04-27T16:57:46.010436) in 'logs'...
2025-04-28 04:57:46|DEBUG  |MarketDataSync|Log cleanup finished. Removed 0 old files.
2025-04-28 04:57:46|INFO   |MarketDataSync|Logging setup complete. Target Console Level: INFO, File Level: DEBUG
2025-04-28 04:57:46|INFO   |MarketDataSync|Current log file: logs/market_data_20250428_045746.log
2025-04-28 04:57:46|DEBUG  |MarketDataSync|To change console log level, set the 'LOG_LEVEL' environment variable (e.g., 'DEBUG', 'INFO', 'WARNING').
2025-04-28 04:57:46|INFO   |MarketDataSync|[32m--- Starting Market Data Sync Cycle ---[0m
2025-04-28 04:57:46|DEBUG  |MarketDataSync|Attempting to connect to DB: data/market_data.duckdb
2025-04-28 04:57:46|INFO   |MarketDataSync|DB connection successful.
2025-04-28 04:57:46|DEBUG  |MarketDataSync|Ensured aggregation_tracker table exists.
2025-04-28 04:57:46|DEBUG  |MarketDataSync|Cycle time: UTC=2025-04-28T04:57:46.037990+00:00, Local=2025-04-28T08:27:46.037990+03:30
2025-04-28 04:57:46|INFO   |MarketDataSync|--- Checking API Fetch Tasks ---
2025-04-28 04:57:46|DEBUG  |MarketDataSync|Checking fetch task: 'gold_currency'
2025-04-28 04:57:46|DEBUG  |MarketDataSync|Task 'fetch_gold_currency': LastRunUTC=2025-04-28T04:48:40.522505+00:00, TimeSince=0:09:05.515485, Interval=0:10:00, IsDue=False
2025-04-28 04:57:46|DEBUG  |MarketDataSync| -> Skip 'gold_currency': Interval not met.
2025-04-28 04:57:46|DEBUG  |MarketDataSync|Checking fetch task: 'crypto'
2025-04-28 04:57:46|DEBUG  |MarketDataSync|Task 'fetch_crypto': LastRunUTC=2025-04-28T04:48:40.522505+00:00, TimeSince=0:09:05.515485, Interval=0:10:00, IsDue=False
2025-04-28 04:57:46|DEBUG  |MarketDataSync| -> Skip 'crypto': Interval not met.
2025-04-28 04:57:46|DEBUG  |MarketDataSync|Checking fetch task: 'commodity'
2025-04-28 04:57:46|DEBUG  |MarketDataSync|Task 'fetch_commodity': LastRunUTC=2025-04-28T04:48:40.522505+00:00, TimeSince=0:09:05.515485, Interval=0:10:00, IsDue=False
2025-04-28 04:57:46|DEBUG  |MarketDataSync| -> Skip 'commodity': Interval not met.
2025-04-28 04:57:46|DEBUG  |MarketDataSync|Checking fetch task: 'tse_ifb_symbols'
2025-04-28 04:57:46|DEBUG  |MarketDataSync|Market Check: LocalTime=08:27:46 +0330, Weekday=0, CurrentTime=08:27:46.040908, MarketHours=08:45:00-12:45:00, MarketDays=[5, 6, 0, 1, 2]
2025-04-28 04:57:46|DEBUG  |MarketDataSync|Market Status: CLOSED (Within Market Hours Check)
2025-04-28 04:57:46|DEBUG  |MarketDataSync| -> Skip 'tse_ifb_symbols': Market is closed.
2025-04-28 04:57:46|DEBUG  |MarketDataSync|Checking fetch task: 'tse_options'
2025-04-28 04:57:46|DEBUG  |MarketDataSync| -> Skip 'tse_options': Disabled in config.
2025-04-28 04:57:46|DEBUG  |MarketDataSync|Checking fetch task: 'tse_nav'
2025-04-28 04:57:46|DEBUG  |MarketDataSync| -> Skip 'tse_nav': Disabled in config.
2025-04-28 04:57:46|DEBUG  |MarketDataSync|Checking fetch task: 'tse_index'
2025-04-28 04:57:46|DEBUG  |MarketDataSync| -> Skip 'tse_index': Disabled in config.
2025-04-28 04:57:46|DEBUG  |MarketDataSync|Checking fetch task: 'ifb_index'
2025-04-28 04:57:46|DEBUG  |MarketDataSync| -> Skip 'ifb_index': Disabled in config.
2025-04-28 04:57:46|DEBUG  |MarketDataSync|Checking fetch task: 'selected_indices'
2025-04-28 04:57:46|DEBUG  |MarketDataSync| -> Skip 'selected_indices': Disabled in config.
2025-04-28 04:57:46|DEBUG  |MarketDataSync|Checking fetch task: 'debt_securities'
2025-04-28 04:57:46|DEBUG  |MarketDataSync|Market Check: LocalTime=08:27:46 +0330, Weekday=0, CurrentTime=08:27:46.041226, MarketHours=08:45:00-12:45:00, MarketDays=[5, 6, 0, 1, 2]
2025-04-28 04:57:46|DEBUG  |MarketDataSync|Market Status: CLOSED (Within Market Hours Check)
2025-04-28 04:57:46|DEBUG  |MarketDataSync| -> Skip 'debt_securities': Market is closed.
2025-04-28 04:57:46|DEBUG  |MarketDataSync|Checking fetch task: 'housing_facilities'
2025-04-28 04:57:46|DEBUG  |MarketDataSync|Market Check: LocalTime=08:27:46 +0330, Weekday=0, CurrentTime=08:27:46.041321, MarketHours=08:45:00-12:45:00, MarketDays=[5, 6, 0, 1, 2]
2025-04-28 04:57:46|DEBUG  |MarketDataSync|Market Status: CLOSED (Within Market Hours Check)
2025-04-28 04:57:46|DEBUG  |MarketDataSync| -> Skip 'housing_facilities': Market is closed.
2025-04-28 04:57:46|DEBUG  |MarketDataSync|Checking fetch task: 'futures'
2025-04-28 04:57:46|DEBUG  |MarketDataSync|Market Check: LocalTime=08:27:46 +0330, Weekday=0, CurrentTime=08:27:46.041415, MarketHours=08:45:00-12:45:00, MarketDays=[5, 6, 0, 1, 2]
2025-04-28 04:57:46|DEBUG  |MarketDataSync|Market Status: CLOSED (Within Market Hours Check)
2025-04-28 04:57:46|DEBUG  |MarketDataSync| -> Skip 'futures': Market is closed.
2025-04-28 04:57:46|INFO   |MarketDataSync|No API endpoints scheduled for fetching in this cycle.
2025-04-28 04:57:46|INFO   |MarketDataSync|--- Checking Aggregation Tasks ---
2025-04-28 04:57:46|DEBUG  |MarketDataSync|Checking aggregations for 'gold_currency': Levels=['6h', '12h', 'daily', '3d', 'weekly']
2025-04-28 04:57:46|DEBUG  |MarketDataSync|Task 'aggregate_6h_gold_currency': LastRunUTC=2025-04-27T23:53:52.138384+00:00, TimeSince=5:03:53.899606, Interval=6:00:00, IsDue=False
2025-04-28 04:57:46|DEBUG  |MarketDataSync|Task 'aggregate_12h_gold_currency': LastRunUTC=2025-04-27T23:53:52.143594+00:00, TimeSince=5:03:53.894396, Interval=12:00:00, IsDue=False
2025-04-28 04:57:46|DEBUG  |MarketDataSync|Skip Daily 'aggregate_daily_gold_currency': Already processed up to or including yesterday (2025-04-28).
2025-04-28 04:57:46|DEBUG  |MarketDataSync|Task 'aggregate_3d_gold_currency': LastRunUTC=2025-04-27T23:53:52.154884+00:00, TimeSince=5:03:53.883106, Interval=3 days, 0:00:00, IsDue=False
2025-04-28 04:57:46|DEBUG  |MarketDataSync|Task 'aggregate_weekly_gold_currency': LastRunUTC=2025-04-27T23:53:52.160884+00:00, TimeSince=5:03:53.877106, Interval=7 days, 0:00:00, IsDue=False
2025-04-28 04:57:46|DEBUG  |MarketDataSync|Checking aggregations for 'crypto': Levels=['6h', '12h', 'daily', '3d', 'weekly']
2025-04-28 04:57:46|DEBUG  |MarketDataSync|Task 'aggregate_6h_crypto': LastRunUTC=2025-04-27T23:53:52.166675+00:00, TimeSince=5:03:53.871315, Interval=6:00:00, IsDue=False
2025-04-28 04:57:46|DEBUG  |MarketDataSync|Task 'aggregate_12h_crypto': LastRunUTC=2025-04-27T23:53:52.172746+00:00, TimeSince=5:03:53.865244, Interval=12:00:00, IsDue=False
2025-04-28 04:57:46|DEBUG  |MarketDataSync|Skip Daily 'aggregate_daily_crypto': Already processed up to or including yesterday (2025-04-28).
2025-04-28 04:57:46|DEBUG  |MarketDataSync|Task 'aggregate_3d_crypto': LastRunUTC=2025-04-27T23:53:52.184634+00:00, TimeSince=5:03:53.853356, Interval=3 days, 0:00:00, IsDue=False
2025-04-28 04:57:46|DEBUG  |MarketDataSync|Task 'aggregate_weekly_crypto': LastRunUTC=2025-04-27T23:53:52.190994+00:00, TimeSince=5:03:53.846996, Interval=7 days, 0:00:00, IsDue=False
2025-04-28 04:57:46|DEBUG  |MarketDataSync|Checking aggregations for 'commodity': Levels=['6h', '12h', 'daily', '3d', 'weekly']
2025-04-28 04:57:46|DEBUG  |MarketDataSync|Task 'aggregate_6h_commodity': LastRunUTC=2025-04-27T23:53:52.197363+00:00, TimeSince=5:03:53.840627, Interval=6:00:00, IsDue=False
2025-04-28 04:57:46|DEBUG  |MarketDataSync|Task 'aggregate_12h_commodity': LastRunUTC=2025-04-27T23:53:52.207218+00:00, TimeSince=5:03:53.830772, Interval=12:00:00, IsDue=False
2025-04-28 04:57:46|DEBUG  |MarketDataSync|Skip Daily 'aggregate_daily_commodity': Already processed up to or including yesterday (2025-04-28).
2025-04-28 04:57:46|DEBUG  |MarketDataSync|Task 'aggregate_3d_commodity': LastRunUTC=2025-04-27T23:53:52.219063+00:00, TimeSince=5:03:53.818927, Interval=3 days, 0:00:00, IsDue=False
2025-04-28 04:57:46|DEBUG  |MarketDataSync|Task 'aggregate_weekly_commodity': LastRunUTC=2025-04-27T23:53:52.225242+00:00, TimeSince=5:03:53.812748, Interval=7 days, 0:00:00, IsDue=False
2025-04-28 04:57:46|DEBUG  |MarketDataSync|Checking aggregations for 'tse_ifb_symbols': Levels=['daily']
2025-04-28 04:57:46|INFO   |MarketDataSync|Daily task 'aggregate_daily_tse_ifb_symbols' due: Never run before.
2025-04-28 04:57:46|INFO   |MarketDataSync|Running Aggregation: 'aggregate_daily_tse_ifb_symbols' target=2025-04-27 period=[2025-04-26T20:30:00+00:00 to 2025-04-27T20:30:00+00:00)
2025-04-28 04:57:46|INFO   |MarketDataSync|Starting aggregation for 'tse_ifb_symbols_daily' (Period: 2025-04-26T20:30:00+00:00 to 2025-04-27T20:30:00+00:00)
2025-04-28 04:57:46|WARNING|MarketDataSync|Skip Aggregation for tse_ifb_symbols_daily: Raw table 'tse_ifb_symbols_raw' does not exist.
2025-04-28 04:57:46|INFO   |MarketDataSync|Aggregation Results Summary: Success=1, Skipped=15, Errors=0
2025-04-28 04:57:46|INFO   |MarketDataSync|DB connection closed.
2025-04-28 04:57:46|INFO   |MarketDataSync|[32m--- Market Data Sync Cycle Finished in 0.04 seconds ---[0m
2025-04-28 04:57:46|INFO   |MarketDataSync|Improvement Suggestion 1: Implement more specific error handling for common API issues (e.g., rate limits, maintenance status codes).
2025-04-28 04:57:46|INFO   |MarketDataSync|Improvement Suggestion 2: Consider adding data quality checks (e.g., price outliers, missing symbols) after fetching or before aggregation.
