2025-04-25 12:14:41|DEBUG  |MarketDataSync|Checking for logs older than 12 hours (2025-04-25T00:14:41.907515) in 'logs'...
2025-04-25 12:14:41|DEBUG  |MarketDataSync|Log cleanup finished. Removed 0 old files.
2025-04-25 12:14:41|INFO   |MarketDataSync|Logging setup complete. Console Level: INFO, File Level: DEBUG
2025-04-25 12:14:41|INFO   |MarketDataSync|Current log file: logs/market_data_20250425_121441.log
2025-04-25 12:14:41|INFO   |MarketDataSync|[32m--- Starting Market Data Sync Cycle ---[0m
2025-04-25 12:14:41|DEBUG  |MarketDataSync|Connecting to DB: data/market_data.duckdb
2025-04-25 12:14:41|INFO   |MarketDataSync|DB connection successful.
2025-04-25 12:14:41|DEBUG  |MarketDataSync|Ensured aggregation_tracker table exists.
2025-04-25 12:14:41|DEBUG  |MarketDataSync|Cycle time: UTC=2025-04-25T08:44:41.934512+00:00, Local=2025-04-25T12:14:41.934512+03:30
2025-04-25 12:14:41|INFO   |MarketDataSync|--- Checking API Fetch Tasks ---
2025-04-25 12:14:41|DEBUG  |MarketDataSync|Checking fetch task: 'gold_currency'
2025-04-25 12:14:41|DEBUG  |MarketDataSync|Task 'fetch_gold_currency': Last=2025-04-25T12:01:49.902001+03:30, Since=0:12:52.032511, Interval=0:10:00, Due=True
2025-04-25 12:14:41|INFO   |MarketDataSync|Scheduling fetch for: 'gold_currency'
2025-04-25 12:14:41|DEBUG  |MarketDataSync|Checking fetch task: 'crypto'
2025-04-25 12:14:41|DEBUG  |MarketDataSync|Task 'fetch_crypto': Last=2025-04-25T12:01:49.902001+03:30, Since=0:12:52.032511, Interval=0:10:00, Due=True
2025-04-25 12:14:41|INFO   |MarketDataSync|Scheduling fetch for: 'crypto'
2025-04-25 12:14:41|DEBUG  |MarketDataSync|Checking fetch task: 'commodity'
2025-04-25 12:14:41|DEBUG  |MarketDataSync|Task 'fetch_commodity': Last=2025-04-25T12:01:49.902001+03:30, Since=0:12:52.032511, Interval=0:10:00, Due=True
2025-04-25 12:14:41|INFO   |MarketDataSync|Scheduling fetch for: 'commodity'
2025-04-25 12:14:41|DEBUG  |MarketDataSync|Checking fetch task: 'tse_ifb_symbols'
2025-04-25 12:14:41|DEBUG  |MarketDataSync|Market Check: Local=12:14:41 +0330, WDay=4, Time=12:14:41.937604 vs 08:45:00-12:45:00, Days=[5, 6, 0, 1, 2]
2025-04-25 12:14:41|DEBUG  |MarketDataSync|Market Status: CLOSED (Day)
2025-04-25 12:14:41|DEBUG  |MarketDataSync| -> Skip 'tse_ifb_symbols': Market is closed.
2025-04-25 12:14:41|DEBUG  |MarketDataSync|Checking fetch task: 'tse_options'
2025-04-25 12:14:41|DEBUG  |MarketDataSync| -> Skip 'tse_options': Disabled in config.
2025-04-25 12:14:41|DEBUG  |MarketDataSync|Checking fetch task: 'tse_nav'
2025-04-25 12:14:41|DEBUG  |MarketDataSync| -> Skip 'tse_nav': Disabled in config.
2025-04-25 12:14:41|DEBUG  |MarketDataSync|Checking fetch task: 'tse_index'
2025-04-25 12:14:41|DEBUG  |MarketDataSync| -> Skip 'tse_index': Disabled in config.
2025-04-25 12:14:41|DEBUG  |MarketDataSync|Checking fetch task: 'ifb_index'
2025-04-25 12:14:41|DEBUG  |MarketDataSync| -> Skip 'ifb_index': Disabled in config.
2025-04-25 12:14:41|DEBUG  |MarketDataSync|Checking fetch task: 'selected_indices'
2025-04-25 12:14:41|DEBUG  |MarketDataSync| -> Skip 'selected_indices': Disabled in config.
2025-04-25 12:14:41|DEBUG  |MarketDataSync|Checking fetch task: 'debt_securities'
2025-04-25 12:14:41|DEBUG  |MarketDataSync|Market Check: Local=12:14:41 +0330, WDay=4, Time=12:14:41.937979 vs 08:45:00-12:45:00, Days=[5, 6, 0, 1, 2]
2025-04-25 12:14:41|DEBUG  |MarketDataSync|Market Status: CLOSED (Day)
2025-04-25 12:14:41|DEBUG  |MarketDataSync| -> Skip 'debt_securities': Market is closed.
2025-04-25 12:14:41|DEBUG  |MarketDataSync|Checking fetch task: 'housing_facilities'
2025-04-25 12:14:41|DEBUG  |MarketDataSync|Market Check: Local=12:14:41 +0330, WDay=4, Time=12:14:41.938076 vs 08:45:00-12:45:00, Days=[5, 6, 0, 1, 2]
2025-04-25 12:14:41|DEBUG  |MarketDataSync|Market Status: CLOSED (Day)
2025-04-25 12:14:41|DEBUG  |MarketDataSync| -> Skip 'housing_facilities': Market is closed.
2025-04-25 12:14:41|DEBUG  |MarketDataSync|Checking fetch task: 'futures'
2025-04-25 12:14:41|DEBUG  |MarketDataSync|Market Check: Local=12:14:41 +0330, WDay=4, Time=12:14:41.938162 vs 08:45:00-12:45:00, Days=[5, 6, 0, 1, 2]
2025-04-25 12:14:41|DEBUG  |MarketDataSync|Market Status: CLOSED (Day)
2025-04-25 12:14:41|DEBUG  |MarketDataSync| -> Skip 'futures': Market is closed.
2025-04-25 12:14:41|INFO   |MarketDataSync|Attempting to fetch data for 3 endpoints...
2025-04-25 12:14:41|DEBUG  |MarketDataSync|Requesting: gold_currency (https://brsapi.ir/Api/Market/Gold_Currency.php?key=********)
2025-04-25 12:14:41|DEBUG  |MarketDataSync|Requesting: crypto (https://brsapi.ir/Api/Market/Cryptocurrency.php?key=********)
2025-04-25 12:14:41|DEBUG  |MarketDataSync|Requesting: commodity (https://brsapi.ir/Api/Market/Commodity.php?key=********)
2025-04-25 12:14:43|DEBUG  |MarketDataSync|Response: gold_currency Status=200 in 1.39s
2025-04-25 12:14:43|DEBUG  |MarketDataSync|Response: crypto Status=200 in 1.39s
2025-04-25 12:14:43|INFO   |MarketDataSync|Success: Fetched 'gold_currency'.
2025-04-25 12:14:43|DEBUG  |MarketDataSync|Response: commodity Status=200 in 1.41s
2025-04-25 12:14:43|INFO   |MarketDataSync|Success: Fetched 'commodity'.
2025-04-25 12:14:43|INFO   |MarketDataSync|Success: Fetched 'crypto'.
2025-04-25 12:14:43|INFO   |MarketDataSync|--- Processing Fetch Results ---
2025-04-25 12:14:43|DEBUG  |MarketDataSync|Ensured table 'gold_currency_raw' exists.
2025-04-25 12:14:43|DEBUG  |MarketDataSync|Inserted raw data into 'gold_currency_raw'.
2025-04-25 12:14:43|DEBUG  |MarketDataSync|Saved latest raw JSON: gold_currency.json
2025-04-25 12:14:43|DEBUG  |MarketDataSync|Updated last run time for 'fetch_gold_currency' to 2025-04-25T08:44:41.934512+00:00
2025-04-25 12:14:43|DEBUG  |MarketDataSync|Ensured table 'crypto_raw' exists.
2025-04-25 12:14:43|DEBUG  |MarketDataSync|Inserted raw data into 'crypto_raw'.
2025-04-25 12:14:43|DEBUG  |MarketDataSync|Saved latest raw JSON: cryptocurrency.json
2025-04-25 12:14:43|DEBUG  |MarketDataSync|Updated last run time for 'fetch_crypto' to 2025-04-25T08:44:41.934512+00:00
2025-04-25 12:14:43|DEBUG  |MarketDataSync|Ensured table 'commodity_raw' exists.
2025-04-25 12:14:43|DEBUG  |MarketDataSync|Inserted raw data into 'commodity_raw'.
2025-04-25 12:14:43|DEBUG  |MarketDataSync|Saved latest raw JSON: commodity.json
2025-04-25 12:14:43|DEBUG  |MarketDataSync|Updated last run time for 'fetch_commodity' to 2025-04-25T08:44:41.934512+00:00
2025-04-25 12:14:43|INFO   |MarketDataSync|Fetch Results Summary: Processed=3, DB Inserts=3, Errors=0
2025-04-25 12:14:43|INFO   |MarketDataSync|--- Checking Aggregation Tasks ---
2025-04-25 12:14:43|DEBUG  |MarketDataSync|Checking aggregations for 'gold_currency': Levels=['6h', '12h', 'daily', '3d', 'weekly']
2025-04-25 12:14:43|INFO   |MarketDataSync|Task 'aggregate_6h_gold_currency' due: Never run before.
2025-04-25 12:14:43|DEBUG  |MarketDataSync|Interval agg 'aggregate_6h_gold_currency' period: 2025-04-25T02:44:41.934512+00:00 to 2025-04-25T08:44:41.934512+00:00
2025-04-25 12:14:43|INFO   |MarketDataSync|Running Aggregation: 'aggregate_6h_gold_currency' for period ending 2025-04-25T08:44:41.934512+00:00
2025-04-25 12:14:43|DEBUG  |MarketDataSync|Ensured table 'gold_currency_6h' exists.
2025-04-25 12:14:43|DEBUG  |MarketDataSync|Executing agg query for gold_currency_6h (path: $.gold) period: 2025-04-25T02:44:41.934512+00:00 - 2025-04-25T08:44:41.934512+00:00
2025-04-25 12:14:43|ERROR  |MarketDataSync|DuckDB Binder Error during aggregation query for gold_currency_6h (path: $.gold): Binder Error: UNNEST() can only be applied to lists, structs and NULL

LINE 13:                     unnest(item_array) AS item
                             ^. Please check query structure.
Traceback (most recent call last):
  File "/home/runner/work/riyales-api/riyales-api/src/main.py", line 460, in calculate_and_store_aggregates
    aggregates = conn.execute(query, (start_time_utc, end_time_utc)).fetchall()
                 ~~~~~~~~~~~~^^^^^^^^^^^^^^^^^^^^^^^^^^^^^^^^^^^^^^^
duckdb.duckdb.BinderException: Binder Error: UNNEST() can only be applied to lists, structs and NULL

LINE 13:                     unnest(item_array) AS item
                             ^
2025-04-25 12:14:43|ERROR  |MarketDataSync|Aggregation failed for gold_currency level 6h due to query error.
2025-04-25 12:14:43|INFO   |MarketDataSync|Task 'aggregate_12h_gold_currency' due: Never run before.
2025-04-25 12:14:43|DEBUG  |MarketDataSync|Interval agg 'aggregate_12h_gold_currency' period: 2025-04-24T20:44:41.934512+00:00 to 2025-04-25T08:44:41.934512+00:00
2025-04-25 12:14:43|INFO   |MarketDataSync|Running Aggregation: 'aggregate_12h_gold_currency' for period ending 2025-04-25T08:44:41.934512+00:00
2025-04-25 12:14:43|DEBUG  |MarketDataSync|Ensured table 'gold_currency_12h' exists.
2025-04-25 12:14:43|DEBUG  |MarketDataSync|Executing agg query for gold_currency_12h (path: $.gold) period: 2025-04-24T20:44:41.934512+00:00 - 2025-04-25T08:44:41.934512+00:00
2025-04-25 12:14:43|ERROR  |MarketDataSync|DuckDB Binder Error during aggregation query for gold_currency_12h (path: $.gold): Binder Error: UNNEST() can only be applied to lists, structs and NULL

LINE 13:                     unnest(item_array) AS item
                             ^. Please check query structure.
Traceback (most recent call last):
  File "/home/runner/work/riyales-api/riyales-api/src/main.py", line 460, in calculate_and_store_aggregates
    aggregates = conn.execute(query, (start_time_utc, end_time_utc)).fetchall()
                 ~~~~~~~~~~~~^^^^^^^^^^^^^^^^^^^^^^^^^^^^^^^^^^^^^^^
duckdb.duckdb.BinderException: Binder Error: UNNEST() can only be applied to lists, structs and NULL

LINE 13:                     unnest(item_array) AS item
                             ^
2025-04-25 12:14:43|ERROR  |MarketDataSync|Aggregation failed for gold_currency level 12h due to query error.
2025-04-25 12:14:43|DEBUG  |MarketDataSync|Skip Daily 'aggregate_daily_gold_currency': Already ran for 2025-04-25.
2025-04-25 12:14:43|INFO   |MarketDataSync|Task 'aggregate_3d_gold_currency' due: Never run before.
2025-04-25 12:14:43|DEBUG  |MarketDataSync|Interval agg 'aggregate_3d_gold_currency' period: 2025-04-22T08:44:41.934512+00:00 to 2025-04-25T08:44:41.934512+00:00
2025-04-25 12:14:43|INFO   |MarketDataSync|Running Aggregation: 'aggregate_3d_gold_currency' for period ending 2025-04-25T08:44:41.934512+00:00
2025-04-25 12:14:43|DEBUG  |MarketDataSync|Ensured table 'gold_currency_3d' exists.
2025-04-25 12:14:43|DEBUG  |MarketDataSync|Executing agg query for gold_currency_3d (path: $.gold) period: 2025-04-22T08:44:41.934512+00:00 - 2025-04-25T08:44:41.934512+00:00
2025-04-25 12:14:43|ERROR  |MarketDataSync|DuckDB Binder Error during aggregation query for gold_currency_3d (path: $.gold): Binder Error: UNNEST() can only be applied to lists, structs and NULL

LINE 13:                     unnest(item_array) AS item
                             ^. Please check query structure.
Traceback (most recent call last):
  File "/home/runner/work/riyales-api/riyales-api/src/main.py", line 460, in calculate_and_store_aggregates
    aggregates = conn.execute(query, (start_time_utc, end_time_utc)).fetchall()
                 ~~~~~~~~~~~~^^^^^^^^^^^^^^^^^^^^^^^^^^^^^^^^^^^^^^^
duckdb.duckdb.BinderException: Binder Error: UNNEST() can only be applied to lists, structs and NULL

LINE 13:                     unnest(item_array) AS item
                             ^
2025-04-25 12:14:43|ERROR  |MarketDataSync|Aggregation failed for gold_currency level 3d due to query error.
2025-04-25 12:14:43|INFO   |MarketDataSync|Task 'aggregate_weekly_gold_currency' due: Never run before.
2025-04-25 12:14:43|DEBUG  |MarketDataSync|Interval agg 'aggregate_weekly_gold_currency' period: 2025-04-18T08:44:41.934512+00:00 to 2025-04-25T08:44:41.934512+00:00
2025-04-25 12:14:43|INFO   |MarketDataSync|Running Aggregation: 'aggregate_weekly_gold_currency' for period ending 2025-04-25T08:44:41.934512+00:00
2025-04-25 12:14:43|DEBUG  |MarketDataSync|Ensured table 'gold_currency_weekly' exists.
2025-04-25 12:14:43|DEBUG  |MarketDataSync|Executing agg query for gold_currency_weekly (path: $.gold) period: 2025-04-18T08:44:41.934512+00:00 - 2025-04-25T08:44:41.934512+00:00
2025-04-25 12:14:43|ERROR  |MarketDataSync|DuckDB Binder Error during aggregation query for gold_currency_weekly (path: $.gold): Binder Error: UNNEST() can only be applied to lists, structs and NULL

LINE 13:                     unnest(item_array) AS item
                             ^. Please check query structure.
Traceback (most recent call last):
  File "/home/runner/work/riyales-api/riyales-api/src/main.py", line 460, in calculate_and_store_aggregates
    aggregates = conn.execute(query, (start_time_utc, end_time_utc)).fetchall()
                 ~~~~~~~~~~~~^^^^^^^^^^^^^^^^^^^^^^^^^^^^^^^^^^^^^^^
duckdb.duckdb.BinderException: Binder Error: UNNEST() can only be applied to lists, structs and NULL

LINE 13:                     unnest(item_array) AS item
                             ^
2025-04-25 12:14:43|ERROR  |MarketDataSync|Aggregation failed for gold_currency level weekly due to query error.
2025-04-25 12:14:43|DEBUG  |MarketDataSync|Checking aggregations for 'crypto': Levels=['6h', '12h', 'daily', '3d', 'weekly']
2025-04-25 12:14:43|INFO   |MarketDataSync|Task 'aggregate_6h_crypto' due: Never run before.
2025-04-25 12:14:43|DEBUG  |MarketDataSync|Interval agg 'aggregate_6h_crypto' period: 2025-04-25T02:44:41.934512+00:00 to 2025-04-25T08:44:41.934512+00:00
2025-04-25 12:14:43|INFO   |MarketDataSync|Running Aggregation: 'aggregate_6h_crypto' for period ending 2025-04-25T08:44:41.934512+00:00
2025-04-25 12:14:43|DEBUG  |MarketDataSync|Ensured table 'crypto_6h' exists.
2025-04-25 12:14:43|DEBUG  |MarketDataSync|Executing agg query for crypto_6h (path: $) period: 2025-04-25T02:44:41.934512+00:00 - 2025-04-25T08:44:41.934512+00:00
2025-04-25 12:14:43|ERROR  |MarketDataSync|DuckDB Binder Error during aggregation query for crypto_6h (path: $): Binder Error: UNNEST() can only be applied to lists, structs and NULL

LINE 13:                     unnest(item_array) AS item
                             ^. Please check query structure.
Traceback (most recent call last):
  File "/home/runner/work/riyales-api/riyales-api/src/main.py", line 460, in calculate_and_store_aggregates
    aggregates = conn.execute(query, (start_time_utc, end_time_utc)).fetchall()
                 ~~~~~~~~~~~~^^^^^^^^^^^^^^^^^^^^^^^^^^^^^^^^^^^^^^^
duckdb.duckdb.BinderException: Binder Error: UNNEST() can only be applied to lists, structs and NULL

LINE 13:                     unnest(item_array) AS item
                             ^
2025-04-25 12:14:43|ERROR  |MarketDataSync|Aggregation failed for crypto level 6h due to query error.
2025-04-25 12:14:43|INFO   |MarketDataSync|Task 'aggregate_12h_crypto' due: Never run before.
2025-04-25 12:14:43|DEBUG  |MarketDataSync|Interval agg 'aggregate_12h_crypto' period: 2025-04-24T20:44:41.934512+00:00 to 2025-04-25T08:44:41.934512+00:00
2025-04-25 12:14:43|INFO   |MarketDataSync|Running Aggregation: 'aggregate_12h_crypto' for period ending 2025-04-25T08:44:41.934512+00:00
2025-04-25 12:14:43|DEBUG  |MarketDataSync|Ensured table 'crypto_12h' exists.
2025-04-25 12:14:43|DEBUG  |MarketDataSync|Executing agg query for crypto_12h (path: $) period: 2025-04-24T20:44:41.934512+00:00 - 2025-04-25T08:44:41.934512+00:00
2025-04-25 12:14:43|ERROR  |MarketDataSync|DuckDB Binder Error during aggregation query for crypto_12h (path: $): Binder Error: UNNEST() can only be applied to lists, structs and NULL

LINE 13:                     unnest(item_array) AS item
                             ^. Please check query structure.
Traceback (most recent call last):
  File "/home/runner/work/riyales-api/riyales-api/src/main.py", line 460, in calculate_and_store_aggregates
    aggregates = conn.execute(query, (start_time_utc, end_time_utc)).fetchall()
                 ~~~~~~~~~~~~^^^^^^^^^^^^^^^^^^^^^^^^^^^^^^^^^^^^^^^
duckdb.duckdb.BinderException: Binder Error: UNNEST() can only be applied to lists, structs and NULL

LINE 13:                     unnest(item_array) AS item
                             ^
2025-04-25 12:14:43|ERROR  |MarketDataSync|Aggregation failed for crypto level 12h due to query error.
2025-04-25 12:14:43|DEBUG  |MarketDataSync|Skip Daily 'aggregate_daily_crypto': Already ran for 2025-04-25.
2025-04-25 12:14:43|INFO   |MarketDataSync|Task 'aggregate_3d_crypto' due: Never run before.
2025-04-25 12:14:43|DEBUG  |MarketDataSync|Interval agg 'aggregate_3d_crypto' period: 2025-04-22T08:44:41.934512+00:00 to 2025-04-25T08:44:41.934512+00:00
2025-04-25 12:14:43|INFO   |MarketDataSync|Running Aggregation: 'aggregate_3d_crypto' for period ending 2025-04-25T08:44:41.934512+00:00
2025-04-25 12:14:43|DEBUG  |MarketDataSync|Ensured table 'crypto_3d' exists.
2025-04-25 12:14:43|DEBUG  |MarketDataSync|Executing agg query for crypto_3d (path: $) period: 2025-04-22T08:44:41.934512+00:00 - 2025-04-25T08:44:41.934512+00:00
2025-04-25 12:14:43|ERROR  |MarketDataSync|DuckDB Binder Error during aggregation query for crypto_3d (path: $): Binder Error: UNNEST() can only be applied to lists, structs and NULL

LINE 13:                     unnest(item_array) AS item
                             ^. Please check query structure.
Traceback (most recent call last):
  File "/home/runner/work/riyales-api/riyales-api/src/main.py", line 460, in calculate_and_store_aggregates
    aggregates = conn.execute(query, (start_time_utc, end_time_utc)).fetchall()
                 ~~~~~~~~~~~~^^^^^^^^^^^^^^^^^^^^^^^^^^^^^^^^^^^^^^^
duckdb.duckdb.BinderException: Binder Error: UNNEST() can only be applied to lists, structs and NULL

LINE 13:                     unnest(item_array) AS item
                             ^
2025-04-25 12:14:43|ERROR  |MarketDataSync|Aggregation failed for crypto level 3d due to query error.
2025-04-25 12:14:43|INFO   |MarketDataSync|Task 'aggregate_weekly_crypto' due: Never run before.
2025-04-25 12:14:43|DEBUG  |MarketDataSync|Interval agg 'aggregate_weekly_crypto' period: 2025-04-18T08:44:41.934512+00:00 to 2025-04-25T08:44:41.934512+00:00
2025-04-25 12:14:43|INFO   |MarketDataSync|Running Aggregation: 'aggregate_weekly_crypto' for period ending 2025-04-25T08:44:41.934512+00:00
2025-04-25 12:14:43|DEBUG  |MarketDataSync|Ensured table 'crypto_weekly' exists.
2025-04-25 12:14:43|DEBUG  |MarketDataSync|Executing agg query for crypto_weekly (path: $) period: 2025-04-18T08:44:41.934512+00:00 - 2025-04-25T08:44:41.934512+00:00
2025-04-25 12:14:43|ERROR  |MarketDataSync|DuckDB Binder Error during aggregation query for crypto_weekly (path: $): Binder Error: UNNEST() can only be applied to lists, structs and NULL

LINE 13:                     unnest(item_array) AS item
                             ^. Please check query structure.
Traceback (most recent call last):
  File "/home/runner/work/riyales-api/riyales-api/src/main.py", line 460, in calculate_and_store_aggregates
    aggregates = conn.execute(query, (start_time_utc, end_time_utc)).fetchall()
                 ~~~~~~~~~~~~^^^^^^^^^^^^^^^^^^^^^^^^^^^^^^^^^^^^^^^
duckdb.duckdb.BinderException: Binder Error: UNNEST() can only be applied to lists, structs and NULL

LINE 13:                     unnest(item_array) AS item
                             ^
2025-04-25 12:14:43|ERROR  |MarketDataSync|Aggregation failed for crypto level weekly due to query error.
2025-04-25 12:14:43|DEBUG  |MarketDataSync|Checking aggregations for 'commodity': Levels=['6h', '12h', 'daily', '3d', 'weekly']
2025-04-25 12:14:43|INFO   |MarketDataSync|Task 'aggregate_6h_commodity' due: Never run before.
2025-04-25 12:14:43|DEBUG  |MarketDataSync|Interval agg 'aggregate_6h_commodity' period: 2025-04-25T02:44:41.934512+00:00 to 2025-04-25T08:44:41.934512+00:00
2025-04-25 12:14:43|INFO   |MarketDataSync|Running Aggregation: 'aggregate_6h_commodity' for period ending 2025-04-25T08:44:41.934512+00:00
2025-04-25 12:14:43|DEBUG  |MarketDataSync|Ensured table 'commodity_6h' exists.
2025-04-25 12:14:43|DEBUG  |MarketDataSync|Executing agg query for commodity_6h (path: $.metal_precious) period: 2025-04-25T02:44:41.934512+00:00 - 2025-04-25T08:44:41.934512+00:00
2025-04-25 12:14:43|ERROR  |MarketDataSync|DuckDB Binder Error during aggregation query for commodity_6h (path: $.metal_precious): Binder Error: UNNEST() can only be applied to lists, structs and NULL

LINE 13:                     unnest(item_array) AS item
                             ^. Please check query structure.
Traceback (most recent call last):
  File "/home/runner/work/riyales-api/riyales-api/src/main.py", line 460, in calculate_and_store_aggregates
    aggregates = conn.execute(query, (start_time_utc, end_time_utc)).fetchall()
                 ~~~~~~~~~~~~^^^^^^^^^^^^^^^^^^^^^^^^^^^^^^^^^^^^^^^
duckdb.duckdb.BinderException: Binder Error: UNNEST() can only be applied to lists, structs and NULL

LINE 13:                     unnest(item_array) AS item
                             ^
2025-04-25 12:14:43|ERROR  |MarketDataSync|Aggregation failed for commodity level 6h due to query error.
2025-04-25 12:14:43|INFO   |MarketDataSync|Task 'aggregate_12h_commodity' due: Never run before.
2025-04-25 12:14:43|DEBUG  |MarketDataSync|Interval agg 'aggregate_12h_commodity' period: 2025-04-24T20:44:41.934512+00:00 to 2025-04-25T08:44:41.934512+00:00
2025-04-25 12:14:43|INFO   |MarketDataSync|Running Aggregation: 'aggregate_12h_commodity' for period ending 2025-04-25T08:44:41.934512+00:00
2025-04-25 12:14:43|DEBUG  |MarketDataSync|Ensured table 'commodity_12h' exists.
2025-04-25 12:14:43|DEBUG  |MarketDataSync|Executing agg query for commodity_12h (path: $.metal_precious) period: 2025-04-24T20:44:41.934512+00:00 - 2025-04-25T08:44:41.934512+00:00
2025-04-25 12:14:43|ERROR  |MarketDataSync|DuckDB Binder Error during aggregation query for commodity_12h (path: $.metal_precious): Binder Error: UNNEST() can only be applied to lists, structs and NULL

LINE 13:                     unnest(item_array) AS item
                             ^. Please check query structure.
Traceback (most recent call last):
  File "/home/runner/work/riyales-api/riyales-api/src/main.py", line 460, in calculate_and_store_aggregates
    aggregates = conn.execute(query, (start_time_utc, end_time_utc)).fetchall()
                 ~~~~~~~~~~~~^^^^^^^^^^^^^^^^^^^^^^^^^^^^^^^^^^^^^^^
duckdb.duckdb.BinderException: Binder Error: UNNEST() can only be applied to lists, structs and NULL

LINE 13:                     unnest(item_array) AS item
                             ^
2025-04-25 12:14:43|ERROR  |MarketDataSync|Aggregation failed for commodity level 12h due to query error.
2025-04-25 12:14:43|DEBUG  |MarketDataSync|Skip Daily 'aggregate_daily_commodity': Already ran for 2025-04-25.
2025-04-25 12:14:43|INFO   |MarketDataSync|Task 'aggregate_3d_commodity' due: Never run before.
2025-04-25 12:14:43|DEBUG  |MarketDataSync|Interval agg 'aggregate_3d_commodity' period: 2025-04-22T08:44:41.934512+00:00 to 2025-04-25T08:44:41.934512+00:00
2025-04-25 12:14:43|INFO   |MarketDataSync|Running Aggregation: 'aggregate_3d_commodity' for period ending 2025-04-25T08:44:41.934512+00:00
2025-04-25 12:14:43|DEBUG  |MarketDataSync|Ensured table 'commodity_3d' exists.
2025-04-25 12:14:43|DEBUG  |MarketDataSync|Executing agg query for commodity_3d (path: $.metal_precious) period: 2025-04-22T08:44:41.934512+00:00 - 2025-04-25T08:44:41.934512+00:00
2025-04-25 12:14:43|ERROR  |MarketDataSync|DuckDB Binder Error during aggregation query for commodity_3d (path: $.metal_precious): Binder Error: UNNEST() can only be applied to lists, structs and NULL

LINE 13:                     unnest(item_array) AS item
                             ^. Please check query structure.
Traceback (most recent call last):
  File "/home/runner/work/riyales-api/riyales-api/src/main.py", line 460, in calculate_and_store_aggregates
    aggregates = conn.execute(query, (start_time_utc, end_time_utc)).fetchall()
                 ~~~~~~~~~~~~^^^^^^^^^^^^^^^^^^^^^^^^^^^^^^^^^^^^^^^
duckdb.duckdb.BinderException: Binder Error: UNNEST() can only be applied to lists, structs and NULL

LINE 13:                     unnest(item_array) AS item
                             ^
2025-04-25 12:14:43|ERROR  |MarketDataSync|Aggregation failed for commodity level 3d due to query error.
2025-04-25 12:14:43|INFO   |MarketDataSync|Task 'aggregate_weekly_commodity' due: Never run before.
2025-04-25 12:14:43|DEBUG  |MarketDataSync|Interval agg 'aggregate_weekly_commodity' period: 2025-04-18T08:44:41.934512+00:00 to 2025-04-25T08:44:41.934512+00:00
2025-04-25 12:14:43|INFO   |MarketDataSync|Running Aggregation: 'aggregate_weekly_commodity' for period ending 2025-04-25T08:44:41.934512+00:00
2025-04-25 12:14:43|DEBUG  |MarketDataSync|Ensured table 'commodity_weekly' exists.
2025-04-25 12:14:43|DEBUG  |MarketDataSync|Executing agg query for commodity_weekly (path: $.metal_precious) period: 2025-04-18T08:44:41.934512+00:00 - 2025-04-25T08:44:41.934512+00:00
2025-04-25 12:14:43|ERROR  |MarketDataSync|DuckDB Binder Error during aggregation query for commodity_weekly (path: $.metal_precious): Binder Error: UNNEST() can only be applied to lists, structs and NULL

LINE 13:                     unnest(item_array) AS item
                             ^. Please check query structure.
Traceback (most recent call last):
  File "/home/runner/work/riyales-api/riyales-api/src/main.py", line 460, in calculate_and_store_aggregates
    aggregates = conn.execute(query, (start_time_utc, end_time_utc)).fetchall()
                 ~~~~~~~~~~~~^^^^^^^^^^^^^^^^^^^^^^^^^^^^^^^^^^^^^^^
duckdb.duckdb.BinderException: Binder Error: UNNEST() can only be applied to lists, structs and NULL

LINE 13:                     unnest(item_array) AS item
                             ^
2025-04-25 12:14:43|ERROR  |MarketDataSync|Aggregation failed for commodity level weekly due to query error.
2025-04-25 12:14:43|DEBUG  |MarketDataSync|Checking aggregations for 'tse_ifb_symbols': Levels=['daily']
2025-04-25 12:14:43|DEBUG  |MarketDataSync|Daily agg 'aggregate_daily_tse_ifb_symbols' period: 2025-04-23T20:30:00+00:00 to 2025-04-24T20:30:00+00:00
2025-04-25 12:14:43|INFO   |MarketDataSync|Running Aggregation: 'aggregate_daily_tse_ifb_symbols' for period ending 2025-04-24
2025-04-25 12:14:43|WARNING|MarketDataSync|Skip Aggregation for tse_ifb_symbols_daily: Raw table 'tse_ifb_symbols_raw' does not exist.
2025-04-25 12:14:43|DEBUG  |MarketDataSync|No aggregation levels configured for 'debt_securities'.
2025-04-25 12:14:43|DEBUG  |MarketDataSync|No aggregation levels configured for 'housing_facilities'.
2025-04-25 12:14:43|DEBUG  |MarketDataSync|No aggregation levels configured for 'futures'.
2025-04-25 12:14:43|INFO   |MarketDataSync|Aggregation Results Summary: Success=1, Skipped=3, Errors=12
2025-04-25 12:14:43|INFO   |MarketDataSync|DB connection closed.
2025-04-25 12:14:43|INFO   |MarketDataSync|[32m--- Market Data Sync Cycle Finished in 2.06 seconds ---[0m
2025-04-25 12:14:43|INFO   |MarketDataSync|Improvement Suggestion 1: Monitor DuckDB file size and consider partitioning or archiving raw data if it grows excessively large.
2025-04-25 12:14:43|INFO   |MarketDataSync|Improvement Suggestion 2: Add schema validation for API responses using a library like Pydantic to catch unexpected data structures early.
