2025-04-28 13:50:15|DEBUG  |MarketDataSync|Checking for logs older than 12 hours (2025-04-28T01:50:15.521486) in 'logs'...
2025-04-28 13:50:15|DEBUG  |MarketDataSync|Log cleanup finished. Removed 0 old files.
2025-04-28 13:50:15|INFO   |MarketDataSync|Logging setup complete. Target Console Level: INFO, File Level: DEBUG
2025-04-28 13:50:15|INFO   |MarketDataSync|Current log file: logs/market_data_20250428_135015.log
2025-04-28 13:50:15|DEBUG  |MarketDataSync|To change console log level, set the 'LOG_LEVEL' environment variable (e.g., 'DEBUG', 'INFO', 'WARNING').
2025-04-28 13:50:15|INFO   |MarketDataSync|[32m--- Starting Market Data Sync Cycle ---[0m
2025-04-28 13:50:15|DEBUG  |MarketDataSync|Attempting to connect to DB: data/market_data.duckdb
2025-04-28 13:50:15|INFO   |MarketDataSync|DB connection successful.
2025-04-28 13:50:15|DEBUG  |MarketDataSync|Ensured aggregation_tracker table exists.
2025-04-28 13:50:15|DEBUG  |MarketDataSync|Cycle time: UTC=2025-04-28T13:50:15.562083+00:00, Local=2025-04-28T17:20:15.562083+03:30
2025-04-28 13:50:15|INFO   |MarketDataSync|--- Checking API Fetch Tasks ---
2025-04-28 13:50:15|DEBUG  |MarketDataSync|Checking fetch task: 'gold_currency'
2025-04-28 13:50:15|DEBUG  |MarketDataSync|Task 'fetch_gold_currency': LastRunUTC=2025-04-28T13:13:43.340799+00:00, TimeSince=0:36:32.221284, Interval=0:10:00, IsDue=True
2025-04-28 13:50:15|INFO   |MarketDataSync|Scheduling fetch for: 'gold_currency'
2025-04-28 13:50:15|DEBUG  |MarketDataSync|Checking fetch task: 'crypto'
2025-04-28 13:50:15|DEBUG  |MarketDataSync|Task 'fetch_crypto': LastRunUTC=2025-04-28T13:13:43.340799+00:00, TimeSince=0:36:32.221284, Interval=0:10:00, IsDue=True
2025-04-28 13:50:15|INFO   |MarketDataSync|Scheduling fetch for: 'crypto'
2025-04-28 13:50:15|DEBUG  |MarketDataSync|Checking fetch task: 'commodity'
2025-04-28 13:50:15|DEBUG  |MarketDataSync|Task 'fetch_commodity': LastRunUTC=2025-04-28T13:13:43.340799+00:00, TimeSince=0:36:32.221284, Interval=0:10:00, IsDue=True
2025-04-28 13:50:15|INFO   |MarketDataSync|Scheduling fetch for: 'commodity'
2025-04-28 13:50:15|DEBUG  |MarketDataSync|Checking fetch task: 'tse_ifb_symbols'
2025-04-28 13:50:15|DEBUG  |MarketDataSync|Market Check: LocalTime=17:20:15 +0330, Weekday=0, CurrentTime=17:20:15.565452, MarketHours=08:45:00-12:45:00, MarketDays=[5, 6, 0, 1, 2]
2025-04-28 13:50:15|DEBUG  |MarketDataSync|Market Status: CLOSED (Within Market Hours Check)
2025-04-28 13:50:15|DEBUG  |MarketDataSync| -> Skip 'tse_ifb_symbols': Market is closed.
2025-04-28 13:50:15|DEBUG  |MarketDataSync|Checking fetch task: 'tse_options'
2025-04-28 13:50:15|DEBUG  |MarketDataSync| -> Skip 'tse_options': Disabled in config.
2025-04-28 13:50:15|DEBUG  |MarketDataSync|Checking fetch task: 'tse_nav'
2025-04-28 13:50:15|DEBUG  |MarketDataSync| -> Skip 'tse_nav': Disabled in config.
2025-04-28 13:50:15|DEBUG  |MarketDataSync|Checking fetch task: 'tse_index'
2025-04-28 13:50:15|DEBUG  |MarketDataSync| -> Skip 'tse_index': Disabled in config.
2025-04-28 13:50:15|DEBUG  |MarketDataSync|Checking fetch task: 'ifb_index'
2025-04-28 13:50:15|DEBUG  |MarketDataSync| -> Skip 'ifb_index': Disabled in config.
2025-04-28 13:50:15|DEBUG  |MarketDataSync|Checking fetch task: 'selected_indices'
2025-04-28 13:50:15|DEBUG  |MarketDataSync| -> Skip 'selected_indices': Disabled in config.
2025-04-28 13:50:15|DEBUG  |MarketDataSync|Checking fetch task: 'debt_securities'
2025-04-28 13:50:15|DEBUG  |MarketDataSync|Market Check: LocalTime=17:20:15 +0330, Weekday=0, CurrentTime=17:20:15.565809, MarketHours=08:45:00-12:45:00, MarketDays=[5, 6, 0, 1, 2]
2025-04-28 13:50:15|DEBUG  |MarketDataSync|Market Status: CLOSED (Within Market Hours Check)
2025-04-28 13:50:15|DEBUG  |MarketDataSync| -> Skip 'debt_securities': Market is closed.
2025-04-28 13:50:15|DEBUG  |MarketDataSync|Checking fetch task: 'housing_facilities'
2025-04-28 13:50:15|DEBUG  |MarketDataSync|Market Check: LocalTime=17:20:15 +0330, Weekday=0, CurrentTime=17:20:15.565912, MarketHours=08:45:00-12:45:00, MarketDays=[5, 6, 0, 1, 2]
2025-04-28 13:50:15|DEBUG  |MarketDataSync|Market Status: CLOSED (Within Market Hours Check)
2025-04-28 13:50:15|DEBUG  |MarketDataSync| -> Skip 'housing_facilities': Market is closed.
2025-04-28 13:50:15|DEBUG  |MarketDataSync|Checking fetch task: 'futures'
2025-04-28 13:50:15|DEBUG  |MarketDataSync|Market Check: LocalTime=17:20:15 +0330, Weekday=0, CurrentTime=17:20:15.566011, MarketHours=08:45:00-12:45:00, MarketDays=[5, 6, 0, 1, 2]
2025-04-28 13:50:15|DEBUG  |MarketDataSync|Market Status: CLOSED (Within Market Hours Check)
2025-04-28 13:50:15|DEBUG  |MarketDataSync| -> Skip 'futures': Market is closed.
2025-04-28 13:50:15|INFO   |MarketDataSync|Attempting to fetch data for 3 endpoints...
2025-04-28 13:50:15|DEBUG  |MarketDataSync|Requesting: gold_currency (https://brsapi.ir/Api/Market/Gold_Currency.php?key=********)
2025-04-28 13:50:15|DEBUG  |MarketDataSync|Requesting: crypto (https://brsapi.ir/Api/Market/Cryptocurrency.php?key=********)
2025-04-28 13:50:15|DEBUG  |MarketDataSync|Requesting: commodity (https://brsapi.ir/Api/Market/Commodity.php?key=********)
2025-04-28 13:50:17|DEBUG  |MarketDataSync|Response: crypto Status=200 in 1.74s
2025-04-28 13:50:17|DEBUG  |MarketDataSync|Response: commodity Status=200 in 1.74s
2025-04-28 13:50:17|INFO   |MarketDataSync|Success: Fetched 'commodity'.
2025-04-28 13:50:17|DEBUG  |MarketDataSync|Response: gold_currency Status=200 in 1.75s
2025-04-28 13:50:17|INFO   |MarketDataSync|Success: Fetched 'gold_currency'.
2025-04-28 13:50:18|INFO   |MarketDataSync|Success: Fetched 'crypto'.
2025-04-28 13:50:18|INFO   |MarketDataSync|--- Processing Fetch Results ---
2025-04-28 13:50:18|DEBUG  |MarketDataSync|Ensured table 'gold_currency_raw' exists or was created.
2025-04-28 13:50:18|DEBUG  |MarketDataSync|Inserted raw data into 'gold_currency_raw' for 2025-04-28T13:50:18.077628+00:00.
2025-04-28 13:50:18|DEBUG  |MarketDataSync|Saved latest raw JSON: gold_currency.json
2025-04-28 13:50:18|DEBUG  |MarketDataSync|Updated last run time for 'fetch_gold_currency' to 2025-04-28T13:50:15.562083+00:00
2025-04-28 13:50:18|DEBUG  |MarketDataSync|Ensured table 'crypto_raw' exists or was created.
2025-04-28 13:50:18|DEBUG  |MarketDataSync|Inserted raw data into 'crypto_raw' for 2025-04-28T13:50:18.077628+00:00.
2025-04-28 13:50:18|DEBUG  |MarketDataSync|Saved latest raw JSON: cryptocurrency.json
2025-04-28 13:50:18|DEBUG  |MarketDataSync|Updated last run time for 'fetch_crypto' to 2025-04-28T13:50:15.562083+00:00
2025-04-28 13:50:18|DEBUG  |MarketDataSync|Ensured table 'commodity_raw' exists or was created.
2025-04-28 13:50:18|DEBUG  |MarketDataSync|Inserted raw data into 'commodity_raw' for 2025-04-28T13:50:18.077628+00:00.
2025-04-28 13:50:18|DEBUG  |MarketDataSync|Saved latest raw JSON: commodity.json
2025-04-28 13:50:18|DEBUG  |MarketDataSync|Updated last run time for 'fetch_commodity' to 2025-04-28T13:50:15.562083+00:00
2025-04-28 13:50:18|INFO   |MarketDataSync|Fetch Results Summary: Processed=3, DB Inserts=3, Errors=0
2025-04-28 13:50:18|INFO   |MarketDataSync|--- Checking Aggregation Tasks ---
2025-04-28 13:50:18|DEBUG  |MarketDataSync|Checking aggregations for 'gold_currency': Levels=['6h', '12h', 'daily', '3d', 'weekly']
2025-04-28 13:50:18|DEBUG  |MarketDataSync|Task 'aggregate_6h_gold_currency': LastRunUTC=2025-04-28T12:21:53.882559+00:00, TimeSince=1:28:21.679524, Interval=6:00:00, IsDue=False
2025-04-28 13:50:18|DEBUG  |MarketDataSync|Task 'aggregate_12h_gold_currency': LastRunUTC=2025-04-28T12:21:53.954430+00:00, TimeSince=1:28:21.607653, Interval=12:00:00, IsDue=False
2025-04-28 13:50:18|DEBUG  |MarketDataSync|Skip Daily 'aggregate_daily_gold_currency': Already processed up to or including yesterday (2025-04-28).
2025-04-28 13:50:18|DEBUG  |MarketDataSync|Task 'aggregate_3d_gold_currency': LastRunUTC=2025-04-27T23:53:52.154884+00:00, TimeSince=13:56:23.407199, Interval=3 days, 0:00:00, IsDue=False
2025-04-28 13:50:18|DEBUG  |MarketDataSync|Task 'aggregate_weekly_gold_currency': LastRunUTC=2025-04-27T23:53:52.160884+00:00, TimeSince=13:56:23.401199, Interval=7 days, 0:00:00, IsDue=False
2025-04-28 13:50:18|DEBUG  |MarketDataSync|Checking aggregations for 'crypto': Levels=['6h', '12h', 'daily', '3d', 'weekly']
2025-04-28 13:50:18|DEBUG  |MarketDataSync|Task 'aggregate_6h_crypto': LastRunUTC=2025-04-28T12:21:54.073311+00:00, TimeSince=1:28:21.488772, Interval=6:00:00, IsDue=False
2025-04-28 13:50:18|DEBUG  |MarketDataSync|Task 'aggregate_12h_crypto': LastRunUTC=2025-04-28T12:21:54.332520+00:00, TimeSince=1:28:21.229563, Interval=12:00:00, IsDue=False
2025-04-28 13:50:18|DEBUG  |MarketDataSync|Skip Daily 'aggregate_daily_crypto': Already processed up to or including yesterday (2025-04-28).
2025-04-28 13:50:18|DEBUG  |MarketDataSync|Task 'aggregate_3d_crypto': LastRunUTC=2025-04-27T23:53:52.184634+00:00, TimeSince=13:56:23.377449, Interval=3 days, 0:00:00, IsDue=False
2025-04-28 13:50:18|DEBUG  |MarketDataSync|Task 'aggregate_weekly_crypto': LastRunUTC=2025-04-27T23:53:52.190994+00:00, TimeSince=13:56:23.371089, Interval=7 days, 0:00:00, IsDue=False
2025-04-28 13:50:18|DEBUG  |MarketDataSync|Checking aggregations for 'commodity': Levels=['6h', '12h', 'daily', '3d', 'weekly']
2025-04-28 13:50:18|DEBUG  |MarketDataSync|Task 'aggregate_6h_commodity': LastRunUTC=2025-04-28T12:21:54.361615+00:00, TimeSince=1:28:21.200468, Interval=6:00:00, IsDue=False
2025-04-28 13:50:18|DEBUG  |MarketDataSync|Task 'aggregate_12h_commodity': LastRunUTC=2025-04-28T12:21:54.404772+00:00, TimeSince=1:28:21.157311, Interval=12:00:00, IsDue=False
2025-04-28 13:50:18|DEBUG  |MarketDataSync|Skip Daily 'aggregate_daily_commodity': Already processed up to or including yesterday (2025-04-28).
2025-04-28 13:50:18|DEBUG  |MarketDataSync|Task 'aggregate_3d_commodity': LastRunUTC=2025-04-27T23:53:52.219063+00:00, TimeSince=13:56:23.343020, Interval=3 days, 0:00:00, IsDue=False
2025-04-28 13:50:18|DEBUG  |MarketDataSync|Task 'aggregate_weekly_commodity': LastRunUTC=2025-04-27T23:53:52.225242+00:00, TimeSince=13:56:23.336841, Interval=7 days, 0:00:00, IsDue=False
2025-04-28 13:50:18|DEBUG  |MarketDataSync|Checking aggregations for 'tse_ifb_symbols': Levels=['daily']
2025-04-28 13:50:18|DEBUG  |MarketDataSync|Skip Daily 'aggregate_daily_tse_ifb_symbols': Already processed up to or including yesterday (2025-04-28).
2025-04-28 13:50:18|INFO   |MarketDataSync|Aggregation Results Summary: Success=0, Skipped=16, Errors=0
2025-04-28 13:50:18|INFO   |MarketDataSync|DB connection closed.
2025-04-28 13:50:18|INFO   |MarketDataSync|[32m--- Market Data Sync Cycle Finished in 2.66 seconds ---[0m
2025-04-28 13:50:18|INFO   |MarketDataSync|Improvement Suggestion 1: Implement more specific error handling for common API issues (e.g., rate limits, maintenance status codes).
2025-04-28 13:50:18|INFO   |MarketDataSync|Improvement Suggestion 2: Consider adding data quality checks (e.g., price outliers, missing symbols) after fetching or before aggregation.
