2025-04-25 12:35:44|DEBUG  |MarketDataSync|Checking for logs older than 12 hours (2025-04-25T00:35:44.680537) in 'logs'...
2025-04-25 12:35:44|DEBUG  |MarketDataSync|Log cleanup finished. Removed 0 old files.
2025-04-25 12:35:44|INFO   |MarketDataSync|Logging setup complete. Target Console Level: DEBUG, File Level: DEBUG
2025-04-25 12:35:44|INFO   |MarketDataSync|Current log file: logs/market_data_20250425_123544.log
2025-04-25 12:35:44|DEBUG  |MarketDataSync|Set console log level via env var 'LOG_LEVEL' (e.g., DEBUG, INFO, WARNING).
2025-04-25 12:35:44|INFO   |MarketDataSync|[32m--- Starting Market Data Sync Cycle ---[0m
2025-04-25 12:35:44|DEBUG  |MarketDataSync|Connecting to DB: data/market_data.duckdb
2025-04-25 12:35:44|INFO   |MarketDataSync|DB connection successful.
2025-04-25 12:35:44|DEBUG  |MarketDataSync|Ensured aggregation_tracker table exists.
2025-04-25 12:35:44|DEBUG  |MarketDataSync|Cycle time: UTC=2025-04-25T09:05:44.731263+00:00, Local=2025-04-25T12:35:44.731263+03:30
2025-04-25 12:35:44|INFO   |MarketDataSync|--- Checking API Fetch Tasks ---
2025-04-25 12:35:44|DEBUG  |MarketDataSync|Checking fetch task: 'gold_currency'
2025-04-25 12:35:44|DEBUG  |MarketDataSync|Task 'fetch_gold_currency': LastRunUTC=2025-04-25T08:56:02.970570+00:00, TimeSince=0:09:41.760693, Interval=0:10:00, IsDue=False
2025-04-25 12:35:44|DEBUG  |MarketDataSync| -> Skip 'gold_currency': Interval not met.
2025-04-25 12:35:44|DEBUG  |MarketDataSync|Checking fetch task: 'crypto'
2025-04-25 12:35:44|DEBUG  |MarketDataSync|Task 'fetch_crypto': LastRunUTC=2025-04-25T08:56:02.970570+00:00, TimeSince=0:09:41.760693, Interval=0:10:00, IsDue=False
2025-04-25 12:35:44|DEBUG  |MarketDataSync| -> Skip 'crypto': Interval not met.
2025-04-25 12:35:44|DEBUG  |MarketDataSync|Checking fetch task: 'commodity'
2025-04-25 12:35:44|DEBUG  |MarketDataSync|Task 'fetch_commodity': LastRunUTC=2025-04-25T08:56:02.970570+00:00, TimeSince=0:09:41.760693, Interval=0:10:00, IsDue=False
2025-04-25 12:35:44|DEBUG  |MarketDataSync| -> Skip 'commodity': Interval not met.
2025-04-25 12:35:44|DEBUG  |MarketDataSync|Checking fetch task: 'tse_ifb_symbols'
2025-04-25 12:35:44|DEBUG  |MarketDataSync|Market Check: LocalTime=2025-04-25 12:35:44 +0330, WDay=4, Time=12:35:44.734838 vs 08:45:00-12:45:00, Days=[5, 6, 0, 1, 2]
2025-04-25 12:35:44|DEBUG  |MarketDataSync|Market Status: CLOSED (Day)
2025-04-25 12:35:44|DEBUG  |MarketDataSync| -> Skip 'tse_ifb_symbols': Market Closed.
2025-04-25 12:35:44|DEBUG  |MarketDataSync|Checking fetch task: 'tse_options'
2025-04-25 12:35:44|DEBUG  |MarketDataSync| -> Skip 'tse_options': Disabled.
2025-04-25 12:35:44|DEBUG  |MarketDataSync|Checking fetch task: 'tse_nav'
2025-04-25 12:35:44|DEBUG  |MarketDataSync| -> Skip 'tse_nav': Disabled.
2025-04-25 12:35:44|DEBUG  |MarketDataSync|Checking fetch task: 'tse_index'
2025-04-25 12:35:44|DEBUG  |MarketDataSync| -> Skip 'tse_index': Disabled.
2025-04-25 12:35:44|DEBUG  |MarketDataSync|Checking fetch task: 'ifb_index'
2025-04-25 12:35:44|DEBUG  |MarketDataSync| -> Skip 'ifb_index': Disabled.
2025-04-25 12:35:44|DEBUG  |MarketDataSync|Checking fetch task: 'selected_indices'
2025-04-25 12:35:44|DEBUG  |MarketDataSync| -> Skip 'selected_indices': Disabled.
2025-04-25 12:35:44|DEBUG  |MarketDataSync|Checking fetch task: 'debt_securities'
2025-04-25 12:35:44|DEBUG  |MarketDataSync|Market Check: LocalTime=2025-04-25 12:35:44 +0330, WDay=4, Time=12:35:44.736036 vs 08:45:00-12:45:00, Days=[5, 6, 0, 1, 2]
2025-04-25 12:35:44|DEBUG  |MarketDataSync|Market Status: CLOSED (Day)
2025-04-25 12:35:44|DEBUG  |MarketDataSync| -> Skip 'debt_securities': Market Closed.
2025-04-25 12:35:44|DEBUG  |MarketDataSync|Checking fetch task: 'housing_facilities'
2025-04-25 12:35:44|DEBUG  |MarketDataSync|Market Check: LocalTime=2025-04-25 12:35:44 +0330, WDay=4, Time=12:35:44.736418 vs 08:45:00-12:45:00, Days=[5, 6, 0, 1, 2]
2025-04-25 12:35:44|DEBUG  |MarketDataSync|Market Status: CLOSED (Day)
2025-04-25 12:35:44|DEBUG  |MarketDataSync| -> Skip 'housing_facilities': Market Closed.
2025-04-25 12:35:44|DEBUG  |MarketDataSync|Checking fetch task: 'futures'
2025-04-25 12:35:44|DEBUG  |MarketDataSync|Market Check: LocalTime=2025-04-25 12:35:44 +0330, WDay=4, Time=12:35:44.736831 vs 08:45:00-12:45:00, Days=[5, 6, 0, 1, 2]
2025-04-25 12:35:44|DEBUG  |MarketDataSync|Market Status: CLOSED (Day)
2025-04-25 12:35:44|DEBUG  |MarketDataSync| -> Skip 'futures': Market Closed.
2025-04-25 12:35:44|INFO   |MarketDataSync|No API endpoints scheduled for fetching.
2025-04-25 12:35:44|INFO   |MarketDataSync|--- Checking Aggregation Tasks ---
2025-04-25 12:35:44|DEBUG  |MarketDataSync|Checking aggregations for 'gold_currency': Levels=['6h', '12h', 'daily', '3d', 'weekly']
2025-04-25 12:35:44|INFO   |MarketDataSync|Task 'aggregate_6h_gold_currency' is due: Never run before.
2025-04-25 12:35:44|INFO   |MarketDataSync|Running Aggregation: 'aggregate_6h_gold_currency' target=2025-04-25T09:05:44.731263+00:00 period=[2025-04-25T03:05:44.731263+00:00 to 2025-04-25T09:05:44.731263+00:00)
2025-04-25 12:35:44|INFO   |MarketDataSync|Starting aggregation for 'gold_currency_6h' (Period: 2025-04-25T03:05:44.731263+00:00 to 2025-04-25T09:05:44.731263+00:00)
2025-04-25 12:35:44|DEBUG  |MarketDataSync|Found 17 raw points for 'gold_currency_raw' in period.
2025-04-25 12:35:44|DEBUG  |MarketDataSync|Ensured table 'gold_currency_6h' exists.
2025-04-25 12:35:44|DEBUG  |MarketDataSync|Aggregating from base path: '$.gold' for table 'gold_currency_6h'
2025-04-25 12:35:44|DEBUG  |MarketDataSync|Executing agg query for gold_currency_6h (path: $.gold) period: 2025-04-25T03:05:44.731263+00:00 - 2025-04-25T09:05:44.731263+00:00
2025-04-25 12:35:44|ERROR  |MarketDataSync|DuckDB Query Error during aggregation for gold_currency_6h (path: $.gold): Parser Error: syntax error at or near "<"
Traceback (most recent call last):
  File "/home/runner/work/riyales-api/riyales-api/src/main.py", line 435, in calculate_and_store_aggregates
    aggregates = conn.execute(query, (start_time_utc, end_time_utc)).fetchall()
                 ^^^^^^^^^^^^^^^^^^^^^^^^^^^^^^^^^^^^^^^^^^^^^^^^^^^
duckdb.duckdb.ParserException: Parser Error: syntax error at or near "<"
2025-04-25 12:35:44|ERROR  |MarketDataSync|Failed Query Context: Table='gold_currency_raw', BasePath='$.gold', PricePath='$.price', SymbolPath='$.symbol'
2025-04-25 12:35:44|ERROR  |MarketDataSync|Aggregation failed for gold_currency level 6h due to query error(s).
2025-04-25 12:35:44|INFO   |MarketDataSync|Task 'aggregate_12h_gold_currency' is due: Never run before.
2025-04-25 12:35:44|INFO   |MarketDataSync|Running Aggregation: 'aggregate_12h_gold_currency' target=2025-04-25T09:05:44.731263+00:00 period=[2025-04-24T21:05:44.731263+00:00 to 2025-04-25T09:05:44.731263+00:00)
2025-04-25 12:35:44|INFO   |MarketDataSync|Starting aggregation for 'gold_currency_12h' (Period: 2025-04-24T21:05:44.731263+00:00 to 2025-04-25T09:05:44.731263+00:00)
2025-04-25 12:35:44|DEBUG  |MarketDataSync|Found 21 raw points for 'gold_currency_raw' in period.
2025-04-25 12:35:44|DEBUG  |MarketDataSync|Ensured table 'gold_currency_12h' exists.
2025-04-25 12:35:44|DEBUG  |MarketDataSync|Aggregating from base path: '$.gold' for table 'gold_currency_12h'
2025-04-25 12:35:44|DEBUG  |MarketDataSync|Executing agg query for gold_currency_12h (path: $.gold) period: 2025-04-24T21:05:44.731263+00:00 - 2025-04-25T09:05:44.731263+00:00
2025-04-25 12:35:44|ERROR  |MarketDataSync|DuckDB Query Error during aggregation for gold_currency_12h (path: $.gold): Parser Error: syntax error at or near "<"
Traceback (most recent call last):
  File "/home/runner/work/riyales-api/riyales-api/src/main.py", line 435, in calculate_and_store_aggregates
    aggregates = conn.execute(query, (start_time_utc, end_time_utc)).fetchall()
                 ^^^^^^^^^^^^^^^^^^^^^^^^^^^^^^^^^^^^^^^^^^^^^^^^^^^
duckdb.duckdb.ParserException: Parser Error: syntax error at or near "<"
2025-04-25 12:35:44|ERROR  |MarketDataSync|Failed Query Context: Table='gold_currency_raw', BasePath='$.gold', PricePath='$.price', SymbolPath='$.symbol'
2025-04-25 12:35:44|ERROR  |MarketDataSync|Aggregation failed for gold_currency level 12h due to query error(s).
2025-04-25 12:35:44|DEBUG  |MarketDataSync|Skip Daily 'aggregate_daily_gold_currency': Already processed up to 2025-04-25.
2025-04-25 12:35:44|INFO   |MarketDataSync|Task 'aggregate_3d_gold_currency' is due: Never run before.
2025-04-25 12:35:44|INFO   |MarketDataSync|Running Aggregation: 'aggregate_3d_gold_currency' target=2025-04-25T09:05:44.731263+00:00 period=[2025-04-22T09:05:44.731263+00:00 to 2025-04-25T09:05:44.731263+00:00)
2025-04-25 12:35:44|INFO   |MarketDataSync|Starting aggregation for 'gold_currency_3d' (Period: 2025-04-22T09:05:44.731263+00:00 to 2025-04-25T09:05:44.731263+00:00)
2025-04-25 12:35:44|DEBUG  |MarketDataSync|Found 21 raw points for 'gold_currency_raw' in period.
2025-04-25 12:35:44|DEBUG  |MarketDataSync|Ensured table 'gold_currency_3d' exists.
2025-04-25 12:35:44|DEBUG  |MarketDataSync|Aggregating from base path: '$.gold' for table 'gold_currency_3d'
2025-04-25 12:35:44|DEBUG  |MarketDataSync|Executing agg query for gold_currency_3d (path: $.gold) period: 2025-04-22T09:05:44.731263+00:00 - 2025-04-25T09:05:44.731263+00:00
2025-04-25 12:35:44|ERROR  |MarketDataSync|DuckDB Query Error during aggregation for gold_currency_3d (path: $.gold): Parser Error: syntax error at or near "<"
Traceback (most recent call last):
  File "/home/runner/work/riyales-api/riyales-api/src/main.py", line 435, in calculate_and_store_aggregates
    aggregates = conn.execute(query, (start_time_utc, end_time_utc)).fetchall()
                 ^^^^^^^^^^^^^^^^^^^^^^^^^^^^^^^^^^^^^^^^^^^^^^^^^^^
duckdb.duckdb.ParserException: Parser Error: syntax error at or near "<"
2025-04-25 12:35:44|ERROR  |MarketDataSync|Failed Query Context: Table='gold_currency_raw', BasePath='$.gold', PricePath='$.price', SymbolPath='$.symbol'
2025-04-25 12:35:44|ERROR  |MarketDataSync|Aggregation failed for gold_currency level 3d due to query error(s).
2025-04-25 12:35:44|INFO   |MarketDataSync|Task 'aggregate_weekly_gold_currency' is due: Never run before.
2025-04-25 12:35:44|INFO   |MarketDataSync|Running Aggregation: 'aggregate_weekly_gold_currency' target=2025-04-25T09:05:44.731263+00:00 period=[2025-04-18T09:05:44.731263+00:00 to 2025-04-25T09:05:44.731263+00:00)
2025-04-25 12:35:44|INFO   |MarketDataSync|Starting aggregation for 'gold_currency_weekly' (Period: 2025-04-18T09:05:44.731263+00:00 to 2025-04-25T09:05:44.731263+00:00)
2025-04-25 12:35:44|DEBUG  |MarketDataSync|Found 21 raw points for 'gold_currency_raw' in period.
2025-04-25 12:35:44|DEBUG  |MarketDataSync|Ensured table 'gold_currency_weekly' exists.
2025-04-25 12:35:44|DEBUG  |MarketDataSync|Aggregating from base path: '$.gold' for table 'gold_currency_weekly'
2025-04-25 12:35:44|DEBUG  |MarketDataSync|Executing agg query for gold_currency_weekly (path: $.gold) period: 2025-04-18T09:05:44.731263+00:00 - 2025-04-25T09:05:44.731263+00:00
2025-04-25 12:35:44|ERROR  |MarketDataSync|DuckDB Query Error during aggregation for gold_currency_weekly (path: $.gold): Parser Error: syntax error at or near "<"
Traceback (most recent call last):
  File "/home/runner/work/riyales-api/riyales-api/src/main.py", line 435, in calculate_and_store_aggregates
    aggregates = conn.execute(query, (start_time_utc, end_time_utc)).fetchall()
                 ^^^^^^^^^^^^^^^^^^^^^^^^^^^^^^^^^^^^^^^^^^^^^^^^^^^
duckdb.duckdb.ParserException: Parser Error: syntax error at or near "<"
2025-04-25 12:35:44|ERROR  |MarketDataSync|Failed Query Context: Table='gold_currency_raw', BasePath='$.gold', PricePath='$.price', SymbolPath='$.symbol'
2025-04-25 12:35:44|ERROR  |MarketDataSync|Aggregation failed for gold_currency level weekly due to query error(s).
2025-04-25 12:35:44|DEBUG  |MarketDataSync|Checking aggregations for 'crypto': Levels=['6h', '12h', 'daily', '3d', 'weekly']
2025-04-25 12:35:44|INFO   |MarketDataSync|Task 'aggregate_6h_crypto' is due: Never run before.
2025-04-25 12:35:44|INFO   |MarketDataSync|Running Aggregation: 'aggregate_6h_crypto' target=2025-04-25T09:05:44.731263+00:00 period=[2025-04-25T03:05:44.731263+00:00 to 2025-04-25T09:05:44.731263+00:00)
2025-04-25 12:35:44|INFO   |MarketDataSync|Starting aggregation for 'crypto_6h' (Period: 2025-04-25T03:05:44.731263+00:00 to 2025-04-25T09:05:44.731263+00:00)
2025-04-25 12:35:44|DEBUG  |MarketDataSync|Found 17 raw points for 'crypto_raw' in period.
2025-04-25 12:35:44|DEBUG  |MarketDataSync|Ensured table 'crypto_6h' exists.
2025-04-25 12:35:44|DEBUG  |MarketDataSync|Aggregating from base path: '$' for table 'crypto_6h'
2025-04-25 12:35:44|DEBUG  |MarketDataSync|Executing agg query for crypto_6h (path: $) period: 2025-04-25T03:05:44.731263+00:00 - 2025-04-25T09:05:44.731263+00:00
2025-04-25 12:35:44|ERROR  |MarketDataSync|DuckDB Query Error during aggregation for crypto_6h (path: $): Parser Error: syntax error at or near "<"
Traceback (most recent call last):
  File "/home/runner/work/riyales-api/riyales-api/src/main.py", line 435, in calculate_and_store_aggregates
    aggregates = conn.execute(query, (start_time_utc, end_time_utc)).fetchall()
                 ^^^^^^^^^^^^^^^^^^^^^^^^^^^^^^^^^^^^^^^^^^^^^^^^^^^
duckdb.duckdb.ParserException: Parser Error: syntax error at or near "<"
2025-04-25 12:35:44|ERROR  |MarketDataSync|Failed Query Context: Table='crypto_raw', BasePath='$', PricePath='$.price_toman', SymbolPath='$.name'
2025-04-25 12:35:44|ERROR  |MarketDataSync|Aggregation failed for crypto level 6h due to query error(s).
2025-04-25 12:35:44|INFO   |MarketDataSync|Task 'aggregate_12h_crypto' is due: Never run before.
2025-04-25 12:35:44|INFO   |MarketDataSync|Running Aggregation: 'aggregate_12h_crypto' target=2025-04-25T09:05:44.731263+00:00 period=[2025-04-24T21:05:44.731263+00:00 to 2025-04-25T09:05:44.731263+00:00)
2025-04-25 12:35:44|INFO   |MarketDataSync|Starting aggregation for 'crypto_12h' (Period: 2025-04-24T21:05:44.731263+00:00 to 2025-04-25T09:05:44.731263+00:00)
2025-04-25 12:35:44|DEBUG  |MarketDataSync|Found 21 raw points for 'crypto_raw' in period.
2025-04-25 12:35:44|DEBUG  |MarketDataSync|Ensured table 'crypto_12h' exists.
2025-04-25 12:35:44|DEBUG  |MarketDataSync|Aggregating from base path: '$' for table 'crypto_12h'
2025-04-25 12:35:44|DEBUG  |MarketDataSync|Executing agg query for crypto_12h (path: $) period: 2025-04-24T21:05:44.731263+00:00 - 2025-04-25T09:05:44.731263+00:00
2025-04-25 12:35:44|ERROR  |MarketDataSync|DuckDB Query Error during aggregation for crypto_12h (path: $): Parser Error: syntax error at or near "<"
Traceback (most recent call last):
  File "/home/runner/work/riyales-api/riyales-api/src/main.py", line 435, in calculate_and_store_aggregates
    aggregates = conn.execute(query, (start_time_utc, end_time_utc)).fetchall()
                 ^^^^^^^^^^^^^^^^^^^^^^^^^^^^^^^^^^^^^^^^^^^^^^^^^^^
duckdb.duckdb.ParserException: Parser Error: syntax error at or near "<"
2025-04-25 12:35:44|ERROR  |MarketDataSync|Failed Query Context: Table='crypto_raw', BasePath='$', PricePath='$.price_toman', SymbolPath='$.name'
2025-04-25 12:35:44|ERROR  |MarketDataSync|Aggregation failed for crypto level 12h due to query error(s).
2025-04-25 12:35:44|DEBUG  |MarketDataSync|Skip Daily 'aggregate_daily_crypto': Already processed up to 2025-04-25.
2025-04-25 12:35:44|INFO   |MarketDataSync|Task 'aggregate_3d_crypto' is due: Never run before.
2025-04-25 12:35:44|INFO   |MarketDataSync|Running Aggregation: 'aggregate_3d_crypto' target=2025-04-25T09:05:44.731263+00:00 period=[2025-04-22T09:05:44.731263+00:00 to 2025-04-25T09:05:44.731263+00:00)
2025-04-25 12:35:44|INFO   |MarketDataSync|Starting aggregation for 'crypto_3d' (Period: 2025-04-22T09:05:44.731263+00:00 to 2025-04-25T09:05:44.731263+00:00)
2025-04-25 12:35:44|DEBUG  |MarketDataSync|Found 21 raw points for 'crypto_raw' in period.
2025-04-25 12:35:44|DEBUG  |MarketDataSync|Ensured table 'crypto_3d' exists.
2025-04-25 12:35:44|DEBUG  |MarketDataSync|Aggregating from base path: '$' for table 'crypto_3d'
2025-04-25 12:35:44|DEBUG  |MarketDataSync|Executing agg query for crypto_3d (path: $) period: 2025-04-22T09:05:44.731263+00:00 - 2025-04-25T09:05:44.731263+00:00
2025-04-25 12:35:44|ERROR  |MarketDataSync|DuckDB Query Error during aggregation for crypto_3d (path: $): Parser Error: syntax error at or near "<"
Traceback (most recent call last):
  File "/home/runner/work/riyales-api/riyales-api/src/main.py", line 435, in calculate_and_store_aggregates
    aggregates = conn.execute(query, (start_time_utc, end_time_utc)).fetchall()
                 ^^^^^^^^^^^^^^^^^^^^^^^^^^^^^^^^^^^^^^^^^^^^^^^^^^^
duckdb.duckdb.ParserException: Parser Error: syntax error at or near "<"
2025-04-25 12:35:44|ERROR  |MarketDataSync|Failed Query Context: Table='crypto_raw', BasePath='$', PricePath='$.price_toman', SymbolPath='$.name'
2025-04-25 12:35:44|ERROR  |MarketDataSync|Aggregation failed for crypto level 3d due to query error(s).
2025-04-25 12:35:44|INFO   |MarketDataSync|Task 'aggregate_weekly_crypto' is due: Never run before.
2025-04-25 12:35:44|INFO   |MarketDataSync|Running Aggregation: 'aggregate_weekly_crypto' target=2025-04-25T09:05:44.731263+00:00 period=[2025-04-18T09:05:44.731263+00:00 to 2025-04-25T09:05:44.731263+00:00)
2025-04-25 12:35:44|INFO   |MarketDataSync|Starting aggregation for 'crypto_weekly' (Period: 2025-04-18T09:05:44.731263+00:00 to 2025-04-25T09:05:44.731263+00:00)
2025-04-25 12:35:44|DEBUG  |MarketDataSync|Found 21 raw points for 'crypto_raw' in period.
2025-04-25 12:35:44|DEBUG  |MarketDataSync|Ensured table 'crypto_weekly' exists.
2025-04-25 12:35:44|DEBUG  |MarketDataSync|Aggregating from base path: '$' for table 'crypto_weekly'
2025-04-25 12:35:44|DEBUG  |MarketDataSync|Executing agg query for crypto_weekly (path: $) period: 2025-04-18T09:05:44.731263+00:00 - 2025-04-25T09:05:44.731263+00:00
2025-04-25 12:35:44|ERROR  |MarketDataSync|DuckDB Query Error during aggregation for crypto_weekly (path: $): Parser Error: syntax error at or near "<"
Traceback (most recent call last):
  File "/home/runner/work/riyales-api/riyales-api/src/main.py", line 435, in calculate_and_store_aggregates
    aggregates = conn.execute(query, (start_time_utc, end_time_utc)).fetchall()
                 ^^^^^^^^^^^^^^^^^^^^^^^^^^^^^^^^^^^^^^^^^^^^^^^^^^^
duckdb.duckdb.ParserException: Parser Error: syntax error at or near "<"
2025-04-25 12:35:44|ERROR  |MarketDataSync|Failed Query Context: Table='crypto_raw', BasePath='$', PricePath='$.price_toman', SymbolPath='$.name'
2025-04-25 12:35:44|ERROR  |MarketDataSync|Aggregation failed for crypto level weekly due to query error(s).
2025-04-25 12:35:44|DEBUG  |MarketDataSync|Checking aggregations for 'commodity': Levels=['6h', '12h', 'daily', '3d', 'weekly']
2025-04-25 12:35:44|INFO   |MarketDataSync|Task 'aggregate_6h_commodity' is due: Never run before.
2025-04-25 12:35:44|INFO   |MarketDataSync|Running Aggregation: 'aggregate_6h_commodity' target=2025-04-25T09:05:44.731263+00:00 period=[2025-04-25T03:05:44.731263+00:00 to 2025-04-25T09:05:44.731263+00:00)
2025-04-25 12:35:44|INFO   |MarketDataSync|Starting aggregation for 'commodity_6h' (Period: 2025-04-25T03:05:44.731263+00:00 to 2025-04-25T09:05:44.731263+00:00)
2025-04-25 12:35:44|DEBUG  |MarketDataSync|Found 17 raw points for 'commodity_raw' in period.
2025-04-25 12:35:44|DEBUG  |MarketDataSync|Ensured table 'commodity_6h' exists.
2025-04-25 12:35:44|DEBUG  |MarketDataSync|Aggregating from base path: '$.metal_precious' for table 'commodity_6h'
2025-04-25 12:35:44|DEBUG  |MarketDataSync|Executing agg query for commodity_6h (path: $.metal_precious) period: 2025-04-25T03:05:44.731263+00:00 - 2025-04-25T09:05:44.731263+00:00
2025-04-25 12:35:44|ERROR  |MarketDataSync|DuckDB Query Error during aggregation for commodity_6h (path: $.metal_precious): Parser Error: syntax error at or near "<"
Traceback (most recent call last):
  File "/home/runner/work/riyales-api/riyales-api/src/main.py", line 435, in calculate_and_store_aggregates
    aggregates = conn.execute(query, (start_time_utc, end_time_utc)).fetchall()
                 ^^^^^^^^^^^^^^^^^^^^^^^^^^^^^^^^^^^^^^^^^^^^^^^^^^^
duckdb.duckdb.ParserException: Parser Error: syntax error at or near "<"
2025-04-25 12:35:44|ERROR  |MarketDataSync|Failed Query Context: Table='commodity_raw', BasePath='$.metal_precious', PricePath='$.price', SymbolPath='$.symbol'
2025-04-25 12:35:44|ERROR  |MarketDataSync|Aggregation failed for commodity level 6h due to query error(s).
2025-04-25 12:35:44|INFO   |MarketDataSync|Task 'aggregate_12h_commodity' is due: Never run before.
2025-04-25 12:35:44|INFO   |MarketDataSync|Running Aggregation: 'aggregate_12h_commodity' target=2025-04-25T09:05:44.731263+00:00 period=[2025-04-24T21:05:44.731263+00:00 to 2025-04-25T09:05:44.731263+00:00)
2025-04-25 12:35:44|INFO   |MarketDataSync|Starting aggregation for 'commodity_12h' (Period: 2025-04-24T21:05:44.731263+00:00 to 2025-04-25T09:05:44.731263+00:00)
2025-04-25 12:35:44|DEBUG  |MarketDataSync|Found 21 raw points for 'commodity_raw' in period.
2025-04-25 12:35:44|DEBUG  |MarketDataSync|Ensured table 'commodity_12h' exists.
2025-04-25 12:35:44|DEBUG  |MarketDataSync|Aggregating from base path: '$.metal_precious' for table 'commodity_12h'
2025-04-25 12:35:44|DEBUG  |MarketDataSync|Executing agg query for commodity_12h (path: $.metal_precious) period: 2025-04-24T21:05:44.731263+00:00 - 2025-04-25T09:05:44.731263+00:00
2025-04-25 12:35:44|ERROR  |MarketDataSync|DuckDB Query Error during aggregation for commodity_12h (path: $.metal_precious): Parser Error: syntax error at or near "<"
Traceback (most recent call last):
  File "/home/runner/work/riyales-api/riyales-api/src/main.py", line 435, in calculate_and_store_aggregates
    aggregates = conn.execute(query, (start_time_utc, end_time_utc)).fetchall()
                 ^^^^^^^^^^^^^^^^^^^^^^^^^^^^^^^^^^^^^^^^^^^^^^^^^^^
duckdb.duckdb.ParserException: Parser Error: syntax error at or near "<"
2025-04-25 12:35:44|ERROR  |MarketDataSync|Failed Query Context: Table='commodity_raw', BasePath='$.metal_precious', PricePath='$.price', SymbolPath='$.symbol'
2025-04-25 12:35:44|ERROR  |MarketDataSync|Aggregation failed for commodity level 12h due to query error(s).
2025-04-25 12:35:44|DEBUG  |MarketDataSync|Skip Daily 'aggregate_daily_commodity': Already processed up to 2025-04-25.
2025-04-25 12:35:44|INFO   |MarketDataSync|Task 'aggregate_3d_commodity' is due: Never run before.
2025-04-25 12:35:44|INFO   |MarketDataSync|Running Aggregation: 'aggregate_3d_commodity' target=2025-04-25T09:05:44.731263+00:00 period=[2025-04-22T09:05:44.731263+00:00 to 2025-04-25T09:05:44.731263+00:00)
2025-04-25 12:35:44|INFO   |MarketDataSync|Starting aggregation for 'commodity_3d' (Period: 2025-04-22T09:05:44.731263+00:00 to 2025-04-25T09:05:44.731263+00:00)
2025-04-25 12:35:44|DEBUG  |MarketDataSync|Found 21 raw points for 'commodity_raw' in period.
2025-04-25 12:35:44|DEBUG  |MarketDataSync|Ensured table 'commodity_3d' exists.
2025-04-25 12:35:44|DEBUG  |MarketDataSync|Aggregating from base path: '$.metal_precious' for table 'commodity_3d'
2025-04-25 12:35:44|DEBUG  |MarketDataSync|Executing agg query for commodity_3d (path: $.metal_precious) period: 2025-04-22T09:05:44.731263+00:00 - 2025-04-25T09:05:44.731263+00:00
2025-04-25 12:35:44|ERROR  |MarketDataSync|DuckDB Query Error during aggregation for commodity_3d (path: $.metal_precious): Parser Error: syntax error at or near "<"
Traceback (most recent call last):
  File "/home/runner/work/riyales-api/riyales-api/src/main.py", line 435, in calculate_and_store_aggregates
    aggregates = conn.execute(query, (start_time_utc, end_time_utc)).fetchall()
                 ^^^^^^^^^^^^^^^^^^^^^^^^^^^^^^^^^^^^^^^^^^^^^^^^^^^
duckdb.duckdb.ParserException: Parser Error: syntax error at or near "<"
2025-04-25 12:35:44|ERROR  |MarketDataSync|Failed Query Context: Table='commodity_raw', BasePath='$.metal_precious', PricePath='$.price', SymbolPath='$.symbol'
2025-04-25 12:35:44|ERROR  |MarketDataSync|Aggregation failed for commodity level 3d due to query error(s).
2025-04-25 12:35:44|INFO   |MarketDataSync|Task 'aggregate_weekly_commodity' is due: Never run before.
2025-04-25 12:35:44|INFO   |MarketDataSync|Running Aggregation: 'aggregate_weekly_commodity' target=2025-04-25T09:05:44.731263+00:00 period=[2025-04-18T09:05:44.731263+00:00 to 2025-04-25T09:05:44.731263+00:00)
2025-04-25 12:35:44|INFO   |MarketDataSync|Starting aggregation for 'commodity_weekly' (Period: 2025-04-18T09:05:44.731263+00:00 to 2025-04-25T09:05:44.731263+00:00)
2025-04-25 12:35:44|DEBUG  |MarketDataSync|Found 21 raw points for 'commodity_raw' in period.
2025-04-25 12:35:44|DEBUG  |MarketDataSync|Ensured table 'commodity_weekly' exists.
2025-04-25 12:35:44|DEBUG  |MarketDataSync|Aggregating from base path: '$.metal_precious' for table 'commodity_weekly'
2025-04-25 12:35:44|DEBUG  |MarketDataSync|Executing agg query for commodity_weekly (path: $.metal_precious) period: 2025-04-18T09:05:44.731263+00:00 - 2025-04-25T09:05:44.731263+00:00
2025-04-25 12:35:44|ERROR  |MarketDataSync|DuckDB Query Error during aggregation for commodity_weekly (path: $.metal_precious): Parser Error: syntax error at or near "<"
Traceback (most recent call last):
  File "/home/runner/work/riyales-api/riyales-api/src/main.py", line 435, in calculate_and_store_aggregates
    aggregates = conn.execute(query, (start_time_utc, end_time_utc)).fetchall()
                 ^^^^^^^^^^^^^^^^^^^^^^^^^^^^^^^^^^^^^^^^^^^^^^^^^^^
duckdb.duckdb.ParserException: Parser Error: syntax error at or near "<"
2025-04-25 12:35:44|ERROR  |MarketDataSync|Failed Query Context: Table='commodity_raw', BasePath='$.metal_precious', PricePath='$.price', SymbolPath='$.symbol'
2025-04-25 12:35:44|ERROR  |MarketDataSync|Aggregation failed for commodity level weekly due to query error(s).
2025-04-25 12:35:44|DEBUG  |MarketDataSync|Checking aggregations for 'tse_ifb_symbols': Levels=['daily']
2025-04-25 12:35:44|INFO   |MarketDataSync|Daily task 'aggregate_daily_tse_ifb_symbols' due: Never run.
2025-04-25 12:35:44|INFO   |MarketDataSync|Running Aggregation: 'aggregate_daily_tse_ifb_symbols' target=2025-04-24 period=[2025-04-23T20:30:00+00:00 to 2025-04-24T20:30:00+00:00)
2025-04-25 12:35:44|INFO   |MarketDataSync|Starting aggregation for 'tse_ifb_symbols_daily' (Period: 2025-04-23T20:30:00+00:00 to 2025-04-24T20:30:00+00:00)
2025-04-25 12:35:44|WARNING|MarketDataSync|Skip Aggregation for tse_ifb_symbols_daily: Raw table 'tse_ifb_symbols_raw' does not exist.
2025-04-25 12:35:44|INFO   |MarketDataSync|Aggregation Results Summary: Success=1, Skipped=3, Errors=12
2025-04-25 12:35:44|INFO   |MarketDataSync|DB connection closed.
2025-04-25 12:35:44|INFO   |MarketDataSync|[32m--- Market Data Sync Cycle Finished in 0.10 seconds ---[0m
2025-04-25 12:35:44|INFO   |MarketDataSync|Improvement Suggestion 1: Implement retry logic with backoff for API fetch failures (e.g., for transient network issues or 5xx errors).
2025-04-25 12:35:44|INFO   |MarketDataSync|Improvement Suggestion 2: Add monitoring/alerting for critical errors (e.g., DB connection failure, high rate of API errors).
