2025-04-28 15:39:13|DEBUG  |MarketDataSync|Checking for logs older than 12 hours (2025-04-28T03:39:13.145035) in 'logs'...
2025-04-28 15:39:13|DEBUG  |MarketDataSync|Log cleanup finished. Removed 0 old files.
2025-04-28 15:39:13|INFO   |MarketDataSync|Logging setup complete. Target Console Level: INFO, File Level: DEBUG
2025-04-28 15:39:13|INFO   |MarketDataSync|Current log file: logs/market_data_20250428_153913.log
2025-04-28 15:39:13|DEBUG  |MarketDataSync|To change console log level, set the 'LOG_LEVEL' environment variable (e.g., 'DEBUG', 'INFO', 'WARNING').
2025-04-28 15:39:13|INFO   |MarketDataSync|[32m--- Starting Market Data Sync Cycle ---[0m
2025-04-28 15:39:13|DEBUG  |MarketDataSync|Attempting to connect to DB: data/market_data.duckdb
2025-04-28 15:39:13|INFO   |MarketDataSync|DB connection successful.
2025-04-28 15:39:13|DEBUG  |MarketDataSync|Ensured aggregation_tracker table exists.
2025-04-28 15:39:13|DEBUG  |MarketDataSync|Cycle time: UTC=2025-04-28T15:39:13.192807+00:00, Local=2025-04-28T19:09:13.192807+03:30
2025-04-28 15:39:13|INFO   |MarketDataSync|--- Checking API Fetch Tasks ---
2025-04-28 15:39:13|DEBUG  |MarketDataSync|Checking fetch task: 'gold_currency'
2025-04-28 15:39:13|DEBUG  |MarketDataSync|Task 'fetch_gold_currency': LastRunUTC=2025-04-28T15:22:34.411091+00:00, TimeSince=0:16:38.781716, Interval=0:10:00, IsDue=True
2025-04-28 15:39:13|INFO   |MarketDataSync|Scheduling fetch for: 'gold_currency'
2025-04-28 15:39:13|DEBUG  |MarketDataSync|Checking fetch task: 'crypto'
2025-04-28 15:39:13|DEBUG  |MarketDataSync|Task 'fetch_crypto': LastRunUTC=2025-04-28T15:22:34.411091+00:00, TimeSince=0:16:38.781716, Interval=0:10:00, IsDue=True
2025-04-28 15:39:13|INFO   |MarketDataSync|Scheduling fetch for: 'crypto'
2025-04-28 15:39:13|DEBUG  |MarketDataSync|Checking fetch task: 'commodity'
2025-04-28 15:39:13|DEBUG  |MarketDataSync|Task 'fetch_commodity': LastRunUTC=2025-04-28T15:22:34.411091+00:00, TimeSince=0:16:38.781716, Interval=0:10:00, IsDue=True
2025-04-28 15:39:13|INFO   |MarketDataSync|Scheduling fetch for: 'commodity'
2025-04-28 15:39:13|DEBUG  |MarketDataSync|Checking fetch task: 'tse_ifb_symbols'
2025-04-28 15:39:13|DEBUG  |MarketDataSync|Market Check: LocalTime=19:09:13 +0330, Weekday=0, CurrentTime=19:09:13.195975, MarketHours=08:45:00-12:45:00, MarketDays=[5, 6, 0, 1, 2]
2025-04-28 15:39:13|DEBUG  |MarketDataSync|Market Status: CLOSED (Within Market Hours Check)
2025-04-28 15:39:13|DEBUG  |MarketDataSync| -> Skip 'tse_ifb_symbols': Market is closed.
2025-04-28 15:39:13|DEBUG  |MarketDataSync|Checking fetch task: 'tse_options'
2025-04-28 15:39:13|DEBUG  |MarketDataSync| -> Skip 'tse_options': Disabled in config.
2025-04-28 15:39:13|DEBUG  |MarketDataSync|Checking fetch task: 'tse_nav'
2025-04-28 15:39:13|DEBUG  |MarketDataSync| -> Skip 'tse_nav': Disabled in config.
2025-04-28 15:39:13|DEBUG  |MarketDataSync|Checking fetch task: 'tse_index'
2025-04-28 15:39:13|DEBUG  |MarketDataSync| -> Skip 'tse_index': Disabled in config.
2025-04-28 15:39:13|DEBUG  |MarketDataSync|Checking fetch task: 'ifb_index'
2025-04-28 15:39:13|DEBUG  |MarketDataSync| -> Skip 'ifb_index': Disabled in config.
2025-04-28 15:39:13|DEBUG  |MarketDataSync|Checking fetch task: 'selected_indices'
2025-04-28 15:39:13|DEBUG  |MarketDataSync| -> Skip 'selected_indices': Disabled in config.
2025-04-28 15:39:13|DEBUG  |MarketDataSync|Checking fetch task: 'debt_securities'
2025-04-28 15:39:13|DEBUG  |MarketDataSync|Market Check: LocalTime=19:09:13 +0330, Weekday=0, CurrentTime=19:09:13.196292, MarketHours=08:45:00-12:45:00, MarketDays=[5, 6, 0, 1, 2]
2025-04-28 15:39:13|DEBUG  |MarketDataSync|Market Status: CLOSED (Within Market Hours Check)
2025-04-28 15:39:13|DEBUG  |MarketDataSync| -> Skip 'debt_securities': Market is closed.
2025-04-28 15:39:13|DEBUG  |MarketDataSync|Checking fetch task: 'housing_facilities'
2025-04-28 15:39:13|DEBUG  |MarketDataSync|Market Check: LocalTime=19:09:13 +0330, Weekday=0, CurrentTime=19:09:13.196390, MarketHours=08:45:00-12:45:00, MarketDays=[5, 6, 0, 1, 2]
2025-04-28 15:39:13|DEBUG  |MarketDataSync|Market Status: CLOSED (Within Market Hours Check)
2025-04-28 15:39:13|DEBUG  |MarketDataSync| -> Skip 'housing_facilities': Market is closed.
2025-04-28 15:39:13|DEBUG  |MarketDataSync|Checking fetch task: 'futures'
2025-04-28 15:39:13|DEBUG  |MarketDataSync|Market Check: LocalTime=19:09:13 +0330, Weekday=0, CurrentTime=19:09:13.196523, MarketHours=08:45:00-12:45:00, MarketDays=[5, 6, 0, 1, 2]
2025-04-28 15:39:13|DEBUG  |MarketDataSync|Market Status: CLOSED (Within Market Hours Check)
2025-04-28 15:39:13|DEBUG  |MarketDataSync| -> Skip 'futures': Market is closed.
2025-04-28 15:39:13|INFO   |MarketDataSync|Attempting to fetch data for 3 endpoints...
2025-04-28 15:39:13|DEBUG  |MarketDataSync|Requesting: gold_currency (https://brsapi.ir/Api/Market/Gold_Currency.php?key=********)
2025-04-28 15:39:13|DEBUG  |MarketDataSync|Requesting: crypto (https://brsapi.ir/Api/Market/Cryptocurrency.php?key=********)
2025-04-28 15:39:13|DEBUG  |MarketDataSync|Requesting: commodity (https://brsapi.ir/Api/Market/Commodity.php?key=********)
2025-04-28 15:39:14|DEBUG  |MarketDataSync|Response: gold_currency Status=200 in 1.57s
2025-04-28 15:39:14|INFO   |MarketDataSync|Success: Fetched 'gold_currency'.
2025-04-28 15:39:14|DEBUG  |MarketDataSync|Response: crypto Status=200 in 1.56s
2025-04-28 15:39:14|DEBUG  |MarketDataSync|Response: commodity Status=200 in 1.56s
2025-04-28 15:39:14|INFO   |MarketDataSync|Success: Fetched 'commodity'.
2025-04-28 15:39:15|INFO   |MarketDataSync|Success: Fetched 'crypto'.
2025-04-28 15:39:15|INFO   |MarketDataSync|--- Processing Fetch Results ---
2025-04-28 15:39:15|DEBUG  |MarketDataSync|Ensured table 'gold_currency_raw' exists or was created.
2025-04-28 15:39:15|DEBUG  |MarketDataSync|Inserted raw data into 'gold_currency_raw' for 2025-04-28T15:39:15.503127+00:00.
2025-04-28 15:39:15|DEBUG  |MarketDataSync|Saved latest raw JSON: gold_currency.json
2025-04-28 15:39:15|DEBUG  |MarketDataSync|Updated last run time for 'fetch_gold_currency' to 2025-04-28T15:39:13.192807+00:00
2025-04-28 15:39:15|DEBUG  |MarketDataSync|Ensured table 'crypto_raw' exists or was created.
2025-04-28 15:39:15|DEBUG  |MarketDataSync|Inserted raw data into 'crypto_raw' for 2025-04-28T15:39:15.503127+00:00.
2025-04-28 15:39:15|DEBUG  |MarketDataSync|Saved latest raw JSON: cryptocurrency.json
2025-04-28 15:39:15|DEBUG  |MarketDataSync|Updated last run time for 'fetch_crypto' to 2025-04-28T15:39:13.192807+00:00
2025-04-28 15:39:15|DEBUG  |MarketDataSync|Ensured table 'commodity_raw' exists or was created.
2025-04-28 15:39:15|DEBUG  |MarketDataSync|Inserted raw data into 'commodity_raw' for 2025-04-28T15:39:15.503127+00:00.
2025-04-28 15:39:15|DEBUG  |MarketDataSync|Saved latest raw JSON: commodity.json
2025-04-28 15:39:15|DEBUG  |MarketDataSync|Updated last run time for 'fetch_commodity' to 2025-04-28T15:39:13.192807+00:00
2025-04-28 15:39:15|INFO   |MarketDataSync|Fetch Results Summary: Processed=3, DB Inserts=3, Errors=0
2025-04-28 15:39:15|INFO   |MarketDataSync|--- Checking Aggregation Tasks ---
2025-04-28 15:39:15|DEBUG  |MarketDataSync|Checking aggregations for 'gold_currency': Levels=['6h', '12h', 'daily', '3d', 'weekly']
2025-04-28 15:39:15|DEBUG  |MarketDataSync|Task 'aggregate_6h_gold_currency': LastRunUTC=2025-04-28T12:21:53.882559+00:00, TimeSince=3:17:19.310248, Interval=6:00:00, IsDue=False
2025-04-28 15:39:15|DEBUG  |MarketDataSync|Task 'aggregate_12h_gold_currency': LastRunUTC=2025-04-28T12:21:53.954430+00:00, TimeSince=3:17:19.238377, Interval=12:00:00, IsDue=False
2025-04-28 15:39:15|DEBUG  |MarketDataSync|Skip Daily 'aggregate_daily_gold_currency': Already processed up to or including yesterday (2025-04-28).
2025-04-28 15:39:15|DEBUG  |MarketDataSync|Task 'aggregate_3d_gold_currency': LastRunUTC=2025-04-27T23:53:52.154884+00:00, TimeSince=15:45:21.037923, Interval=3 days, 0:00:00, IsDue=False
2025-04-28 15:39:15|DEBUG  |MarketDataSync|Task 'aggregate_weekly_gold_currency': LastRunUTC=2025-04-27T23:53:52.160884+00:00, TimeSince=15:45:21.031923, Interval=7 days, 0:00:00, IsDue=False
2025-04-28 15:39:15|DEBUG  |MarketDataSync|Checking aggregations for 'crypto': Levels=['6h', '12h', 'daily', '3d', 'weekly']
2025-04-28 15:39:15|DEBUG  |MarketDataSync|Task 'aggregate_6h_crypto': LastRunUTC=2025-04-28T12:21:54.073311+00:00, TimeSince=3:17:19.119496, Interval=6:00:00, IsDue=False
2025-04-28 15:39:15|DEBUG  |MarketDataSync|Task 'aggregate_12h_crypto': LastRunUTC=2025-04-28T12:21:54.332520+00:00, TimeSince=3:17:18.860287, Interval=12:00:00, IsDue=False
2025-04-28 15:39:15|DEBUG  |MarketDataSync|Skip Daily 'aggregate_daily_crypto': Already processed up to or including yesterday (2025-04-28).
2025-04-28 15:39:15|DEBUG  |MarketDataSync|Task 'aggregate_3d_crypto': LastRunUTC=2025-04-27T23:53:52.184634+00:00, TimeSince=15:45:21.008173, Interval=3 days, 0:00:00, IsDue=False
2025-04-28 15:39:15|DEBUG  |MarketDataSync|Task 'aggregate_weekly_crypto': LastRunUTC=2025-04-27T23:53:52.190994+00:00, TimeSince=15:45:21.001813, Interval=7 days, 0:00:00, IsDue=False
2025-04-28 15:39:15|DEBUG  |MarketDataSync|Checking aggregations for 'commodity': Levels=['6h', '12h', 'daily', '3d', 'weekly']
2025-04-28 15:39:15|DEBUG  |MarketDataSync|Task 'aggregate_6h_commodity': LastRunUTC=2025-04-28T12:21:54.361615+00:00, TimeSince=3:17:18.831192, Interval=6:00:00, IsDue=False
2025-04-28 15:39:15|DEBUG  |MarketDataSync|Task 'aggregate_12h_commodity': LastRunUTC=2025-04-28T12:21:54.404772+00:00, TimeSince=3:17:18.788035, Interval=12:00:00, IsDue=False
2025-04-28 15:39:15|DEBUG  |MarketDataSync|Skip Daily 'aggregate_daily_commodity': Already processed up to or including yesterday (2025-04-28).
2025-04-28 15:39:15|DEBUG  |MarketDataSync|Task 'aggregate_3d_commodity': LastRunUTC=2025-04-27T23:53:52.219063+00:00, TimeSince=15:45:20.973744, Interval=3 days, 0:00:00, IsDue=False
2025-04-28 15:39:15|DEBUG  |MarketDataSync|Task 'aggregate_weekly_commodity': LastRunUTC=2025-04-27T23:53:52.225242+00:00, TimeSince=15:45:20.967565, Interval=7 days, 0:00:00, IsDue=False
2025-04-28 15:39:15|DEBUG  |MarketDataSync|Checking aggregations for 'tse_ifb_symbols': Levels=['daily']
2025-04-28 15:39:15|DEBUG  |MarketDataSync|Skip Daily 'aggregate_daily_tse_ifb_symbols': Already processed up to or including yesterday (2025-04-28).
2025-04-28 15:39:15|INFO   |MarketDataSync|Aggregation Results Summary: Success=0, Skipped=16, Errors=0
2025-04-28 15:39:15|INFO   |MarketDataSync|DB connection closed.
2025-04-28 15:39:15|INFO   |MarketDataSync|[32m--- Market Data Sync Cycle Finished in 2.47 seconds ---[0m
2025-04-28 15:39:15|INFO   |MarketDataSync|Improvement Suggestion 1: Implement more specific error handling for common API issues (e.g., rate limits, maintenance status codes).
2025-04-28 15:39:15|INFO   |MarketDataSync|Improvement Suggestion 2: Consider adding data quality checks (e.g., price outliers, missing symbols) after fetching or before aggregation.
