[32m•[0m 05:28:22|[32mINFO   [0m| [32mLogging setup complete. Target Console Level: INFO, File Level: DEBUG[0m
[32m•[0m 05:28:22|[32mINFO   [0m| [32mCurrent log file: logs/market_data_20250428_052822.log[0m
[32m•[0m 05:28:22|[32mINFO   [0m| [32m[32m--- Starting Market Data Sync Cycle ---[0m[0m
[32m•[0m 05:28:22|[32mINFO   [0m| [32mDB connection successful.[0m
[32m•[0m 05:28:22|[32mINFO   [0m| [32m--- Checking API Fetch Tasks ---[0m
[32m•[0m 05:28:22|[32mINFO   [0m| [32mScheduling fetch for: 'gold_currency'[0m
[32m•[0m 05:28:22|[32mINFO   [0m| [32mScheduling fetch for: 'crypto'[0m
[32m•[0m 05:28:22|[32mINFO   [0m| [32mScheduling fetch for: 'commodity'[0m
[32m•[0m 05:28:22|[32mINFO   [0m| [32mTask 'fetch_tse_ifb_symbols' is due: Never run before.[0m
[32m•[0m 05:28:22|[32mINFO   [0m| [32mScheduling fetch for: 'tse_ifb_symbols'[0m
[32m•[0m 05:28:22|[32mINFO   [0m| [32mTask 'fetch_debt_securities' is due: Never run before.[0m
[32m•[0m 05:28:22|[32mINFO   [0m| [32mScheduling fetch for: 'debt_securities'[0m
[32m•[0m 05:28:22|[32mINFO   [0m| [32mTask 'fetch_housing_facilities' is due: Never run before.[0m
[32m•[0m 05:28:22|[32mINFO   [0m| [32mScheduling fetch for: 'housing_facilities'[0m
[32m•[0m 05:28:22|[32mINFO   [0m| [32mTask 'fetch_futures' is due: Never run before.[0m
[32m•[0m 05:28:22|[32mINFO   [0m| [32mScheduling fetch for: 'futures'[0m
[32m•[0m 05:28:22|[32mINFO   [0m| [32mAttempting to fetch data for 7 endpoints...[0m
[32m•[0m 05:28:24|[32mINFO   [0m| [32mSuccess: Fetched 'gold_currency'.[0m
[32m•[0m 05:28:24|[32mINFO   [0m| [32mSuccess: Fetched 'housing_facilities'.[0m
[32m•[0m 05:28:24|[32mINFO   [0m| [32mSuccess: Fetched 'futures'.[0m
[32m•[0m 05:28:24|[32mINFO   [0m| [32mSuccess: Fetched 'commodity'.[0m
[32m•[0m 05:28:24|[32mINFO   [0m| [32mSuccess: Fetched 'debt_securities'.[0m
[32m•[0m 05:28:24|[32mINFO   [0m| [32mSuccess: Fetched 'crypto'.[0m
[32m•[0m 05:28:24|[32mINFO   [0m| [32mSuccess: Fetched 'tse_ifb_symbols'.[0m
[32m•[0m 05:28:24|[32mINFO   [0m| [32m--- Processing Fetch Results ---[0m
[32m•[0m 05:28:24|[32mINFO   [0m| [32mFetch Results Summary: Processed=7, DB Inserts=7, Errors=0[0m
[32m•[0m 05:28:24|[32mINFO   [0m| [32m--- Checking Aggregation Tasks ---[0m
[32m•[0m 05:28:24|[32mINFO   [0m| [32mDaily task 'aggregate_daily_tse_ifb_symbols' due: Never run before.[0m
[32m•[0m 05:28:24|[32mINFO   [0m| [32mRunning Aggregation: 'aggregate_daily_tse_ifb_symbols' target=2025-04-27 period=[2025-04-26T20:30:00+00:00 to 2025-04-27T20:30:00+00:00)[0m
[32m•[0m 05:28:24|[32mINFO   [0m| [32mStarting aggregation for 'tse_ifb_symbols_daily' (Period: 2025-04-26T20:30:00+00:00 to 2025-04-27T20:30:00+00:00)[0m
[32m•[0m 05:28:24|[32mINFO   [0m| [32mSkip Aggregation for tse_ifb_symbols_daily: No raw data found in period 2025-04-26T20:30:00+00:00 to 2025-04-27T20:30:00+00:00.[0m
[32m•[0m 05:28:24|[32mINFO   [0m| [32mAggregation Results Summary: Success=1, Skipped=15, Errors=0[0m
[32m•[0m 05:28:24|[32mINFO   [0m| [32mDB connection closed.[0m
[32m•[0m 05:28:24|[32mINFO   [0m| [32m[32m--- Market Data Sync Cycle Finished in 2.09 seconds ---[0m[0m
[32m•[0m 05:28:24|[32mINFO   [0m| [32mImprovement Suggestion 1: Implement more specific error handling for common API issues (e.g., rate limits, maintenance status codes).[0m
[32m•[0m 05:28:24|[32mINFO   [0m| [32mImprovement Suggestion 2: Consider adding data quality checks (e.g., price outliers, missing symbols) after fetching or before aggregation.[0m
[34m•[0m No .env file found at: /home/runner/work/riyales-api/riyales-api/src/../.env. Relying on system environment variables.
ver run before.
2025-04-28 05:28:22|INFO   |MarketDataSync|Scheduling fetch for: 'debt_securities'
2025-04-28 05:28:22|DEBUG  |MarketDataSync|Checking fetch task: 'housing_facilities'
2025-04-28 05:28:22|DEBUG  |MarketDataSync|Market Check: LocalTime=08:58:22 +0330, Weekday=0, CurrentTime=08:58:22.887778, MarketHours=08:45:00-12:45:00, MarketDays=[5, 6, 0, 1, 2]
2025-04-28 05:28:22|DEBUG  |MarketDataSync|Market Status: OPEN (Within Market Hours Check)
2025-04-28 05:28:22|INFO   |MarketDataSync|Task 'fetch_housing_facilities' is due: Never run before.
2025-04-28 05:28:22|INFO   |MarketDataSync|Scheduling fetch for: 'housing_facilities'
2025-04-28 05:28:22|DEBUG  |MarketDataSync|Checking fetch task: 'futures'
2025-04-28 05:28:22|DEBUG  |MarketDataSync|Market Check: LocalTime=08:58:22 +0330, Weekday=0, CurrentTime=08:58:22.888576, MarketHours=08:45:00-12:45:00, MarketDays=[5, 6, 0, 1, 2]
2025-04-28 05:28:22|DEBUG  |MarketDataSync|Market Status: OPEN (Within Market Hours Check)
2025-04-28 05:28:22|INFO   |MarketDataSync|Task 'fetch_futures' is due: Never run before.
2025-04-28 05:28:22|INFO   |MarketDataSync|Scheduling fetch for: 'futures'
2025-04-28 05:28:22|INFO   |MarketDataSync|Attempting to fetch data for 7 endpoints...
2025-04-28 05:28:22|DEBUG  |MarketDataSync|Requesting: gold_currency (https://brsapi.ir/Api/Market/Gold_Currency.php?key=********)
2025-04-28 05:28:22|DEBUG  |MarketDataSync|Requesting: crypto (https://brsapi.ir/Api/Market/Cryptocurrency.php?key=********)
2025-04-28 05:28:22|DEBUG  |MarketDataSync|Requesting: commodity (https://brsapi.ir/Api/Market/Commodity.php?key=********)
2025-04-28 05:28:22|DEBUG  |MarketDataSync|Requesting: tse_ifb_symbols (https://brsapi.ir/Api/Tsetmc/AllSymbols.php?key=********&type=1)
2025-04-28 05:28:22|DEBUG  |MarketDataSync|Requesting: debt_securities (https://brsapi.ir/Api/Tsetmc/AllSymbols.php?key=********&type=4)
2025-04-28 05:28:22|DEBUG  |MarketDataSync|Requesting: housing_facilities (https://brsapi.ir/Api/Tsetmc/AllSymbols.php?key=********&type=5)
2025-04-28 05:28:22|DEBUG  |MarketDataSync|Requesting: futures (https://brsapi.ir/Api/Tsetmc/AllSymbols.php?key=********&type=3)
2025-04-28 05:28:24|DEBUG  |MarketDataSync|Response: crypto Status=200 in 1.18s
2025-04-28 05:28:24|DEBUG  |MarketDataSync|Response: gold_currency Status=200 in 1.20s
2025-04-28 05:28:24|INFO   |MarketDataSync|Success: Fetched 'gold_currency'.
2025-04-28 05:28:24|DEBUG  |MarketDataSync|Response: debt_securities Status=200 in 1.20s
2025-04-28 05:28:24|DEBUG  |MarketDataSync|Response: housing_facilities Status=200 in 1.22s
2025-04-28 05:28:24|INFO   |MarketDataSync|Success: Fetched 'housing_facilities'.
2025-04-28 05:28:24|DEBUG  |MarketDataSync|Response: tse_ifb_symbols Status=200 in 1.22s
2025-04-28 05:28:24|DEBUG  |MarketDataSync|Response: futures Status=200 in 1.23s
2025-04-28 05:28:24|INFO   |MarketDataSync|Success: Fetched 'futures'.
2025-04-28 05:28:24|DEBUG  |MarketDataSync|Response: commodity Status=200 in 1.24s
2025-04-28 05:28:24|INFO   |MarketDataSync|Success: Fetched 'commodity'.
2025-04-28 05:28:24|INFO   |MarketDataSync|Success: Fetched 'debt_securities'.
2025-04-28 05:28:24|INFO   |MarketDataSync|Success: Fetched 'crypto'.
2025-04-28 05:28:24|INFO   |MarketDataSync|Success: Fetched 'tse_ifb_symbols'.
2025-04-28 05:28:24|INFO   |MarketDataSync|--- Processing Fetch Results ---
2025-04-28 05:28:24|DEBUG  |MarketDataSync|Ensured table 'gold_currency_raw' exists or was created.
2025-04-28 05:28:24|DEBUG  |MarketDataSync|Inserted raw data into 'gold_currency_raw' for 2025-04-28T05:28:24.734204+00:00.
2025-04-28 05:28:24|DEBUG  |MarketDataSync|Saved latest raw JSON: gold_currency.json
2025-04-28 05:28:24|DEBUG  |MarketDataSync|Updated last run time for 'fetch_gold_currency' to 2025-04-28T05:28:22.882581+00:00
2025-04-28 05:28:24|DEBUG  |MarketDataSync|Ensured table 'crypto_raw' exists or was created.
2025-04-28 05:28:24|DEBUG  |MarketDataSync|Inserted raw data into 'crypto_raw' for 2025-04-28T05:28:24.734204+00:00.
2025-04-28 05:28:24|DEBUG  |MarketDataSync|Saved latest raw JSON: cryptocurrency.json
2025-04-28 05:28:24|DEBUG  |MarketDataSync|Updated last run time for 'fetch_crypto' to 2025-04-28T05:28:22.882581+00:00
2025-04-28 05:28:24|DEBUG  |MarketDataSync|Ensured table 'commodity_raw' exists or was created.
2025-04-28 05:28:24|DEBUG  |MarketDataSync|Inserted raw data into 'commodity_raw' for 2025-04-28T05:28:24.734204+00:00.
2025-04-28 05:28:24|DEBUG  |MarketDataSync|Saved latest raw JSON: commodity.json
2025-04-28 05:28:24|DEBUG  |MarketDataSync|Updated last run time for 'fetch_commodity' to 2025-04-28T05:28:22.882581+00:00
2025-04-28 05:28:24|DEBUG  |MarketDataSync|Ensured table 'tse_ifb_symbols_raw' exists or was created.
2025-04-28 05:28:24|DEBUG  |MarketDataSync|Inserted raw data into 'tse_ifb_symbols_raw' for 2025-04-28T05:28:24.734204+00:00.
2025-04-28 05:28:24|DEBUG  |MarketDataSync|Saved latest raw JSON: tse_ifb_symbols.json
2025-04-28 05:28:24|DEBUG  |MarketDataSync|Updated last run time for 'fetch_tse_ifb_symbols' to 2025-04-28T05:28:22.882581+00:00
2025-04-28 05:28:24|DEBUG  |MarketDataSync|Ensured table 'debt_securities_raw' exists or was created.
2025-04-28 05:28:24|DEBUG  |MarketDataSync|Inserted raw data into 'debt_securities_raw' for 2025-04-28T05:28:24.734204+00:00.
2025-04-28 05:28:24|DEBUG  |MarketDataSync|Saved latest raw JSON: debt_securities.json
2025-04-28 05:28:24|DEBUG  |MarketDataSync|Updated last run time for 'fetch_debt_securities' to 2025-04-28T05:28:22.882581+00:00
2025-04-28 05:28:24|DEBUG  |MarketDataSync|Ensured table 'housing_facilities_raw' exists or was created.
2025-04-28 05:28:24|DEBUG  |MarketDataSync|Inserted raw data into 'housing_facilities_raw' for 2025-04-28T05:28:24.734204+00:00.
2025-04-28 05:28:24|DEBUG  |MarketDataSync|Saved latest raw JSON: housing_facilities.json
2025-04-28 05:28:24|DEBUG  |MarketDataSync|Updated last run time for 'fetch_housing_facilities' to 2025-04-28T05:28:22.882581+00:00
2025-04-28 05:28:24|DEBUG  |MarketDataSync|Ensured table 'futures_raw' exists or was created.
2025-04-28 05:28:24|DEBUG  |MarketDataSync|Inserted raw data into 'futures_raw' for 2025-04-28T05:28:24.734204+00:00.
2025-04-28 05:28:24|DEBUG  |MarketDataSync|Saved latest raw JSON: futures.json
2025-04-28 05:28:24|DEBUG  |MarketDataSync|Updated last run time for 'fetch_futures' to 2025-04-28T05:28:22.882581+00:00
2025-04-28 05:28:24|INFO   |MarketDataSync|Fetch Results Summary: Processed=7, DB Inserts=7, Errors=0
2025-04-28 05:28:24|INFO   |MarketDataSync|--- Checking Aggregation Tasks ---
2025-04-28 05:28:24|DEBUG  |MarketDataSync|Checking aggregations for 'gold_currency': Levels=['6h', '12h', 'daily', '3d', 'weekly']
2025-04-28 05:28:24|DEBUG  |MarketDataSync|Task 'aggregate_6h_gold_currency': LastRunUTC=2025-04-27T23:53:52.138384+00:00, TimeSince=5:34:30.744197, Interval=6:00:00, IsDue=False
2025-04-28 05:28:24|DEBUG  |MarketDataSync|Task 'aggregate_12h_gold_currency': LastRunUTC=2025-04-27T23:53:52.143594+00:00, TimeSince=5:34:30.738987, Interval=12:00:00, IsDue=False
2025-04-28 05:28:24|DEBUG  |MarketDataSync|Skip Daily 'aggregate_daily_gold_currency': Already processed up to or including yesterday (2025-04-28).
2025-04-28 05:28:24|DEBUG  |MarketDataSync|Task 'aggregate_3d_gold_currency': LastRunUTC=2025-04-27T23:53:52.154884+00:00, TimeSince=5:34:30.727697, Interval=3 days, 0:00:00, IsDue=False
2025-04-28 05:28:24|DEBUG  |MarketDataSync|Task 'aggregate_weekly_gold_currency': LastRunUTC=2025-04-27T23:53:52.160884+00:00, TimeSince=5:34:30.721697, Interval=7 days, 0:00:00, IsDue=False
2025-04-28 05:28:24|DEBUG  |MarketDataSync|Checking aggregations for 'crypto': Levels=['6h', '12h', 'daily', '3d', 'weekly']
2025-04-28 05:28:24|DEBUG  |MarketDataSync|Task 'aggregate_6h_crypto': LastRunUTC=2025-04-27T23:53:52.166675+00:00, TimeSince=5:34:30.715906, Interval=6:00:00, IsDue=False
2025-04-28 05:28:24|DEBUG  |MarketDataSync|Task 'aggregate_12h_crypto': LastRunUTC=2025-04-27T23:53:52.172746+00:00, TimeSince=5:34:30.709835, Interval=12:00:00, IsDue=False
2025-04-28 05:28:24|DEBUG  |MarketDataSync|Skip Daily 'aggregate_daily_crypto': Already processed up to or including yesterday (2025-04-28).
2025-04-28 05:28:24|DEBUG  |MarketDataSync|Task 'aggregate_3d_crypto': LastRunUTC=2025-04-27T23:53:52.184634+00:00, TimeSince=5:34:30.697947, Interval=3 days, 0:00:00, IsDue=False
2025-04-28 05:28:24|DEBUG  |MarketDataSync|Task 'aggregate_weekly_crypto': LastRunUTC=2025-04-27T23:53:52.190994+00:00, TimeSince=5:34:30.691587, Interval=7 days, 0:00:00, IsDue=False
2025-04-28 05:28:24|DEBUG  |MarketDataSync|Checking aggregations for 'commodity': Levels=['6h', '12h', 'daily', '3d', 'weekly']
2025-04-28 05:28:24|DEBUG  |MarketDataSync|Task 'aggregate_6h_commodity': LastRunUTC=2025-04-27T23:53:52.197363+00:00, TimeSince=5:34:30.685218, Interval=6:00:00, IsDue=False
2025-04-28 05:28:24|DEBUG  |MarketDataSync|Task 'aggregate_12h_commodity': LastRunUTC=2025-04-27T23:53:52.207218+00:00, TimeSince=5:34:30.675363, Interval=12:00:00, IsDue=False
2025-04-28 05:28:24|DEBUG  |MarketDataSync|Skip Daily 'aggregate_daily_commodity': Already processed up to or including yesterday (2025-04-28).
2025-04-28 05:28:24|DEBUG  |MarketDataSync|Task 'aggregate_3d_commodity': LastRunUTC=2025-04-27T23:53:52.219063+00:00, TimeSince=5:34:30.663518, Interval=3 days, 0:00:00, IsDue=False
2025-04-28 05:28:24|DEBUG  |MarketDataSync|Task 'aggregate_weekly_commodity': LastRunUTC=2025-04-27T23:53:52.225242+00:00, TimeSince=5:34:30.657339, Interval=7 days, 0:00:00, IsDue=False
2025-04-28 05:28:24|DEBUG  |MarketDataSync|Checking aggregations for 'tse_ifb_symbols': Levels=['daily']
2025-04-28 05:28:24|INFO   |MarketDataSync|Daily task 'aggregate_daily_tse_ifb_symbols' due: Never run before.
2025-04-28 05:28:24|INFO   |MarketDataSync|Running Aggregation: 'aggregate_daily_tse_ifb_symbols' target=2025-04-27 period=[2025-04-26T20:30:00+00:00 to 2025-04-27T20:30:00+00:00)
2025-04-28 05:28:24|INFO   |MarketDataSync|Starting aggregation for 'tse_ifb_symbols_daily' (Period: 2025-04-26T20:30:00+00:00 to 2025-04-27T20:30:00+00:00)
2025-04-28 05:28:24|INFO   |MarketDataSync|Skip Aggregation for tse_ifb_symbols_daily: No raw data found in period 2025-04-26T20:30:00+00:00 to 2025-04-27T20:30:00+00:00.
2025-04-28 05:28:24|DEBUG  |MarketDataSync|Updated last run time for 'aggregate_daily_tse_ifb_symbols' to 2025-04-28T05:28:24.918166+00:00
2025-04-28 05:28:24|INFO   |MarketDataSync|Aggregation Results Summary: Success=1, Skipped=15, Errors=0
2025-04-28 05:28:24|INFO   |MarketDataSync|DB connection closed.
2025-04-28 05:28:24|INFO   |MarketDataSync|[32m--- Market Data Sync Cycle Finished in 2.09 seconds ---[0m
2025-04-28 05:28:24|INFO   |MarketDataSync|Improvement Suggestion 1: Implement more specific error handling for common API issues (e.g., rate limits, maintenance status codes).
2025-04-28 05:28:24|INFO   |MarketDataSync|Improvement Suggestion 2: Consider adding data quality checks (e.g., price outliers, missing symbols) after fetching or before aggregation.
