[32m•[0m 17:42:48|[32mINFO   [0m| [32mLogging setup complete. Target Console Level: INFO, File Level: DEBUG[0m
[32m•[0m 17:42:48|[32mINFO   [0m| [32mCurrent log file: logs/market_data_20250428_174248.log[0m
[32m•[0m 17:42:48|[32mINFO   [0m| [32m[32m--- Starting Market Data Sync Cycle ---[0m[0m
[32m•[0m 17:42:48|[32mINFO   [0m| [32mDB connection successful.[0m
[32m•[0m 17:42:48|[32mINFO   [0m| [32m--- Checking API Fetch Tasks ---[0m
[32m•[0m 17:42:48|[32mINFO   [0m| [32mScheduling fetch for: 'gold_currency'[0m
[32m•[0m 17:42:48|[32mINFO   [0m| [32mScheduling fetch for: 'crypto'[0m
[32m•[0m 17:42:48|[32mINFO   [0m| [32mScheduling fetch for: 'commodity'[0m
[32m•[0m 17:42:48|[32mINFO   [0m| [32mAttempting to fetch data for 3 endpoints...[0m
[32m•[0m 17:42:50|[32mINFO   [0m| [32mSuccess: Fetched 'commodity'.[0m
[32m•[0m 17:42:50|[32mINFO   [0m| [32mSuccess: Fetched 'gold_currency'.[0m
[32m•[0m 17:42:50|[32mINFO   [0m| [32mSuccess: Fetched 'crypto'.[0m
[32m•[0m 17:42:50|[32mINFO   [0m| [32m--- Processing Fetch Results ---[0m
[32m•[0m 17:42:50|[32mINFO   [0m| [32mFetch Results Summary: Processed=3, DB Inserts=3, Errors=0[0m
[32m•[0m 17:42:50|[32mINFO   [0m| [32m--- Checking Aggregation Tasks ---[0m
[32m•[0m 17:42:50|[32mINFO   [0m| [32mAggregation Results Summary: Success=0, Skipped=16, Errors=0[0m
[32m•[0m 17:42:50|[32mINFO   [0m| [32mDB connection closed.[0m
[32m•[0m 17:42:50|[32mINFO   [0m| [32m[32m--- Market Data Sync Cycle Finished in 2.32 seconds ---[0m[0m
[32m•[0m 17:42:50|[32mINFO   [0m| [32mImprovement Suggestion 1: Implement more specific error handling for common API issues (e.g., rate limits, maintenance status codes).[0m
[32m•[0m 17:42:50|[32mINFO   [0m| [32mImprovement Suggestion 2: Consider adding data quality checks (e.g., price outliers, missing symbols) after fetching or before aggregation.[0m
[34m•[0m No .env file found at: /home/runner/work/riyales-api/riyales-api/src/../.env. Relying on system environment variables.
g fetch task: 'tse_ifb_symbols'
2025-04-28 17:42:48|DEBUG  |MarketDataSync|Market Check: LocalTime=21:12:48 +0330, Weekday=0, CurrentTime=21:12:48.553033, MarketHours=08:45:00-12:45:00, MarketDays=[5, 6, 0, 1, 2]
2025-04-28 17:42:48|DEBUG  |MarketDataSync|Market Status: CLOSED (Within Market Hours Check)
2025-04-28 17:42:48|DEBUG  |MarketDataSync| -> Skip 'tse_ifb_symbols': Market is closed.
2025-04-28 17:42:48|DEBUG  |MarketDataSync|Checking fetch task: 'tse_options'
2025-04-28 17:42:48|DEBUG  |MarketDataSync| -> Skip 'tse_options': Disabled in config.
2025-04-28 17:42:48|DEBUG  |MarketDataSync|Checking fetch task: 'tse_nav'
2025-04-28 17:42:48|DEBUG  |MarketDataSync| -> Skip 'tse_nav': Disabled in config.
2025-04-28 17:42:48|DEBUG  |MarketDataSync|Checking fetch task: 'tse_index'
2025-04-28 17:42:48|DEBUG  |MarketDataSync| -> Skip 'tse_index': Disabled in config.
2025-04-28 17:42:48|DEBUG  |MarketDataSync|Checking fetch task: 'ifb_index'
2025-04-28 17:42:48|DEBUG  |MarketDataSync| -> Skip 'ifb_index': Disabled in config.
2025-04-28 17:42:48|DEBUG  |MarketDataSync|Checking fetch task: 'selected_indices'
2025-04-28 17:42:48|DEBUG  |MarketDataSync| -> Skip 'selected_indices': Disabled in config.
2025-04-28 17:42:48|DEBUG  |MarketDataSync|Checking fetch task: 'debt_securities'
2025-04-28 17:42:48|DEBUG  |MarketDataSync|Market Check: LocalTime=21:12:48 +0330, Weekday=0, CurrentTime=21:12:48.553387, MarketHours=08:45:00-12:45:00, MarketDays=[5, 6, 0, 1, 2]
2025-04-28 17:42:48|DEBUG  |MarketDataSync|Market Status: CLOSED (Within Market Hours Check)
2025-04-28 17:42:48|DEBUG  |MarketDataSync| -> Skip 'debt_securities': Market is closed.
2025-04-28 17:42:48|DEBUG  |MarketDataSync|Checking fetch task: 'housing_facilities'
2025-04-28 17:42:48|DEBUG  |MarketDataSync|Market Check: LocalTime=21:12:48 +0330, Weekday=0, CurrentTime=21:12:48.553484, MarketHours=08:45:00-12:45:00, MarketDays=[5, 6, 0, 1, 2]
2025-04-28 17:42:48|DEBUG  |MarketDataSync|Market Status: CLOSED (Within Market Hours Check)
2025-04-28 17:42:48|DEBUG  |MarketDataSync| -> Skip 'housing_facilities': Market is closed.
2025-04-28 17:42:48|DEBUG  |MarketDataSync|Checking fetch task: 'futures'
2025-04-28 17:42:48|DEBUG  |MarketDataSync|Market Check: LocalTime=21:12:48 +0330, Weekday=0, CurrentTime=21:12:48.553635, MarketHours=08:45:00-12:45:00, MarketDays=[5, 6, 0, 1, 2]
2025-04-28 17:42:48|DEBUG  |MarketDataSync|Market Status: CLOSED (Within Market Hours Check)
2025-04-28 17:42:48|DEBUG  |MarketDataSync| -> Skip 'futures': Market is closed.
2025-04-28 17:42:48|INFO   |MarketDataSync|Attempting to fetch data for 3 endpoints...
2025-04-28 17:42:48|DEBUG  |MarketDataSync|Requesting: gold_currency (https://brsapi.ir/Api/Market/Gold_Currency.php?key=********)
2025-04-28 17:42:48|DEBUG  |MarketDataSync|Requesting: crypto (https://brsapi.ir/Api/Market/Cryptocurrency.php?key=********)
2025-04-28 17:42:48|DEBUG  |MarketDataSync|Requesting: commodity (https://brsapi.ir/Api/Market/Commodity.php?key=********)
2025-04-28 17:42:50|DEBUG  |MarketDataSync|Response: crypto Status=200 in 1.43s
2025-04-28 17:42:50|DEBUG  |MarketDataSync|Response: commodity Status=200 in 1.44s
2025-04-28 17:42:50|INFO   |MarketDataSync|Success: Fetched 'commodity'.
2025-04-28 17:42:50|DEBUG  |MarketDataSync|Response: gold_currency Status=200 in 1.47s
2025-04-28 17:42:50|INFO   |MarketDataSync|Success: Fetched 'gold_currency'.
2025-04-28 17:42:50|INFO   |MarketDataSync|Success: Fetched 'crypto'.
2025-04-28 17:42:50|INFO   |MarketDataSync|--- Processing Fetch Results ---
2025-04-28 17:42:50|DEBUG  |MarketDataSync|Ensured table 'gold_currency_raw' exists or was created.
2025-04-28 17:42:50|DEBUG  |MarketDataSync|Inserted raw data into 'gold_currency_raw' for 2025-04-28T17:42:50.701710+00:00.
2025-04-28 17:42:50|DEBUG  |MarketDataSync|Saved latest raw JSON: gold_currency.json
2025-04-28 17:42:50|DEBUG  |MarketDataSync|Updated last run time for 'fetch_gold_currency' to 2025-04-28T17:42:48.549666+00:00
2025-04-28 17:42:50|DEBUG  |MarketDataSync|Ensured table 'crypto_raw' exists or was created.
2025-04-28 17:42:50|DEBUG  |MarketDataSync|Inserted raw data into 'crypto_raw' for 2025-04-28T17:42:50.701710+00:00.
2025-04-28 17:42:50|DEBUG  |MarketDataSync|Saved latest raw JSON: cryptocurrency.json
2025-04-28 17:42:50|DEBUG  |MarketDataSync|Updated last run time for 'fetch_crypto' to 2025-04-28T17:42:48.549666+00:00
2025-04-28 17:42:50|DEBUG  |MarketDataSync|Ensured table 'commodity_raw' exists or was created.
2025-04-28 17:42:50|DEBUG  |MarketDataSync|Inserted raw data into 'commodity_raw' for 2025-04-28T17:42:50.701710+00:00.
2025-04-28 17:42:50|DEBUG  |MarketDataSync|Saved latest raw JSON: commodity.json
2025-04-28 17:42:50|DEBUG  |MarketDataSync|Updated last run time for 'fetch_commodity' to 2025-04-28T17:42:48.549666+00:00
2025-04-28 17:42:50|INFO   |MarketDataSync|Fetch Results Summary: Processed=3, DB Inserts=3, Errors=0
2025-04-28 17:42:50|INFO   |MarketDataSync|--- Checking Aggregation Tasks ---
2025-04-28 17:42:50|DEBUG  |MarketDataSync|Checking aggregations for 'gold_currency': Levels=['6h', '12h', 'daily', '3d', 'weekly']
2025-04-28 17:42:50|DEBUG  |MarketDataSync|Task 'aggregate_6h_gold_currency': LastRunUTC=2025-04-28T12:21:53.882559+00:00, TimeSince=5:20:54.667107, Interval=6:00:00, IsDue=False
2025-04-28 17:42:50|DEBUG  |MarketDataSync|Task 'aggregate_12h_gold_currency': LastRunUTC=2025-04-28T12:21:53.954430+00:00, TimeSince=5:20:54.595236, Interval=12:00:00, IsDue=False
2025-04-28 17:42:50|DEBUG  |MarketDataSync|Skip Daily 'aggregate_daily_gold_currency': Already processed up to or including yesterday (2025-04-28).
2025-04-28 17:42:50|DEBUG  |MarketDataSync|Task 'aggregate_3d_gold_currency': LastRunUTC=2025-04-27T23:53:52.154884+00:00, TimeSince=17:48:56.394782, Interval=3 days, 0:00:00, IsDue=False
2025-04-28 17:42:50|DEBUG  |MarketDataSync|Task 'aggregate_weekly_gold_currency': LastRunUTC=2025-04-27T23:53:52.160884+00:00, TimeSince=17:48:56.388782, Interval=7 days, 0:00:00, IsDue=False
2025-04-28 17:42:50|DEBUG  |MarketDataSync|Checking aggregations for 'crypto': Levels=['6h', '12h', 'daily', '3d', 'weekly']
2025-04-28 17:42:50|DEBUG  |MarketDataSync|Task 'aggregate_6h_crypto': LastRunUTC=2025-04-28T12:21:54.073311+00:00, TimeSince=5:20:54.476355, Interval=6:00:00, IsDue=False
2025-04-28 17:42:50|DEBUG  |MarketDataSync|Task 'aggregate_12h_crypto': LastRunUTC=2025-04-28T12:21:54.332520+00:00, TimeSince=5:20:54.217146, Interval=12:00:00, IsDue=False
2025-04-28 17:42:50|DEBUG  |MarketDataSync|Skip Daily 'aggregate_daily_crypto': Already processed up to or including yesterday (2025-04-28).
2025-04-28 17:42:50|DEBUG  |MarketDataSync|Task 'aggregate_3d_crypto': LastRunUTC=2025-04-27T23:53:52.184634+00:00, TimeSince=17:48:56.365032, Interval=3 days, 0:00:00, IsDue=False
2025-04-28 17:42:50|DEBUG  |MarketDataSync|Task 'aggregate_weekly_crypto': LastRunUTC=2025-04-27T23:53:52.190994+00:00, TimeSince=17:48:56.358672, Interval=7 days, 0:00:00, IsDue=False
2025-04-28 17:42:50|DEBUG  |MarketDataSync|Checking aggregations for 'commodity': Levels=['6h', '12h', 'daily', '3d', 'weekly']
2025-04-28 17:42:50|DEBUG  |MarketDataSync|Task 'aggregate_6h_commodity': LastRunUTC=2025-04-28T12:21:54.361615+00:00, TimeSince=5:20:54.188051, Interval=6:00:00, IsDue=False
2025-04-28 17:42:50|DEBUG  |MarketDataSync|Task 'aggregate_12h_commodity': LastRunUTC=2025-04-28T12:21:54.404772+00:00, TimeSince=5:20:54.144894, Interval=12:00:00, IsDue=False
2025-04-28 17:42:50|DEBUG  |MarketDataSync|Skip Daily 'aggregate_daily_commodity': Already processed up to or including yesterday (2025-04-28).
2025-04-28 17:42:50|DEBUG  |MarketDataSync|Task 'aggregate_3d_commodity': LastRunUTC=2025-04-27T23:53:52.219063+00:00, TimeSince=17:48:56.330603, Interval=3 days, 0:00:00, IsDue=False
2025-04-28 17:42:50|DEBUG  |MarketDataSync|Task 'aggregate_weekly_commodity': LastRunUTC=2025-04-27T23:53:52.225242+00:00, TimeSince=17:48:56.324424, Interval=7 days, 0:00:00, IsDue=False
2025-04-28 17:42:50|DEBUG  |MarketDataSync|Checking aggregations for 'tse_ifb_symbols': Levels=['daily']
2025-04-28 17:42:50|DEBUG  |MarketDataSync|Skip Daily 'aggregate_daily_tse_ifb_symbols': Already processed up to or including yesterday (2025-04-28).
2025-04-28 17:42:50|INFO   |MarketDataSync|Aggregation Results Summary: Success=0, Skipped=16, Errors=0
2025-04-28 17:42:50|INFO   |MarketDataSync|DB connection closed.
2025-04-28 17:42:50|INFO   |MarketDataSync|[32m--- Market Data Sync Cycle Finished in 2.32 seconds ---[0m
2025-04-28 17:42:50|INFO   |MarketDataSync|Improvement Suggestion 1: Implement more specific error handling for common API issues (e.g., rate limits, maintenance status codes).
2025-04-28 17:42:50|INFO   |MarketDataSync|Improvement Suggestion 2: Consider adding data quality checks (e.g., price outliers, missing symbols) after fetching or before aggregation.
