[32m•[0m 07:56:52|[32mINFO   [0m| [32mCleaned old log file: market_data_20250425_195028.log[0m
[32m•[0m 07:56:52|[32mINFO   [0m| [32mCleaned old log file: market_data_20250425_195027.log[0m
[32m•[0m 07:56:52|[32mINFO   [0m| [32mLogging setup complete. Target Console Level: INFO, File Level: DEBUG[0m
[32m•[0m 07:56:52|[32mINFO   [0m| [32mCurrent log file: logs/market_data_20250426_075652.log[0m
[32m•[0m 07:56:52|[32mINFO   [0m| [32m[32m--- Starting Market Data Sync Cycle ---[0m[0m
[32m•[0m 07:56:52|[32mINFO   [0m| [32mDB connection successful.[0m
[32m•[0m 07:56:52|[32mINFO   [0m| [32m--- Checking API Fetch Tasks ---[0m
[32m•[0m 07:56:52|[32mINFO   [0m| [32mNo API endpoints scheduled for fetching in this cycle.[0m
[32m•[0m 07:56:52|[32mINFO   [0m| [32m--- Checking Aggregation Tasks ---[0m
[32m•[0m 07:56:52|[32mINFO   [0m| [32mAggregation Results Summary: Success=0, Skipped=16, Errors=0[0m
[32m•[0m 07:56:52|[32mINFO   [0m| [32mDB connection closed.[0m
[32m•[0m 07:56:52|[32mINFO   [0m| [32m[32m--- Market Data Sync Cycle Finished in 0.03 seconds ---[0m[0m
[32m•[0m 07:56:52|[32mINFO   [0m| [32mImprovement Suggestion 1: Implement more specific error handling for common API issues (e.g., rate limits, maintenance status codes).[0m
[32m•[0m 07:56:52|[32mINFO   [0m| [32mImprovement Suggestion 2: Consider adding data quality checks (e.g., price outliers, missing symbols) after fetching or before aggregation.[0m
[34m•[0m No .env file found at: /home/runner/work/riyales-api/riyales-api/src/../.env. Relying on system environment variables.
|DEBUG  |MarketDataSync|Checking fetch task: 'crypto'
2025-04-26 07:56:52|DEBUG  |MarketDataSync|Task 'fetch_crypto': LastRunUTC=2025-04-26T07:48:13.318403+00:00, TimeSince=0:08:39.212359, Interval=0:10:00, IsDue=False
2025-04-26 07:56:52|DEBUG  |MarketDataSync| -> Skip 'crypto': Interval not met.
2025-04-26 07:56:52|DEBUG  |MarketDataSync|Checking fetch task: 'commodity'
2025-04-26 07:56:52|DEBUG  |MarketDataSync|Task 'fetch_commodity': LastRunUTC=2025-04-26T07:48:13.318403+00:00, TimeSince=0:08:39.212359, Interval=0:10:00, IsDue=False
2025-04-26 07:56:52|DEBUG  |MarketDataSync| -> Skip 'commodity': Interval not met.
2025-04-26 07:56:52|DEBUG  |MarketDataSync|Checking fetch task: 'tse_ifb_symbols'
2025-04-26 07:56:52|DEBUG  |MarketDataSync|Market Check: LocalTime=11:26:52 +0330, Weekday=5, CurrentTime=11:26:52.533939, MarketHours=08:45:00-12:45:00, MarketDays=[5, 6, 0, 1, 2]
2025-04-26 07:56:52|DEBUG  |MarketDataSync|Market Status: OPEN (Within Market Hours Check)
2025-04-26 07:56:52|DEBUG  |MarketDataSync|Task 'fetch_tse_ifb_symbols': LastRunUTC=2025-04-26T07:48:13.318403+00:00, TimeSince=0:08:39.212359, Interval=0:20:00, IsDue=False
2025-04-26 07:56:52|DEBUG  |MarketDataSync| -> Skip 'tse_ifb_symbols': Interval not met.
2025-04-26 07:56:52|DEBUG  |MarketDataSync|Checking fetch task: 'tse_options'
2025-04-26 07:56:52|DEBUG  |MarketDataSync| -> Skip 'tse_options': Disabled in config.
2025-04-26 07:56:52|DEBUG  |MarketDataSync|Checking fetch task: 'tse_nav'
2025-04-26 07:56:52|DEBUG  |MarketDataSync| -> Skip 'tse_nav': Disabled in config.
2025-04-26 07:56:52|DEBUG  |MarketDataSync|Checking fetch task: 'tse_index'
2025-04-26 07:56:52|DEBUG  |MarketDataSync| -> Skip 'tse_index': Disabled in config.
2025-04-26 07:56:52|DEBUG  |MarketDataSync|Checking fetch task: 'ifb_index'
2025-04-26 07:56:52|DEBUG  |MarketDataSync| -> Skip 'ifb_index': Disabled in config.
2025-04-26 07:56:52|DEBUG  |MarketDataSync|Checking fetch task: 'selected_indices'
2025-04-26 07:56:52|DEBUG  |MarketDataSync| -> Skip 'selected_indices': Disabled in config.
2025-04-26 07:56:52|DEBUG  |MarketDataSync|Checking fetch task: 'debt_securities'
2025-04-26 07:56:52|DEBUG  |MarketDataSync|Market Check: LocalTime=11:26:52 +0330, Weekday=5, CurrentTime=11:26:52.534782, MarketHours=08:45:00-12:45:00, MarketDays=[5, 6, 0, 1, 2]
2025-04-26 07:56:52|DEBUG  |MarketDataSync|Market Status: OPEN (Within Market Hours Check)
2025-04-26 07:56:52|DEBUG  |MarketDataSync|Task 'fetch_debt_securities': LastRunUTC=2025-04-26T07:48:13.318403+00:00, TimeSince=0:08:39.212359, Interval=0:20:00, IsDue=False
2025-04-26 07:56:52|DEBUG  |MarketDataSync| -> Skip 'debt_securities': Interval not met.
2025-04-26 07:56:52|DEBUG  |MarketDataSync|Checking fetch task: 'housing_facilities'
2025-04-26 07:56:52|DEBUG  |MarketDataSync|Market Check: LocalTime=11:26:52 +0330, Weekday=5, CurrentTime=11:26:52.535401, MarketHours=08:45:00-12:45:00, MarketDays=[5, 6, 0, 1, 2]
2025-04-26 07:56:52|DEBUG  |MarketDataSync|Market Status: OPEN (Within Market Hours Check)
2025-04-26 07:56:52|DEBUG  |MarketDataSync|Task 'fetch_housing_facilities': LastRunUTC=2025-04-26T07:48:13.318403+00:00, TimeSince=0:08:39.212359, Interval=0:20:00, IsDue=False
2025-04-26 07:56:52|DEBUG  |MarketDataSync| -> Skip 'housing_facilities': Interval not met.
2025-04-26 07:56:52|DEBUG  |MarketDataSync|Checking fetch task: 'futures'
2025-04-26 07:56:52|DEBUG  |MarketDataSync|Market Check: LocalTime=11:26:52 +0330, Weekday=5, CurrentTime=11:26:52.536028, MarketHours=08:45:00-12:45:00, MarketDays=[5, 6, 0, 1, 2]
2025-04-26 07:56:52|DEBUG  |MarketDataSync|Market Status: OPEN (Within Market Hours Check)
2025-04-26 07:56:52|DEBUG  |MarketDataSync|Task 'fetch_futures': LastRunUTC=2025-04-26T07:48:13.318403+00:00, TimeSince=0:08:39.212359, Interval=0:20:00, IsDue=False
2025-04-26 07:56:52|DEBUG  |MarketDataSync| -> Skip 'futures': Interval not met.
2025-04-26 07:56:52|INFO   |MarketDataSync|No API endpoints scheduled for fetching in this cycle.
2025-04-26 07:56:52|INFO   |MarketDataSync|--- Checking Aggregation Tasks ---
2025-04-26 07:56:52|DEBUG  |MarketDataSync|Checking aggregations for 'gold_currency': Levels=['6h', '12h', 'daily', '3d', 'weekly']
2025-04-26 07:56:52|DEBUG  |MarketDataSync|Task 'aggregate_6h_gold_currency': LastRunUTC=2025-04-26T05:05:16.568778+00:00, TimeSince=2:51:35.961984, Interval=6:00:00, IsDue=False
2025-04-26 07:56:52|DEBUG  |MarketDataSync|Task 'aggregate_12h_gold_currency': LastRunUTC=2025-04-26T05:05:16.573692+00:00, TimeSince=2:51:35.957070, Interval=12:00:00, IsDue=False
2025-04-26 07:56:52|DEBUG  |MarketDataSync|Skip Daily 'aggregate_daily_gold_currency': Already processed up to or including yesterday (2025-04-26).
2025-04-26 07:56:52|DEBUG  |MarketDataSync|Task 'aggregate_3d_gold_currency': LastRunUTC=2025-04-26T05:05:16.584527+00:00, TimeSince=2:51:35.946235, Interval=3 days, 0:00:00, IsDue=False
2025-04-26 07:56:52|DEBUG  |MarketDataSync|Task 'aggregate_weekly_gold_currency': LastRunUTC=2025-04-26T05:05:16.589416+00:00, TimeSince=2:51:35.941346, Interval=7 days, 0:00:00, IsDue=False
2025-04-26 07:56:52|DEBUG  |MarketDataSync|Checking aggregations for 'crypto': Levels=['6h', '12h', 'daily', '3d', 'weekly']
2025-04-26 07:56:52|DEBUG  |MarketDataSync|Task 'aggregate_6h_crypto': LastRunUTC=2025-04-26T05:05:16.594193+00:00, TimeSince=2:51:35.936569, Interval=6:00:00, IsDue=False
2025-04-26 07:56:52|DEBUG  |MarketDataSync|Task 'aggregate_12h_crypto': LastRunUTC=2025-04-26T05:05:16.599316+00:00, TimeSince=2:51:35.931446, Interval=12:00:00, IsDue=False
2025-04-26 07:56:52|DEBUG  |MarketDataSync|Skip Daily 'aggregate_daily_crypto': Already processed up to or including yesterday (2025-04-26).
2025-04-26 07:56:52|DEBUG  |MarketDataSync|Task 'aggregate_3d_crypto': LastRunUTC=2025-04-26T05:05:16.609675+00:00, TimeSince=2:51:35.921087, Interval=3 days, 0:00:00, IsDue=False
2025-04-26 07:56:52|DEBUG  |MarketDataSync|Task 'aggregate_weekly_crypto': LastRunUTC=2025-04-26T05:05:16.615389+00:00, TimeSince=2:51:35.915373, Interval=7 days, 0:00:00, IsDue=False
2025-04-26 07:56:52|DEBUG  |MarketDataSync|Checking aggregations for 'commodity': Levels=['6h', '12h', 'daily', '3d', 'weekly']
2025-04-26 07:56:52|DEBUG  |MarketDataSync|Task 'aggregate_6h_commodity': LastRunUTC=2025-04-26T05:05:16.620180+00:00, TimeSince=2:51:35.910582, Interval=6:00:00, IsDue=False
2025-04-26 07:56:52|DEBUG  |MarketDataSync|Task 'aggregate_12h_commodity': LastRunUTC=2025-04-26T05:05:16.625099+00:00, TimeSince=2:51:35.905663, Interval=12:00:00, IsDue=False
2025-04-26 07:56:52|DEBUG  |MarketDataSync|Skip Daily 'aggregate_daily_commodity': Already processed up to or including yesterday (2025-04-26).
2025-04-26 07:56:52|DEBUG  |MarketDataSync|Task 'aggregate_3d_commodity': LastRunUTC=2025-04-26T05:05:16.635096+00:00, TimeSince=2:51:35.895666, Interval=3 days, 0:00:00, IsDue=False
2025-04-26 07:56:52|DEBUG  |MarketDataSync|Task 'aggregate_weekly_commodity': LastRunUTC=2025-04-26T05:05:16.640100+00:00, TimeSince=2:51:35.890662, Interval=7 days, 0:00:00, IsDue=False
2025-04-26 07:56:52|DEBUG  |MarketDataSync|Checking aggregations for 'tse_ifb_symbols': Levels=['daily']
2025-04-26 07:56:52|DEBUG  |MarketDataSync|Skip Daily 'aggregate_daily_tse_ifb_symbols': Already processed up to or including yesterday (2025-04-26).
2025-04-26 07:56:52|INFO   |MarketDataSync|Aggregation Results Summary: Success=0, Skipped=16, Errors=0
2025-04-26 07:56:52|INFO   |MarketDataSync|DB connection closed.
2025-04-26 07:56:52|INFO   |MarketDataSync|[32m--- Market Data Sync Cycle Finished in 0.03 seconds ---[0m
2025-04-26 07:56:52|INFO   |MarketDataSync|Improvement Suggestion 1: Implement more specific error handling for common API issues (e.g., rate limits, maintenance status codes).
2025-04-26 07:56:52|INFO   |MarketDataSync|Improvement Suggestion 2: Consider adding data quality checks (e.g., price outliers, missing symbols) after fetching or before aggregation.
