[32m‚ÄĘ[0m 21:00:21|[32mINFO   [0m| [32mLogging setup complete. Target Console Level: INFO, File Level: DEBUG[0m
[32m‚ÄĘ[0m 21:00:21|[32mINFO   [0m| [32mCurrent log file: logs/market_data_20250425_210021.log[0m
[32m‚ÄĘ[0m 21:00:21|[32mINFO   [0m| [32m[32m--- Starting Market Data Sync Cycle ---[0m[0m
[32m‚ÄĘ[0m 21:00:21|[32mINFO   [0m| [32mDB connection successful.[0m
[32m‚ÄĘ[0m 21:00:21|[32mINFO   [0m| [32m--- Checking API Fetch Tasks ---[0m
[32m‚ÄĘ[0m 21:00:21|[32mINFO   [0m| [32mNo API endpoints scheduled for fetching in this cycle.[0m
[32m‚ÄĘ[0m 21:00:21|[32mINFO   [0m| [32m--- Checking Aggregation Tasks ---[0m
[32m‚ÄĘ[0m 21:00:21|[32mINFO   [0m| [32mDaily task 'aggregate_daily_tse_ifb_symbols' due: Never run before.[0m
[32m‚ÄĘ[0m 21:00:21|[32mINFO   [0m| [32mRunning Aggregation: 'aggregate_daily_tse_ifb_symbols' target=2025-04-25 period=[2025-04-24T20:30:00+00:00 to 2025-04-25T20:30:00+00:00)[0m
[32m‚ÄĘ[0m 21:00:21|[32mINFO   [0m| [32mStarting aggregation for 'tse_ifb_symbols_daily' (Period: 2025-04-24T20:30:00+00:00 to 2025-04-25T20:30:00+00:00)[0m
[33m‚ÄĘ[0m 21:00:21|[33mWARNING[0m| [33mSkip Aggregation for tse_ifb_symbols_daily: Raw table 'tse_ifb_symbols_raw' does not exist.[0m
[32m‚ÄĘ[0m 21:00:21|[32mINFO   [0m| [32mAggregation Results Summary: Success=1, Skipped=15, Errors=0[0m
[32m‚ÄĘ[0m 21:00:21|[32mINFO   [0m| [32mDB connection closed.[0m
[32m‚ÄĘ[0m 21:00:21|[32mINFO   [0m| [32m[32m--- Market Data Sync Cycle Finished in 0.04 seconds ---[0m[0m
[32m‚ÄĘ[0m 21:00:21|[32mINFO   [0m| [32mImprovement Suggestion 1: Implement more specific error handling for common API issues (e.g., rate limits, maintenance status codes).[0m
[32m‚ÄĘ[0m 21:00:21|[32mINFO   [0m| [32mImprovement Suggestion 2: Consider adding data quality checks (e.g., price outliers, missing symbols) after fetching or before aggregation.[0m
[34m‚ÄĘ[0m No .env file found at: /home/runner/work/riyales-api/riyales-api/src/../.env. Relying on system environment variables.
'commodity': Interval not met.
2025-04-25 21:00:21|DEBUG  |MarketDataSync|Checking fetch task: 'tse_ifb_symbols'
2025-04-25 21:00:21|DEBUG  |MarketDataSync|Market Check: LocalTime=00:30:21 +0330, Weekday=5, CurrentTime=00:30:21.720923, MarketHours=08:45:00-12:45:00, MarketDays=[5, 6, 0, 1, 2]
2025-04-25 21:00:21|DEBUG  |MarketDataSync|Market Status: CLOSED (Within Market Hours Check)
2025-04-25 21:00:21|DEBUG  |MarketDataSync| -> Skip 'tse_ifb_symbols': Market is closed.
2025-04-25 21:00:21|DEBUG  |MarketDataSync|Checking fetch task: 'tse_options'
2025-04-25 21:00:21|DEBUG  |MarketDataSync| -> Skip 'tse_options': Disabled in config.
2025-04-25 21:00:21|DEBUG  |MarketDataSync|Checking fetch task: 'tse_nav'
2025-04-25 21:00:21|DEBUG  |MarketDataSync| -> Skip 'tse_nav': Disabled in config.
2025-04-25 21:00:21|DEBUG  |MarketDataSync|Checking fetch task: 'tse_index'
2025-04-25 21:00:21|DEBUG  |MarketDataSync| -> Skip 'tse_index': Disabled in config.
2025-04-25 21:00:21|DEBUG  |MarketDataSync|Checking fetch task: 'ifb_index'
2025-04-25 21:00:21|DEBUG  |MarketDataSync| -> Skip 'ifb_index': Disabled in config.
2025-04-25 21:00:21|DEBUG  |MarketDataSync|Checking fetch task: 'selected_indices'
2025-04-25 21:00:21|DEBUG  |MarketDataSync| -> Skip 'selected_indices': Disabled in config.
2025-04-25 21:00:21|DEBUG  |MarketDataSync|Checking fetch task: 'debt_securities'
2025-04-25 21:00:21|DEBUG  |MarketDataSync|Market Check: LocalTime=00:30:21 +0330, Weekday=5, CurrentTime=00:30:21.721213, MarketHours=08:45:00-12:45:00, MarketDays=[5, 6, 0, 1, 2]
2025-04-25 21:00:21|DEBUG  |MarketDataSync|Market Status: CLOSED (Within Market Hours Check)
2025-04-25 21:00:21|DEBUG  |MarketDataSync| -> Skip 'debt_securities': Market is closed.
2025-04-25 21:00:21|DEBUG  |MarketDataSync|Checking fetch task: 'housing_facilities'
2025-04-25 21:00:21|DEBUG  |MarketDataSync|Market Check: LocalTime=00:30:21 +0330, Weekday=5, CurrentTime=00:30:21.721310, MarketHours=08:45:00-12:45:00, MarketDays=[5, 6, 0, 1, 2]
2025-04-25 21:00:21|DEBUG  |MarketDataSync|Market Status: CLOSED (Within Market Hours Check)
2025-04-25 21:00:21|DEBUG  |MarketDataSync| -> Skip 'housing_facilities': Market is closed.
2025-04-25 21:00:21|DEBUG  |MarketDataSync|Checking fetch task: 'futures'
2025-04-25 21:00:21|DEBUG  |MarketDataSync|Market Check: LocalTime=00:30:21 +0330, Weekday=5, CurrentTime=00:30:21.721426, MarketHours=08:45:00-12:45:00, MarketDays=[5, 6, 0, 1, 2]
2025-04-25 21:00:21|DEBUG  |MarketDataSync|Market Status: CLOSED (Within Market Hours Check)
2025-04-25 21:00:21|DEBUG  |MarketDataSync| -> Skip 'futures': Market is closed.
2025-04-25 21:00:21|INFO   |MarketDataSync|No API endpoints scheduled for fetching in this cycle.
2025-04-25 21:00:21|INFO   |MarketDataSync|--- Checking Aggregation Tasks ---
2025-04-25 21:00:21|DEBUG  |MarketDataSync|Checking aggregations for 'gold_currency': Levels=['6h', '12h', 'daily', '3d', 'weekly']
2025-04-25 21:00:21|DEBUG  |MarketDataSync|Task 'aggregate_6h_gold_currency': LastRunUTC=2025-04-25T16:19:23.792789+00:00, TimeSince=4:40:57.924974, Interval=6:00:00, IsDue=False
2025-04-25 21:00:21|DEBUG  |MarketDataSync|Task 'aggregate_12h_gold_currency': LastRunUTC=2025-04-25T10:17:00.654231+00:00, TimeSince=10:43:21.063532, Interval=12:00:00, IsDue=False
2025-04-25 21:00:21|DEBUG  |MarketDataSync|Skip Daily 'aggregate_daily_gold_currency': Already processed up to or including yesterday (2025-04-25).
2025-04-25 21:00:21|DEBUG  |MarketDataSync|Task 'aggregate_3d_gold_currency': LastRunUTC=2025-04-25T10:17:00.758358+00:00, TimeSince=10:43:20.959405, Interval=3 days, 0:00:00, IsDue=False
2025-04-25 21:00:21|DEBUG  |MarketDataSync|Task 'aggregate_weekly_gold_currency': LastRunUTC=2025-04-25T10:17:00.859913+00:00, TimeSince=10:43:20.857850, Interval=7 days, 0:00:00, IsDue=False
2025-04-25 21:00:21|DEBUG  |MarketDataSync|Checking aggregations for 'crypto': Levels=['6h', '12h', 'daily', '3d', 'weekly']
2025-04-25 21:00:21|DEBUG  |MarketDataSync|Task 'aggregate_6h_crypto': LastRunUTC=2025-04-25T16:19:24.042817+00:00, TimeSince=4:40:57.674946, Interval=6:00:00, IsDue=False
2025-04-25 21:00:21|DEBUG  |MarketDataSync|Task 'aggregate_12h_crypto': LastRunUTC=2025-04-25T10:17:01.473306+00:00, TimeSince=10:43:20.244457, Interval=12:00:00, IsDue=False
2025-04-25 21:00:21|DEBUG  |MarketDataSync|Skip Daily 'aggregate_daily_crypto': Already processed up to or including yesterday (2025-04-25).
2025-04-25 21:00:21|DEBUG  |MarketDataSync|Task 'aggregate_3d_crypto': LastRunUTC=2025-04-25T10:17:01.806736+00:00, TimeSince=10:43:19.911027, Interval=3 days, 0:00:00, IsDue=False
2025-04-25 21:00:21|DEBUG  |MarketDataSync|Task 'aggregate_weekly_crypto': LastRunUTC=2025-04-25T10:17:02.140826+00:00, TimeSince=10:43:19.576937, Interval=7 days, 0:00:00, IsDue=False
2025-04-25 21:00:21|DEBUG  |MarketDataSync|Checking aggregations for 'commodity': Levels=['6h', '12h', 'daily', '3d', 'weekly']
2025-04-25 21:00:21|DEBUG  |MarketDataSync|Task 'aggregate_6h_commodity': LastRunUTC=2025-04-25T16:19:24.085742+00:00, TimeSince=4:40:57.632021, Interval=6:00:00, IsDue=False
2025-04-25 21:00:21|DEBUG  |MarketDataSync|Task 'aggregate_12h_commodity': LastRunUTC=2025-04-25T10:17:02.231518+00:00, TimeSince=10:43:19.486245, Interval=12:00:00, IsDue=False
2025-04-25 21:00:21|DEBUG  |MarketDataSync|Skip Daily 'aggregate_daily_commodity': Already processed up to or including yesterday (2025-04-25).
2025-04-25 21:00:21|DEBUG  |MarketDataSync|Task 'aggregate_3d_commodity': LastRunUTC=2025-04-25T10:17:02.287106+00:00, TimeSince=10:43:19.430657, Interval=3 days, 0:00:00, IsDue=False
2025-04-25 21:00:21|DEBUG  |MarketDataSync|Task 'aggregate_weekly_commodity': LastRunUTC=2025-04-25T10:17:02.342094+00:00, TimeSince=10:43:19.375669, Interval=7 days, 0:00:00, IsDue=False
2025-04-25 21:00:21|DEBUG  |MarketDataSync|Checking aggregations for 'tse_ifb_symbols': Levels=['daily']
2025-04-25 21:00:21|INFO   |MarketDataSync|Daily task 'aggregate_daily_tse_ifb_symbols' due: Never run before.
2025-04-25 21:00:21|INFO   |MarketDataSync|Running Aggregation: 'aggregate_daily_tse_ifb_symbols' target=2025-04-25 period=[2025-04-24T20:30:00+00:00 to 2025-04-25T20:30:00+00:00)
2025-04-25 21:00:21|INFO   |MarketDataSync|Starting aggregation for 'tse_ifb_symbols_daily' (Period: 2025-04-24T20:30:00+00:00 to 2025-04-25T20:30:00+00:00)
2025-04-25 21:00:21|WARNING|MarketDataSync|Skip Aggregation for tse_ifb_symbols_daily: Raw table 'tse_ifb_symbols_raw' does not exist.
2025-04-25 21:00:21|INFO   |MarketDataSync|Aggregation Results Summary: Success=1, Skipped=15, Errors=0
2025-04-25 21:00:21|INFO   |MarketDataSync|DB connection closed.
2025-04-25 21:00:21|INFO   |MarketDataSync|[32m--- Market Data Sync Cycle Finished in 0.04 seconds ---[0m
2025-04-25 21:00:21|INFO   |MarketDataSync|Improvement Suggestion 1: Implement more specific error handling for common API issues (e.g., rate limits, maintenance status codes).
2025-04-25 21:00:21|INFO   |MarketDataSync|Improvement Suggestion 2: Consider adding data quality checks (e.g., price outliers, missing symbols) after fetching or before aggregation.
