2025-04-25 16:19:21|DEBUG  |MarketDataSync|Checking for logs older than 12 hours (2025-04-25T04:19:21.111875) in 'logs'...
2025-04-25 16:19:21|DEBUG  |MarketDataSync|Log cleanup finished. Removed 0 old files.
2025-04-25 16:19:21|INFO   |MarketDataSync|Logging setup complete. Target Console Level: INFO, File Level: DEBUG
2025-04-25 16:19:21|INFO   |MarketDataSync|Current log file: logs/market_data_20250425_161921.log
2025-04-25 16:19:21|DEBUG  |MarketDataSync|To change console log level, set the 'LOG_LEVEL' environment variable (e.g., 'DEBUG', 'INFO', 'WARNING').
2025-04-25 16:19:21|INFO   |MarketDataSync|[32m--- Starting Market Data Sync Cycle ---[0m
2025-04-25 16:19:21|DEBUG  |MarketDataSync|Attempting to connect to DB: data/market_data.duckdb
2025-04-25 16:19:21|INFO   |MarketDataSync|DB connection successful.
2025-04-25 16:19:21|DEBUG  |MarketDataSync|Ensured aggregation_tracker table exists.
2025-04-25 16:19:21|DEBUG  |MarketDataSync|Cycle time: UTC=2025-04-25T16:19:21.132574+00:00, Local=2025-04-25T19:49:21.132574+03:30
2025-04-25 16:19:21|INFO   |MarketDataSync|--- Checking API Fetch Tasks ---
2025-04-25 16:19:21|DEBUG  |MarketDataSync|Checking fetch task: 'gold_currency'
2025-04-25 16:19:21|DEBUG  |MarketDataSync|Task 'fetch_gold_currency': LastRunUTC=2025-04-25T15:55:23.087812+00:00, TimeSince=0:23:58.044762, Interval=0:10:00, IsDue=True
2025-04-25 16:19:21|INFO   |MarketDataSync|Scheduling fetch for: 'gold_currency'
2025-04-25 16:19:21|DEBUG  |MarketDataSync|Checking fetch task: 'crypto'
2025-04-25 16:19:21|DEBUG  |MarketDataSync|Task 'fetch_crypto': LastRunUTC=2025-04-25T15:55:23.087812+00:00, TimeSince=0:23:58.044762, Interval=0:10:00, IsDue=True
2025-04-25 16:19:21|INFO   |MarketDataSync|Scheduling fetch for: 'crypto'
2025-04-25 16:19:21|DEBUG  |MarketDataSync|Checking fetch task: 'commodity'
2025-04-25 16:19:21|DEBUG  |MarketDataSync|Task 'fetch_commodity': LastRunUTC=2025-04-25T15:55:23.087812+00:00, TimeSince=0:23:58.044762, Interval=0:10:00, IsDue=True
2025-04-25 16:19:21|INFO   |MarketDataSync|Scheduling fetch for: 'commodity'
2025-04-25 16:19:21|DEBUG  |MarketDataSync|Checking fetch task: 'tse_ifb_symbols'
2025-04-25 16:19:21|DEBUG  |MarketDataSync|Market Check: LocalTime=19:49:21 +0330, Weekday=4, CurrentTime=19:49:21.136363, MarketHours=08:45:00-12:45:00, MarketDays=[5, 6, 0, 1, 2]
2025-04-25 16:19:21|DEBUG  |MarketDataSync|Market Status: CLOSED (Outside Market Days)
2025-04-25 16:19:21|DEBUG  |MarketDataSync| -> Skip 'tse_ifb_symbols': Market is closed.
2025-04-25 16:19:21|DEBUG  |MarketDataSync|Checking fetch task: 'tse_options'
2025-04-25 16:19:21|DEBUG  |MarketDataSync| -> Skip 'tse_options': Disabled in config.
2025-04-25 16:19:21|DEBUG  |MarketDataSync|Checking fetch task: 'tse_nav'
2025-04-25 16:19:21|DEBUG  |MarketDataSync| -> Skip 'tse_nav': Disabled in config.
2025-04-25 16:19:21|DEBUG  |MarketDataSync|Checking fetch task: 'tse_index'
2025-04-25 16:19:21|DEBUG  |MarketDataSync| -> Skip 'tse_index': Disabled in config.
2025-04-25 16:19:21|DEBUG  |MarketDataSync|Checking fetch task: 'ifb_index'
2025-04-25 16:19:21|DEBUG  |MarketDataSync| -> Skip 'ifb_index': Disabled in config.
2025-04-25 16:19:21|DEBUG  |MarketDataSync|Checking fetch task: 'selected_indices'
2025-04-25 16:19:21|DEBUG  |MarketDataSync| -> Skip 'selected_indices': Disabled in config.
2025-04-25 16:19:21|DEBUG  |MarketDataSync|Checking fetch task: 'debt_securities'
2025-04-25 16:19:21|DEBUG  |MarketDataSync|Market Check: LocalTime=19:49:21 +0330, Weekday=4, CurrentTime=19:49:21.136730, MarketHours=08:45:00-12:45:00, MarketDays=[5, 6, 0, 1, 2]
2025-04-25 16:19:21|DEBUG  |MarketDataSync|Market Status: CLOSED (Outside Market Days)
2025-04-25 16:19:21|DEBUG  |MarketDataSync| -> Skip 'debt_securities': Market is closed.
2025-04-25 16:19:21|DEBUG  |MarketDataSync|Checking fetch task: 'housing_facilities'
2025-04-25 16:19:21|DEBUG  |MarketDataSync|Market Check: LocalTime=19:49:21 +0330, Weekday=4, CurrentTime=19:49:21.136827, MarketHours=08:45:00-12:45:00, MarketDays=[5, 6, 0, 1, 2]
2025-04-25 16:19:21|DEBUG  |MarketDataSync|Market Status: CLOSED (Outside Market Days)
2025-04-25 16:19:21|DEBUG  |MarketDataSync| -> Skip 'housing_facilities': Market is closed.
2025-04-25 16:19:21|DEBUG  |MarketDataSync|Checking fetch task: 'futures'
2025-04-25 16:19:21|DEBUG  |MarketDataSync|Market Check: LocalTime=19:49:21 +0330, Weekday=4, CurrentTime=19:49:21.136928, MarketHours=08:45:00-12:45:00, MarketDays=[5, 6, 0, 1, 2]
2025-04-25 16:19:21|DEBUG  |MarketDataSync|Market Status: CLOSED (Outside Market Days)
2025-04-25 16:19:21|DEBUG  |MarketDataSync| -> Skip 'futures': Market is closed.
2025-04-25 16:19:21|INFO   |MarketDataSync|Attempting to fetch data for 3 endpoints...
2025-04-25 16:19:21|DEBUG  |MarketDataSync|Requesting: gold_currency (https://brsapi.ir/Api/Market/Gold_Currency.php?key=********)
2025-04-25 16:19:21|DEBUG  |MarketDataSync|Requesting: crypto (https://brsapi.ir/Api/Market/Cryptocurrency.php?key=********)
2025-04-25 16:19:21|DEBUG  |MarketDataSync|Requesting: commodity (https://brsapi.ir/Api/Market/Commodity.php?key=********)
2025-04-25 16:19:22|DEBUG  |MarketDataSync|Response: gold_currency Status=200 in 1.66s
2025-04-25 16:19:22|INFO   |MarketDataSync|Success: Fetched 'gold_currency'.
2025-04-25 16:19:22|DEBUG  |MarketDataSync|Response: commodity Status=200 in 1.69s
2025-04-25 16:19:22|INFO   |MarketDataSync|Success: Fetched 'commodity'.
2025-04-25 16:19:22|DEBUG  |MarketDataSync|Response: crypto Status=200 in 1.69s
2025-04-25 16:19:23|INFO   |MarketDataSync|Success: Fetched 'crypto'.
2025-04-25 16:19:23|INFO   |MarketDataSync|--- Processing Fetch Results ---
2025-04-25 16:19:23|DEBUG  |MarketDataSync|Ensured table 'gold_currency_raw' exists or was created.
2025-04-25 16:19:23|DEBUG  |MarketDataSync|Inserted raw data into 'gold_currency_raw' for 2025-04-25T16:19:23.629346+00:00.
2025-04-25 16:19:23|DEBUG  |MarketDataSync|Saved latest raw JSON: gold_currency.json
2025-04-25 16:19:23|DEBUG  |MarketDataSync|Updated last run time for 'fetch_gold_currency' to 2025-04-25T16:19:21.132574+00:00
2025-04-25 16:19:23|DEBUG  |MarketDataSync|Ensured table 'crypto_raw' exists or was created.
2025-04-25 16:19:23|DEBUG  |MarketDataSync|Inserted raw data into 'crypto_raw' for 2025-04-25T16:19:23.629346+00:00.
2025-04-25 16:19:23|DEBUG  |MarketDataSync|Saved latest raw JSON: cryptocurrency.json
2025-04-25 16:19:23|DEBUG  |MarketDataSync|Updated last run time for 'fetch_crypto' to 2025-04-25T16:19:21.132574+00:00
2025-04-25 16:19:23|DEBUG  |MarketDataSync|Ensured table 'commodity_raw' exists or was created.
2025-04-25 16:19:23|DEBUG  |MarketDataSync|Inserted raw data into 'commodity_raw' for 2025-04-25T16:19:23.629346+00:00.
2025-04-25 16:19:23|DEBUG  |MarketDataSync|Saved latest raw JSON: commodity.json
2025-04-25 16:19:23|DEBUG  |MarketDataSync|Updated last run time for 'fetch_commodity' to 2025-04-25T16:19:21.132574+00:00
2025-04-25 16:19:23|INFO   |MarketDataSync|Fetch Results Summary: Processed=3, DB Inserts=3, Errors=0
2025-04-25 16:19:23|INFO   |MarketDataSync|--- Checking Aggregation Tasks ---
2025-04-25 16:19:23|DEBUG  |MarketDataSync|Checking aggregations for 'gold_currency': Levels=['6h', '12h', 'daily', '3d', 'weekly']
2025-04-25 16:19:23|DEBUG  |MarketDataSync|Task 'aggregate_6h_gold_currency': LastRunUTC=2025-04-25T10:17:00.553198+00:00, TimeSince=6:02:20.579376, Interval=6:00:00, IsDue=True
2025-04-25 16:19:23|INFO   |MarketDataSync|Running Aggregation: 'aggregate_6h_gold_currency' target=2025-04-25T16:19:21.132574+00:00 period=[2025-04-25T10:19:21.132574+00:00 to 2025-04-25T16:19:21.132574+00:00)
2025-04-25 16:19:23|INFO   |MarketDataSync|Starting aggregation for 'gold_currency_6h' (Period: 2025-04-25T10:19:21.132574+00:00 to 2025-04-25T16:19:21.132574+00:00)
2025-04-25 16:19:23|DEBUG  |MarketDataSync|Found 17 raw data points for 'gold_currency_raw' in the aggregation period.
2025-04-25 16:19:23|DEBUG  |MarketDataSync|Ensured table 'gold_currency_6h' exists or was created.
2025-04-25 16:19:23|DEBUG  |MarketDataSync|Aggregating from base path: '$.gold' for table 'gold_currency_6h'
2025-04-25 16:19:23|WARNING|MarketDataSync|Error extracting data from JSON: Binder Error: No function matches the given name and argument types 'json_extract_string(JSON)'. You might need to add explicit type casts.
	Candidate functions:
	json_extract_string(VARCHAR, BIGINT) -> VARCHAR
	json_extract_string(VARCHAR, VARCHAR) -> VARCHAR
	json_extract_string(VARCHAR, VARCHAR[]) -> VARCHAR[]
	json_extract_string(JSON, BIGINT) -> VARCHAR
	json_extract_string(JSON, VARCHAR) -> VARCHAR
	json_extract_string(JSON, VARCHAR[]) -> VARCHAR[]


LINE 1: SELECT json_extract_string(json_extract(?, '$[0]'))
               ^
2025-04-25 16:19:23|WARNING|MarketDataSync|Error extracting data from JSON: Binder Error: No function matches the given name and argument types 'json_extract_string(JSON)'. You might need to add explicit type casts.
	Candidate functions:
	json_extract_string(VARCHAR, BIGINT) -> VARCHAR
	json_extract_string(VARCHAR, VARCHAR) -> VARCHAR
	json_extract_string(VARCHAR, VARCHAR[]) -> VARCHAR[]
	json_extract_string(JSON, BIGINT) -> VARCHAR
	json_extract_string(JSON, VARCHAR) -> VARCHAR
	json_extract_string(JSON, VARCHAR[]) -> VARCHAR[]


LINE 1: SELECT json_extract_string(json_extract(?, '$[0]'))
               ^
2025-04-25 16:19:23|WARNING|MarketDataSync|Error extracting data from JSON: Binder Error: No function matches the given name and argument types 'json_extract_string(JSON)'. You might need to add explicit type casts.
	Candidate functions:
	json_extract_string(VARCHAR, BIGINT) -> VARCHAR
	json_extract_string(VARCHAR, VARCHAR) -> VARCHAR
	json_extract_string(VARCHAR, VARCHAR[]) -> VARCHAR[]
	json_extract_string(JSON, BIGINT) -> VARCHAR
	json_extract_string(JSON, VARCHAR) -> VARCHAR
	json_extract_string(JSON, VARCHAR[]) -> VARCHAR[]


LINE 1: SELECT json_extract_string(json_extract(?, '$[0]'))
               ^
2025-04-25 16:19:23|WARNING|MarketDataSync|Error extracting data from JSON: Binder Error: No function matches the given name and argument types 'json_extract_string(JSON)'. You might need to add explicit type casts.
	Candidate functions:
	json_extract_string(VARCHAR, BIGINT) -> VARCHAR
	json_extract_string(VARCHAR, VARCHAR) -> VARCHAR
	json_extract_string(VARCHAR, VARCHAR[]) -> VARCHAR[]
	json_extract_string(JSON, BIGINT) -> VARCHAR
	json_extract_string(JSON, VARCHAR) -> VARCHAR
	json_extract_string(JSON, VARCHAR[]) -> VARCHAR[]


LINE 1: SELECT json_extract_string(json_extract(?, '$[0]'))
               ^
2025-04-25 16:19:23|WARNING|MarketDataSync|Error extracting data from JSON: Binder Error: No function matches the given name and argument types 'json_extract_string(JSON)'. You might need to add explicit type casts.
	Candidate functions:
	json_extract_string(VARCHAR, BIGINT) -> VARCHAR
	json_extract_string(VARCHAR, VARCHAR) -> VARCHAR
	json_extract_string(VARCHAR, VARCHAR[]) -> VARCHAR[]
	json_extract_string(JSON, BIGINT) -> VARCHAR
	json_extract_string(JSON, VARCHAR) -> VARCHAR
	json_extract_string(JSON, VARCHAR[]) -> VARCHAR[]


LINE 1: SELECT json_extract_string(json_extract(?, '$[0]'))
               ^
2025-04-25 16:19:23|WARNING|MarketDataSync|Error extracting data from JSON: Binder Error: No function matches the given name and argument types 'json_extract_string(JSON)'. You might need to add explicit type casts.
	Candidate functions:
	json_extract_string(VARCHAR, BIGINT) -> VARCHAR
	json_extract_string(VARCHAR, VARCHAR) -> VARCHAR
	json_extract_string(VARCHAR, VARCHAR[]) -> VARCHAR[]
	json_extract_string(JSON, BIGINT) -> VARCHAR
	json_extract_string(JSON, VARCHAR) -> VARCHAR
	json_extract_string(JSON, VARCHAR[]) -> VARCHAR[]


LINE 1: SELECT json_extract_string(json_extract(?, '$[0]'))
               ^
2025-04-25 16:19:23|WARNING|MarketDataSync|Error extracting data from JSON: Binder Error: No function matches the given name and argument types 'json_extract_string(JSON)'. You might need to add explicit type casts.
	Candidate functions:
	json_extract_string(VARCHAR, BIGINT) -> VARCHAR
	json_extract_string(VARCHAR, VARCHAR) -> VARCHAR
	json_extract_string(VARCHAR, VARCHAR[]) -> VARCHAR[]
	json_extract_string(JSON, BIGINT) -> VARCHAR
	json_extract_string(JSON, VARCHAR) -> VARCHAR
	json_extract_string(JSON, VARCHAR[]) -> VARCHAR[]


LINE 1: SELECT json_extract_string(json_extract(?, '$[0]'))
               ^
2025-04-25 16:19:23|WARNING|MarketDataSync|Error extracting data from JSON: Binder Error: No function matches the given name and argument types 'json_extract_string(JSON)'. You might need to add explicit type casts.
	Candidate functions:
	json_extract_string(VARCHAR, BIGINT) -> VARCHAR
	json_extract_string(VARCHAR, VARCHAR) -> VARCHAR
	json_extract_string(VARCHAR, VARCHAR[]) -> VARCHAR[]
	json_extract_string(JSON, BIGINT) -> VARCHAR
	json_extract_string(JSON, VARCHAR) -> VARCHAR
	json_extract_string(JSON, VARCHAR[]) -> VARCHAR[]


LINE 1: SELECT json_extract_string(json_extract(?, '$[0]'))
               ^
2025-04-25 16:19:23|WARNING|MarketDataSync|Error extracting data from JSON: Binder Error: No function matches the given name and argument types 'json_extract_string(JSON)'. You might need to add explicit type casts.
	Candidate functions:
	json_extract_string(VARCHAR, BIGINT) -> VARCHAR
	json_extract_string(VARCHAR, VARCHAR) -> VARCHAR
	json_extract_string(VARCHAR, VARCHAR[]) -> VARCHAR[]
	json_extract_string(JSON, BIGINT) -> VARCHAR
	json_extract_string(JSON, VARCHAR) -> VARCHAR
	json_extract_string(JSON, VARCHAR[]) -> VARCHAR[]


LINE 1: SELECT json_extract_string(json_extract(?, '$[0]'))
               ^
2025-04-25 16:19:23|WARNING|MarketDataSync|Error extracting data from JSON: Binder Error: No function matches the given name and argument types 'json_extract_string(JSON)'. You might need to add explicit type casts.
	Candidate functions:
	json_extract_string(VARCHAR, BIGINT) -> VARCHAR
	json_extract_string(VARCHAR, VARCHAR) -> VARCHAR
	json_extract_string(VARCHAR, VARCHAR[]) -> VARCHAR[]
	json_extract_string(JSON, BIGINT) -> VARCHAR
	json_extract_string(JSON, VARCHAR) -> VARCHAR
	json_extract_string(JSON, VARCHAR[]) -> VARCHAR[]


LINE 1: SELECT json_extract_string(json_extract(?, '$[0]'))
               ^
2025-04-25 16:19:23|WARNING|MarketDataSync|Error extracting data from JSON: Binder Error: No function matches the given name and argument types 'json_extract_string(JSON)'. You might need to add explicit type casts.
	Candidate functions:
	json_extract_string(VARCHAR, BIGINT) -> VARCHAR
	json_extract_string(VARCHAR, VARCHAR) -> VARCHAR
	json_extract_string(VARCHAR, VARCHAR[]) -> VARCHAR[]
	json_extract_string(JSON, BIGINT) -> VARCHAR
	json_extract_string(JSON, VARCHAR) -> VARCHAR
	json_extract_string(JSON, VARCHAR[]) -> VARCHAR[]


LINE 1: SELECT json_extract_string(json_extract(?, '$[0]'))
               ^
2025-04-25 16:19:23|WARNING|MarketDataSync|Error extracting data from JSON: Binder Error: No function matches the given name and argument types 'json_extract_string(JSON)'. You might need to add explicit type casts.
	Candidate functions:
	json_extract_string(VARCHAR, BIGINT) -> VARCHAR
	json_extract_string(VARCHAR, VARCHAR) -> VARCHAR
	json_extract_string(VARCHAR, VARCHAR[]) -> VARCHAR[]
	json_extract_string(JSON, BIGINT) -> VARCHAR
	json_extract_string(JSON, VARCHAR) -> VARCHAR
	json_extract_string(JSON, VARCHAR[]) -> VARCHAR[]


LINE 1: SELECT json_extract_string(json_extract(?, '$[0]'))
               ^
2025-04-25 16:19:23|WARNING|MarketDataSync|Error extracting data from JSON: Binder Error: No function matches the given name and argument types 'json_extract_string(JSON)'. You might need to add explicit type casts.
	Candidate functions:
	json_extract_string(VARCHAR, BIGINT) -> VARCHAR
	json_extract_string(VARCHAR, VARCHAR) -> VARCHAR
	json_extract_string(VARCHAR, VARCHAR[]) -> VARCHAR[]
	json_extract_string(JSON, BIGINT) -> VARCHAR
	json_extract_string(JSON, VARCHAR) -> VARCHAR
	json_extract_string(JSON, VARCHAR[]) -> VARCHAR[]


LINE 1: SELECT json_extract_string(json_extract(?, '$[0]'))
               ^
2025-04-25 16:19:23|WARNING|MarketDataSync|Error extracting data from JSON: Binder Error: No function matches the given name and argument types 'json_extract_string(JSON)'. You might need to add explicit type casts.
	Candidate functions:
	json_extract_string(VARCHAR, BIGINT) -> VARCHAR
	json_extract_string(VARCHAR, VARCHAR) -> VARCHAR
	json_extract_string(VARCHAR, VARCHAR[]) -> VARCHAR[]
	json_extract_string(JSON, BIGINT) -> VARCHAR
	json_extract_string(JSON, VARCHAR) -> VARCHAR
	json_extract_string(JSON, VARCHAR[]) -> VARCHAR[]


LINE 1: SELECT json_extract_string(json_extract(?, '$[0]'))
               ^
2025-04-25 16:19:23|WARNING|MarketDataSync|Error extracting data from JSON: Binder Error: No function matches the given name and argument types 'json_extract_string(JSON)'. You might need to add explicit type casts.
	Candidate functions:
	json_extract_string(VARCHAR, BIGINT) -> VARCHAR
	json_extract_string(VARCHAR, VARCHAR) -> VARCHAR
	json_extract_string(VARCHAR, VARCHAR[]) -> VARCHAR[]
	json_extract_string(JSON, BIGINT) -> VARCHAR
	json_extract_string(JSON, VARCHAR) -> VARCHAR
	json_extract_string(JSON, VARCHAR[]) -> VARCHAR[]


LINE 1: SELECT json_extract_string(json_extract(?, '$[0]'))
               ^
2025-04-25 16:19:23|WARNING|MarketDataSync|Error extracting data from JSON: Binder Error: No function matches the given name and argument types 'json_extract_string(JSON)'. You might need to add explicit type casts.
	Candidate functions:
	json_extract_string(VARCHAR, BIGINT) -> VARCHAR
	json_extract_string(VARCHAR, VARCHAR) -> VARCHAR
	json_extract_string(VARCHAR, VARCHAR[]) -> VARCHAR[]
	json_extract_string(JSON, BIGINT) -> VARCHAR
	json_extract_string(JSON, VARCHAR) -> VARCHAR
	json_extract_string(JSON, VARCHAR[]) -> VARCHAR[]


LINE 1: SELECT json_extract_string(json_extract(?, '$[0]'))
               ^
2025-04-25 16:19:23|WARNING|MarketDataSync|Error extracting data from JSON: Binder Error: No function matches the given name and argument types 'json_extract_string(JSON)'. You might need to add explicit type casts.
	Candidate functions:
	json_extract_string(VARCHAR, BIGINT) -> VARCHAR
	json_extract_string(VARCHAR, VARCHAR) -> VARCHAR
	json_extract_string(VARCHAR, VARCHAR[]) -> VARCHAR[]
	json_extract_string(JSON, BIGINT) -> VARCHAR
	json_extract_string(JSON, VARCHAR) -> VARCHAR
	json_extract_string(JSON, VARCHAR[]) -> VARCHAR[]


LINE 1: SELECT json_extract_string(json_extract(?, '$[0]'))
               ^
2025-04-25 16:19:23|INFO   |MarketDataSync|Aggregated 0 symbols from path '$.gold' for gold_currency_6h
2025-04-25 16:19:23|DEBUG  |MarketDataSync|Aggregating from base path: '$.currency' for table 'gold_currency_6h'
2025-04-25 16:19:23|WARNING|MarketDataSync|Error extracting data from JSON: Binder Error: No function matches the given name and argument types 'json_extract_string(JSON)'. You might need to add explicit type casts.
	Candidate functions:
	json_extract_string(VARCHAR, BIGINT) -> VARCHAR
	json_extract_string(VARCHAR, VARCHAR) -> VARCHAR
	json_extract_string(VARCHAR, VARCHAR[]) -> VARCHAR[]
	json_extract_string(JSON, BIGINT) -> VARCHAR
	json_extract_string(JSON, VARCHAR) -> VARCHAR
	json_extract_string(JSON, VARCHAR[]) -> VARCHAR[]


LINE 1: SELECT json_extract_string(json_extract(?, '$[0]'))
               ^
2025-04-25 16:19:23|WARNING|MarketDataSync|Error extracting data from JSON: Binder Error: No function matches the given name and argument types 'json_extract_string(JSON)'. You might need to add explicit type casts.
	Candidate functions:
	json_extract_string(VARCHAR, BIGINT) -> VARCHAR
	json_extract_string(VARCHAR, VARCHAR) -> VARCHAR
	json_extract_string(VARCHAR, VARCHAR[]) -> VARCHAR[]
	json_extract_string(JSON, BIGINT) -> VARCHAR
	json_extract_string(JSON, VARCHAR) -> VARCHAR
	json_extract_string(JSON, VARCHAR[]) -> VARCHAR[]


LINE 1: SELECT json_extract_string(json_extract(?, '$[0]'))
               ^
2025-04-25 16:19:23|WARNING|MarketDataSync|Error extracting data from JSON: Binder Error: No function matches the given name and argument types 'json_extract_string(JSON)'. You might need to add explicit type casts.
	Candidate functions:
	json_extract_string(VARCHAR, BIGINT) -> VARCHAR
	json_extract_string(VARCHAR, VARCHAR) -> VARCHAR
	json_extract_string(VARCHAR, VARCHAR[]) -> VARCHAR[]
	json_extract_string(JSON, BIGINT) -> VARCHAR
	json_extract_string(JSON, VARCHAR) -> VARCHAR
	json_extract_string(JSON, VARCHAR[]) -> VARCHAR[]


LINE 1: SELECT json_extract_string(json_extract(?, '$[0]'))
               ^
2025-04-25 16:19:23|WARNING|MarketDataSync|Error extracting data from JSON: Binder Error: No function matches the given name and argument types 'json_extract_string(JSON)'. You might need to add explicit type casts.
	Candidate functions:
	json_extract_string(VARCHAR, BIGINT) -> VARCHAR
	json_extract_string(VARCHAR, VARCHAR) -> VARCHAR
	json_extract_string(VARCHAR, VARCHAR[]) -> VARCHAR[]
	json_extract_string(JSON, BIGINT) -> VARCHAR
	json_extract_string(JSON, VARCHAR) -> VARCHAR
	json_extract_string(JSON, VARCHAR[]) -> VARCHAR[]


LINE 1: SELECT json_extract_string(json_extract(?, '$[0]'))
               ^
2025-04-25 16:19:23|WARNING|MarketDataSync|Error extracting data from JSON: Binder Error: No function matches the given name and argument types 'json_extract_string(JSON)'. You might need to add explicit type casts.
	Candidate functions:
	json_extract_string(VARCHAR, BIGINT) -> VARCHAR
	json_extract_string(VARCHAR, VARCHAR) -> VARCHAR
	json_extract_string(VARCHAR, VARCHAR[]) -> VARCHAR[]
	json_extract_string(JSON, BIGINT) -> VARCHAR
	json_extract_string(JSON, VARCHAR) -> VARCHAR
	json_extract_string(JSON, VARCHAR[]) -> VARCHAR[]


LINE 1: SELECT json_extract_string(json_extract(?, '$[0]'))
               ^
2025-04-25 16:19:23|WARNING|MarketDataSync|Error extracting data from JSON: Binder Error: No function matches the given name and argument types 'json_extract_string(JSON)'. You might need to add explicit type casts.
	Candidate functions:
	json_extract_string(VARCHAR, BIGINT) -> VARCHAR
	json_extract_string(VARCHAR, VARCHAR) -> VARCHAR
	json_extract_string(VARCHAR, VARCHAR[]) -> VARCHAR[]
	json_extract_string(JSON, BIGINT) -> VARCHAR
	json_extract_string(JSON, VARCHAR) -> VARCHAR
	json_extract_string(JSON, VARCHAR[]) -> VARCHAR[]


LINE 1: SELECT json_extract_string(json_extract(?, '$[0]'))
               ^
2025-04-25 16:19:23|WARNING|MarketDataSync|Error extracting data from JSON: Binder Error: No function matches the given name and argument types 'json_extract_string(JSON)'. You might need to add explicit type casts.
	Candidate functions:
	json_extract_string(VARCHAR, BIGINT) -> VARCHAR
	json_extract_string(VARCHAR, VARCHAR) -> VARCHAR
	json_extract_string(VARCHAR, VARCHAR[]) -> VARCHAR[]
	json_extract_string(JSON, BIGINT) -> VARCHAR
	json_extract_string(JSON, VARCHAR) -> VARCHAR
	json_extract_string(JSON, VARCHAR[]) -> VARCHAR[]


LINE 1: SELECT json_extract_string(json_extract(?, '$[0]'))
               ^
2025-04-25 16:19:23|WARNING|MarketDataSync|Error extracting data from JSON: Binder Error: No function matches the given name and argument types 'json_extract_string(JSON)'. You might need to add explicit type casts.
	Candidate functions:
	json_extract_string(VARCHAR, BIGINT) -> VARCHAR
	json_extract_string(VARCHAR, VARCHAR) -> VARCHAR
	json_extract_string(VARCHAR, VARCHAR[]) -> VARCHAR[]
	json_extract_string(JSON, BIGINT) -> VARCHAR
	json_extract_string(JSON, VARCHAR) -> VARCHAR
	json_extract_string(JSON, VARCHAR[]) -> VARCHAR[]


LINE 1: SELECT json_extract_string(json_extract(?, '$[0]'))
               ^
2025-04-25 16:19:23|WARNING|MarketDataSync|Error extracting data from JSON: Binder Error: No function matches the given name and argument types 'json_extract_string(JSON)'. You might need to add explicit type casts.
	Candidate functions:
	json_extract_string(VARCHAR, BIGINT) -> VARCHAR
	json_extract_string(VARCHAR, VARCHAR) -> VARCHAR
	json_extract_string(VARCHAR, VARCHAR[]) -> VARCHAR[]
	json_extract_string(JSON, BIGINT) -> VARCHAR
	json_extract_string(JSON, VARCHAR) -> VARCHAR
	json_extract_string(JSON, VARCHAR[]) -> VARCHAR[]


LINE 1: SELECT json_extract_string(json_extract(?, '$[0]'))
               ^
2025-04-25 16:19:23|WARNING|MarketDataSync|Error extracting data from JSON: Binder Error: No function matches the given name and argument types 'json_extract_string(JSON)'. You might need to add explicit type casts.
	Candidate functions:
	json_extract_string(VARCHAR, BIGINT) -> VARCHAR
	json_extract_string(VARCHAR, VARCHAR) -> VARCHAR
	json_extract_string(VARCHAR, VARCHAR[]) -> VARCHAR[]
	json_extract_string(JSON, BIGINT) -> VARCHAR
	json_extract_string(JSON, VARCHAR) -> VARCHAR
	json_extract_string(JSON, VARCHAR[]) -> VARCHAR[]


LINE 1: SELECT json_extract_string(json_extract(?, '$[0]'))
               ^
2025-04-25 16:19:23|WARNING|MarketDataSync|Error extracting data from JSON: Binder Error: No function matches the given name and argument types 'json_extract_string(JSON)'. You might need to add explicit type casts.
	Candidate functions:
	json_extract_string(VARCHAR, BIGINT) -> VARCHAR
	json_extract_string(VARCHAR, VARCHAR) -> VARCHAR
	json_extract_string(VARCHAR, VARCHAR[]) -> VARCHAR[]
	json_extract_string(JSON, BIGINT) -> VARCHAR
	json_extract_string(JSON, VARCHAR) -> VARCHAR
	json_extract_string(JSON, VARCHAR[]) -> VARCHAR[]


LINE 1: SELECT json_extract_string(json_extract(?, '$[0]'))
               ^
2025-04-25 16:19:23|WARNING|MarketDataSync|Error extracting data from JSON: Binder Error: No function matches the given name and argument types 'json_extract_string(JSON)'. You might need to add explicit type casts.
	Candidate functions:
	json_extract_string(VARCHAR, BIGINT) -> VARCHAR
	json_extract_string(VARCHAR, VARCHAR) -> VARCHAR
	json_extract_string(VARCHAR, VARCHAR[]) -> VARCHAR[]
	json_extract_string(JSON, BIGINT) -> VARCHAR
	json_extract_string(JSON, VARCHAR) -> VARCHAR
	json_extract_string(JSON, VARCHAR[]) -> VARCHAR[]


LINE 1: SELECT json_extract_string(json_extract(?, '$[0]'))
               ^
2025-04-25 16:19:23|WARNING|MarketDataSync|Error extracting data from JSON: Binder Error: No function matches the given name and argument types 'json_extract_string(JSON)'. You might need to add explicit type casts.
	Candidate functions:
	json_extract_string(VARCHAR, BIGINT) -> VARCHAR
	json_extract_string(VARCHAR, VARCHAR) -> VARCHAR
	json_extract_string(VARCHAR, VARCHAR[]) -> VARCHAR[]
	json_extract_string(JSON, BIGINT) -> VARCHAR
	json_extract_string(JSON, VARCHAR) -> VARCHAR
	json_extract_string(JSON, VARCHAR[]) -> VARCHAR[]


LINE 1: SELECT json_extract_string(json_extract(?, '$[0]'))
               ^
2025-04-25 16:19:23|WARNING|MarketDataSync|Error extracting data from JSON: Binder Error: No function matches the given name and argument types 'json_extract_string(JSON)'. You might need to add explicit type casts.
	Candidate functions:
	json_extract_string(VARCHAR, BIGINT) -> VARCHAR
	json_extract_string(VARCHAR, VARCHAR) -> VARCHAR
	json_extract_string(VARCHAR, VARCHAR[]) -> VARCHAR[]
	json_extract_string(JSON, BIGINT) -> VARCHAR
	json_extract_string(JSON, VARCHAR) -> VARCHAR
	json_extract_string(JSON, VARCHAR[]) -> VARCHAR[]


LINE 1: SELECT json_extract_string(json_extract(?, '$[0]'))
               ^
2025-04-25 16:19:23|WARNING|MarketDataSync|Error extracting data from JSON: Binder Error: No function matches the given name and argument types 'json_extract_string(JSON)'. You might need to add explicit type casts.
	Candidate functions:
	json_extract_string(VARCHAR, BIGINT) -> VARCHAR
	json_extract_string(VARCHAR, VARCHAR) -> VARCHAR
	json_extract_string(VARCHAR, VARCHAR[]) -> VARCHAR[]
	json_extract_string(JSON, BIGINT) -> VARCHAR
	json_extract_string(JSON, VARCHAR) -> VARCHAR
	json_extract_string(JSON, VARCHAR[]) -> VARCHAR[]


LINE 1: SELECT json_extract_string(json_extract(?, '$[0]'))
               ^
2025-04-25 16:19:23|WARNING|MarketDataSync|Error extracting data from JSON: Binder Error: No function matches the given name and argument types 'json_extract_string(JSON)'. You might need to add explicit type casts.
	Candidate functions:
	json_extract_string(VARCHAR, BIGINT) -> VARCHAR
	json_extract_string(VARCHAR, VARCHAR) -> VARCHAR
	json_extract_string(VARCHAR, VARCHAR[]) -> VARCHAR[]
	json_extract_string(JSON, BIGINT) -> VARCHAR
	json_extract_string(JSON, VARCHAR) -> VARCHAR
	json_extract_string(JSON, VARCHAR[]) -> VARCHAR[]


LINE 1: SELECT json_extract_string(json_extract(?, '$[0]'))
               ^
2025-04-25 16:19:23|WARNING|MarketDataSync|Error extracting data from JSON: Binder Error: No function matches the given name and argument types 'json_extract_string(JSON)'. You might need to add explicit type casts.
	Candidate functions:
	json_extract_string(VARCHAR, BIGINT) -> VARCHAR
	json_extract_string(VARCHAR, VARCHAR) -> VARCHAR
	json_extract_string(VARCHAR, VARCHAR[]) -> VARCHAR[]
	json_extract_string(JSON, BIGINT) -> VARCHAR
	json_extract_string(JSON, VARCHAR) -> VARCHAR
	json_extract_string(JSON, VARCHAR[]) -> VARCHAR[]


LINE 1: SELECT json_extract_string(json_extract(?, '$[0]'))
               ^
2025-04-25 16:19:23|INFO   |MarketDataSync|Aggregated 0 symbols from path '$.currency' for gold_currency_6h
2025-04-25 16:19:23|WARNING|MarketDataSync|No valid aggregate data calculated for gold_currency_6h in period 2025-04-25T10:19:21.132574+00:00 - 2025-04-25T16:19:21.132574+00:00.
2025-04-25 16:19:23|DEBUG  |MarketDataSync|Updated last run time for 'aggregate_6h_gold_currency' to 2025-04-25T16:19:23.792789+00:00
2025-04-25 16:19:23|INFO   |MarketDataSync|Attempting to export aggregates from 'gold_currency_6h' to JSON: data/aggregates/agg_gold_currency_6h.json
2025-04-25 16:19:23|WARNING|MarketDataSync|No aggregate data found in 'gold_currency_6h' to export.
2025-04-25 16:19:23|INFO   |MarketDataSync|Created empty aggregate JSON file: data/aggregates/agg_gold_currency_6h.json
2025-04-25 16:19:23|DEBUG  |MarketDataSync|Task 'aggregate_12h_gold_currency': LastRunUTC=2025-04-25T10:17:00.654231+00:00, TimeSince=6:02:20.478343, Interval=12:00:00, IsDue=False
2025-04-25 16:19:23|DEBUG  |MarketDataSync|Skip Daily 'aggregate_daily_gold_currency': Already processed up to or including yesterday (2025-04-25).
2025-04-25 16:19:23|DEBUG  |MarketDataSync|Task 'aggregate_3d_gold_currency': LastRunUTC=2025-04-25T10:17:00.758358+00:00, TimeSince=6:02:20.374216, Interval=3 days, 0:00:00, IsDue=False
2025-04-25 16:19:23|DEBUG  |MarketDataSync|Task 'aggregate_weekly_gold_currency': LastRunUTC=2025-04-25T10:17:00.859913+00:00, TimeSince=6:02:20.272661, Interval=7 days, 0:00:00, IsDue=False
2025-04-25 16:19:23|DEBUG  |MarketDataSync|Checking aggregations for 'crypto': Levels=['6h', '12h', 'daily', '3d', 'weekly']
2025-04-25 16:19:23|DEBUG  |MarketDataSync|Task 'aggregate_6h_crypto': LastRunUTC=2025-04-25T10:17:01.148836+00:00, TimeSince=6:02:19.983738, Interval=6:00:00, IsDue=True
2025-04-25 16:19:23|INFO   |MarketDataSync|Running Aggregation: 'aggregate_6h_crypto' target=2025-04-25T16:19:21.132574+00:00 period=[2025-04-25T10:19:21.132574+00:00 to 2025-04-25T16:19:21.132574+00:00)
2025-04-25 16:19:23|INFO   |MarketDataSync|Starting aggregation for 'crypto_6h' (Period: 2025-04-25T10:19:21.132574+00:00 to 2025-04-25T16:19:21.132574+00:00)
2025-04-25 16:19:23|DEBUG  |MarketDataSync|Found 17 raw data points for 'crypto_raw' in the aggregation period.
2025-04-25 16:19:23|DEBUG  |MarketDataSync|Ensured table 'crypto_6h' exists or was created.
2025-04-25 16:19:23|DEBUG  |MarketDataSync|Aggregating from base path: '$' for table 'crypto_6h'
2025-04-25 16:19:23|WARNING|MarketDataSync|Error extracting data from JSON: Binder Error: No function matches the given name and argument types 'json_extract_string(JSON)'. You might need to add explicit type casts.
	Candidate functions:
	json_extract_string(VARCHAR, BIGINT) -> VARCHAR
	json_extract_string(VARCHAR, VARCHAR) -> VARCHAR
	json_extract_string(VARCHAR, VARCHAR[]) -> VARCHAR[]
	json_extract_string(JSON, BIGINT) -> VARCHAR
	json_extract_string(JSON, VARCHAR) -> VARCHAR
	json_extract_string(JSON, VARCHAR[]) -> VARCHAR[]


LINE 1: SELECT json_extract_string(json_extract(?, '$[0]'))
               ^
2025-04-25 16:19:23|WARNING|MarketDataSync|Error extracting data from JSON: Binder Error: No function matches the given name and argument types 'json_extract_string(JSON)'. You might need to add explicit type casts.
	Candidate functions:
	json_extract_string(VARCHAR, BIGINT) -> VARCHAR
	json_extract_string(VARCHAR, VARCHAR) -> VARCHAR
	json_extract_string(VARCHAR, VARCHAR[]) -> VARCHAR[]
	json_extract_string(JSON, BIGINT) -> VARCHAR
	json_extract_string(JSON, VARCHAR) -> VARCHAR
	json_extract_string(JSON, VARCHAR[]) -> VARCHAR[]


LINE 1: SELECT json_extract_string(json_extract(?, '$[0]'))
               ^
2025-04-25 16:19:23|WARNING|MarketDataSync|Error extracting data from JSON: Binder Error: No function matches the given name and argument types 'json_extract_string(JSON)'. You might need to add explicit type casts.
	Candidate functions:
	json_extract_string(VARCHAR, BIGINT) -> VARCHAR
	json_extract_string(VARCHAR, VARCHAR) -> VARCHAR
	json_extract_string(VARCHAR, VARCHAR[]) -> VARCHAR[]
	json_extract_string(JSON, BIGINT) -> VARCHAR
	json_extract_string(JSON, VARCHAR) -> VARCHAR
	json_extract_string(JSON, VARCHAR[]) -> VARCHAR[]


LINE 1: SELECT json_extract_string(json_extract(?, '$[0]'))
               ^
2025-04-25 16:19:23|WARNING|MarketDataSync|Error extracting data from JSON: Binder Error: No function matches the given name and argument types 'json_extract_string(JSON)'. You might need to add explicit type casts.
	Candidate functions:
	json_extract_string(VARCHAR, BIGINT) -> VARCHAR
	json_extract_string(VARCHAR, VARCHAR) -> VARCHAR
	json_extract_string(VARCHAR, VARCHAR[]) -> VARCHAR[]
	json_extract_string(JSON, BIGINT) -> VARCHAR
	json_extract_string(JSON, VARCHAR) -> VARCHAR
	json_extract_string(JSON, VARCHAR[]) -> VARCHAR[]


LINE 1: SELECT json_extract_string(json_extract(?, '$[0]'))
               ^
2025-04-25 16:19:23|WARNING|MarketDataSync|Error extracting data from JSON: Binder Error: No function matches the given name and argument types 'json_extract_string(JSON)'. You might need to add explicit type casts.
	Candidate functions:
	json_extract_string(VARCHAR, BIGINT) -> VARCHAR
	json_extract_string(VARCHAR, VARCHAR) -> VARCHAR
	json_extract_string(VARCHAR, VARCHAR[]) -> VARCHAR[]
	json_extract_string(JSON, BIGINT) -> VARCHAR
	json_extract_string(JSON, VARCHAR) -> VARCHAR
	json_extract_string(JSON, VARCHAR[]) -> VARCHAR[]


LINE 1: SELECT json_extract_string(json_extract(?, '$[0]'))
               ^
2025-04-25 16:19:23|WARNING|MarketDataSync|Error extracting data from JSON: Binder Error: No function matches the given name and argument types 'json_extract_string(JSON)'. You might need to add explicit type casts.
	Candidate functions:
	json_extract_string(VARCHAR, BIGINT) -> VARCHAR
	json_extract_string(VARCHAR, VARCHAR) -> VARCHAR
	json_extract_string(VARCHAR, VARCHAR[]) -> VARCHAR[]
	json_extract_string(JSON, BIGINT) -> VARCHAR
	json_extract_string(JSON, VARCHAR) -> VARCHAR
	json_extract_string(JSON, VARCHAR[]) -> VARCHAR[]


LINE 1: SELECT json_extract_string(json_extract(?, '$[0]'))
               ^
2025-04-25 16:19:23|WARNING|MarketDataSync|Error extracting data from JSON: Binder Error: No function matches the given name and argument types 'json_extract_string(JSON)'. You might need to add explicit type casts.
	Candidate functions:
	json_extract_string(VARCHAR, BIGINT) -> VARCHAR
	json_extract_string(VARCHAR, VARCHAR) -> VARCHAR
	json_extract_string(VARCHAR, VARCHAR[]) -> VARCHAR[]
	json_extract_string(JSON, BIGINT) -> VARCHAR
	json_extract_string(JSON, VARCHAR) -> VARCHAR
	json_extract_string(JSON, VARCHAR[]) -> VARCHAR[]


LINE 1: SELECT json_extract_string(json_extract(?, '$[0]'))
               ^
2025-04-25 16:19:23|WARNING|MarketDataSync|Error extracting data from JSON: Binder Error: No function matches the given name and argument types 'json_extract_string(JSON)'. You might need to add explicit type casts.
	Candidate functions:
	json_extract_string(VARCHAR, BIGINT) -> VARCHAR
	json_extract_string(VARCHAR, VARCHAR) -> VARCHAR
	json_extract_string(VARCHAR, VARCHAR[]) -> VARCHAR[]
	json_extract_string(JSON, BIGINT) -> VARCHAR
	json_extract_string(JSON, VARCHAR) -> VARCHAR
	json_extract_string(JSON, VARCHAR[]) -> VARCHAR[]


LINE 1: SELECT json_extract_string(json_extract(?, '$[0]'))
               ^
2025-04-25 16:19:23|WARNING|MarketDataSync|Error extracting data from JSON: Binder Error: No function matches the given name and argument types 'json_extract_string(JSON)'. You might need to add explicit type casts.
	Candidate functions:
	json_extract_string(VARCHAR, BIGINT) -> VARCHAR
	json_extract_string(VARCHAR, VARCHAR) -> VARCHAR
	json_extract_string(VARCHAR, VARCHAR[]) -> VARCHAR[]
	json_extract_string(JSON, BIGINT) -> VARCHAR
	json_extract_string(JSON, VARCHAR) -> VARCHAR
	json_extract_string(JSON, VARCHAR[]) -> VARCHAR[]


LINE 1: SELECT json_extract_string(json_extract(?, '$[0]'))
               ^
2025-04-25 16:19:23|WARNING|MarketDataSync|Error extracting data from JSON: Binder Error: No function matches the given name and argument types 'json_extract_string(JSON)'. You might need to add explicit type casts.
	Candidate functions:
	json_extract_string(VARCHAR, BIGINT) -> VARCHAR
	json_extract_string(VARCHAR, VARCHAR) -> VARCHAR
	json_extract_string(VARCHAR, VARCHAR[]) -> VARCHAR[]
	json_extract_string(JSON, BIGINT) -> VARCHAR
	json_extract_string(JSON, VARCHAR) -> VARCHAR
	json_extract_string(JSON, VARCHAR[]) -> VARCHAR[]


LINE 1: SELECT json_extract_string(json_extract(?, '$[0]'))
               ^
2025-04-25 16:19:23|WARNING|MarketDataSync|Error extracting data from JSON: Binder Error: No function matches the given name and argument types 'json_extract_string(JSON)'. You might need to add explicit type casts.
	Candidate functions:
	json_extract_string(VARCHAR, BIGINT) -> VARCHAR
	json_extract_string(VARCHAR, VARCHAR) -> VARCHAR
	json_extract_string(VARCHAR, VARCHAR[]) -> VARCHAR[]
	json_extract_string(JSON, BIGINT) -> VARCHAR
	json_extract_string(JSON, VARCHAR) -> VARCHAR
	json_extract_string(JSON, VARCHAR[]) -> VARCHAR[]


LINE 1: SELECT json_extract_string(json_extract(?, '$[0]'))
               ^
2025-04-25 16:19:23|WARNING|MarketDataSync|Error extracting data from JSON: Binder Error: No function matches the given name and argument types 'json_extract_string(JSON)'. You might need to add explicit type casts.
	Candidate functions:
	json_extract_string(VARCHAR, BIGINT) -> VARCHAR
	json_extract_string(VARCHAR, VARCHAR) -> VARCHAR
	json_extract_string(VARCHAR, VARCHAR[]) -> VARCHAR[]
	json_extract_string(JSON, BIGINT) -> VARCHAR
	json_extract_string(JSON, VARCHAR) -> VARCHAR
	json_extract_string(JSON, VARCHAR[]) -> VARCHAR[]


LINE 1: SELECT json_extract_string(json_extract(?, '$[0]'))
               ^
2025-04-25 16:19:23|WARNING|MarketDataSync|Error extracting data from JSON: Binder Error: No function matches the given name and argument types 'json_extract_string(JSON)'. You might need to add explicit type casts.
	Candidate functions:
	json_extract_string(VARCHAR, BIGINT) -> VARCHAR
	json_extract_string(VARCHAR, VARCHAR) -> VARCHAR
	json_extract_string(VARCHAR, VARCHAR[]) -> VARCHAR[]
	json_extract_string(JSON, BIGINT) -> VARCHAR
	json_extract_string(JSON, VARCHAR) -> VARCHAR
	json_extract_string(JSON, VARCHAR[]) -> VARCHAR[]


LINE 1: SELECT json_extract_string(json_extract(?, '$[0]'))
               ^
2025-04-25 16:19:24|WARNING|MarketDataSync|Error extracting data from JSON: Binder Error: No function matches the given name and argument types 'json_extract_string(JSON)'. You might need to add explicit type casts.
	Candidate functions:
	json_extract_string(VARCHAR, BIGINT) -> VARCHAR
	json_extract_string(VARCHAR, VARCHAR) -> VARCHAR
	json_extract_string(VARCHAR, VARCHAR[]) -> VARCHAR[]
	json_extract_string(JSON, BIGINT) -> VARCHAR
	json_extract_string(JSON, VARCHAR) -> VARCHAR
	json_extract_string(JSON, VARCHAR[]) -> VARCHAR[]


LINE 1: SELECT json_extract_string(json_extract(?, '$[0]'))
               ^
2025-04-25 16:19:24|WARNING|MarketDataSync|Error extracting data from JSON: Binder Error: No function matches the given name and argument types 'json_extract_string(JSON)'. You might need to add explicit type casts.
	Candidate functions:
	json_extract_string(VARCHAR, BIGINT) -> VARCHAR
	json_extract_string(VARCHAR, VARCHAR) -> VARCHAR
	json_extract_string(VARCHAR, VARCHAR[]) -> VARCHAR[]
	json_extract_string(JSON, BIGINT) -> VARCHAR
	json_extract_string(JSON, VARCHAR) -> VARCHAR
	json_extract_string(JSON, VARCHAR[]) -> VARCHAR[]


LINE 1: SELECT json_extract_string(json_extract(?, '$[0]'))
               ^
2025-04-25 16:19:24|WARNING|MarketDataSync|Error extracting data from JSON: Binder Error: No function matches the given name and argument types 'json_extract_string(JSON)'. You might need to add explicit type casts.
	Candidate functions:
	json_extract_string(VARCHAR, BIGINT) -> VARCHAR
	json_extract_string(VARCHAR, VARCHAR) -> VARCHAR
	json_extract_string(VARCHAR, VARCHAR[]) -> VARCHAR[]
	json_extract_string(JSON, BIGINT) -> VARCHAR
	json_extract_string(JSON, VARCHAR) -> VARCHAR
	json_extract_string(JSON, VARCHAR[]) -> VARCHAR[]


LINE 1: SELECT json_extract_string(json_extract(?, '$[0]'))
               ^
2025-04-25 16:19:24|WARNING|MarketDataSync|Error extracting data from JSON: Binder Error: No function matches the given name and argument types 'json_extract_string(JSON)'. You might need to add explicit type casts.
	Candidate functions:
	json_extract_string(VARCHAR, BIGINT) -> VARCHAR
	json_extract_string(VARCHAR, VARCHAR) -> VARCHAR
	json_extract_string(VARCHAR, VARCHAR[]) -> VARCHAR[]
	json_extract_string(JSON, BIGINT) -> VARCHAR
	json_extract_string(JSON, VARCHAR) -> VARCHAR
	json_extract_string(JSON, VARCHAR[]) -> VARCHAR[]


LINE 1: SELECT json_extract_string(json_extract(?, '$[0]'))
               ^
2025-04-25 16:19:24|INFO   |MarketDataSync|Aggregated 0 symbols from path '$' for crypto_6h
2025-04-25 16:19:24|WARNING|MarketDataSync|No valid aggregate data calculated for crypto_6h in period 2025-04-25T10:19:21.132574+00:00 - 2025-04-25T16:19:21.132574+00:00.
2025-04-25 16:19:24|DEBUG  |MarketDataSync|Updated last run time for 'aggregate_6h_crypto' to 2025-04-25T16:19:24.042817+00:00
2025-04-25 16:19:24|INFO   |MarketDataSync|Attempting to export aggregates from 'crypto_6h' to JSON: data/aggregates/agg_crypto_6h.json
2025-04-25 16:19:24|WARNING|MarketDataSync|No aggregate data found in 'crypto_6h' to export.
2025-04-25 16:19:24|INFO   |MarketDataSync|Created empty aggregate JSON file: data/aggregates/agg_crypto_6h.json
2025-04-25 16:19:24|DEBUG  |MarketDataSync|Task 'aggregate_12h_crypto': LastRunUTC=2025-04-25T10:17:01.473306+00:00, TimeSince=6:02:19.659268, Interval=12:00:00, IsDue=False
2025-04-25 16:19:24|DEBUG  |MarketDataSync|Skip Daily 'aggregate_daily_crypto': Already processed up to or including yesterday (2025-04-25).
2025-04-25 16:19:24|DEBUG  |MarketDataSync|Task 'aggregate_3d_crypto': LastRunUTC=2025-04-25T10:17:01.806736+00:00, TimeSince=6:02:19.325838, Interval=3 days, 0:00:00, IsDue=False
2025-04-25 16:19:24|DEBUG  |MarketDataSync|Task 'aggregate_weekly_crypto': LastRunUTC=2025-04-25T10:17:02.140826+00:00, TimeSince=6:02:18.991748, Interval=7 days, 0:00:00, IsDue=False
2025-04-25 16:19:24|DEBUG  |MarketDataSync|Checking aggregations for 'commodity': Levels=['6h', '12h', 'daily', '3d', 'weekly']
2025-04-25 16:19:24|DEBUG  |MarketDataSync|Task 'aggregate_6h_commodity': LastRunUTC=2025-04-25T10:17:02.181473+00:00, TimeSince=6:02:18.951101, Interval=6:00:00, IsDue=True
2025-04-25 16:19:24|INFO   |MarketDataSync|Running Aggregation: 'aggregate_6h_commodity' target=2025-04-25T16:19:21.132574+00:00 period=[2025-04-25T10:19:21.132574+00:00 to 2025-04-25T16:19:21.132574+00:00)
2025-04-25 16:19:24|INFO   |MarketDataSync|Starting aggregation for 'commodity_6h' (Period: 2025-04-25T10:19:21.132574+00:00 to 2025-04-25T16:19:21.132574+00:00)
2025-04-25 16:19:24|DEBUG  |MarketDataSync|Found 17 raw data points for 'commodity_raw' in the aggregation period.
2025-04-25 16:19:24|DEBUG  |MarketDataSync|Ensured table 'commodity_6h' exists or was created.
2025-04-25 16:19:24|DEBUG  |MarketDataSync|Aggregating from base path: '$.metal_precious' for table 'commodity_6h'
2025-04-25 16:19:24|WARNING|MarketDataSync|Error extracting data from JSON: Binder Error: No function matches the given name and argument types 'json_extract_string(JSON)'. You might need to add explicit type casts.
	Candidate functions:
	json_extract_string(VARCHAR, BIGINT) -> VARCHAR
	json_extract_string(VARCHAR, VARCHAR) -> VARCHAR
	json_extract_string(VARCHAR, VARCHAR[]) -> VARCHAR[]
	json_extract_string(JSON, BIGINT) -> VARCHAR
	json_extract_string(JSON, VARCHAR) -> VARCHAR
	json_extract_string(JSON, VARCHAR[]) -> VARCHAR[]


LINE 1: SELECT json_extract_string(json_extract(?, '$[0]'))
               ^
2025-04-25 16:19:24|WARNING|MarketDataSync|Error extracting data from JSON: Binder Error: No function matches the given name and argument types 'json_extract_string(JSON)'. You might need to add explicit type casts.
	Candidate functions:
	json_extract_string(VARCHAR, BIGINT) -> VARCHAR
	json_extract_string(VARCHAR, VARCHAR) -> VARCHAR
	json_extract_string(VARCHAR, VARCHAR[]) -> VARCHAR[]
	json_extract_string(JSON, BIGINT) -> VARCHAR
	json_extract_string(JSON, VARCHAR) -> VARCHAR
	json_extract_string(JSON, VARCHAR[]) -> VARCHAR[]


LINE 1: SELECT json_extract_string(json_extract(?, '$[0]'))
               ^
2025-04-25 16:19:24|WARNING|MarketDataSync|Error extracting data from JSON: Binder Error: No function matches the given name and argument types 'json_extract_string(JSON)'. You might need to add explicit type casts.
	Candidate functions:
	json_extract_string(VARCHAR, BIGINT) -> VARCHAR
	json_extract_string(VARCHAR, VARCHAR) -> VARCHAR
	json_extract_string(VARCHAR, VARCHAR[]) -> VARCHAR[]
	json_extract_string(JSON, BIGINT) -> VARCHAR
	json_extract_string(JSON, VARCHAR) -> VARCHAR
	json_extract_string(JSON, VARCHAR[]) -> VARCHAR[]


LINE 1: SELECT json_extract_string(json_extract(?, '$[0]'))
               ^
2025-04-25 16:19:24|WARNING|MarketDataSync|Error extracting data from JSON: Binder Error: No function matches the given name and argument types 'json_extract_string(JSON)'. You might need to add explicit type casts.
	Candidate functions:
	json_extract_string(VARCHAR, BIGINT) -> VARCHAR
	json_extract_string(VARCHAR, VARCHAR) -> VARCHAR
	json_extract_string(VARCHAR, VARCHAR[]) -> VARCHAR[]
	json_extract_string(JSON, BIGINT) -> VARCHAR
	json_extract_string(JSON, VARCHAR) -> VARCHAR
	json_extract_string(JSON, VARCHAR[]) -> VARCHAR[]


LINE 1: SELECT json_extract_string(json_extract(?, '$[0]'))
               ^
2025-04-25 16:19:24|WARNING|MarketDataSync|Error extracting data from JSON: Binder Error: No function matches the given name and argument types 'json_extract_string(JSON)'. You might need to add explicit type casts.
	Candidate functions:
	json_extract_string(VARCHAR, BIGINT) -> VARCHAR
	json_extract_string(VARCHAR, VARCHAR) -> VARCHAR
	json_extract_string(VARCHAR, VARCHAR[]) -> VARCHAR[]
	json_extract_string(JSON, BIGINT) -> VARCHAR
	json_extract_string(JSON, VARCHAR) -> VARCHAR
	json_extract_string(JSON, VARCHAR[]) -> VARCHAR[]


LINE 1: SELECT json_extract_string(json_extract(?, '$[0]'))
               ^
2025-04-25 16:19:24|WARNING|MarketDataSync|Error extracting data from JSON: Binder Error: No function matches the given name and argument types 'json_extract_string(JSON)'. You might need to add explicit type casts.
	Candidate functions:
	json_extract_string(VARCHAR, BIGINT) -> VARCHAR
	json_extract_string(VARCHAR, VARCHAR) -> VARCHAR
	json_extract_string(VARCHAR, VARCHAR[]) -> VARCHAR[]
	json_extract_string(JSON, BIGINT) -> VARCHAR
	json_extract_string(JSON, VARCHAR) -> VARCHAR
	json_extract_string(JSON, VARCHAR[]) -> VARCHAR[]


LINE 1: SELECT json_extract_string(json_extract(?, '$[0]'))
               ^
2025-04-25 16:19:24|WARNING|MarketDataSync|Error extracting data from JSON: Binder Error: No function matches the given name and argument types 'json_extract_string(JSON)'. You might need to add explicit type casts.
	Candidate functions:
	json_extract_string(VARCHAR, BIGINT) -> VARCHAR
	json_extract_string(VARCHAR, VARCHAR) -> VARCHAR
	json_extract_string(VARCHAR, VARCHAR[]) -> VARCHAR[]
	json_extract_string(JSON, BIGINT) -> VARCHAR
	json_extract_string(JSON, VARCHAR) -> VARCHAR
	json_extract_string(JSON, VARCHAR[]) -> VARCHAR[]


LINE 1: SELECT json_extract_string(json_extract(?, '$[0]'))
               ^
2025-04-25 16:19:24|WARNING|MarketDataSync|Error extracting data from JSON: Binder Error: No function matches the given name and argument types 'json_extract_string(JSON)'. You might need to add explicit type casts.
	Candidate functions:
	json_extract_string(VARCHAR, BIGINT) -> VARCHAR
	json_extract_string(VARCHAR, VARCHAR) -> VARCHAR
	json_extract_string(VARCHAR, VARCHAR[]) -> VARCHAR[]
	json_extract_string(JSON, BIGINT) -> VARCHAR
	json_extract_string(JSON, VARCHAR) -> VARCHAR
	json_extract_string(JSON, VARCHAR[]) -> VARCHAR[]


LINE 1: SELECT json_extract_string(json_extract(?, '$[0]'))
               ^
2025-04-25 16:19:24|WARNING|MarketDataSync|Error extracting data from JSON: Binder Error: No function matches the given name and argument types 'json_extract_string(JSON)'. You might need to add explicit type casts.
	Candidate functions:
	json_extract_string(VARCHAR, BIGINT) -> VARCHAR
	json_extract_string(VARCHAR, VARCHAR) -> VARCHAR
	json_extract_string(VARCHAR, VARCHAR[]) -> VARCHAR[]
	json_extract_string(JSON, BIGINT) -> VARCHAR
	json_extract_string(JSON, VARCHAR) -> VARCHAR
	json_extract_string(JSON, VARCHAR[]) -> VARCHAR[]


LINE 1: SELECT json_extract_string(json_extract(?, '$[0]'))
               ^
2025-04-25 16:19:24|WARNING|MarketDataSync|Error extracting data from JSON: Binder Error: No function matches the given name and argument types 'json_extract_string(JSON)'. You might need to add explicit type casts.
	Candidate functions:
	json_extract_string(VARCHAR, BIGINT) -> VARCHAR
	json_extract_string(VARCHAR, VARCHAR) -> VARCHAR
	json_extract_string(VARCHAR, VARCHAR[]) -> VARCHAR[]
	json_extract_string(JSON, BIGINT) -> VARCHAR
	json_extract_string(JSON, VARCHAR) -> VARCHAR
	json_extract_string(JSON, VARCHAR[]) -> VARCHAR[]


LINE 1: SELECT json_extract_string(json_extract(?, '$[0]'))
               ^
2025-04-25 16:19:24|WARNING|MarketDataSync|Error extracting data from JSON: Binder Error: No function matches the given name and argument types 'json_extract_string(JSON)'. You might need to add explicit type casts.
	Candidate functions:
	json_extract_string(VARCHAR, BIGINT) -> VARCHAR
	json_extract_string(VARCHAR, VARCHAR) -> VARCHAR
	json_extract_string(VARCHAR, VARCHAR[]) -> VARCHAR[]
	json_extract_string(JSON, BIGINT) -> VARCHAR
	json_extract_string(JSON, VARCHAR) -> VARCHAR
	json_extract_string(JSON, VARCHAR[]) -> VARCHAR[]


LINE 1: SELECT json_extract_string(json_extract(?, '$[0]'))
               ^
2025-04-25 16:19:24|WARNING|MarketDataSync|Error extracting data from JSON: Binder Error: No function matches the given name and argument types 'json_extract_string(JSON)'. You might need to add explicit type casts.
	Candidate functions:
	json_extract_string(VARCHAR, BIGINT) -> VARCHAR
	json_extract_string(VARCHAR, VARCHAR) -> VARCHAR
	json_extract_string(VARCHAR, VARCHAR[]) -> VARCHAR[]
	json_extract_string(JSON, BIGINT) -> VARCHAR
	json_extract_string(JSON, VARCHAR) -> VARCHAR
	json_extract_string(JSON, VARCHAR[]) -> VARCHAR[]


LINE 1: SELECT json_extract_string(json_extract(?, '$[0]'))
               ^
2025-04-25 16:19:24|WARNING|MarketDataSync|Error extracting data from JSON: Binder Error: No function matches the given name and argument types 'json_extract_string(JSON)'. You might need to add explicit type casts.
	Candidate functions:
	json_extract_string(VARCHAR, BIGINT) -> VARCHAR
	json_extract_string(VARCHAR, VARCHAR) -> VARCHAR
	json_extract_string(VARCHAR, VARCHAR[]) -> VARCHAR[]
	json_extract_string(JSON, BIGINT) -> VARCHAR
	json_extract_string(JSON, VARCHAR) -> VARCHAR
	json_extract_string(JSON, VARCHAR[]) -> VARCHAR[]


LINE 1: SELECT json_extract_string(json_extract(?, '$[0]'))
               ^
2025-04-25 16:19:24|WARNING|MarketDataSync|Error extracting data from JSON: Binder Error: No function matches the given name and argument types 'json_extract_string(JSON)'. You might need to add explicit type casts.
	Candidate functions:
	json_extract_string(VARCHAR, BIGINT) -> VARCHAR
	json_extract_string(VARCHAR, VARCHAR) -> VARCHAR
	json_extract_string(VARCHAR, VARCHAR[]) -> VARCHAR[]
	json_extract_string(JSON, BIGINT) -> VARCHAR
	json_extract_string(JSON, VARCHAR) -> VARCHAR
	json_extract_string(JSON, VARCHAR[]) -> VARCHAR[]


LINE 1: SELECT json_extract_string(json_extract(?, '$[0]'))
               ^
2025-04-25 16:19:24|WARNING|MarketDataSync|Error extracting data from JSON: Binder Error: No function matches the given name and argument types 'json_extract_string(JSON)'. You might need to add explicit type casts.
	Candidate functions:
	json_extract_string(VARCHAR, BIGINT) -> VARCHAR
	json_extract_string(VARCHAR, VARCHAR) -> VARCHAR
	json_extract_string(VARCHAR, VARCHAR[]) -> VARCHAR[]
	json_extract_string(JSON, BIGINT) -> VARCHAR
	json_extract_string(JSON, VARCHAR) -> VARCHAR
	json_extract_string(JSON, VARCHAR[]) -> VARCHAR[]


LINE 1: SELECT json_extract_string(json_extract(?, '$[0]'))
               ^
2025-04-25 16:19:24|WARNING|MarketDataSync|Error extracting data from JSON: Binder Error: No function matches the given name and argument types 'json_extract_string(JSON)'. You might need to add explicit type casts.
	Candidate functions:
	json_extract_string(VARCHAR, BIGINT) -> VARCHAR
	json_extract_string(VARCHAR, VARCHAR) -> VARCHAR
	json_extract_string(VARCHAR, VARCHAR[]) -> VARCHAR[]
	json_extract_string(JSON, BIGINT) -> VARCHAR
	json_extract_string(JSON, VARCHAR) -> VARCHAR
	json_extract_string(JSON, VARCHAR[]) -> VARCHAR[]


LINE 1: SELECT json_extract_string(json_extract(?, '$[0]'))
               ^
2025-04-25 16:19:24|WARNING|MarketDataSync|Error extracting data from JSON: Binder Error: No function matches the given name and argument types 'json_extract_string(JSON)'. You might need to add explicit type casts.
	Candidate functions:
	json_extract_string(VARCHAR, BIGINT) -> VARCHAR
	json_extract_string(VARCHAR, VARCHAR) -> VARCHAR
	json_extract_string(VARCHAR, VARCHAR[]) -> VARCHAR[]
	json_extract_string(JSON, BIGINT) -> VARCHAR
	json_extract_string(JSON, VARCHAR) -> VARCHAR
	json_extract_string(JSON, VARCHAR[]) -> VARCHAR[]


LINE 1: SELECT json_extract_string(json_extract(?, '$[0]'))
               ^
2025-04-25 16:19:24|INFO   |MarketDataSync|Aggregated 0 symbols from path '$.metal_precious' for commodity_6h
2025-04-25 16:19:24|WARNING|MarketDataSync|No valid aggregate data calculated for commodity_6h in period 2025-04-25T10:19:21.132574+00:00 - 2025-04-25T16:19:21.132574+00:00.
2025-04-25 16:19:24|DEBUG  |MarketDataSync|Updated last run time for 'aggregate_6h_commodity' to 2025-04-25T16:19:24.085742+00:00
2025-04-25 16:19:24|INFO   |MarketDataSync|Attempting to export aggregates from 'commodity_6h' to JSON: data/aggregates/agg_commodity_6h.json
2025-04-25 16:19:24|WARNING|MarketDataSync|No aggregate data found in 'commodity_6h' to export.
2025-04-25 16:19:24|INFO   |MarketDataSync|Created empty aggregate JSON file: data/aggregates/agg_commodity_6h.json
2025-04-25 16:19:24|DEBUG  |MarketDataSync|Task 'aggregate_12h_commodity': LastRunUTC=2025-04-25T10:17:02.231518+00:00, TimeSince=6:02:18.901056, Interval=12:00:00, IsDue=False
2025-04-25 16:19:24|DEBUG  |MarketDataSync|Skip Daily 'aggregate_daily_commodity': Already processed up to or including yesterday (2025-04-25).
2025-04-25 16:19:24|DEBUG  |MarketDataSync|Task 'aggregate_3d_commodity': LastRunUTC=2025-04-25T10:17:02.287106+00:00, TimeSince=6:02:18.845468, Interval=3 days, 0:00:00, IsDue=False
2025-04-25 16:19:24|DEBUG  |MarketDataSync|Task 'aggregate_weekly_commodity': LastRunUTC=2025-04-25T10:17:02.342094+00:00, TimeSince=6:02:18.790480, Interval=7 days, 0:00:00, IsDue=False
2025-04-25 16:19:24|DEBUG  |MarketDataSync|Checking aggregations for 'tse_ifb_symbols': Levels=['daily']
2025-04-25 16:19:24|INFO   |MarketDataSync|Daily task 'aggregate_daily_tse_ifb_symbols' due: Never run before.
2025-04-25 16:19:24|INFO   |MarketDataSync|Running Aggregation: 'aggregate_daily_tse_ifb_symbols' target=2025-04-24 period=[2025-04-23T20:30:00+00:00 to 2025-04-24T20:30:00+00:00)
2025-04-25 16:19:24|INFO   |MarketDataSync|Starting aggregation for 'tse_ifb_symbols_daily' (Period: 2025-04-23T20:30:00+00:00 to 2025-04-24T20:30:00+00:00)
2025-04-25 16:19:24|WARNING|MarketDataSync|Skip Aggregation for tse_ifb_symbols_daily: Raw table 'tse_ifb_symbols_raw' does not exist.
2025-04-25 16:19:24|INFO   |MarketDataSync|Aggregation Results Summary: Success=4, Skipped=12, Errors=0
2025-04-25 16:19:24|INFO   |MarketDataSync|DB connection closed.
2025-04-25 16:19:24|INFO   |MarketDataSync|[32m--- Market Data Sync Cycle Finished in 3.09 seconds ---[0m
2025-04-25 16:19:24|INFO   |MarketDataSync|Improvement Suggestion 1: Implement more specific error handling for common API issues (e.g., rate limits, maintenance status codes).
2025-04-25 16:19:24|INFO   |MarketDataSync|Improvement Suggestion 2: Consider adding data quality checks (e.g., price outliers, missing symbols) after fetching or before aggregation.
