2025-04-26 17:40:07|DEBUG  |MarketDataSync|Checking for logs older than 12 hours (2025-04-26T05:40:07.012692) in 'logs'...
2025-04-26 17:40:07|INFO   |MarketDataSync|Cleaned old log file: market_data_20250426_053055.log
2025-04-26 17:40:07|DEBUG  |MarketDataSync|Log cleanup finished. Removed 1 old files.
2025-04-26 17:40:07|INFO   |MarketDataSync|Logging setup complete. Target Console Level: INFO, File Level: DEBUG
2025-04-26 17:40:07|INFO   |MarketDataSync|Current log file: logs/market_data_20250426_174007.log
2025-04-26 17:40:07|DEBUG  |MarketDataSync|To change console log level, set the 'LOG_LEVEL' environment variable (e.g., 'DEBUG', 'INFO', 'WARNING').
2025-04-26 17:40:07|INFO   |MarketDataSync|[32m--- Starting Market Data Sync Cycle ---[0m
2025-04-26 17:40:07|DEBUG  |MarketDataSync|Attempting to connect to DB: data/market_data.duckdb
2025-04-26 17:40:07|INFO   |MarketDataSync|DB connection successful.
2025-04-26 17:40:07|DEBUG  |MarketDataSync|Ensured aggregation_tracker table exists.
2025-04-26 17:40:07|DEBUG  |MarketDataSync|Cycle time: UTC=2025-04-26T17:40:07.032909+00:00, Local=2025-04-26T21:10:07.032909+03:30
2025-04-26 17:40:07|INFO   |MarketDataSync|--- Checking API Fetch Tasks ---
2025-04-26 17:40:07|DEBUG  |MarketDataSync|Checking fetch task: 'gold_currency'
2025-04-26 17:40:07|DEBUG  |MarketDataSync|Task 'fetch_gold_currency': LastRunUTC=2025-04-26T17:30:32.123490+00:00, TimeSince=0:09:34.909419, Interval=0:10:00, IsDue=False
2025-04-26 17:40:07|DEBUG  |MarketDataSync| -> Skip 'gold_currency': Interval not met.
2025-04-26 17:40:07|DEBUG  |MarketDataSync|Checking fetch task: 'crypto'
2025-04-26 17:40:07|DEBUG  |MarketDataSync|Task 'fetch_crypto': LastRunUTC=2025-04-26T17:30:32.123490+00:00, TimeSince=0:09:34.909419, Interval=0:10:00, IsDue=False
2025-04-26 17:40:07|DEBUG  |MarketDataSync| -> Skip 'crypto': Interval not met.
2025-04-26 17:40:07|DEBUG  |MarketDataSync|Checking fetch task: 'commodity'
2025-04-26 17:40:07|DEBUG  |MarketDataSync|Task 'fetch_commodity': LastRunUTC=2025-04-26T17:30:32.123490+00:00, TimeSince=0:09:34.909419, Interval=0:10:00, IsDue=False
2025-04-26 17:40:07|DEBUG  |MarketDataSync| -> Skip 'commodity': Interval not met.
2025-04-26 17:40:07|DEBUG  |MarketDataSync|Checking fetch task: 'tse_ifb_symbols'
2025-04-26 17:40:07|DEBUG  |MarketDataSync|Market Check: LocalTime=21:10:07 +0330, Weekday=5, CurrentTime=21:10:07.035938, MarketHours=08:45:00-12:45:00, MarketDays=[5, 6, 0, 1, 2]
2025-04-26 17:40:07|DEBUG  |MarketDataSync|Market Status: CLOSED (Within Market Hours Check)
2025-04-26 17:40:07|DEBUG  |MarketDataSync| -> Skip 'tse_ifb_symbols': Market is closed.
2025-04-26 17:40:07|DEBUG  |MarketDataSync|Checking fetch task: 'tse_options'
2025-04-26 17:40:07|DEBUG  |MarketDataSync| -> Skip 'tse_options': Disabled in config.
2025-04-26 17:40:07|DEBUG  |MarketDataSync|Checking fetch task: 'tse_nav'
2025-04-26 17:40:07|DEBUG  |MarketDataSync| -> Skip 'tse_nav': Disabled in config.
2025-04-26 17:40:07|DEBUG  |MarketDataSync|Checking fetch task: 'tse_index'
2025-04-26 17:40:07|DEBUG  |MarketDataSync| -> Skip 'tse_index': Disabled in config.
2025-04-26 17:40:07|DEBUG  |MarketDataSync|Checking fetch task: 'ifb_index'
2025-04-26 17:40:07|DEBUG  |MarketDataSync| -> Skip 'ifb_index': Disabled in config.
2025-04-26 17:40:07|DEBUG  |MarketDataSync|Checking fetch task: 'selected_indices'
2025-04-26 17:40:07|DEBUG  |MarketDataSync| -> Skip 'selected_indices': Disabled in config.
2025-04-26 17:40:07|DEBUG  |MarketDataSync|Checking fetch task: 'debt_securities'
2025-04-26 17:40:07|DEBUG  |MarketDataSync|Market Check: LocalTime=21:10:07 +0330, Weekday=5, CurrentTime=21:10:07.036261, MarketHours=08:45:00-12:45:00, MarketDays=[5, 6, 0, 1, 2]
2025-04-26 17:40:07|DEBUG  |MarketDataSync|Market Status: CLOSED (Within Market Hours Check)
2025-04-26 17:40:07|DEBUG  |MarketDataSync| -> Skip 'debt_securities': Market is closed.
2025-04-26 17:40:07|DEBUG  |MarketDataSync|Checking fetch task: 'housing_facilities'
2025-04-26 17:40:07|DEBUG  |MarketDataSync|Market Check: LocalTime=21:10:07 +0330, Weekday=5, CurrentTime=21:10:07.036358, MarketHours=08:45:00-12:45:00, MarketDays=[5, 6, 0, 1, 2]
2025-04-26 17:40:07|DEBUG  |MarketDataSync|Market Status: CLOSED (Within Market Hours Check)
2025-04-26 17:40:07|DEBUG  |MarketDataSync| -> Skip 'housing_facilities': Market is closed.
2025-04-26 17:40:07|DEBUG  |MarketDataSync|Checking fetch task: 'futures'
2025-04-26 17:40:07|DEBUG  |MarketDataSync|Market Check: LocalTime=21:10:07 +0330, Weekday=5, CurrentTime=21:10:07.036466, MarketHours=08:45:00-12:45:00, MarketDays=[5, 6, 0, 1, 2]
2025-04-26 17:40:07|DEBUG  |MarketDataSync|Market Status: CLOSED (Within Market Hours Check)
2025-04-26 17:40:07|DEBUG  |MarketDataSync| -> Skip 'futures': Market is closed.
2025-04-26 17:40:07|INFO   |MarketDataSync|No API endpoints scheduled for fetching in this cycle.
2025-04-26 17:40:07|INFO   |MarketDataSync|--- Checking Aggregation Tasks ---
2025-04-26 17:40:07|DEBUG  |MarketDataSync|Checking aggregations for 'gold_currency': Levels=['6h', '12h', 'daily', '3d', 'weekly']
2025-04-26 17:40:07|DEBUG  |MarketDataSync|Task 'aggregate_6h_gold_currency': LastRunUTC=2025-04-26T17:17:28.358070+00:00, TimeSince=0:22:38.674839, Interval=6:00:00, IsDue=False
2025-04-26 17:40:07|DEBUG  |MarketDataSync|Task 'aggregate_12h_gold_currency': LastRunUTC=2025-04-26T17:17:28.519020+00:00, TimeSince=0:22:38.513889, Interval=12:00:00, IsDue=False
2025-04-26 17:40:07|DEBUG  |MarketDataSync|Skip Daily 'aggregate_daily_gold_currency': Already processed up to or including yesterday (2025-04-26).
2025-04-26 17:40:07|DEBUG  |MarketDataSync|Task 'aggregate_3d_gold_currency': LastRunUTC=2025-04-26T05:05:16.584527+00:00, TimeSince=12:34:50.448382, Interval=3 days, 0:00:00, IsDue=False
2025-04-26 17:40:07|DEBUG  |MarketDataSync|Task 'aggregate_weekly_gold_currency': LastRunUTC=2025-04-26T05:05:16.589416+00:00, TimeSince=12:34:50.443493, Interval=7 days, 0:00:00, IsDue=False
2025-04-26 17:40:07|DEBUG  |MarketDataSync|Checking aggregations for 'crypto': Levels=['6h', '12h', 'daily', '3d', 'weekly']
2025-04-26 17:40:07|DEBUG  |MarketDataSync|Task 'aggregate_6h_crypto': LastRunUTC=2025-04-26T17:17:28.791980+00:00, TimeSince=0:22:38.240929, Interval=6:00:00, IsDue=False
2025-04-26 17:40:07|DEBUG  |MarketDataSync|Task 'aggregate_12h_crypto': LastRunUTC=2025-04-26T17:17:29.299113+00:00, TimeSince=0:22:37.733796, Interval=12:00:00, IsDue=False
2025-04-26 17:40:07|DEBUG  |MarketDataSync|Skip Daily 'aggregate_daily_crypto': Already processed up to or including yesterday (2025-04-26).
2025-04-26 17:40:07|DEBUG  |MarketDataSync|Task 'aggregate_3d_crypto': LastRunUTC=2025-04-26T05:05:16.609675+00:00, TimeSince=12:34:50.423234, Interval=3 days, 0:00:00, IsDue=False
2025-04-26 17:40:07|DEBUG  |MarketDataSync|Task 'aggregate_weekly_crypto': LastRunUTC=2025-04-26T05:05:16.615389+00:00, TimeSince=12:34:50.417520, Interval=7 days, 0:00:00, IsDue=False
2025-04-26 17:40:07|DEBUG  |MarketDataSync|Checking aggregations for 'commodity': Levels=['6h', '12h', 'daily', '3d', 'weekly']
2025-04-26 17:40:07|DEBUG  |MarketDataSync|Task 'aggregate_6h_commodity': LastRunUTC=2025-04-26T17:17:29.346786+00:00, TimeSince=0:22:37.686123, Interval=6:00:00, IsDue=False
2025-04-26 17:40:07|DEBUG  |MarketDataSync|Task 'aggregate_12h_commodity': LastRunUTC=2025-04-26T17:17:29.420563+00:00, TimeSince=0:22:37.612346, Interval=12:00:00, IsDue=False
2025-04-26 17:40:07|DEBUG  |MarketDataSync|Skip Daily 'aggregate_daily_commodity': Already processed up to or including yesterday (2025-04-26).
2025-04-26 17:40:07|DEBUG  |MarketDataSync|Task 'aggregate_3d_commodity': LastRunUTC=2025-04-26T05:05:16.635096+00:00, TimeSince=12:34:50.397813, Interval=3 days, 0:00:00, IsDue=False
2025-04-26 17:40:07|DEBUG  |MarketDataSync|Task 'aggregate_weekly_commodity': LastRunUTC=2025-04-26T05:05:16.640100+00:00, TimeSince=12:34:50.392809, Interval=7 days, 0:00:00, IsDue=False
2025-04-26 17:40:07|DEBUG  |MarketDataSync|Checking aggregations for 'tse_ifb_symbols': Levels=['daily']
2025-04-26 17:40:07|DEBUG  |MarketDataSync|Skip Daily 'aggregate_daily_tse_ifb_symbols': Already processed up to or including yesterday (2025-04-26).
2025-04-26 17:40:07|INFO   |MarketDataSync|Aggregation Results Summary: Success=0, Skipped=16, Errors=0
2025-04-26 17:40:07|INFO   |MarketDataSync|DB connection closed.
2025-04-26 17:40:07|INFO   |MarketDataSync|[32m--- Market Data Sync Cycle Finished in 0.02 seconds ---[0m
2025-04-26 17:40:07|INFO   |MarketDataSync|Improvement Suggestion 1: Implement more specific error handling for common API issues (e.g., rate limits, maintenance status codes).
2025-04-26 17:40:07|INFO   |MarketDataSync|Improvement Suggestion 2: Consider adding data quality checks (e.g., price outliers, missing symbols) after fetching or before aggregation.
