[32m•[0m 05:05:14|[32mINFO   [0m| [32mCleaned old log file: market_data_20250425_124058.log[0m
[32m•[0m 05:05:14|[32mINFO   [0m| [32mCleaned old log file: market_data_20250425_145727.log[0m
[32m•[0m 05:05:14|[32mINFO   [0m| [32mCleaned old log file: market_data_20250425_161921.log[0m
[32m•[0m 05:05:14|[32mINFO   [0m| [32mCleaned old log file: market_data_20250425_132600.log[0m
[32m•[0m 05:05:14|[32mINFO   [0m| [32mCleaned old log file: market_data_20250425_143424.log[0m
[32m•[0m 05:05:14|[32mINFO   [0m| [32mCleaned old log file: market_data_20250425_155523.log[0m
[32m•[0m 05:05:14|[32mINFO   [0m| [32mCleaned old log file: market_data_20250425_133914.log[0m
[32m•[0m 05:05:14|[32mINFO   [0m| [32mCleaned old log file: market_data_20250425_130006.log[0m
[32m•[0m 05:05:14|[32mINFO   [0m| [32mCleaned old log file: market_data_20250425_144825.log[0m
[32m•[0m 05:05:14|[32mINFO   [0m| [32mCleaned old log file: market_data_20250425_143848.log[0m
[32m•[0m 05:05:14|[32mINFO   [0m| [32mCleaned old log file: market_data_20250425_121441.log[0m
[32m•[0m 05:05:14|[32mINFO   [0m| [32mCleaned old log file: market_data_20250425_121200.log[0m
[32m•[0m 05:05:14|[32mINFO   [0m| [32mCleaned old log file: market_data_20250425_153637.log[0m
[32m•[0m 05:05:14|[32mINFO   [0m| [32mCleaned old log file: market_data_20250425_122602.log[0m
[32m•[0m 05:05:14|[32mINFO   [0m| [32mCleaned old log file: market_data_20250425_130744.log[0m
[32m•[0m 05:05:14|[32mINFO   [0m| [32mCleaned old log file: market_data_20250425_135807.log[0m
[32m•[0m 05:05:14|[32mINFO   [0m| [32mCleaned old log file: market_data_20250425_142135.log[0m
[32m•[0m 05:05:14|[32mINFO   [0m| [32mCleaned old log file: market_data_20250425_123544.log[0m
[32m•[0m 05:05:14|[32mINFO   [0m| [32mCleaned old log file: market_data_20250425_154616.log[0m
[32m•[0m 05:05:14|[32mINFO   [0m| [32mCleaned old log file: market_data_20250425_122435.log[0m
[32m•[0m 05:05:14|[32mINFO   [0m| [32mCleaned old log file: market_data_20250425_131652.log[0m
[32m•[0m 05:05:14|[32mINFO   [0m| [32mCleaned old log file: market_data_20250425_133915.log[0m
[32m•[0m 05:05:14|[32mINFO   [0m| [32mCleaned old log file: market_data_20250425_131513.log[0m
[32m•[0m 05:05:14|[32mINFO   [0m| [32mCleaned old log file: market_data_20250425_132647.log[0m
[32m•[0m 05:05:14|[32mINFO   [0m| [32mCleaned old log file: market_data_20250425_131550.log[0m
[32m•[0m 05:05:14|[32mINFO   [0m| [32mCleaned old log file: market_data_20250425_142651.log[0m
[32m•[0m 05:05:14|[32mINFO   [0m| [32mCleaned old log file: market_data_20250425_145414.log[0m
[32m•[0m 05:05:14|[32mINFO   [0m| [32mCleaned old log file: market_data_20250425_114833.log[0m
[32m•[0m 05:05:14|[32mINFO   [0m| [32mCleaned old log file: market_data_20250425_121918.log[0m
[32m•[0m 05:05:14|[32mINFO   [0m| [32mCleaned old log file: market_data_20250425_135212.log[0m
[32m•[0m 05:05:14|[32mINFO   [0m| [32mCleaned old log file: market_data_20250425_123241.log[0m
[32m•[0m 05:05:14|[32mINFO   [0m| [32mCleaned old log file: market_data_20250425_134909.log[0m
[32m•[0m 05:05:14|[32mINFO   [0m| [32mCleaned old log file: market_data_20250425_142115.log[0m
[32m•[0m 05:05:14|[32mINFO   [0m| [32mCleaned old log file: market_data_20250425_161920.log[0m
[32m•[0m 05:05:14|[32mINFO   [0m| [32mCleaned old log file: market_data_20250425_165624.log[0m
[32m•[0m 05:05:14|[32mINFO   [0m| [32mCleaned old log file: market_data_20250425_115714.log[0m
[32m•[0m 05:05:14|[32mINFO   [0m| [32mCleaned old log file: market_data_20250425_124419.log[0m
[32m•[0m 05:05:14|[32mINFO   [0m| [32mCleaned old log file: market_data_20250425_122434.log[0m
[32m•[0m 05:05:14|[32mINFO   [0m| [32mCleaned old log file: market_data_20250425_155522.log[0m
[32m•[0m 05:05:14|[32mINFO   [0m| [32mCleaned old log file: market_data_20250425_145728.log[0m
[32m•[0m 05:05:14|[32mINFO   [0m| [32mCleaned old log file: market_data_20250425_125123.log[0m
[32m•[0m 05:05:14|[32mINFO   [0m| [32mCleaned old log file: market_data_20250425_152048.log[0m
[32m•[0m 05:05:14|[32mINFO   [0m| [32mCleaned old log file: market_data_20250425_122240.log[0m
[32m•[0m 05:05:14|[32mINFO   [0m| [32mCleaned old log file: market_data_20250425_124931.log[0m
[32m•[0m 05:05:14|[32mINFO   [0m| [32mCleaned old log file: market_data_20250425_143847.log[0m
[32m•[0m 05:05:14|[32mINFO   [0m| [32mCleaned old log file: market_data_20250425_134658.log[0m
[32m•[0m 05:05:14|[32mINFO   [0m| [32mCleaned old log file: market_data_20250425_142024.log[0m
[32m•[0m 05:05:14|[32mINFO   [0m| [32mCleaned old log file: market_data_20250425_122138.log[0m
[32m•[0m 05:05:14|[32mINFO   [0m| [32mCleaned old log file: market_data_20250425_141309.log[0m
[32m•[0m 05:05:14|[32mINFO   [0m| [32mCleaned old log file: market_data_20250425_144007.log[0m
[32m•[0m 05:05:14|[32mINFO   [0m| [32mCleaned old log file: market_data_20250425_131551.log[0m
[32m•[0m 05:05:14|[32mINFO   [0m| [32mCleaned old log file: market_data_20250425_164256.log[0m
[32m•[0m 05:05:14|[32mINFO   [0m| [32mCleaned old log file: market_data_20250425_130714.log[0m
[32m•[0m 05:05:14|[32mINFO   [0m| [32mLogging setup complete. Target Console Level: INFO, File Level: DEBUG[0m
[32m•[0m 05:05:14|[32mINFO   [0m| [32mCurrent log file: logs/market_data_20250426_050514.log[0m
[32m•[0m 05:05:14|[32mINFO   [0m| [32m[32m--- Starting Market Data Sync Cycle ---[0m[0m
[32m•[0m 05:05:14|[32mINFO   [0m| [32mDB connection successful.[0m
[32m•[0m 05:05:14|[32mINFO   [0m| [32m--- Checking API Fetch Tasks ---[0m
[32m•[0m 05:05:14|[32mINFO   [0m| [32mTask 'fetch_gold_currency' is due: Never run before.[0m
[32m•[0m 05:05:14|[32mINFO   [0m| [32mScheduling fetch for: 'gold_currency'[0m
[32m•[0m 05:05:14|[32mINFO   [0m| [32mTask 'fetch_crypto' is due: Never run before.[0m
[32m•[0m 05:05:14|[32mINFO   [0m| [32mScheduling fetch for: 'crypto'[0m
[32m•[0m 05:05:14|[32mINFO   [0m| [32mTask 'fetch_commodity' is due: Never run before.[0m
[32m•[0m 05:05:14|[32mINFO   [0m| [32mScheduling fetch for: 'commodity'[0m
[32m•[0m 05:05:14|[32mINFO   [0m| [32mAttempting to fetch data for 3 endpoints...[0m
[32m•[0m 05:05:15|[32mINFO   [0m| [32mSuccess: Fetched 'commodity'.[0m
[32m•[0m 05:05:15|[32mINFO   [0m| [32mSuccess: Fetched 'gold_currency'.[0m
[32m•[0m 05:05:16|[32mINFO   [0m| [32mSuccess: Fetched 'crypto'.[0m
[32m•[0m 05:05:16|[32mINFO   [0m| [32m--- Processing Fetch Results ---[0m
[32m•[0m 05:05:16|[32mINFO   [0m| [32mFetch Results Summary: Processed=3, DB Inserts=3, Errors=0[0m
[32m•[0m 05:05:16|[32mINFO   [0m| [32m--- Checking Aggregation Tasks ---[0m
[32m•[0m 05:05:16|[32mINFO   [0m| [32mTask 'aggregate_6h_gold_currency' is due: Never run before.[0m
[32m•[0m 05:05:16|[32mINFO   [0m| [32mRunning Aggregation: 'aggregate_6h_gold_currency' target=2025-04-26T05:05:14.970716+00:00 period=[2025-04-25T23:05:14.970716+00:00 to 2025-04-26T05:05:14.970716+00:00)[0m
[32m•[0m 05:05:16|[32mINFO   [0m| [32mStarting aggregation for 'gold_currency_6h' (Period: 2025-04-25T23:05:14.970716+00:00 to 2025-04-26T05:05:14.970716+00:00)[0m
[32m•[0m 05:05:16|[32mINFO   [0m| [32mSkip Aggregation for gold_currency_6h: No raw data found in period 2025-04-25T23:05:14.970716+00:00 to 2025-04-26T05:05:14.970716+00:00.[0m
[32m•[0m 05:05:16|[32mINFO   [0m| [32mTask 'aggregate_12h_gold_currency' is due: Never run before.[0m
[32m•[0m 05:05:16|[32mINFO   [0m| [32mRunning Aggregation: 'aggregate_12h_gold_currency' target=2025-04-26T05:05:14.970716+00:00 period=[2025-04-25T17:05:14.970716+00:00 to 2025-04-26T05:05:14.970716+00:00)[0m
[32m•[0m 05:05:16|[32mINFO   [0m| [32mStarting aggregation for 'gold_currency_12h' (Period: 2025-04-25T17:05:14.970716+00:00 to 2025-04-26T05:05:14.970716+00:00)[0m
[32m•[0m 05:05:16|[32mINFO   [0m| [32mSkip Aggregation for gold_currency_12h: No raw data found in period 2025-04-25T17:05:14.970716+00:00 to 2025-04-26T05:05:14.970716+00:00.[0m
[32m•[0m 05:05:16|[32mINFO   [0m| [32mDaily task 'aggregate_daily_gold_currency' due: Never run before.[0m
[32m•[0m 05:05:16|[32mINFO   [0m| [32mRunning Aggregation: 'aggregate_daily_gold_currency' target=2025-04-25 period=[2025-04-24T20:30:00+00:00 to 2025-04-25T20:30:00+00:00)[0m
[32m•[0m 05:05:16|[32mINFO   [0m| [32mStarting aggregation for 'gold_currency_daily' (Period: 2025-04-24T20:30:00+00:00 to 2025-04-25T20:30:00+00:00)[0m
[32m•[0m 05:05:16|[32mINFO   [0m| [32mSkip Aggregation for gold_currency_daily: No raw data found in period 2025-04-24T20:30:00+00:00 to 2025-04-25T20:30:00+00:00.[0m
[32m•[0m 05:05:16|[32mINFO   [0m| [32mTask 'aggregate_3d_gold_currency' is due: Never run before.[0m
[32m•[0m 05:05:16|[32mINFO   [0m| [32mRunning Aggregation: 'aggregate_3d_gold_currency' target=2025-04-26T05:05:14.970716+00:00 period=[2025-04-23T05:05:14.970716+00:00 to 2025-04-26T05:05:14.970716+00:00)[0m
[32m•[0m 05:05:16|[32mINFO   [0m| [32mStarting aggregation for 'gold_currency_3d' (Period: 2025-04-23T05:05:14.970716+00:00 to 2025-04-26T05:05:14.970716+00:00)[0m
[32m•[0m 05:05:16|[32mINFO   [0m| [32mSkip Aggregation for gold_currency_3d: No raw data found in period 2025-04-23T05:05:14.970716+00:00 to 2025-04-26T05:05:14.970716+00:00.[0m
[32m•[0m 05:05:16|[32mINFO   [0m| [32mTask 'aggregate_weekly_gold_currency' is due: Never run before.[0m
[32m•[0m 05:05:16|[32mINFO   [0m| [32mRunning Aggregation: 'aggregate_weekly_gold_currency' target=2025-04-26T05:05:14.970716+00:00 period=[2025-04-19T05:05:14.970716+00:00 to 2025-04-26T05:05:14.970716+00:00)[0m
[32m•[0m 05:05:16|[32mINFO   [0m| [32mStarting aggregation for 'gold_currency_weekly' (Period: 2025-04-19T05:05:14.970716+00:00 to 2025-04-26T05:05:14.970716+00:00)[0m
[32m•[0m 05:05:16|[32mINFO   [0m| [32mSkip Aggregation for gold_currency_weekly: No raw data found in period 2025-04-19T05:05:14.970716+00:00 to 2025-04-26T05:05:14.970716+00:00.[0m
[32m•[0m 05:05:16|[32mINFO   [0m| [32mTask 'aggregate_6h_crypto' is due: Never run before.[0m
[32m•[0m 05:05:16|[32mINFO   [0m| [32mRunning Aggregation: 'aggregate_6h_crypto' target=2025-04-26T05:05:14.970716+00:00 period=[2025-04-25T23:05:14.970716+00:00 to 2025-04-26T05:05:14.970716+00:00)[0m
[32m•[0m 05:05:16|[32mINFO   [0m| [32mStarting aggregation for 'crypto_6h' (Period: 2025-04-25T23:05:14.970716+00:00 to 2025-04-26T05:05:14.970716+00:00)[0m
[32m•[0m 05:05:16|[32mINFO   [0m| [32mSkip Aggregation for crypto_6h: No raw data found in period 2025-04-25T23:05:14.970716+00:00 to 2025-04-26T05:05:14.970716+00:00.[0m
[32m•[0m 05:05:16|[32mINFO   [0m| [32mTask 'aggregate_12h_crypto' is due: Never run before.[0m
[32m•[0m 05:05:16|[32mINFO   [0m| [32mRunning Aggregation: 'aggregate_12h_crypto' target=2025-04-26T05:05:14.970716+00:00 period=[2025-04-25T17:05:14.970716+00:00 to 2025-04-26T05:05:14.970716+00:00)[0m
[32m•[0m 05:05:16|[32mINFO   [0m| [32mStarting aggregation for 'crypto_12h' (Period: 2025-04-25T17:05:14.970716+00:00 to 2025-04-26T05:05:14.970716+00:00)[0m
[32m•[0m 05:05:16|[32mINFO   [0m| [32mSkip Aggregation for crypto_12h: No raw data found in period 2025-04-25T17:05:14.970716+00:00 to 2025-04-26T05:05:14.970716+00:00.[0m
[32m•[0m 05:05:16|[32mINFO   [0m| [32mDaily task 'aggregate_daily_crypto' due: Never run before.[0m
[32m•[0m 05:05:16|[32mINFO   [0m| [32mRunning Aggregation: 'aggregate_daily_crypto' target=2025-04-25 period=[2025-04-24T20:30:00+00:00 to 2025-04-25T20:30:00+00:00)[0m
[32m•[0m 05:05:16|[32mINFO   [0m| [32mStarting aggregation for 'crypto_daily' (Period: 2025-04-24T20:30:00+00:00 to 2025-04-25T20:30:00+00:00)[0m
[32m•[0m 05:05:16|[32mINFO   [0m| [32mSkip Aggregation for crypto_daily: No raw data found in period 2025-04-24T20:30:00+00:00 to 2025-04-25T20:30:00+00:00.[0m
[32m•[0m 05:05:16|[32mINFO   [0m| [32mTask 'aggregate_3d_crypto' is due: Never run before.[0m
[32m•[0m 05:05:16|[32mINFO   [0m| [32mRunning Aggregation: 'aggregate_3d_crypto' target=2025-04-26T05:05:14.970716+00:00 period=[2025-04-23T05:05:14.970716+00:00 to 2025-04-26T05:05:14.970716+00:00)[0m
[32m•[0m 05:05:16|[32mINFO   [0m| [32mStarting aggregation for 'crypto_3d' (Period: 2025-04-23T05:05:14.970716+00:00 to 2025-04-26T05:05:14.970716+00:00)[0m
[32m•[0m 05:05:16|[32mINFO   [0m| [32mSkip Aggregation for crypto_3d: No raw data found in period 2025-04-23T05:05:14.970716+00:00 to 2025-04-26T05:05:14.970716+00:00.[0m
[32m•[0m 05:05:16|[32mINFO   [0m| [32mTask 'aggregate_weekly_crypto' is due: Never run before.[0m
[32m•[0m 05:05:16|[32mINFO   [0m| [32mRunning Aggregation: 'aggregate_weekly_crypto' target=2025-04-26T05:05:14.970716+00:00 period=[2025-04-19T05:05:14.970716+00:00 to 2025-04-26T05:05:14.970716+00:00)[0m
[32m•[0m 05:05:16|[32mINFO   [0m| [32mStarting aggregation for 'crypto_weekly' (Period: 2025-04-19T05:05:14.970716+00:00 to 2025-04-26T05:05:14.970716+00:00)[0m
[32m•[0m 05:05:16|[32mINFO   [0m| [32mSkip Aggregation for crypto_weekly: No raw data found in period 2025-04-19T05:05:14.970716+00:00 to 2025-04-26T05:05:14.970716+00:00.[0m
[32m•[0m 05:05:16|[32mINFO   [0m| [32mTask 'aggregate_6h_commodity' is due: Never run before.[0m
[32m•[0m 05:05:16|[32mINFO   [0m| [32mRunning Aggregation: 'aggregate_6h_commodity' target=2025-04-26T05:05:14.970716+00:00 period=[2025-04-25T23:05:14.970716+00:00 to 2025-04-26T05:05:14.970716+00:00)[0m
[32m•[0m 05:05:16|[32mINFO   [0m| [32mStarting aggregation for 'commodity_6h' (Period: 2025-04-25T23:05:14.970716+00:00 to 2025-04-26T05:05:14.970716+00:00)[0m
[32m•[0m 05:05:16|[32mINFO   [0m| [32mSkip Aggregation for commodity_6h: No raw data found in period 2025-04-25T23:05:14.970716+00:00 to 2025-04-26T05:05:14.970716+00:00.[0m
[32m•[0m 05:05:16|[32mINFO   [0m| [32mTask 'aggregate_12h_commodity' is due: Never run before.[0m
[32m•[0m 05:05:16|[32mINFO   [0m| [32mRunning Aggregation: 'aggregate_12h_commodity' target=2025-04-26T05:05:14.970716+00:00 period=[2025-04-25T17:05:14.970716+00:00 to 2025-04-26T05:05:14.970716+00:00)[0m
[32m•[0m 05:05:16|[32mINFO   [0m| [32mStarting aggregation for 'commodity_12h' (Period: 2025-04-25T17:05:14.970716+00:00 to 2025-04-26T05:05:14.970716+00:00)[0m
[32m•[0m 05:05:16|[32mINFO   [0m| [32mSkip Aggregation for commodity_12h: No raw data found in period 2025-04-25T17:05:14.970716+00:00 to 2025-04-26T05:05:14.970716+00:00.[0m
[32m•[0m 05:05:16|[32mINFO   [0m| [32mDaily task 'aggregate_daily_commodity' due: Never run before.[0m
[32m•[0m 05:05:16|[32mINFO   [0m| [32mRunning Aggregation: 'aggregate_daily_commodity' target=2025-04-25 period=[2025-04-24T20:30:00+00:00 to 2025-04-25T20:30:00+00:00)[0m
[32m•[0m 05:05:16|[32mINFO   [0m| [32mStarting aggregation for 'commodity_daily' (Period: 2025-04-24T20:30:00+00:00 to 2025-04-25T20:30:00+00:00)[0m
[32m•[0m 05:05:16|[32mINFO   [0m| [32mSkip Aggregation for commodity_daily: No raw data found in period 2025-04-24T20:30:00+00:00 to 2025-04-25T20:30:00+00:00.[0m
[32m•[0m 05:05:16|[32mINFO   [0m| [32mTask 'aggregate_3d_commodity' is due: Never run before.[0m
[32m•[0m 05:05:16|[32mINFO   [0m| [32mRunning Aggregation: 'aggregate_3d_commodity' target=2025-04-26T05:05:14.970716+00:00 period=[2025-04-23T05:05:14.970716+00:00 to 2025-04-26T05:05:14.970716+00:00)[0m
[32m•[0m 05:05:16|[32mINFO   [0m| [32mStarting aggregation for 'commodity_3d' (Period: 2025-04-23T05:05:14.970716+00:00 to 2025-04-26T05:05:14.970716+00:00)[0m
[32m•[0m 05:05:16|[32mINFO   [0m| [32mSkip Aggregation for commodity_3d: No raw data found in period 2025-04-23T05:05:14.970716+00:00 to 2025-04-26T05:05:14.970716+00:00.[0m
[32m•[0m 05:05:16|[32mINFO   [0m| [32mTask 'aggregate_weekly_commodity' is due: Never run before.[0m
[32m•[0m 05:05:16|[32mINFO   [0m| [32mRunning Aggregation: 'aggregate_weekly_commodity' target=2025-04-26T05:05:14.970716+00:00 period=[2025-04-19T05:05:14.970716+00:00 to 2025-04-26T05:05:14.970716+00:00)[0m
[32m•[0m 05:05:16|[32mINFO   [0m| [32mStarting aggregation for 'commodity_weekly' (Period: 2025-04-19T05:05:14.970716+00:00 to 2025-04-26T05:05:14.970716+00:00)[0m
[32m•[0m 05:05:16|[32mINFO   [0m| [32mSkip Aggregation for commodity_weekly: No raw data found in period 2025-04-19T05:05:14.970716+00:00 to 2025-04-26T05:05:14.970716+00:00.[0m
[32m•[0m 05:05:16|[32mINFO   [0m| [32mDaily task 'aggregate_daily_tse_ifb_symbols' due: Never run before.[0m
[32m•[0m 05:05:16|[32mINFO   [0m| [32mRunning Aggregation: 'aggregate_daily_tse_ifb_symbols' target=2025-04-25 period=[2025-04-24T20:30:00+00:00 to 2025-04-25T20:30:00+00:00)[0m
[32m•[0m 05:05:16|[32mINFO   [0m| [32mStarting aggregation for 'tse_ifb_symbols_daily' (Period: 2025-04-24T20:30:00+00:00 to 2025-04-25T20:30:00+00:00)[0m
[33m•[0m 05:05:16|[33mWARNING[0m| [33mSkip Aggregation for tse_ifb_symbols_daily: Raw table 'tse_ifb_symbols_raw' does not exist.[0m
[32m•[0m 05:05:16|[32mINFO   [0m| [32mAggregation Results Summary: Success=16, Skipped=0, Errors=0[0m
[32m•[0m 05:05:16|[32mINFO   [0m| [32mDB connection closed.[0m
[32m•[0m 05:05:16|[32mINFO   [0m| [32m[32m--- Market Data Sync Cycle Finished in 1.70 seconds ---[0m[0m
[32m•[0m 05:05:16|[32mINFO   [0m| [32mImprovement Suggestion 1: Implement more specific error handling for common API issues (e.g., rate limits, maintenance status codes).[0m
[32m•[0m 05:05:16|[32mINFO   [0m| [32mImprovement Suggestion 2: Consider adding data quality checks (e.g., price outliers, missing symbols) after fetching or before aggregation.[0m
[34m•[0m No .env file found at: /home/runner/work/riyales-api/riyales-api/src/../.env. Relying on system environment variables.
ggregation for crypto_daily: No raw data found in period 2025-04-24T20:30:00+00:00 to 2025-04-25T20:30:00+00:00.
2025-04-26 05:05:16|DEBUG  |MarketDataSync|Updated last run time for 'aggregate_daily_crypto' to 2025-04-26T05:05:16.604577+00:00
2025-04-26 05:05:16|INFO   |MarketDataSync|Task 'aggregate_3d_crypto' is due: Never run before.
2025-04-26 05:05:16|INFO   |MarketDataSync|Running Aggregation: 'aggregate_3d_crypto' target=2025-04-26T05:05:14.970716+00:00 period=[2025-04-23T05:05:14.970716+00:00 to 2025-04-26T05:05:14.970716+00:00)
2025-04-26 05:05:16|INFO   |MarketDataSync|Starting aggregation for 'crypto_3d' (Period: 2025-04-23T05:05:14.970716+00:00 to 2025-04-26T05:05:14.970716+00:00)
2025-04-26 05:05:16|INFO   |MarketDataSync|Skip Aggregation for crypto_3d: No raw data found in period 2025-04-23T05:05:14.970716+00:00 to 2025-04-26T05:05:14.970716+00:00.
2025-04-26 05:05:16|DEBUG  |MarketDataSync|Updated last run time for 'aggregate_3d_crypto' to 2025-04-26T05:05:16.609675+00:00
2025-04-26 05:05:16|INFO   |MarketDataSync|Task 'aggregate_weekly_crypto' is due: Never run before.
2025-04-26 05:05:16|INFO   |MarketDataSync|Running Aggregation: 'aggregate_weekly_crypto' target=2025-04-26T05:05:14.970716+00:00 period=[2025-04-19T05:05:14.970716+00:00 to 2025-04-26T05:05:14.970716+00:00)
2025-04-26 05:05:16|INFO   |MarketDataSync|Starting aggregation for 'crypto_weekly' (Period: 2025-04-19T05:05:14.970716+00:00 to 2025-04-26T05:05:14.970716+00:00)
2025-04-26 05:05:16|INFO   |MarketDataSync|Skip Aggregation for crypto_weekly: No raw data found in period 2025-04-19T05:05:14.970716+00:00 to 2025-04-26T05:05:14.970716+00:00.
2025-04-26 05:05:16|DEBUG  |MarketDataSync|Updated last run time for 'aggregate_weekly_crypto' to 2025-04-26T05:05:16.615389+00:00
2025-04-26 05:05:16|DEBUG  |MarketDataSync|Checking aggregations for 'commodity': Levels=['6h', '12h', 'daily', '3d', 'weekly']
2025-04-26 05:05:16|INFO   |MarketDataSync|Task 'aggregate_6h_commodity' is due: Never run before.
2025-04-26 05:05:16|INFO   |MarketDataSync|Running Aggregation: 'aggregate_6h_commodity' target=2025-04-26T05:05:14.970716+00:00 period=[2025-04-25T23:05:14.970716+00:00 to 2025-04-26T05:05:14.970716+00:00)
2025-04-26 05:05:16|INFO   |MarketDataSync|Starting aggregation for 'commodity_6h' (Period: 2025-04-25T23:05:14.970716+00:00 to 2025-04-26T05:05:14.970716+00:00)
2025-04-26 05:05:16|INFO   |MarketDataSync|Skip Aggregation for commodity_6h: No raw data found in period 2025-04-25T23:05:14.970716+00:00 to 2025-04-26T05:05:14.970716+00:00.
2025-04-26 05:05:16|DEBUG  |MarketDataSync|Updated last run time for 'aggregate_6h_commodity' to 2025-04-26T05:05:16.620180+00:00
2025-04-26 05:05:16|INFO   |MarketDataSync|Task 'aggregate_12h_commodity' is due: Never run before.
2025-04-26 05:05:16|INFO   |MarketDataSync|Running Aggregation: 'aggregate_12h_commodity' target=2025-04-26T05:05:14.970716+00:00 period=[2025-04-25T17:05:14.970716+00:00 to 2025-04-26T05:05:14.970716+00:00)
2025-04-26 05:05:16|INFO   |MarketDataSync|Starting aggregation for 'commodity_12h' (Period: 2025-04-25T17:05:14.970716+00:00 to 2025-04-26T05:05:14.970716+00:00)
2025-04-26 05:05:16|INFO   |MarketDataSync|Skip Aggregation for commodity_12h: No raw data found in period 2025-04-25T17:05:14.970716+00:00 to 2025-04-26T05:05:14.970716+00:00.
2025-04-26 05:05:16|DEBUG  |MarketDataSync|Updated last run time for 'aggregate_12h_commodity' to 2025-04-26T05:05:16.625099+00:00
2025-04-26 05:05:16|INFO   |MarketDataSync|Daily task 'aggregate_daily_commodity' due: Never run before.
2025-04-26 05:05:16|INFO   |MarketDataSync|Running Aggregation: 'aggregate_daily_commodity' target=2025-04-25 period=[2025-04-24T20:30:00+00:00 to 2025-04-25T20:30:00+00:00)
2025-04-26 05:05:16|INFO   |MarketDataSync|Starting aggregation for 'commodity_daily' (Period: 2025-04-24T20:30:00+00:00 to 2025-04-25T20:30:00+00:00)
2025-04-26 05:05:16|INFO   |MarketDataSync|Skip Aggregation for commodity_daily: No raw data found in period 2025-04-24T20:30:00+00:00 to 2025-04-25T20:30:00+00:00.
2025-04-26 05:05:16|DEBUG  |MarketDataSync|Updated last run time for 'aggregate_daily_commodity' to 2025-04-26T05:05:16.630139+00:00
2025-04-26 05:05:16|INFO   |MarketDataSync|Task 'aggregate_3d_commodity' is due: Never run before.
2025-04-26 05:05:16|INFO   |MarketDataSync|Running Aggregation: 'aggregate_3d_commodity' target=2025-04-26T05:05:14.970716+00:00 period=[2025-04-23T05:05:14.970716+00:00 to 2025-04-26T05:05:14.970716+00:00)
2025-04-26 05:05:16|INFO   |MarketDataSync|Starting aggregation for 'commodity_3d' (Period: 2025-04-23T05:05:14.970716+00:00 to 2025-04-26T05:05:14.970716+00:00)
2025-04-26 05:05:16|INFO   |MarketDataSync|Skip Aggregation for commodity_3d: No raw data found in period 2025-04-23T05:05:14.970716+00:00 to 2025-04-26T05:05:14.970716+00:00.
2025-04-26 05:05:16|DEBUG  |MarketDataSync|Updated last run time for 'aggregate_3d_commodity' to 2025-04-26T05:05:16.635096+00:00
2025-04-26 05:05:16|INFO   |MarketDataSync|Task 'aggregate_weekly_commodity' is due: Never run before.
2025-04-26 05:05:16|INFO   |MarketDataSync|Running Aggregation: 'aggregate_weekly_commodity' target=2025-04-26T05:05:14.970716+00:00 period=[2025-04-19T05:05:14.970716+00:00 to 2025-04-26T05:05:14.970716+00:00)
2025-04-26 05:05:16|INFO   |MarketDataSync|Starting aggregation for 'commodity_weekly' (Period: 2025-04-19T05:05:14.970716+00:00 to 2025-04-26T05:05:14.970716+00:00)
2025-04-26 05:05:16|INFO   |MarketDataSync|Skip Aggregation for commodity_weekly: No raw data found in period 2025-04-19T05:05:14.970716+00:00 to 2025-04-26T05:05:14.970716+00:00.
2025-04-26 05:05:16|DEBUG  |MarketDataSync|Updated last run time for 'aggregate_weekly_commodity' to 2025-04-26T05:05:16.640100+00:00
2025-04-26 05:05:16|DEBUG  |MarketDataSync|Checking aggregations for 'tse_ifb_symbols': Levels=['daily']
2025-04-26 05:05:16|INFO   |MarketDataSync|Daily task 'aggregate_daily_tse_ifb_symbols' due: Never run before.
2025-04-26 05:05:16|INFO   |MarketDataSync|Running Aggregation: 'aggregate_daily_tse_ifb_symbols' target=2025-04-25 period=[2025-04-24T20:30:00+00:00 to 2025-04-25T20:30:00+00:00)
2025-04-26 05:05:16|INFO   |MarketDataSync|Starting aggregation for 'tse_ifb_symbols_daily' (Period: 2025-04-24T20:30:00+00:00 to 2025-04-25T20:30:00+00:00)
2025-04-26 05:05:16|WARNING|MarketDataSync|Skip Aggregation for tse_ifb_symbols_daily: Raw table 'tse_ifb_symbols_raw' does not exist.
2025-04-26 05:05:16|INFO   |MarketDataSync|Aggregation Results Summary: Success=16, Skipped=0, Errors=0
2025-04-26 05:05:16|INFO   |MarketDataSync|DB connection closed.
2025-04-26 05:05:16|INFO   |MarketDataSync|[32m--- Market Data Sync Cycle Finished in 1.70 seconds ---[0m
2025-04-26 05:05:16|INFO   |MarketDataSync|Improvement Suggestion 1: Implement more specific error handling for common API issues (e.g., rate limits, maintenance status codes).
2025-04-26 05:05:16|INFO   |MarketDataSync|Improvement Suggestion 2: Consider adding data quality checks (e.g., price outliers, missing symbols) after fetching or before aggregation.
