[32m窶｢[0m 11:25:38|[32mINFO   [0m| [32mLogging setup complete. Target Console Level: INFO, File Level: DEBUG[0m
[32m窶｢[0m 11:25:38|[32mINFO   [0m| [32mCurrent log file: logs/market_data_20250428_112538.log[0m
[32m窶｢[0m 11:25:38|[32mINFO   [0m| [32m[32m--- Starting Market Data Sync Cycle ---[0m[0m
[32m窶｢[0m 11:25:38|[32mINFO   [0m| [32mDB connection successful.[0m
[32m窶｢[0m 11:25:38|[32mINFO   [0m| [32m--- Checking API Fetch Tasks ---[0m
[32m窶｢[0m 11:25:38|[32mINFO   [0m| [32mScheduling fetch for: 'gold_currency'[0m
[32m窶｢[0m 11:25:38|[32mINFO   [0m| [32mScheduling fetch for: 'crypto'[0m
[32m窶｢[0m 11:25:38|[32mINFO   [0m| [32mScheduling fetch for: 'commodity'[0m
[32m窶｢[0m 11:25:38|[32mINFO   [0m| [32mAttempting to fetch data for 3 endpoints...[0m
[32m窶｢[0m 11:25:40|[32mINFO   [0m| [32mSuccess: Fetched 'commodity'.[0m
[32m窶｢[0m 11:25:40|[32mINFO   [0m| [32mSuccess: Fetched 'gold_currency'.[0m
[32m窶｢[0m 11:25:41|[32mINFO   [0m| [32mSuccess: Fetched 'crypto'.[0m
[32m窶｢[0m 11:25:41|[32mINFO   [0m| [32m--- Processing Fetch Results ---[0m
[32m窶｢[0m 11:25:41|[32mINFO   [0m| [32mFetch Results Summary: Processed=3, DB Inserts=3, Errors=0[0m
[32m窶｢[0m 11:25:41|[32mINFO   [0m| [32m--- Checking Aggregation Tasks ---[0m
[32m窶｢[0m 11:25:41|[32mINFO   [0m| [32mAggregation Results Summary: Success=0, Skipped=16, Errors=0[0m
[32m窶｢[0m 11:25:41|[32mINFO   [0m| [32mDB connection closed.[0m
[32m窶｢[0m 11:25:41|[32mINFO   [0m| [32m[32m--- Market Data Sync Cycle Finished in 2.51 seconds ---[0m[0m
[32m窶｢[0m 11:25:41|[32mINFO   [0m| [32mImprovement Suggestion 1: Implement more specific error handling for common API issues (e.g., rate limits, maintenance status codes).[0m
[32m窶｢[0m 11:25:41|[32mINFO   [0m| [32mImprovement Suggestion 2: Consider adding data quality checks (e.g., price outliers, missing symbols) after fetching or before aggregation.[0m
[34m窶｢[0m No .env file found at: /home/runner/work/riyales-api/riyales-api/src/../.env. Relying on system environment variables.
g fetch task: 'tse_ifb_symbols'
2025-04-28 11:25:38|DEBUG  |MarketDataSync|Market Check: LocalTime=14:55:38 +0330, Weekday=0, CurrentTime=14:55:38.993964, MarketHours=08:45:00-12:45:00, MarketDays=[5, 6, 0, 1, 2]
2025-04-28 11:25:38|DEBUG  |MarketDataSync|Market Status: CLOSED (Within Market Hours Check)
2025-04-28 11:25:38|DEBUG  |MarketDataSync| -> Skip 'tse_ifb_symbols': Market is closed.
2025-04-28 11:25:38|DEBUG  |MarketDataSync|Checking fetch task: 'tse_options'
2025-04-28 11:25:38|DEBUG  |MarketDataSync| -> Skip 'tse_options': Disabled in config.
2025-04-28 11:25:38|DEBUG  |MarketDataSync|Checking fetch task: 'tse_nav'
2025-04-28 11:25:38|DEBUG  |MarketDataSync| -> Skip 'tse_nav': Disabled in config.
2025-04-28 11:25:38|DEBUG  |MarketDataSync|Checking fetch task: 'tse_index'
2025-04-28 11:25:38|DEBUG  |MarketDataSync| -> Skip 'tse_index': Disabled in config.
2025-04-28 11:25:38|DEBUG  |MarketDataSync|Checking fetch task: 'ifb_index'
2025-04-28 11:25:38|DEBUG  |MarketDataSync| -> Skip 'ifb_index': Disabled in config.
2025-04-28 11:25:38|DEBUG  |MarketDataSync|Checking fetch task: 'selected_indices'
2025-04-28 11:25:38|DEBUG  |MarketDataSync| -> Skip 'selected_indices': Disabled in config.
2025-04-28 11:25:38|DEBUG  |MarketDataSync|Checking fetch task: 'debt_securities'
2025-04-28 11:25:38|DEBUG  |MarketDataSync|Market Check: LocalTime=14:55:38 +0330, Weekday=0, CurrentTime=14:55:38.994329, MarketHours=08:45:00-12:45:00, MarketDays=[5, 6, 0, 1, 2]
2025-04-28 11:25:38|DEBUG  |MarketDataSync|Market Status: CLOSED (Within Market Hours Check)
2025-04-28 11:25:38|DEBUG  |MarketDataSync| -> Skip 'debt_securities': Market is closed.
2025-04-28 11:25:38|DEBUG  |MarketDataSync|Checking fetch task: 'housing_facilities'
2025-04-28 11:25:38|DEBUG  |MarketDataSync|Market Check: LocalTime=14:55:38 +0330, Weekday=0, CurrentTime=14:55:38.994427, MarketHours=08:45:00-12:45:00, MarketDays=[5, 6, 0, 1, 2]
2025-04-28 11:25:38|DEBUG  |MarketDataSync|Market Status: CLOSED (Within Market Hours Check)
2025-04-28 11:25:38|DEBUG  |MarketDataSync| -> Skip 'housing_facilities': Market is closed.
2025-04-28 11:25:38|DEBUG  |MarketDataSync|Checking fetch task: 'futures'
2025-04-28 11:25:38|DEBUG  |MarketDataSync|Market Check: LocalTime=14:55:38 +0330, Weekday=0, CurrentTime=14:55:38.994527, MarketHours=08:45:00-12:45:00, MarketDays=[5, 6, 0, 1, 2]
2025-04-28 11:25:38|DEBUG  |MarketDataSync|Market Status: CLOSED (Within Market Hours Check)
2025-04-28 11:25:38|DEBUG  |MarketDataSync| -> Skip 'futures': Market is closed.
2025-04-28 11:25:38|INFO   |MarketDataSync|Attempting to fetch data for 3 endpoints...
2025-04-28 11:25:38|DEBUG  |MarketDataSync|Requesting: gold_currency (https://brsapi.ir/Api/Market/Gold_Currency.php?key=********)
2025-04-28 11:25:38|DEBUG  |MarketDataSync|Requesting: crypto (https://brsapi.ir/Api/Market/Cryptocurrency.php?key=********)
2025-04-28 11:25:38|DEBUG  |MarketDataSync|Requesting: commodity (https://brsapi.ir/Api/Market/Commodity.php?key=********)
2025-04-28 11:25:40|DEBUG  |MarketDataSync|Response: crypto Status=200 in 1.58s
2025-04-28 11:25:40|DEBUG  |MarketDataSync|Response: commodity Status=200 in 1.61s
2025-04-28 11:25:40|INFO   |MarketDataSync|Success: Fetched 'commodity'.
2025-04-28 11:25:40|DEBUG  |MarketDataSync|Response: gold_currency Status=200 in 1.61s
2025-04-28 11:25:40|INFO   |MarketDataSync|Success: Fetched 'gold_currency'.
2025-04-28 11:25:41|INFO   |MarketDataSync|Success: Fetched 'crypto'.
2025-04-28 11:25:41|INFO   |MarketDataSync|--- Processing Fetch Results ---
2025-04-28 11:25:41|DEBUG  |MarketDataSync|Ensured table 'gold_currency_raw' exists or was created.
2025-04-28 11:25:41|DEBUG  |MarketDataSync|Inserted raw data into 'gold_currency_raw' for 2025-04-28T11:25:41.358238+00:00.
2025-04-28 11:25:41|DEBUG  |MarketDataSync|Saved latest raw JSON: gold_currency.json
2025-04-28 11:25:41|DEBUG  |MarketDataSync|Updated last run time for 'fetch_gold_currency' to 2025-04-28T11:25:38.990501+00:00
2025-04-28 11:25:41|DEBUG  |MarketDataSync|Ensured table 'crypto_raw' exists or was created.
2025-04-28 11:25:41|DEBUG  |MarketDataSync|Inserted raw data into 'crypto_raw' for 2025-04-28T11:25:41.358238+00:00.
2025-04-28 11:25:41|DEBUG  |MarketDataSync|Saved latest raw JSON: cryptocurrency.json
2025-04-28 11:25:41|DEBUG  |MarketDataSync|Updated last run time for 'fetch_crypto' to 2025-04-28T11:25:38.990501+00:00
2025-04-28 11:25:41|DEBUG  |MarketDataSync|Ensured table 'commodity_raw' exists or was created.
2025-04-28 11:25:41|DEBUG  |MarketDataSync|Inserted raw data into 'commodity_raw' for 2025-04-28T11:25:41.358238+00:00.
2025-04-28 11:25:41|DEBUG  |MarketDataSync|Saved latest raw JSON: commodity.json
2025-04-28 11:25:41|DEBUG  |MarketDataSync|Updated last run time for 'fetch_commodity' to 2025-04-28T11:25:38.990501+00:00
2025-04-28 11:25:41|INFO   |MarketDataSync|Fetch Results Summary: Processed=3, DB Inserts=3, Errors=0
2025-04-28 11:25:41|INFO   |MarketDataSync|--- Checking Aggregation Tasks ---
2025-04-28 11:25:41|DEBUG  |MarketDataSync|Checking aggregations for 'gold_currency': Levels=['6h', '12h', 'daily', '3d', 'weekly']
2025-04-28 11:25:41|DEBUG  |MarketDataSync|Task 'aggregate_6h_gold_currency': LastRunUTC=2025-04-28T05:55:36.296831+00:00, TimeSince=5:30:02.693670, Interval=6:00:00, IsDue=False
2025-04-28 11:25:41|DEBUG  |MarketDataSync|Task 'aggregate_12h_gold_currency': LastRunUTC=2025-04-27T23:53:52.143594+00:00, TimeSince=11:31:46.846907, Interval=12:00:00, IsDue=False
2025-04-28 11:25:41|DEBUG  |MarketDataSync|Skip Daily 'aggregate_daily_gold_currency': Already processed up to or including yesterday (2025-04-28).
2025-04-28 11:25:41|DEBUG  |MarketDataSync|Task 'aggregate_3d_gold_currency': LastRunUTC=2025-04-27T23:53:52.154884+00:00, TimeSince=11:31:46.835617, Interval=3 days, 0:00:00, IsDue=False
2025-04-28 11:25:41|DEBUG  |MarketDataSync|Task 'aggregate_weekly_gold_currency': LastRunUTC=2025-04-27T23:53:52.160884+00:00, TimeSince=11:31:46.829617, Interval=7 days, 0:00:00, IsDue=False
2025-04-28 11:25:41|DEBUG  |MarketDataSync|Checking aggregations for 'crypto': Levels=['6h', '12h', 'daily', '3d', 'weekly']
2025-04-28 11:25:41|DEBUG  |MarketDataSync|Task 'aggregate_6h_crypto': LastRunUTC=2025-04-28T05:55:36.406756+00:00, TimeSince=5:30:02.583745, Interval=6:00:00, IsDue=False
2025-04-28 11:25:41|DEBUG  |MarketDataSync|Task 'aggregate_12h_crypto': LastRunUTC=2025-04-27T23:53:52.172746+00:00, TimeSince=11:31:46.817755, Interval=12:00:00, IsDue=False
2025-04-28 11:25:41|DEBUG  |MarketDataSync|Skip Daily 'aggregate_daily_crypto': Already processed up to or including yesterday (2025-04-28).
2025-04-28 11:25:41|DEBUG  |MarketDataSync|Task 'aggregate_3d_crypto': LastRunUTC=2025-04-27T23:53:52.184634+00:00, TimeSince=11:31:46.805867, Interval=3 days, 0:00:00, IsDue=False
2025-04-28 11:25:41|DEBUG  |MarketDataSync|Task 'aggregate_weekly_crypto': LastRunUTC=2025-04-27T23:53:52.190994+00:00, TimeSince=11:31:46.799507, Interval=7 days, 0:00:00, IsDue=False
2025-04-28 11:25:41|DEBUG  |MarketDataSync|Checking aggregations for 'commodity': Levels=['6h', '12h', 'daily', '3d', 'weekly']
2025-04-28 11:25:41|DEBUG  |MarketDataSync|Task 'aggregate_6h_commodity': LastRunUTC=2025-04-28T05:55:36.432160+00:00, TimeSince=5:30:02.558341, Interval=6:00:00, IsDue=False
2025-04-28 11:25:41|DEBUG  |MarketDataSync|Task 'aggregate_12h_commodity': LastRunUTC=2025-04-27T23:53:52.207218+00:00, TimeSince=11:31:46.783283, Interval=12:00:00, IsDue=False
2025-04-28 11:25:41|DEBUG  |MarketDataSync|Skip Daily 'aggregate_daily_commodity': Already processed up to or including yesterday (2025-04-28).
2025-04-28 11:25:41|DEBUG  |MarketDataSync|Task 'aggregate_3d_commodity': LastRunUTC=2025-04-27T23:53:52.219063+00:00, TimeSince=11:31:46.771438, Interval=3 days, 0:00:00, IsDue=False
2025-04-28 11:25:41|DEBUG  |MarketDataSync|Task 'aggregate_weekly_commodity': LastRunUTC=2025-04-27T23:53:52.225242+00:00, TimeSince=11:31:46.765259, Interval=7 days, 0:00:00, IsDue=False
2025-04-28 11:25:41|DEBUG  |MarketDataSync|Checking aggregations for 'tse_ifb_symbols': Levels=['daily']
2025-04-28 11:25:41|DEBUG  |MarketDataSync|Skip Daily 'aggregate_daily_tse_ifb_symbols': Already processed up to or including yesterday (2025-04-28).
2025-04-28 11:25:41|INFO   |MarketDataSync|Aggregation Results Summary: Success=0, Skipped=16, Errors=0
2025-04-28 11:25:41|INFO   |MarketDataSync|DB connection closed.
2025-04-28 11:25:41|INFO   |MarketDataSync|[32m--- Market Data Sync Cycle Finished in 2.51 seconds ---[0m
2025-04-28 11:25:41|INFO   |MarketDataSync|Improvement Suggestion 1: Implement more specific error handling for common API issues (e.g., rate limits, maintenance status codes).
2025-04-28 11:25:41|INFO   |MarketDataSync|Improvement Suggestion 2: Consider adding data quality checks (e.g., price outliers, missing symbols) after fetching or before aggregation.
