2025-04-26 08:59:16|DEBUG  |MarketDataSync|Checking for logs older than 12 hours (2025-04-25T20:59:16.311176) in 'logs'...
2025-04-26 08:59:16|INFO   |MarketDataSync|Cleaned old log file: market_data_20250425_205141.log
2025-04-26 08:59:16|DEBUG  |MarketDataSync|Log cleanup finished. Removed 1 old files.
2025-04-26 08:59:16|INFO   |MarketDataSync|Logging setup complete. Target Console Level: INFO, File Level: DEBUG
2025-04-26 08:59:16|INFO   |MarketDataSync|Current log file: logs/market_data_20250426_085916.log
2025-04-26 08:59:16|DEBUG  |MarketDataSync|To change console log level, set the 'LOG_LEVEL' environment variable (e.g., 'DEBUG', 'INFO', 'WARNING').
2025-04-26 08:59:16|INFO   |MarketDataSync|[32m--- Starting Market Data Sync Cycle ---[0m
2025-04-26 08:59:16|DEBUG  |MarketDataSync|Attempting to connect to DB: data/market_data.duckdb
2025-04-26 08:59:16|INFO   |MarketDataSync|DB connection successful.
2025-04-26 08:59:16|DEBUG  |MarketDataSync|Ensured aggregation_tracker table exists.
2025-04-26 08:59:16|DEBUG  |MarketDataSync|Cycle time: UTC=2025-04-26T08:59:16.329532+00:00, Local=2025-04-26T12:29:16.329532+03:30
2025-04-26 08:59:16|INFO   |MarketDataSync|--- Checking API Fetch Tasks ---
2025-04-26 08:59:16|DEBUG  |MarketDataSync|Checking fetch task: 'gold_currency'
2025-04-26 08:59:16|DEBUG  |MarketDataSync|Task 'fetch_gold_currency': LastRunUTC=2025-04-26T08:50:30.167080+00:00, TimeSince=0:08:46.162452, Interval=0:10:00, IsDue=False
2025-04-26 08:59:16|DEBUG  |MarketDataSync| -> Skip 'gold_currency': Interval not met.
2025-04-26 08:59:16|DEBUG  |MarketDataSync|Checking fetch task: 'crypto'
2025-04-26 08:59:16|DEBUG  |MarketDataSync|Task 'fetch_crypto': LastRunUTC=2025-04-26T08:50:30.167080+00:00, TimeSince=0:08:46.162452, Interval=0:10:00, IsDue=False
2025-04-26 08:59:16|DEBUG  |MarketDataSync| -> Skip 'crypto': Interval not met.
2025-04-26 08:59:16|DEBUG  |MarketDataSync|Checking fetch task: 'commodity'
2025-04-26 08:59:16|DEBUG  |MarketDataSync|Task 'fetch_commodity': LastRunUTC=2025-04-26T08:50:30.167080+00:00, TimeSince=0:08:46.162452, Interval=0:10:00, IsDue=False
2025-04-26 08:59:16|DEBUG  |MarketDataSync| -> Skip 'commodity': Interval not met.
2025-04-26 08:59:16|DEBUG  |MarketDataSync|Checking fetch task: 'tse_ifb_symbols'
2025-04-26 08:59:16|DEBUG  |MarketDataSync|Market Check: LocalTime=12:29:16 +0330, Weekday=5, CurrentTime=12:29:16.332669, MarketHours=08:45:00-12:45:00, MarketDays=[5, 6, 0, 1, 2]
2025-04-26 08:59:16|DEBUG  |MarketDataSync|Market Status: OPEN (Within Market Hours Check)
2025-04-26 08:59:16|DEBUG  |MarketDataSync|Task 'fetch_tse_ifb_symbols': LastRunUTC=2025-04-26T08:50:30.167080+00:00, TimeSince=0:08:46.162452, Interval=0:20:00, IsDue=False
2025-04-26 08:59:16|DEBUG  |MarketDataSync| -> Skip 'tse_ifb_symbols': Interval not met.
2025-04-26 08:59:16|DEBUG  |MarketDataSync|Checking fetch task: 'tse_options'
2025-04-26 08:59:16|DEBUG  |MarketDataSync| -> Skip 'tse_options': Disabled in config.
2025-04-26 08:59:16|DEBUG  |MarketDataSync|Checking fetch task: 'tse_nav'
2025-04-26 08:59:16|DEBUG  |MarketDataSync| -> Skip 'tse_nav': Disabled in config.
2025-04-26 08:59:16|DEBUG  |MarketDataSync|Checking fetch task: 'tse_index'
2025-04-26 08:59:16|DEBUG  |MarketDataSync| -> Skip 'tse_index': Disabled in config.
2025-04-26 08:59:16|DEBUG  |MarketDataSync|Checking fetch task: 'ifb_index'
2025-04-26 08:59:16|DEBUG  |MarketDataSync| -> Skip 'ifb_index': Disabled in config.
2025-04-26 08:59:16|DEBUG  |MarketDataSync|Checking fetch task: 'selected_indices'
2025-04-26 08:59:16|DEBUG  |MarketDataSync| -> Skip 'selected_indices': Disabled in config.
2025-04-26 08:59:16|DEBUG  |MarketDataSync|Checking fetch task: 'debt_securities'
2025-04-26 08:59:16|DEBUG  |MarketDataSync|Market Check: LocalTime=12:29:16 +0330, Weekday=5, CurrentTime=12:29:16.333490, MarketHours=08:45:00-12:45:00, MarketDays=[5, 6, 0, 1, 2]
2025-04-26 08:59:16|DEBUG  |MarketDataSync|Market Status: OPEN (Within Market Hours Check)
2025-04-26 08:59:16|DEBUG  |MarketDataSync|Task 'fetch_debt_securities': LastRunUTC=2025-04-26T08:50:30.167080+00:00, TimeSince=0:08:46.162452, Interval=0:20:00, IsDue=False
2025-04-26 08:59:16|DEBUG  |MarketDataSync| -> Skip 'debt_securities': Interval not met.
2025-04-26 08:59:16|DEBUG  |MarketDataSync|Checking fetch task: 'housing_facilities'
2025-04-26 08:59:16|DEBUG  |MarketDataSync|Market Check: LocalTime=12:29:16 +0330, Weekday=5, CurrentTime=12:29:16.334129, MarketHours=08:45:00-12:45:00, MarketDays=[5, 6, 0, 1, 2]
2025-04-26 08:59:16|DEBUG  |MarketDataSync|Market Status: OPEN (Within Market Hours Check)
2025-04-26 08:59:16|DEBUG  |MarketDataSync|Task 'fetch_housing_facilities': LastRunUTC=2025-04-26T08:50:30.167080+00:00, TimeSince=0:08:46.162452, Interval=0:20:00, IsDue=False
2025-04-26 08:59:16|DEBUG  |MarketDataSync| -> Skip 'housing_facilities': Interval not met.
2025-04-26 08:59:16|DEBUG  |MarketDataSync|Checking fetch task: 'futures'
2025-04-26 08:59:16|DEBUG  |MarketDataSync|Market Check: LocalTime=12:29:16 +0330, Weekday=5, CurrentTime=12:29:16.334729, MarketHours=08:45:00-12:45:00, MarketDays=[5, 6, 0, 1, 2]
2025-04-26 08:59:16|DEBUG  |MarketDataSync|Market Status: OPEN (Within Market Hours Check)
2025-04-26 08:59:16|DEBUG  |MarketDataSync|Task 'fetch_futures': LastRunUTC=2025-04-26T08:50:30.167080+00:00, TimeSince=0:08:46.162452, Interval=0:20:00, IsDue=False
2025-04-26 08:59:16|DEBUG  |MarketDataSync| -> Skip 'futures': Interval not met.
2025-04-26 08:59:16|INFO   |MarketDataSync|No API endpoints scheduled for fetching in this cycle.
2025-04-26 08:59:16|INFO   |MarketDataSync|--- Checking Aggregation Tasks ---
2025-04-26 08:59:16|DEBUG  |MarketDataSync|Checking aggregations for 'gold_currency': Levels=['6h', '12h', 'daily', '3d', 'weekly']
2025-04-26 08:59:16|DEBUG  |MarketDataSync|Task 'aggregate_6h_gold_currency': LastRunUTC=2025-04-26T05:05:16.568778+00:00, TimeSince=3:53:59.760754, Interval=6:00:00, IsDue=False
2025-04-26 08:59:16|DEBUG  |MarketDataSync|Task 'aggregate_12h_gold_currency': LastRunUTC=2025-04-26T05:05:16.573692+00:00, TimeSince=3:53:59.755840, Interval=12:00:00, IsDue=False
2025-04-26 08:59:16|DEBUG  |MarketDataSync|Skip Daily 'aggregate_daily_gold_currency': Already processed up to or including yesterday (2025-04-26).
2025-04-26 08:59:16|DEBUG  |MarketDataSync|Task 'aggregate_3d_gold_currency': LastRunUTC=2025-04-26T05:05:16.584527+00:00, TimeSince=3:53:59.745005, Interval=3 days, 0:00:00, IsDue=False
2025-04-26 08:59:16|DEBUG  |MarketDataSync|Task 'aggregate_weekly_gold_currency': LastRunUTC=2025-04-26T05:05:16.589416+00:00, TimeSince=3:53:59.740116, Interval=7 days, 0:00:00, IsDue=False
2025-04-26 08:59:16|DEBUG  |MarketDataSync|Checking aggregations for 'crypto': Levels=['6h', '12h', 'daily', '3d', 'weekly']
2025-04-26 08:59:16|DEBUG  |MarketDataSync|Task 'aggregate_6h_crypto': LastRunUTC=2025-04-26T05:05:16.594193+00:00, TimeSince=3:53:59.735339, Interval=6:00:00, IsDue=False
2025-04-26 08:59:16|DEBUG  |MarketDataSync|Task 'aggregate_12h_crypto': LastRunUTC=2025-04-26T05:05:16.599316+00:00, TimeSince=3:53:59.730216, Interval=12:00:00, IsDue=False
2025-04-26 08:59:16|DEBUG  |MarketDataSync|Skip Daily 'aggregate_daily_crypto': Already processed up to or including yesterday (2025-04-26).
2025-04-26 08:59:16|DEBUG  |MarketDataSync|Task 'aggregate_3d_crypto': LastRunUTC=2025-04-26T05:05:16.609675+00:00, TimeSince=3:53:59.719857, Interval=3 days, 0:00:00, IsDue=False
2025-04-26 08:59:16|DEBUG  |MarketDataSync|Task 'aggregate_weekly_crypto': LastRunUTC=2025-04-26T05:05:16.615389+00:00, TimeSince=3:53:59.714143, Interval=7 days, 0:00:00, IsDue=False
2025-04-26 08:59:16|DEBUG  |MarketDataSync|Checking aggregations for 'commodity': Levels=['6h', '12h', 'daily', '3d', 'weekly']
2025-04-26 08:59:16|DEBUG  |MarketDataSync|Task 'aggregate_6h_commodity': LastRunUTC=2025-04-26T05:05:16.620180+00:00, TimeSince=3:53:59.709352, Interval=6:00:00, IsDue=False
2025-04-26 08:59:16|DEBUG  |MarketDataSync|Task 'aggregate_12h_commodity': LastRunUTC=2025-04-26T05:05:16.625099+00:00, TimeSince=3:53:59.704433, Interval=12:00:00, IsDue=False
2025-04-26 08:59:16|DEBUG  |MarketDataSync|Skip Daily 'aggregate_daily_commodity': Already processed up to or including yesterday (2025-04-26).
2025-04-26 08:59:16|DEBUG  |MarketDataSync|Task 'aggregate_3d_commodity': LastRunUTC=2025-04-26T05:05:16.635096+00:00, TimeSince=3:53:59.694436, Interval=3 days, 0:00:00, IsDue=False
2025-04-26 08:59:16|DEBUG  |MarketDataSync|Task 'aggregate_weekly_commodity': LastRunUTC=2025-04-26T05:05:16.640100+00:00, TimeSince=3:53:59.689432, Interval=7 days, 0:00:00, IsDue=False
2025-04-26 08:59:16|DEBUG  |MarketDataSync|Checking aggregations for 'tse_ifb_symbols': Levels=['daily']
2025-04-26 08:59:16|DEBUG  |MarketDataSync|Skip Daily 'aggregate_daily_tse_ifb_symbols': Already processed up to or including yesterday (2025-04-26).
2025-04-26 08:59:16|INFO   |MarketDataSync|Aggregation Results Summary: Success=0, Skipped=16, Errors=0
2025-04-26 08:59:16|INFO   |MarketDataSync|DB connection closed.
2025-04-26 08:59:16|INFO   |MarketDataSync|[32m--- Market Data Sync Cycle Finished in 0.03 seconds ---[0m
2025-04-26 08:59:16|INFO   |MarketDataSync|Improvement Suggestion 1: Implement more specific error handling for common API issues (e.g., rate limits, maintenance status codes).
2025-04-26 08:59:16|INFO   |MarketDataSync|Improvement Suggestion 2: Consider adding data quality checks (e.g., price outliers, missing symbols) after fetching or before aggregation.
