[32m•[0m 12:40:58|[32mINFO   [0m| [32mLogging setup complete. Target Console Level: INFO, File Level: DEBUG[0m
[32m•[0m 12:40:58|[32mINFO   [0m| [32mCurrent log file: logs/market_data_20250425_124058.log[0m
[32m•[0m 12:40:58|[32mINFO   [0m| [32m[32m--- Starting Market Data Sync Cycle ---[0m[0m
[32m•[0m 12:40:58|[32mINFO   [0m| [32mDB connection successful.[0m
[32m•[0m 12:40:58|[32mINFO   [0m| [32m--- Checking API Fetch Tasks ---[0m
[32m•[0m 12:40:58|[32mINFO   [0m| [32mScheduling fetch for: 'gold_currency'[0m
[32m•[0m 12:40:58|[32mINFO   [0m| [32mScheduling fetch for: 'crypto'[0m
[32m•[0m 12:40:58|[32mINFO   [0m| [32mScheduling fetch for: 'commodity'[0m
[32m•[0m 12:40:58|[32mINFO   [0m| [32mAttempting to fetch data for 3 endpoints...[0m
[32m•[0m 12:40:59|[32mINFO   [0m| [32mSuccess: Fetched 'commodity'.[0m
[32m•[0m 12:41:00|[32mINFO   [0m| [32mSuccess: Fetched 'gold_currency'.[0m
[32m•[0m 12:41:00|[32mINFO   [0m| [32mSuccess: Fetched 'crypto'.[0m
[32m•[0m 12:41:00|[32mINFO   [0m| [32m--- Processing Fetch Results ---[0m
[32m•[0m 12:41:00|[32mINFO   [0m| [32mFetch Results Summary: Processed=3, DB Inserts=3, Errors=0[0m
[32m•[0m 12:41:00|[32mINFO   [0m| [32m--- Checking Aggregation Tasks ---[0m
[32m•[0m 12:41:00|[32mINFO   [0m| [32mDaily task 'aggregate_daily_tse_ifb_symbols' due: Never run before.[0m
[32m•[0m 12:41:00|[32mINFO   [0m| [32mRunning Aggregation: 'aggregate_daily_tse_ifb_symbols' target=2025-04-24 period=[2025-04-23T20:30:00+00:00 to 2025-04-24T20:30:00+00:00)[0m
[32m•[0m 12:41:00|[32mINFO   [0m| [32mStarting aggregation for 'tse_ifb_symbols_daily' (Period: 2025-04-23T20:30:00+00:00 to 2025-04-24T20:30:00+00:00)[0m
[33m•[0m 12:41:00|[33mWARNING[0m| [33mSkip Aggregation for tse_ifb_symbols_daily: Raw table 'tse_ifb_symbols_raw' does not exist.[0m
[32m•[0m 12:41:00|[32mINFO   [0m| [32mAggregation Results Summary: Success=1, Skipped=15, Errors=0[0m
[32m•[0m 12:41:00|[32mINFO   [0m| [32mDB connection closed.[0m
[32m•[0m 12:41:00|[32mINFO   [0m| [32m[32m--- Market Data Sync Cycle Finished in 2.14 seconds ---[0m[0m
[32m•[0m 12:41:00|[32mINFO   [0m| [32mImprovement Suggestion 1: Implement more specific error handling for common API issues (e.g., rate limits, maintenance status codes).[0m
[32m•[0m 12:41:00|[32mINFO   [0m| [32mImprovement Suggestion 2: Consider adding data quality checks (e.g., price outliers, missing symbols) after fetching or before aggregation.[0m
[34m•[0m No .env file found at: /home/runner/work/riyales-api/riyales-api/src/../.env. Relying on system environment variables.
etch task: 'tse_nav'
2025-04-25 12:40:58|DEBUG  |MarketDataSync| -> Skip 'tse_nav': Disabled in config.
2025-04-25 12:40:58|DEBUG  |MarketDataSync|Checking fetch task: 'tse_index'
2025-04-25 12:40:58|DEBUG  |MarketDataSync| -> Skip 'tse_index': Disabled in config.
2025-04-25 12:40:58|DEBUG  |MarketDataSync|Checking fetch task: 'ifb_index'
2025-04-25 12:40:58|DEBUG  |MarketDataSync| -> Skip 'ifb_index': Disabled in config.
2025-04-25 12:40:58|DEBUG  |MarketDataSync|Checking fetch task: 'selected_indices'
2025-04-25 12:40:58|DEBUG  |MarketDataSync| -> Skip 'selected_indices': Disabled in config.
2025-04-25 12:40:58|DEBUG  |MarketDataSync|Checking fetch task: 'debt_securities'
2025-04-25 12:40:58|DEBUG  |MarketDataSync|Market Check: LocalTime=16:10:58 +0330, Weekday=4, CurrentTime=16:10:58.686091, MarketHours=08:45:00-12:45:00, MarketDays=[5, 6, 0, 1, 2]
2025-04-25 12:40:58|DEBUG  |MarketDataSync|Market Status: CLOSED (Outside Market Days)
2025-04-25 12:40:58|DEBUG  |MarketDataSync| -> Skip 'debt_securities': Market is closed.
2025-04-25 12:40:58|DEBUG  |MarketDataSync|Checking fetch task: 'housing_facilities'
2025-04-25 12:40:58|DEBUG  |MarketDataSync|Market Check: LocalTime=16:10:58 +0330, Weekday=4, CurrentTime=16:10:58.686186, MarketHours=08:45:00-12:45:00, MarketDays=[5, 6, 0, 1, 2]
2025-04-25 12:40:58|DEBUG  |MarketDataSync|Market Status: CLOSED (Outside Market Days)
2025-04-25 12:40:58|DEBUG  |MarketDataSync| -> Skip 'housing_facilities': Market is closed.
2025-04-25 12:40:58|DEBUG  |MarketDataSync|Checking fetch task: 'futures'
2025-04-25 12:40:58|DEBUG  |MarketDataSync|Market Check: LocalTime=16:10:58 +0330, Weekday=4, CurrentTime=16:10:58.686283, MarketHours=08:45:00-12:45:00, MarketDays=[5, 6, 0, 1, 2]
2025-04-25 12:40:58|DEBUG  |MarketDataSync|Market Status: CLOSED (Outside Market Days)
2025-04-25 12:40:58|DEBUG  |MarketDataSync| -> Skip 'futures': Market is closed.
2025-04-25 12:40:58|INFO   |MarketDataSync|Attempting to fetch data for 3 endpoints...
2025-04-25 12:40:58|DEBUG  |MarketDataSync|Requesting: gold_currency (https://brsapi.ir/Api/Market/Gold_Currency.php?key=********)
2025-04-25 12:40:58|DEBUG  |MarketDataSync|Requesting: crypto (https://brsapi.ir/Api/Market/Cryptocurrency.php?key=********)
2025-04-25 12:40:58|DEBUG  |MarketDataSync|Requesting: commodity (https://brsapi.ir/Api/Market/Commodity.php?key=********)
2025-04-25 12:40:59|DEBUG  |MarketDataSync|Response: commodity Status=200 in 1.29s
2025-04-25 12:40:59|INFO   |MarketDataSync|Success: Fetched 'commodity'.
2025-04-25 12:41:00|DEBUG  |MarketDataSync|Response: gold_currency Status=200 in 1.33s
2025-04-25 12:41:00|DEBUG  |MarketDataSync|Response: crypto Status=200 in 1.35s
2025-04-25 12:41:00|INFO   |MarketDataSync|Success: Fetched 'gold_currency'.
2025-04-25 12:41:00|INFO   |MarketDataSync|Success: Fetched 'crypto'.
2025-04-25 12:41:00|INFO   |MarketDataSync|--- Processing Fetch Results ---
2025-04-25 12:41:00|DEBUG  |MarketDataSync|Ensured table 'gold_currency_raw' exists or was created.
2025-04-25 12:41:00|DEBUG  |MarketDataSync|Inserted raw data into 'gold_currency_raw' for 2025-04-25T12:41:00.637541+00:00.
2025-04-25 12:41:00|DEBUG  |MarketDataSync|Saved latest raw JSON: gold_currency.json
2025-04-25 12:41:00|DEBUG  |MarketDataSync|Updated last run time for 'fetch_gold_currency' to 2025-04-25T12:40:58.682305+00:00
2025-04-25 12:41:00|DEBUG  |MarketDataSync|Ensured table 'crypto_raw' exists or was created.
2025-04-25 12:41:00|DEBUG  |MarketDataSync|Inserted raw data into 'crypto_raw' for 2025-04-25T12:41:00.637541+00:00.
2025-04-25 12:41:00|DEBUG  |MarketDataSync|Saved latest raw JSON: cryptocurrency.json
2025-04-25 12:41:00|DEBUG  |MarketDataSync|Updated last run time for 'fetch_crypto' to 2025-04-25T12:40:58.682305+00:00
2025-04-25 12:41:00|DEBUG  |MarketDataSync|Ensured table 'commodity_raw' exists or was created.
2025-04-25 12:41:00|DEBUG  |MarketDataSync|Inserted raw data into 'commodity_raw' for 2025-04-25T12:41:00.637541+00:00.
2025-04-25 12:41:00|DEBUG  |MarketDataSync|Saved latest raw JSON: commodity.json
2025-04-25 12:41:00|DEBUG  |MarketDataSync|Updated last run time for 'fetch_commodity' to 2025-04-25T12:40:58.682305+00:00
2025-04-25 12:41:00|INFO   |MarketDataSync|Fetch Results Summary: Processed=3, DB Inserts=3, Errors=0
2025-04-25 12:41:00|INFO   |MarketDataSync|--- Checking Aggregation Tasks ---
2025-04-25 12:41:00|DEBUG  |MarketDataSync|Checking aggregations for 'gold_currency': Levels=['6h', '12h', 'daily', '3d', 'weekly']
2025-04-25 12:41:00|DEBUG  |MarketDataSync|Task 'aggregate_6h_gold_currency': LastRunUTC=2025-04-25T10:17:00.553198+00:00, TimeSince=2:23:58.129107, Interval=6:00:00, IsDue=False
2025-04-25 12:41:00|DEBUG  |MarketDataSync|Task 'aggregate_12h_gold_currency': LastRunUTC=2025-04-25T10:17:00.654231+00:00, TimeSince=2:23:58.028074, Interval=12:00:00, IsDue=False
2025-04-25 12:41:00|DEBUG  |MarketDataSync|Skip Daily 'aggregate_daily_gold_currency': Already processed up to or including yesterday (2025-04-25).
2025-04-25 12:41:00|DEBUG  |MarketDataSync|Task 'aggregate_3d_gold_currency': LastRunUTC=2025-04-25T10:17:00.758358+00:00, TimeSince=2:23:57.923947, Interval=3 days, 0:00:00, IsDue=False
2025-04-25 12:41:00|DEBUG  |MarketDataSync|Task 'aggregate_weekly_gold_currency': LastRunUTC=2025-04-25T10:17:00.859913+00:00, TimeSince=2:23:57.822392, Interval=7 days, 0:00:00, IsDue=False
2025-04-25 12:41:00|DEBUG  |MarketDataSync|Checking aggregations for 'crypto': Levels=['6h', '12h', 'daily', '3d', 'weekly']
2025-04-25 12:41:00|DEBUG  |MarketDataSync|Task 'aggregate_6h_crypto': LastRunUTC=2025-04-25T10:17:01.148836+00:00, TimeSince=2:23:57.533469, Interval=6:00:00, IsDue=False
2025-04-25 12:41:00|DEBUG  |MarketDataSync|Task 'aggregate_12h_crypto': LastRunUTC=2025-04-25T10:17:01.473306+00:00, TimeSince=2:23:57.208999, Interval=12:00:00, IsDue=False
2025-04-25 12:41:00|DEBUG  |MarketDataSync|Skip Daily 'aggregate_daily_crypto': Already processed up to or including yesterday (2025-04-25).
2025-04-25 12:41:00|DEBUG  |MarketDataSync|Task 'aggregate_3d_crypto': LastRunUTC=2025-04-25T10:17:01.806736+00:00, TimeSince=2:23:56.875569, Interval=3 days, 0:00:00, IsDue=False
2025-04-25 12:41:00|DEBUG  |MarketDataSync|Task 'aggregate_weekly_crypto': LastRunUTC=2025-04-25T10:17:02.140826+00:00, TimeSince=2:23:56.541479, Interval=7 days, 0:00:00, IsDue=False
2025-04-25 12:41:00|DEBUG  |MarketDataSync|Checking aggregations for 'commodity': Levels=['6h', '12h', 'daily', '3d', 'weekly']
2025-04-25 12:41:00|DEBUG  |MarketDataSync|Task 'aggregate_6h_commodity': LastRunUTC=2025-04-25T10:17:02.181473+00:00, TimeSince=2:23:56.500832, Interval=6:00:00, IsDue=False
2025-04-25 12:41:00|DEBUG  |MarketDataSync|Task 'aggregate_12h_commodity': LastRunUTC=2025-04-25T10:17:02.231518+00:00, TimeSince=2:23:56.450787, Interval=12:00:00, IsDue=False
2025-04-25 12:41:00|DEBUG  |MarketDataSync|Skip Daily 'aggregate_daily_commodity': Already processed up to or including yesterday (2025-04-25).
2025-04-25 12:41:00|DEBUG  |MarketDataSync|Task 'aggregate_3d_commodity': LastRunUTC=2025-04-25T10:17:02.287106+00:00, TimeSince=2:23:56.395199, Interval=3 days, 0:00:00, IsDue=False
2025-04-25 12:41:00|DEBUG  |MarketDataSync|Task 'aggregate_weekly_commodity': LastRunUTC=2025-04-25T10:17:02.342094+00:00, TimeSince=2:23:56.340211, Interval=7 days, 0:00:00, IsDue=False
2025-04-25 12:41:00|DEBUG  |MarketDataSync|Checking aggregations for 'tse_ifb_symbols': Levels=['daily']
2025-04-25 12:41:00|INFO   |MarketDataSync|Daily task 'aggregate_daily_tse_ifb_symbols' due: Never run before.
2025-04-25 12:41:00|INFO   |MarketDataSync|Running Aggregation: 'aggregate_daily_tse_ifb_symbols' target=2025-04-24 period=[2025-04-23T20:30:00+00:00 to 2025-04-24T20:30:00+00:00)
2025-04-25 12:41:00|INFO   |MarketDataSync|Starting aggregation for 'tse_ifb_symbols_daily' (Period: 2025-04-23T20:30:00+00:00 to 2025-04-24T20:30:00+00:00)
2025-04-25 12:41:00|WARNING|MarketDataSync|Skip Aggregation for tse_ifb_symbols_daily: Raw table 'tse_ifb_symbols_raw' does not exist.
2025-04-25 12:41:00|INFO   |MarketDataSync|Aggregation Results Summary: Success=1, Skipped=15, Errors=0
2025-04-25 12:41:00|INFO   |MarketDataSync|DB connection closed.
2025-04-25 12:41:00|INFO   |MarketDataSync|[32m--- Market Data Sync Cycle Finished in 2.14 seconds ---[0m
2025-04-25 12:41:00|INFO   |MarketDataSync|Improvement Suggestion 1: Implement more specific error handling for common API issues (e.g., rate limits, maintenance status codes).
2025-04-25 12:41:00|INFO   |MarketDataSync|Improvement Suggestion 2: Consider adding data quality checks (e.g., price outliers, missing symbols) after fetching or before aggregation.
