[32m•[0m 05:55:33|[32mINFO   [0m| [32mLogging setup complete. Target Console Level: INFO, File Level: DEBUG[0m
[32m•[0m 05:55:33|[32mINFO   [0m| [32mCurrent log file: logs/market_data_20250428_055533.log[0m
[32m•[0m 05:55:33|[32mINFO   [0m| [32m[32m--- Starting Market Data Sync Cycle ---[0m[0m
[32m•[0m 05:55:33|[32mINFO   [0m| [32mDB connection successful.[0m
[32m•[0m 05:55:33|[32mINFO   [0m| [32m--- Checking API Fetch Tasks ---[0m
[32m•[0m 05:55:33|[32mINFO   [0m| [32mScheduling fetch for: 'gold_currency'[0m
[32m•[0m 05:55:33|[32mINFO   [0m| [32mScheduling fetch for: 'crypto'[0m
[32m•[0m 05:55:33|[32mINFO   [0m| [32mScheduling fetch for: 'commodity'[0m
[32m•[0m 05:55:33|[32mINFO   [0m| [32mScheduling fetch for: 'tse_ifb_symbols'[0m
[32m•[0m 05:55:33|[32mINFO   [0m| [32mScheduling fetch for: 'debt_securities'[0m
[32m•[0m 05:55:33|[32mINFO   [0m| [32mScheduling fetch for: 'housing_facilities'[0m
[32m•[0m 05:55:33|[32mINFO   [0m| [32mScheduling fetch for: 'futures'[0m
[32m•[0m 05:55:33|[32mINFO   [0m| [32mAttempting to fetch data for 7 endpoints...[0m
[32m•[0m 05:55:35|[32mINFO   [0m| [32mSuccess: Fetched 'futures'.[0m
[32m•[0m 05:55:35|[32mINFO   [0m| [32mSuccess: Fetched 'commodity'.[0m
[32m•[0m 05:55:35|[32mINFO   [0m| [32mSuccess: Fetched 'housing_facilities'.[0m
[32m•[0m 05:55:35|[32mINFO   [0m| [32mSuccess: Fetched 'gold_currency'.[0m
[32m•[0m 05:55:35|[32mINFO   [0m| [32mSuccess: Fetched 'debt_securities'.[0m
[32m•[0m 05:55:35|[32mINFO   [0m| [32mSuccess: Fetched 'crypto'.[0m
[32m•[0m 05:55:36|[32mINFO   [0m| [32mSuccess: Fetched 'tse_ifb_symbols'.[0m
[32m•[0m 05:55:36|[32mINFO   [0m| [32m--- Processing Fetch Results ---[0m
[32m•[0m 05:55:36|[32mINFO   [0m| [32mFetch Results Summary: Processed=7, DB Inserts=7, Errors=0[0m
[32m•[0m 05:55:36|[32mINFO   [0m| [32m--- Checking Aggregation Tasks ---[0m
[32m•[0m 05:55:36|[32mINFO   [0m| [32mRunning Aggregation: 'aggregate_6h_gold_currency' target=2025-04-28T05:55:33.648357+00:00 period=[2025-04-27T23:55:33.648357+00:00 to 2025-04-28T05:55:33.648357+00:00)[0m
[32m•[0m 05:55:36|[32mINFO   [0m| [32mStarting aggregation for 'gold_currency_6h' (Period: 2025-04-27T23:55:33.648357+00:00 to 2025-04-28T05:55:33.648357+00:00)[0m
[33m•[0m 05:55:36|[33mWARNING[0m| [33mError extracting data from JSON: Binder Error: No function matches the given name and argument types 'json_extract_string(JSON)'. You might need to add explicit type casts.
	Candidate functions:
	json_extract_string(VARCHAR, BIGINT) -> VARCHAR
	json_extract_string(VARCHAR, VARCHAR) -> VARCHAR
	json_extract_string(VARCHAR, VARCHAR[]) -> VARCHAR[]
	json_extract_string(JSON, BIGINT) -> VARCHAR
	json_extract_string(JSON, VARCHAR) -> VARCHAR
	json_extract_string(JSON, VARCHAR[]) -> VARCHAR[]


LINE 1: SELECT json_extract_string(json_extract(?, '$[0]'))
               ^[0m
[33m•[0m 05:55:36|[33mWARNING[0m| [33mError extracting data from JSON: Binder Error: No function matches the given name and argument types 'json_extract_string(JSON)'. You might need to add explicit type casts.
	Candidate functions:
	json_extract_string(VARCHAR, BIGINT) -> VARCHAR
	json_extract_string(VARCHAR, VARCHAR) -> VARCHAR
	json_extract_string(VARCHAR, VARCHAR[]) -> VARCHAR[]
	json_extract_string(JSON, BIGINT) -> VARCHAR
	json_extract_string(JSON, VARCHAR) -> VARCHAR
	json_extract_string(JSON, VARCHAR[]) -> VARCHAR[]


LINE 1: SELECT json_extract_string(json_extract(?, '$[0]'))
               ^[0m
[33m•[0m 05:55:36|[33mWARNING[0m| [33mError extracting data from JSON: Binder Error: No function matches the given name and argument types 'json_extract_string(JSON)'. You might need to add explicit type casts.
	Candidate functions:
	json_extract_string(VARCHAR, BIGINT) -> VARCHAR
	json_extract_string(VARCHAR, VARCHAR) -> VARCHAR
	json_extract_string(VARCHAR, VARCHAR[]) -> VARCHAR[]
	json_extract_string(JSON, BIGINT) -> VARCHAR
	json_extract_string(JSON, VARCHAR) -> VARCHAR
	json_extract_string(JSON, VARCHAR[]) -> VARCHAR[]


LINE 1: SELECT json_extract_string(json_extract(?, '$[0]'))
               ^[0m
[33m•[0m 05:55:36|[33mWARNING[0m| [33mError extracting data from JSON: Binder Error: No function matches the given name and argument types 'json_extract_string(JSON)'. You might need to add explicit type casts.
	Candidate functions:
	json_extract_string(VARCHAR, BIGINT) -> VARCHAR
	json_extract_string(VARCHAR, VARCHAR) -> VARCHAR
	json_extract_string(VARCHAR, VARCHAR[]) -> VARCHAR[]
	json_extract_string(JSON, BIGINT) -> VARCHAR
	json_extract_string(JSON, VARCHAR) -> VARCHAR
	json_extract_string(JSON, VARCHAR[]) -> VARCHAR[]


LINE 1: SELECT json_extract_string(json_extract(?, '$[0]'))
               ^[0m
[33m•[0m 05:55:36|[33mWARNING[0m| [33mError extracting data from JSON: Binder Error: No function matches the given name and argument types 'json_extract_string(JSON)'. You might need to add explicit type casts.
	Candidate functions:
	json_extract_string(VARCHAR, BIGINT) -> VARCHAR
	json_extract_string(VARCHAR, VARCHAR) -> VARCHAR
	json_extract_string(VARCHAR, VARCHAR[]) -> VARCHAR[]
	json_extract_string(JSON, BIGINT) -> VARCHAR
	json_extract_string(JSON, VARCHAR) -> VARCHAR
	json_extract_string(JSON, VARCHAR[]) -> VARCHAR[]


LINE 1: SELECT json_extract_string(json_extract(?, '$[0]'))
               ^[0m
[33m•[0m 05:55:36|[33mWARNING[0m| [33mError extracting data from JSON: Binder Error: No function matches the given name and argument types 'json_extract_string(JSON)'. You might need to add explicit type casts.
	Candidate functions:
	json_extract_string(VARCHAR, BIGINT) -> VARCHAR
	json_extract_string(VARCHAR, VARCHAR) -> VARCHAR
	json_extract_string(VARCHAR, VARCHAR[]) -> VARCHAR[]
	json_extract_string(JSON, BIGINT) -> VARCHAR
	json_extract_string(JSON, VARCHAR) -> VARCHAR
	json_extract_string(JSON, VARCHAR[]) -> VARCHAR[]


LINE 1: SELECT json_extract_string(json_extract(?, '$[0]'))
               ^[0m
[33m•[0m 05:55:36|[33mWARNING[0m| [33mError extracting data from JSON: Binder Error: No function matches the given name and argument types 'json_extract_string(JSON)'. You might need to add explicit type casts.
	Candidate functions:
	json_extract_string(VARCHAR, BIGINT) -> VARCHAR
	json_extract_string(VARCHAR, VARCHAR) -> VARCHAR
	json_extract_string(VARCHAR, VARCHAR[]) -> VARCHAR[]
	json_extract_string(JSON, BIGINT) -> VARCHAR
	json_extract_string(JSON, VARCHAR) -> VARCHAR
	json_extract_string(JSON, VARCHAR[]) -> VARCHAR[]


LINE 1: SELECT json_extract_string(json_extract(?, '$[0]'))
               ^[0m
[32m•[0m 05:55:36|[32mINFO   [0m| [32mAggregated 0 symbols from path '$.gold' for gold_currency_6h[0m
[33m•[0m 05:55:36|[33mWARNING[0m| [33mError extracting data from JSON: Binder Error: No function matches the given name and argument types 'json_extract_string(JSON)'. You might need to add explicit type casts.
	Candidate functions:
	json_extract_string(VARCHAR, BIGINT) -> VARCHAR
	json_extract_string(VARCHAR, VARCHAR) -> VARCHAR
	json_extract_string(VARCHAR, VARCHAR[]) -> VARCHAR[]
	json_extract_string(JSON, BIGINT) -> VARCHAR
	json_extract_string(JSON, VARCHAR) -> VARCHAR
	json_extract_string(JSON, VARCHAR[]) -> VARCHAR[]


LINE 1: SELECT json_extract_string(json_extract(?, '$[0]'))
               ^[0m
[33m•[0m 05:55:36|[33mWARNING[0m| [33mError extracting data from JSON: Binder Error: No function matches the given name and argument types 'json_extract_string(JSON)'. You might need to add explicit type casts.
	Candidate functions:
	json_extract_string(VARCHAR, BIGINT) -> VARCHAR
	json_extract_string(VARCHAR, VARCHAR) -> VARCHAR
	json_extract_string(VARCHAR, VARCHAR[]) -> VARCHAR[]
	json_extract_string(JSON, BIGINT) -> VARCHAR
	json_extract_string(JSON, VARCHAR) -> VARCHAR
	json_extract_string(JSON, VARCHAR[]) -> VARCHAR[]


LINE 1: SELECT json_extract_string(json_extract(?, '$[0]'))
               ^[0m
[33m•[0m 05:55:36|[33mWARNING[0m| [33mError extracting data from JSON: Binder Error: No function matches the given name and argument types 'json_extract_string(JSON)'. You might need to add explicit type casts.
	Candidate functions:
	json_extract_string(VARCHAR, BIGINT) -> VARCHAR
	json_extract_string(VARCHAR, VARCHAR) -> VARCHAR
	json_extract_string(VARCHAR, VARCHAR[]) -> VARCHAR[]
	json_extract_string(JSON, BIGINT) -> VARCHAR
	json_extract_string(JSON, VARCHAR) -> VARCHAR
	json_extract_string(JSON, VARCHAR[]) -> VARCHAR[]


LINE 1: SELECT json_extract_string(json_extract(?, '$[0]'))
               ^[0m
[33m•[0m 05:55:36|[33mWARNING[0m| [33mError extracting data from JSON: Binder Error: No function matches the given name and argument types 'json_extract_string(JSON)'. You might need to add explicit type casts.
	Candidate functions:
	json_extract_string(VARCHAR, BIGINT) -> VARCHAR
	json_extract_string(VARCHAR, VARCHAR) -> VARCHAR
	json_extract_string(VARCHAR, VARCHAR[]) -> VARCHAR[]
	json_extract_string(JSON, BIGINT) -> VARCHAR
	json_extract_string(JSON, VARCHAR) -> VARCHAR
	json_extract_string(JSON, VARCHAR[]) -> VARCHAR[]


LINE 1: SELECT json_extract_string(json_extract(?, '$[0]'))
               ^[0m
[33m•[0m 05:55:36|[33mWARNING[0m| [33mError extracting data from JSON: Binder Error: No function matches the given name and argument types 'json_extract_string(JSON)'. You might need to add explicit type casts.
	Candidate functions:
	json_extract_string(VARCHAR, BIGINT) -> VARCHAR
	json_extract_string(VARCHAR, VARCHAR) -> VARCHAR
	json_extract_string(VARCHAR, VARCHAR[]) -> VARCHAR[]
	json_extract_string(JSON, BIGINT) -> VARCHAR
	json_extract_string(JSON, VARCHAR) -> VARCHAR
	json_extract_string(JSON, VARCHAR[]) -> VARCHAR[]


LINE 1: SELECT json_extract_string(json_extract(?, '$[0]'))
               ^[0m
[33m•[0m 05:55:36|[33mWARNING[0m| [33mError extracting data from JSON: Binder Error: No function matches the given name and argument types 'json_extract_string(JSON)'. You might need to add explicit type casts.
	Candidate functions:
	json_extract_string(VARCHAR, BIGINT) -> VARCHAR
	json_extract_string(VARCHAR, VARCHAR) -> VARCHAR
	json_extract_string(VARCHAR, VARCHAR[]) -> VARCHAR[]
	json_extract_string(JSON, BIGINT) -> VARCHAR
	json_extract_string(JSON, VARCHAR) -> VARCHAR
	json_extract_string(JSON, VARCHAR[]) -> VARCHAR[]


LINE 1: SELECT json_extract_string(json_extract(?, '$[0]'))
               ^[0m
[33m•[0m 05:55:36|[33mWARNING[0m| [33mError extracting data from JSON: Binder Error: No function matches the given name and argument types 'json_extract_string(JSON)'. You might need to add explicit type casts.
	Candidate functions:
	json_extract_string(VARCHAR, BIGINT) -> VARCHAR
	json_extract_string(VARCHAR, VARCHAR) -> VARCHAR
	json_extract_string(VARCHAR, VARCHAR[]) -> VARCHAR[]
	json_extract_string(JSON, BIGINT) -> VARCHAR
	json_extract_string(JSON, VARCHAR) -> VARCHAR
	json_extract_string(JSON, VARCHAR[]) -> VARCHAR[]


LINE 1: SELECT json_extract_string(json_extract(?, '$[0]'))
               ^[0m
[32m•[0m 05:55:36|[32mINFO   [0m| [32mAggregated 0 symbols from path '$.currency' for gold_currency_6h[0m
[33m•[0m 05:55:36|[33mWARNING[0m| [33mNo valid aggregate data calculated for gold_currency_6h in period 2025-04-27T23:55:33.648357+00:00 - 2025-04-28T05:55:33.648357+00:00.[0m
[32m•[0m 05:55:36|[32mINFO   [0m| [32mAttempting to export aggregates from 'gold_currency_6h' to JSON: data/aggregates/agg_gold_currency_6h.json[0m
[33m•[0m 05:55:36|[33mWARNING[0m| [33mNo aggregate data found in 'gold_currency_6h' to export.[0m
[32m•[0m 05:55:36|[32mINFO   [0m| [32mCreated empty aggregate JSON file: data/aggregates/agg_gold_currency_6h.json[0m
[32m•[0m 05:55:36|[32mINFO   [0m| [32mRunning Aggregation: 'aggregate_6h_crypto' target=2025-04-28T05:55:33.648357+00:00 period=[2025-04-27T23:55:33.648357+00:00 to 2025-04-28T05:55:33.648357+00:00)[0m
[32m•[0m 05:55:36|[32mINFO   [0m| [32mStarting aggregation for 'crypto_6h' (Period: 2025-04-27T23:55:33.648357+00:00 to 2025-04-28T05:55:33.648357+00:00)[0m
[33m•[0m 05:55:36|[33mWARNING[0m| [33mError extracting data from JSON: Binder Error: No function matches the given name and argument types 'json_extract_string(JSON)'. You might need to add explicit type casts.
	Candidate functions:
	json_extract_string(VARCHAR, BIGINT) -> VARCHAR
	json_extract_string(VARCHAR, VARCHAR) -> VARCHAR
	json_extract_string(VARCHAR, VARCHAR[]) -> VARCHAR[]
	json_extract_string(JSON, BIGINT) -> VARCHAR
	json_extract_string(JSON, VARCHAR) -> VARCHAR
	json_extract_string(JSON, VARCHAR[]) -> VARCHAR[]


LINE 1: SELECT json_extract_string(json_extract(?, '$[0]'))
               ^[0m
[33m•[0m 05:55:36|[33mWARNING[0m| [33mError extracting data from JSON: Binder Error: No function matches the given name and argument types 'json_extract_string(JSON)'. You might need to add explicit type casts.
	Candidate functions:
	json_extract_string(VARCHAR, BIGINT) -> VARCHAR
	json_extract_string(VARCHAR, VARCHAR) -> VARCHAR
	json_extract_string(VARCHAR, VARCHAR[]) -> VARCHAR[]
	json_extract_string(JSON, BIGINT) -> VARCHAR
	json_extract_string(JSON, VARCHAR) -> VARCHAR
	json_extract_string(JSON, VARCHAR[]) -> VARCHAR[]


LINE 1: SELECT json_extract_string(json_extract(?, '$[0]'))
               ^[0m
[33m•[0m 05:55:36|[33mWARNING[0m| [33mError extracting data from JSON: Binder Error: No function matches the given name and argument types 'json_extract_string(JSON)'. You might need to add explicit type casts.
	Candidate functions:
	json_extract_string(VARCHAR, BIGINT) -> VARCHAR
	json_extract_string(VARCHAR, VARCHAR) -> VARCHAR
	json_extract_string(VARCHAR, VARCHAR[]) -> VARCHAR[]
	json_extract_string(JSON, BIGINT) -> VARCHAR
	json_extract_string(JSON, VARCHAR) -> VARCHAR
	json_extract_string(JSON, VARCHAR[]) -> VARCHAR[]


LINE 1: SELECT json_extract_string(json_extract(?, '$[0]'))
               ^[0m
[33m•[0m 05:55:36|[33mWARNING[0m| [33mError extracting data from JSON: Binder Error: No function matches the given name and argument types 'json_extract_string(JSON)'. You might need to add explicit type casts.
	Candidate functions:
	json_extract_string(VARCHAR, BIGINT) -> VARCHAR
	json_extract_string(VARCHAR, VARCHAR) -> VARCHAR
	json_extract_string(VARCHAR, VARCHAR[]) -> VARCHAR[]
	json_extract_string(JSON, BIGINT) -> VARCHAR
	json_extract_string(JSON, VARCHAR) -> VARCHAR
	json_extract_string(JSON, VARCHAR[]) -> VARCHAR[]


LINE 1: SELECT json_extract_string(json_extract(?, '$[0]'))
               ^[0m
[33m•[0m 05:55:36|[33mWARNING[0m| [33mError extracting data from JSON: Binder Error: No function matches the given name and argument types 'json_extract_string(JSON)'. You might need to add explicit type casts.
	Candidate functions:
	json_extract_string(VARCHAR, BIGINT) -> VARCHAR
	json_extract_string(VARCHAR, VARCHAR) -> VARCHAR
	json_extract_string(VARCHAR, VARCHAR[]) -> VARCHAR[]
	json_extract_string(JSON, BIGINT) -> VARCHAR
	json_extract_string(JSON, VARCHAR) -> VARCHAR
	json_extract_string(JSON, VARCHAR[]) -> VARCHAR[]


LINE 1: SELECT json_extract_string(json_extract(?, '$[0]'))
               ^[0m
[33m•[0m 05:55:36|[33mWARNING[0m| [33mError extracting data from JSON: Binder Error: No function matches the given name and argument types 'json_extract_string(JSON)'. You might need to add explicit type casts.
	Candidate functions:
	json_extract_string(VARCHAR, BIGINT) -> VARCHAR
	json_extract_string(VARCHAR, VARCHAR) -> VARCHAR
	json_extract_string(VARCHAR, VARCHAR[]) -> VARCHAR[]
	json_extract_string(JSON, BIGINT) -> VARCHAR
	json_extract_string(JSON, VARCHAR) -> VARCHAR
	json_extract_string(JSON, VARCHAR[]) -> VARCHAR[]


LINE 1: SELECT json_extract_string(json_extract(?, '$[0]'))
               ^[0m
[33m•[0m 05:55:36|[33mWARNING[0m| [33mError extracting data from JSON: Binder Error: No function matches the given name and argument types 'json_extract_string(JSON)'. You might need to add explicit type casts.
	Candidate functions:
	json_extract_string(VARCHAR, BIGINT) -> VARCHAR
	json_extract_string(VARCHAR, VARCHAR) -> VARCHAR
	json_extract_string(VARCHAR, VARCHAR[]) -> VARCHAR[]
	json_extract_string(JSON, BIGINT) -> VARCHAR
	json_extract_string(JSON, VARCHAR) -> VARCHAR
	json_extract_string(JSON, VARCHAR[]) -> VARCHAR[]


LINE 1: SELECT json_extract_string(json_extract(?, '$[0]'))
               ^[0m
[32m•[0m 05:55:36|[32mINFO   [0m| [32mAggregated 0 symbols from path '$' for crypto_6h[0m
[33m•[0m 05:55:36|[33mWARNING[0m| [33mNo valid aggregate data calculated for crypto_6h in period 2025-04-27T23:55:33.648357+00:00 - 2025-04-28T05:55:33.648357+00:00.[0m
[32m•[0m 05:55:36|[32mINFO   [0m| [32mAttempting to export aggregates from 'crypto_6h' to JSON: data/aggregates/agg_crypto_6h.json[0m
[33m•[0m 05:55:36|[33mWARNING[0m| [33mNo aggregate data found in 'crypto_6h' to export.[0m
[32m•[0m 05:55:36|[32mINFO   [0m| [32mCreated empty aggregate JSON file: data/aggregates/agg_crypto_6h.json[0m
[32m•[0m 05:55:36|[32mINFO   [0m| [32mRunning Aggregation: 'aggregate_6h_commodity' target=2025-04-28T05:55:33.648357+00:00 period=[2025-04-27T23:55:33.648357+00:00 to 2025-04-28T05:55:33.648357+00:00)[0m
[32m•[0m 05:55:36|[32mINFO   [0m| [32mStarting aggregation for 'commodity_6h' (Period: 2025-04-27T23:55:33.648357+00:00 to 2025-04-28T05:55:33.648357+00:00)[0m
[33m•[0m 05:55:36|[33mWARNING[0m| [33mError extracting data from JSON: Binder Error: No function matches the given name and argument types 'json_extract_string(JSON)'. You might need to add explicit type casts.
	Candidate functions:
	json_extract_string(VARCHAR, BIGINT) -> VARCHAR
	json_extract_string(VARCHAR, VARCHAR) -> VARCHAR
	json_extract_string(VARCHAR, VARCHAR[]) -> VARCHAR[]
	json_extract_string(JSON, BIGINT) -> VARCHAR
	json_extract_string(JSON, VARCHAR) -> VARCHAR
	json_extract_string(JSON, VARCHAR[]) -> VARCHAR[]


LINE 1: SELECT json_extract_string(json_extract(?, '$[0]'))
               ^[0m
[33m•[0m 05:55:36|[33mWARNING[0m| [33mError extracting data from JSON: Binder Error: No function matches the given name and argument types 'json_extract_string(JSON)'. You might need to add explicit type casts.
	Candidate functions:
	json_extract_string(VARCHAR, BIGINT) -> VARCHAR
	json_extract_string(VARCHAR, VARCHAR) -> VARCHAR
	json_extract_string(VARCHAR, VARCHAR[]) -> VARCHAR[]
	json_extract_string(JSON, BIGINT) -> VARCHAR
	json_extract_string(JSON, VARCHAR) -> VARCHAR
	json_extract_string(JSON, VARCHAR[]) -> VARCHAR[]


LINE 1: SELECT json_extract_string(json_extract(?, '$[0]'))
               ^[0m
[33m•[0m 05:55:36|[33mWARNING[0m| [33mError extracting data from JSON: Binder Error: No function matches the given name and argument types 'json_extract_string(JSON)'. You might need to add explicit type casts.
	Candidate functions:
	json_extract_string(VARCHAR, BIGINT) -> VARCHAR
	json_extract_string(VARCHAR, VARCHAR) -> VARCHAR
	json_extract_string(VARCHAR, VARCHAR[]) -> VARCHAR[]
	json_extract_string(JSON, BIGINT) -> VARCHAR
	json_extract_string(JSON, VARCHAR) -> VARCHAR
	json_extract_string(JSON, VARCHAR[]) -> VARCHAR[]


LINE 1: SELECT json_extract_string(json_extract(?, '$[0]'))
               ^[0m
[33m•[0m 05:55:36|[33mWARNING[0m| [33mError extracting data from JSON: Binder Error: No function matches the given name and argument types 'json_extract_string(JSON)'. You might need to add explicit type casts.
	Candidate functions:
	json_extract_string(VARCHAR, BIGINT) -> VARCHAR
	json_extract_string(VARCHAR, VARCHAR) -> VARCHAR
	json_extract_string(VARCHAR, VARCHAR[]) -> VARCHAR[]
	json_extract_string(JSON, BIGINT) -> VARCHAR
	json_extract_string(JSON, VARCHAR) -> VARCHAR
	json_extract_string(JSON, VARCHAR[]) -> VARCHAR[]


LINE 1: SELECT json_extract_string(json_extract(?, '$[0]'))
               ^[0m
[33m•[0m 05:55:36|[33mWARNING[0m| [33mError extracting data from JSON: Binder Error: No function matches the given name and argument types 'json_extract_string(JSON)'. You might need to add explicit type casts.
	Candidate functions:
	json_extract_string(VARCHAR, BIGINT) -> VARCHAR
	json_extract_string(VARCHAR, VARCHAR) -> VARCHAR
	json_extract_string(VARCHAR, VARCHAR[]) -> VARCHAR[]
	json_extract_string(JSON, BIGINT) -> VARCHAR
	json_extract_string(JSON, VARCHAR) -> VARCHAR
	json_extract_string(JSON, VARCHAR[]) -> VARCHAR[]


LINE 1: SELECT json_extract_string(json_extract(?, '$[0]'))
               ^[0m
[33m•[0m 05:55:36|[33mWARNING[0m| [33mError extracting data from JSON: Binder Error: No function matches the given name and argument types 'json_extract_string(JSON)'. You might need to add explicit type casts.
	Candidate functions:
	json_extract_string(VARCHAR, BIGINT) -> VARCHAR
	json_extract_string(VARCHAR, VARCHAR) -> VARCHAR
	json_extract_string(VARCHAR, VARCHAR[]) -> VARCHAR[]
	json_extract_string(JSON, BIGINT) -> VARCHAR
	json_extract_string(JSON, VARCHAR) -> VARCHAR
	json_extract_string(JSON, VARCHAR[]) -> VARCHAR[]


LINE 1: SELECT json_extract_string(json_extract(?, '$[0]'))
               ^[0m
[33m•[0m 05:55:36|[33mWARNING[0m| [33mError extracting data from JSON: Binder Error: No function matches the given name and argument types 'json_extract_string(JSON)'. You might need to add explicit type casts.
	Candidate functions:
	json_extract_string(VARCHAR, BIGINT) -> VARCHAR
	json_extract_string(VARCHAR, VARCHAR) -> VARCHAR
	json_extract_string(VARCHAR, VARCHAR[]) -> VARCHAR[]
	json_extract_string(JSON, BIGINT) -> VARCHAR
	json_extract_string(JSON, VARCHAR) -> VARCHAR
	json_extract_string(JSON, VARCHAR[]) -> VARCHAR[]


LINE 1: SELECT json_extract_string(json_extract(?, '$[0]'))
               ^[0m
[32m•[0m 05:55:36|[32mINFO   [0m| [32mAggregated 0 symbols from path '$.metal_precious' for commodity_6h[0m
[33m•[0m 05:55:36|[33mWARNING[0m| [33mNo valid aggregate data calculated for commodity_6h in period 2025-04-27T23:55:33.648357+00:00 - 2025-04-28T05:55:33.648357+00:00.[0m
[32m•[0m 05:55:36|[32mINFO   [0m| [32mAttempting to export aggregates from 'commodity_6h' to JSON: data/aggregates/agg_commodity_6h.json[0m
[33m•[0m 05:55:36|[33mWARNING[0m| [33mNo aggregate data found in 'commodity_6h' to export.[0m
[32m•[0m 05:55:36|[32mINFO   [0m| [32mCreated empty aggregate JSON file: data/aggregates/agg_commodity_6h.json[0m
[32m•[0m 05:55:36|[32mINFO   [0m| [32mAggregation Results Summary: Success=3, Skipped=13, Errors=0[0m
[32m•[0m 05:55:36|[32mINFO   [0m| [32mDB connection closed.[0m
[32m•[0m 05:55:36|[32mINFO   [0m| [32m[32m--- Market Data Sync Cycle Finished in 2.84 seconds ---[0m[0m
[32m•[0m 05:55:36|[32mINFO   [0m| [32mImprovement Suggestion 1: Implement more specific error handling for common API issues (e.g., rate limits, maintenance status codes).[0m
[32m•[0m 05:55:36|[32mINFO   [0m| [32mImprovement Suggestion 2: Consider adding data quality checks (e.g., price outliers, missing symbols) after fetching or before aggregation.[0m
[34m•[0m No .env file found at: /home/runner/work/riyales-api/riyales-api/src/../.env. Relying on system environment variables.
]
	json_extract_string(JSON, BIGINT) -> VARCHAR
	json_extract_string(JSON, VARCHAR) -> VARCHAR
	json_extract_string(JSON, VARCHAR[]) -> VARCHAR[]


LINE 1: SELECT json_extract_string(json_extract(?, '$[0]'))
               ^
2025-04-28 05:55:36|WARNING|MarketDataSync|Error extracting data from JSON: Binder Error: No function matches the given name and argument types 'json_extract_string(JSON)'. You might need to add explicit type casts.
	Candidate functions:
	json_extract_string(VARCHAR, BIGINT) -> VARCHAR
	json_extract_string(VARCHAR, VARCHAR) -> VARCHAR
	json_extract_string(VARCHAR, VARCHAR[]) -> VARCHAR[]
	json_extract_string(JSON, BIGINT) -> VARCHAR
	json_extract_string(JSON, VARCHAR) -> VARCHAR
	json_extract_string(JSON, VARCHAR[]) -> VARCHAR[]


LINE 1: SELECT json_extract_string(json_extract(?, '$[0]'))
               ^
2025-04-28 05:55:36|WARNING|MarketDataSync|Error extracting data from JSON: Binder Error: No function matches the given name and argument types 'json_extract_string(JSON)'. You might need to add explicit type casts.
	Candidate functions:
	json_extract_string(VARCHAR, BIGINT) -> VARCHAR
	json_extract_string(VARCHAR, VARCHAR) -> VARCHAR
	json_extract_string(VARCHAR, VARCHAR[]) -> VARCHAR[]
	json_extract_string(JSON, BIGINT) -> VARCHAR
	json_extract_string(JSON, VARCHAR) -> VARCHAR
	json_extract_string(JSON, VARCHAR[]) -> VARCHAR[]


LINE 1: SELECT json_extract_string(json_extract(?, '$[0]'))
               ^
2025-04-28 05:55:36|WARNING|MarketDataSync|Error extracting data from JSON: Binder Error: No function matches the given name and argument types 'json_extract_string(JSON)'. You might need to add explicit type casts.
	Candidate functions:
	json_extract_string(VARCHAR, BIGINT) -> VARCHAR
	json_extract_string(VARCHAR, VARCHAR) -> VARCHAR
	json_extract_string(VARCHAR, VARCHAR[]) -> VARCHAR[]
	json_extract_string(JSON, BIGINT) -> VARCHAR
	json_extract_string(JSON, VARCHAR) -> VARCHAR
	json_extract_string(JSON, VARCHAR[]) -> VARCHAR[]


LINE 1: SELECT json_extract_string(json_extract(?, '$[0]'))
               ^
2025-04-28 05:55:36|WARNING|MarketDataSync|Error extracting data from JSON: Binder Error: No function matches the given name and argument types 'json_extract_string(JSON)'. You might need to add explicit type casts.
	Candidate functions:
	json_extract_string(VARCHAR, BIGINT) -> VARCHAR
	json_extract_string(VARCHAR, VARCHAR) -> VARCHAR
	json_extract_string(VARCHAR, VARCHAR[]) -> VARCHAR[]
	json_extract_string(JSON, BIGINT) -> VARCHAR
	json_extract_string(JSON, VARCHAR) -> VARCHAR
	json_extract_string(JSON, VARCHAR[]) -> VARCHAR[]


LINE 1: SELECT json_extract_string(json_extract(?, '$[0]'))
               ^
2025-04-28 05:55:36|WARNING|MarketDataSync|Error extracting data from JSON: Binder Error: No function matches the given name and argument types 'json_extract_string(JSON)'. You might need to add explicit type casts.
	Candidate functions:
	json_extract_string(VARCHAR, BIGINT) -> VARCHAR
	json_extract_string(VARCHAR, VARCHAR) -> VARCHAR
	json_extract_string(VARCHAR, VARCHAR[]) -> VARCHAR[]
	json_extract_string(JSON, BIGINT) -> VARCHAR
	json_extract_string(JSON, VARCHAR) -> VARCHAR
	json_extract_string(JSON, VARCHAR[]) -> VARCHAR[]


LINE 1: SELECT json_extract_string(json_extract(?, '$[0]'))
               ^
2025-04-28 05:55:36|WARNING|MarketDataSync|Error extracting data from JSON: Binder Error: No function matches the given name and argument types 'json_extract_string(JSON)'. You might need to add explicit type casts.
	Candidate functions:
	json_extract_string(VARCHAR, BIGINT) -> VARCHAR
	json_extract_string(VARCHAR, VARCHAR) -> VARCHAR
	json_extract_string(VARCHAR, VARCHAR[]) -> VARCHAR[]
	json_extract_string(JSON, BIGINT) -> VARCHAR
	json_extract_string(JSON, VARCHAR) -> VARCHAR
	json_extract_string(JSON, VARCHAR[]) -> VARCHAR[]


LINE 1: SELECT json_extract_string(json_extract(?, '$[0]'))
               ^
2025-04-28 05:55:36|INFO   |MarketDataSync|Aggregated 0 symbols from path '$' for crypto_6h
2025-04-28 05:55:36|WARNING|MarketDataSync|No valid aggregate data calculated for crypto_6h in period 2025-04-27T23:55:33.648357+00:00 - 2025-04-28T05:55:33.648357+00:00.
2025-04-28 05:55:36|DEBUG  |MarketDataSync|Updated last run time for 'aggregate_6h_crypto' to 2025-04-28T05:55:36.406756+00:00
2025-04-28 05:55:36|INFO   |MarketDataSync|Attempting to export aggregates from 'crypto_6h' to JSON: data/aggregates/agg_crypto_6h.json
2025-04-28 05:55:36|WARNING|MarketDataSync|No aggregate data found in 'crypto_6h' to export.
2025-04-28 05:55:36|INFO   |MarketDataSync|Created empty aggregate JSON file: data/aggregates/agg_crypto_6h.json
2025-04-28 05:55:36|DEBUG  |MarketDataSync|Task 'aggregate_12h_crypto': LastRunUTC=2025-04-27T23:53:52.172746+00:00, TimeSince=6:01:41.475611, Interval=12:00:00, IsDue=False
2025-04-28 05:55:36|DEBUG  |MarketDataSync|Skip Daily 'aggregate_daily_crypto': Already processed up to or including yesterday (2025-04-28).
2025-04-28 05:55:36|DEBUG  |MarketDataSync|Task 'aggregate_3d_crypto': LastRunUTC=2025-04-27T23:53:52.184634+00:00, TimeSince=6:01:41.463723, Interval=3 days, 0:00:00, IsDue=False
2025-04-28 05:55:36|DEBUG  |MarketDataSync|Task 'aggregate_weekly_crypto': LastRunUTC=2025-04-27T23:53:52.190994+00:00, TimeSince=6:01:41.457363, Interval=7 days, 0:00:00, IsDue=False
2025-04-28 05:55:36|DEBUG  |MarketDataSync|Checking aggregations for 'commodity': Levels=['6h', '12h', 'daily', '3d', 'weekly']
2025-04-28 05:55:36|DEBUG  |MarketDataSync|Task 'aggregate_6h_commodity': LastRunUTC=2025-04-27T23:53:52.197363+00:00, TimeSince=6:01:41.450994, Interval=6:00:00, IsDue=True
2025-04-28 05:55:36|INFO   |MarketDataSync|Running Aggregation: 'aggregate_6h_commodity' target=2025-04-28T05:55:33.648357+00:00 period=[2025-04-27T23:55:33.648357+00:00 to 2025-04-28T05:55:33.648357+00:00)
2025-04-28 05:55:36|INFO   |MarketDataSync|Starting aggregation for 'commodity_6h' (Period: 2025-04-27T23:55:33.648357+00:00 to 2025-04-28T05:55:33.648357+00:00)
2025-04-28 05:55:36|DEBUG  |MarketDataSync|Found 7 raw data points for 'commodity_raw' in the aggregation period.
2025-04-28 05:55:36|DEBUG  |MarketDataSync|Ensured table 'commodity_6h' exists or was created.
2025-04-28 05:55:36|DEBUG  |MarketDataSync|Aggregating from base path: '$.metal_precious' for table 'commodity_6h'
2025-04-28 05:55:36|WARNING|MarketDataSync|Error extracting data from JSON: Binder Error: No function matches the given name and argument types 'json_extract_string(JSON)'. You might need to add explicit type casts.
	Candidate functions:
	json_extract_string(VARCHAR, BIGINT) -> VARCHAR
	json_extract_string(VARCHAR, VARCHAR) -> VARCHAR
	json_extract_string(VARCHAR, VARCHAR[]) -> VARCHAR[]
	json_extract_string(JSON, BIGINT) -> VARCHAR
	json_extract_string(JSON, VARCHAR) -> VARCHAR
	json_extract_string(JSON, VARCHAR[]) -> VARCHAR[]


LINE 1: SELECT json_extract_string(json_extract(?, '$[0]'))
               ^
2025-04-28 05:55:36|WARNING|MarketDataSync|Error extracting data from JSON: Binder Error: No function matches the given name and argument types 'json_extract_string(JSON)'. You might need to add explicit type casts.
	Candidate functions:
	json_extract_string(VARCHAR, BIGINT) -> VARCHAR
	json_extract_string(VARCHAR, VARCHAR) -> VARCHAR
	json_extract_string(VARCHAR, VARCHAR[]) -> VARCHAR[]
	json_extract_string(JSON, BIGINT) -> VARCHAR
	json_extract_string(JSON, VARCHAR) -> VARCHAR
	json_extract_string(JSON, VARCHAR[]) -> VARCHAR[]


LINE 1: SELECT json_extract_string(json_extract(?, '$[0]'))
               ^
2025-04-28 05:55:36|WARNING|MarketDataSync|Error extracting data from JSON: Binder Error: No function matches the given name and argument types 'json_extract_string(JSON)'. You might need to add explicit type casts.
	Candidate functions:
	json_extract_string(VARCHAR, BIGINT) -> VARCHAR
	json_extract_string(VARCHAR, VARCHAR) -> VARCHAR
	json_extract_string(VARCHAR, VARCHAR[]) -> VARCHAR[]
	json_extract_string(JSON, BIGINT) -> VARCHAR
	json_extract_string(JSON, VARCHAR) -> VARCHAR
	json_extract_string(JSON, VARCHAR[]) -> VARCHAR[]


LINE 1: SELECT json_extract_string(json_extract(?, '$[0]'))
               ^
2025-04-28 05:55:36|WARNING|MarketDataSync|Error extracting data from JSON: Binder Error: No function matches the given name and argument types 'json_extract_string(JSON)'. You might need to add explicit type casts.
	Candidate functions:
	json_extract_string(VARCHAR, BIGINT) -> VARCHAR
	json_extract_string(VARCHAR, VARCHAR) -> VARCHAR
	json_extract_string(VARCHAR, VARCHAR[]) -> VARCHAR[]
	json_extract_string(JSON, BIGINT) -> VARCHAR
	json_extract_string(JSON, VARCHAR) -> VARCHAR
	json_extract_string(JSON, VARCHAR[]) -> VARCHAR[]


LINE 1: SELECT json_extract_string(json_extract(?, '$[0]'))
               ^
2025-04-28 05:55:36|WARNING|MarketDataSync|Error extracting data from JSON: Binder Error: No function matches the given name and argument types 'json_extract_string(JSON)'. You might need to add explicit type casts.
	Candidate functions:
	json_extract_string(VARCHAR, BIGINT) -> VARCHAR
	json_extract_string(VARCHAR, VARCHAR) -> VARCHAR
	json_extract_string(VARCHAR, VARCHAR[]) -> VARCHAR[]
	json_extract_string(JSON, BIGINT) -> VARCHAR
	json_extract_string(JSON, VARCHAR) -> VARCHAR
	json_extract_string(JSON, VARCHAR[]) -> VARCHAR[]


LINE 1: SELECT json_extract_string(json_extract(?, '$[0]'))
               ^
2025-04-28 05:55:36|WARNING|MarketDataSync|Error extracting data from JSON: Binder Error: No function matches the given name and argument types 'json_extract_string(JSON)'. You might need to add explicit type casts.
	Candidate functions:
	json_extract_string(VARCHAR, BIGINT) -> VARCHAR
	json_extract_string(VARCHAR, VARCHAR) -> VARCHAR
	json_extract_string(VARCHAR, VARCHAR[]) -> VARCHAR[]
	json_extract_string(JSON, BIGINT) -> VARCHAR
	json_extract_string(JSON, VARCHAR) -> VARCHAR
	json_extract_string(JSON, VARCHAR[]) -> VARCHAR[]


LINE 1: SELECT json_extract_string(json_extract(?, '$[0]'))
               ^
2025-04-28 05:55:36|WARNING|MarketDataSync|Error extracting data from JSON: Binder Error: No function matches the given name and argument types 'json_extract_string(JSON)'. You might need to add explicit type casts.
	Candidate functions:
	json_extract_string(VARCHAR, BIGINT) -> VARCHAR
	json_extract_string(VARCHAR, VARCHAR) -> VARCHAR
	json_extract_string(VARCHAR, VARCHAR[]) -> VARCHAR[]
	json_extract_string(JSON, BIGINT) -> VARCHAR
	json_extract_string(JSON, VARCHAR) -> VARCHAR
	json_extract_string(JSON, VARCHAR[]) -> VARCHAR[]


LINE 1: SELECT json_extract_string(json_extract(?, '$[0]'))
               ^
2025-04-28 05:55:36|INFO   |MarketDataSync|Aggregated 0 symbols from path '$.metal_precious' for commodity_6h
2025-04-28 05:55:36|WARNING|MarketDataSync|No valid aggregate data calculated for commodity_6h in period 2025-04-27T23:55:33.648357+00:00 - 2025-04-28T05:55:33.648357+00:00.
2025-04-28 05:55:36|DEBUG  |MarketDataSync|Updated last run time for 'aggregate_6h_commodity' to 2025-04-28T05:55:36.432160+00:00
2025-04-28 05:55:36|INFO   |MarketDataSync|Attempting to export aggregates from 'commodity_6h' to JSON: data/aggregates/agg_commodity_6h.json
2025-04-28 05:55:36|WARNING|MarketDataSync|No aggregate data found in 'commodity_6h' to export.
2025-04-28 05:55:36|INFO   |MarketDataSync|Created empty aggregate JSON file: data/aggregates/agg_commodity_6h.json
2025-04-28 05:55:36|DEBUG  |MarketDataSync|Task 'aggregate_12h_commodity': LastRunUTC=2025-04-27T23:53:52.207218+00:00, TimeSince=6:01:41.441139, Interval=12:00:00, IsDue=False
2025-04-28 05:55:36|DEBUG  |MarketDataSync|Skip Daily 'aggregate_daily_commodity': Already processed up to or including yesterday (2025-04-28).
2025-04-28 05:55:36|DEBUG  |MarketDataSync|Task 'aggregate_3d_commodity': LastRunUTC=2025-04-27T23:53:52.219063+00:00, TimeSince=6:01:41.429294, Interval=3 days, 0:00:00, IsDue=False
2025-04-28 05:55:36|DEBUG  |MarketDataSync|Task 'aggregate_weekly_commodity': LastRunUTC=2025-04-27T23:53:52.225242+00:00, TimeSince=6:01:41.423115, Interval=7 days, 0:00:00, IsDue=False
2025-04-28 05:55:36|DEBUG  |MarketDataSync|Checking aggregations for 'tse_ifb_symbols': Levels=['daily']
2025-04-28 05:55:36|DEBUG  |MarketDataSync|Skip Daily 'aggregate_daily_tse_ifb_symbols': Already processed up to or including yesterday (2025-04-28).
2025-04-28 05:55:36|INFO   |MarketDataSync|Aggregation Results Summary: Success=3, Skipped=13, Errors=0
2025-04-28 05:55:36|INFO   |MarketDataSync|DB connection closed.
2025-04-28 05:55:36|INFO   |MarketDataSync|[32m--- Market Data Sync Cycle Finished in 2.84 seconds ---[0m
2025-04-28 05:55:36|INFO   |MarketDataSync|Improvement Suggestion 1: Implement more specific error handling for common API issues (e.g., rate limits, maintenance status codes).
2025-04-28 05:55:36|INFO   |MarketDataSync|Improvement Suggestion 2: Consider adding data quality checks (e.g., price outliers, missing symbols) after fetching or before aggregation.
