[32m•[0m 23:53:49|[32mINFO   [0m| [32mCleaned old log file: market_data_20250426_190101.log[0m
[32m•[0m 23:53:49|[32mINFO   [0m| [32mCleaned old log file: market_data_20250426_135043.log[0m
[32m•[0m 23:53:49|[32mINFO   [0m| [32mCleaned old log file: market_data_20250426_144415.log[0m
[32m•[0m 23:53:49|[32mINFO   [0m| [32mCleaned old log file: market_data_20250426_150903.log[0m
[32m•[0m 23:53:49|[32mINFO   [0m| [32mCleaned old log file: market_data_20250426_164957.log[0m
[32m•[0m 23:53:49|[32mINFO   [0m| [32mCleaned old log file: market_data_20250426_135941.log[0m
[32m•[0m 23:53:49|[32mINFO   [0m| [32mCleaned old log file: market_data_20250426_194726.log[0m
[32m•[0m 23:53:49|[32mINFO   [0m| [32mCleaned old log file: market_data_20250426_115820.log[0m
[32m•[0m 23:53:49|[32mINFO   [0m| [32mCleaned old log file: market_data_20250426_130356.log[0m
[32m•[0m 23:53:49|[32mINFO   [0m| [32mCleaned old log file: market_data_20250426_213056.log[0m
[32m•[0m 23:53:49|[32mINFO   [0m| [32mCleaned old log file: market_data_20250426_150902.log[0m
[32m•[0m 23:53:49|[32mINFO   [0m| [32mCleaned old log file: market_data_20250426_223526.log[0m
[32m•[0m 23:53:49|[32mINFO   [0m| [32mCleaned old log file: market_data_20250426_114924.log[0m
[32m•[0m 23:53:49|[32mINFO   [0m| [32mCleaned old log file: market_data_20250426_192842.log[0m
[32m•[0m 23:53:49|[32mINFO   [0m| [32mCleaned old log file: market_data_20250426_201757.log[0m
[32m•[0m 23:53:49|[32mINFO   [0m| [32mCleaned old log file: market_data_20250426_214022.log[0m
[32m•[0m 23:53:49|[32mINFO   [0m| [32mCleaned old log file: market_data_20250426_162210.log[0m
[32m•[0m 23:53:49|[32mINFO   [0m| [32mCleaned old log file: market_data_20250426_143512.log[0m
[32m•[0m 23:53:49|[32mINFO   [0m| [32mCleaned old log file: market_data_20250426_221921.log[0m
[32m•[0m 23:53:49|[32mINFO   [0m| [32mCleaned old log file: market_data_20250426_142118.log[0m
[32m•[0m 23:53:49|[32mINFO   [0m| [32mCleaned old log file: market_data_20250426_154830.log[0m
[32m•[0m 23:53:49|[32mINFO   [0m| [32mCleaned old log file: market_data_20250426_155713.log[0m
[32m•[0m 23:53:49|[32mINFO   [0m| [32mCleaned old log file: market_data_20250426_113103.log[0m
[32m•[0m 23:53:49|[32mINFO   [0m| [32mCleaned old log file: market_data_20250426_105217.log[0m
[32m•[0m 23:53:49|[32mINFO   [0m| [32mCleaned old log file: market_data_20250426_155714.log[0m
[32m•[0m 23:53:49|[32mINFO   [0m| [32mCleaned old log file: market_data_20250426_174007.log[0m
[32m•[0m 23:53:49|[32mINFO   [0m| [32mCleaned old log file: market_data_20250426_132934.log[0m
[32m•[0m 23:53:49|[32mINFO   [0m| [32mCleaned old log file: market_data_20250426_142119.log[0m
[32m•[0m 23:53:49|[32mINFO   [0m| [32mCleaned old log file: market_data_20250426_173031.log[0m
[32m•[0m 23:53:49|[32mINFO   [0m| [32mCleaned old log file: market_data_20250426_114923.log[0m
[32m•[0m 23:53:49|[32mINFO   [0m| [32mCleaned old log file: market_data_20250426_123921.log[0m
[32m•[0m 23:53:49|[32mINFO   [0m| [32mCleaned old log file: market_data_20250426_223527.log[0m
[32m•[0m 23:53:49|[32mINFO   [0m| [32mCleaned old log file: market_data_20250426_205133.log[0m
[32m•[0m 23:53:49|[32mINFO   [0m| [32mCleaned old log file: market_data_20250426_215816.log[0m
[32m•[0m 23:53:49|[32mINFO   [0m| [32mCleaned old log file: market_data_20250426_204237.log[0m
[32m•[0m 23:53:49|[32mINFO   [0m| [32mCleaned old log file: market_data_20250426_143513.log[0m
[32m•[0m 23:53:49|[32mINFO   [0m| [32mCleaned old log file: market_data_20250426_193819.log[0m
[32m•[0m 23:53:49|[32mINFO   [0m| [32mCleaned old log file: market_data_20250426_184313.log[0m
[32m•[0m 23:53:49|[32mINFO   [0m| [32mCleaned old log file: market_data_20250426_192843.log[0m
[32m•[0m 23:53:49|[32mINFO   [0m| [32mCleaned old log file: market_data_20250426_145300.log[0m
[32m•[0m 23:53:49|[32mINFO   [0m| [32mCleaned old log file: market_data_20250426_174902.log[0m
[32m•[0m 23:53:49|[32mINFO   [0m| [32mCleaned old log file: market_data_20250426_210011.log[0m
[32m•[0m 23:53:49|[32mINFO   [0m| [32mCleaned old log file: market_data_20250426_112158.log[0m
[32m•[0m 23:53:49|[32mINFO   [0m| [32mCleaned old log file: market_data_20250426_191940.log[0m
[32m•[0m 23:53:49|[32mINFO   [0m| [32mCleaned old log file: market_data_20250426_193818.log[0m
[32m•[0m 23:53:49|[32mINFO   [0m| [32mCleaned old log file: market_data_20250426_114025.log[0m
[32m•[0m 23:53:49|[32mINFO   [0m| [32mCleaned old log file: market_data_20250426_154829.log[0m
[32m•[0m 23:53:49|[32mINFO   [0m| [32mCleaned old log file: market_data_20250426_174006.log[0m
[32m•[0m 23:53:49|[32mINFO   [0m| [32mCleaned old log file: market_data_20250426_194727.log[0m
[32m•[0m 23:53:49|[32mINFO   [0m| [32mCleaned old log file: market_data_20250426_191941.log[0m
[32m•[0m 23:53:49|[32mINFO   [0m| [32mCleaned old log file: market_data_20250426_134150.log[0m
[32m•[0m 23:53:49|[32mINFO   [0m| [32mCleaned old log file: market_data_20250426_164024.log[0m
[32m•[0m 23:53:49|[32mINFO   [0m| [32mCleaned old log file: market_data_20250426_153918.log[0m
[32m•[0m 23:53:49|[32mINFO   [0m| [32mCleaned old log file: market_data_20250426_110651.log[0m
[32m•[0m 23:53:49|[32mINFO   [0m| [32mCleaned old log file: market_data_20250426_105218.log[0m
[32m•[0m 23:53:49|[32mINFO   [0m| [32mCleaned old log file: market_data_20250426_130355.log[0m
[32m•[0m 23:53:49|[32mINFO   [0m| [32mCleaned old log file: market_data_20250426_115819.log[0m
[32m•[0m 23:53:49|[32mINFO   [0m| [32mCleaned old log file: market_data_20250426_173032.log[0m
[32m•[0m 23:53:49|[32mINFO   [0m| [32mCleaned old log file: market_data_20250426_175756.log[0m
[32m•[0m 23:53:49|[32mINFO   [0m| [32mCleaned old log file: market_data_20250426_152806.log[0m
[32m•[0m 23:53:49|[32mINFO   [0m| [32mCleaned old log file: market_data_20250426_203209.log[0m
[32m•[0m 23:53:49|[32mINFO   [0m| [32mCleaned old log file: market_data_20250426_164958.log[0m
[32m•[0m 23:53:49|[32mINFO   [0m| [32mCleaned old log file: market_data_20250426_114024.log[0m
[32m•[0m 23:53:49|[32mINFO   [0m| [32mCleaned old log file: market_data_20250426_205132.log[0m
[32m•[0m 23:53:49|[32mINFO   [0m| [32mCleaned old log file: market_data_20250426_195630.log[0m
[32m•[0m 23:53:49|[32mINFO   [0m| [32mCleaned old log file: market_data_20250426_134149.log[0m
[32m•[0m 23:53:49|[32mINFO   [0m| [32mCleaned old log file: market_data_20250426_164023.log[0m
[32m•[0m 23:53:49|[32mINFO   [0m| [32mCleaned old log file: market_data_20250426_182624.log[0m
[32m•[0m 23:53:49|[32mINFO   [0m| [32mCleaned old log file: market_data_20250426_203208.log[0m
[32m•[0m 23:53:49|[32mINFO   [0m| [32mCleaned old log file: market_data_20250426_212158.log[0m
[32m•[0m 23:53:49|[32mINFO   [0m| [32mCleaned old log file: market_data_20250426_104317.log[0m
[32m•[0m 23:53:49|[32mINFO   [0m| [32mCleaned old log file: market_data_20250426_214932.log[0m
[32m•[0m 23:53:49|[32mINFO   [0m| [32mCleaned old log file: market_data_20250426_185202.log[0m
[32m•[0m 23:53:49|[32mINFO   [0m| [32mCleaned old log file: market_data_20250426_171725.log[0m
[32m•[0m 23:53:49|[32mINFO   [0m| [32mCleaned old log file: market_data_20250426_165835.log[0m
[32m•[0m 23:53:49|[32mINFO   [0m| [32mCleaned old log file: market_data_20250426_190100.log[0m
[32m•[0m 23:53:49|[32mINFO   [0m| [32mCleaned old log file: market_data_20250426_204238.log[0m
[32m•[0m 23:53:49|[32mINFO   [0m| [32mCleaned old log file: market_data_20250426_144414.log[0m
[32m•[0m 23:53:49|[32mINFO   [0m| [32mLogging setup complete. Target Console Level: INFO, File Level: DEBUG[0m
[32m•[0m 23:53:49|[32mINFO   [0m| [32mCurrent log file: logs/market_data_20250427_235349.log[0m
[32m•[0m 23:53:49|[32mINFO   [0m| [32m[32m--- Starting Market Data Sync Cycle ---[0m[0m
[32m•[0m 23:53:49|[32mINFO   [0m| [32mDB connection successful.[0m
[32m•[0m 23:53:49|[32mINFO   [0m| [32m--- Checking API Fetch Tasks ---[0m
[32m•[0m 23:53:49|[32mINFO   [0m| [32mTask 'fetch_gold_currency' is due: Never run before.[0m
[32m•[0m 23:53:49|[32mINFO   [0m| [32mScheduling fetch for: 'gold_currency'[0m
[32m•[0m 23:53:49|[32mINFO   [0m| [32mTask 'fetch_crypto' is due: Never run before.[0m
[32m•[0m 23:53:49|[32mINFO   [0m| [32mScheduling fetch for: 'crypto'[0m
[32m•[0m 23:53:49|[32mINFO   [0m| [32mTask 'fetch_commodity' is due: Never run before.[0m
[32m•[0m 23:53:49|[32mINFO   [0m| [32mScheduling fetch for: 'commodity'[0m
[32m•[0m 23:53:49|[32mINFO   [0m| [32mAttempting to fetch data for 3 endpoints...[0m
[32m•[0m 23:53:51|[32mINFO   [0m| [32mSuccess: Fetched 'gold_currency'.[0m
[32m•[0m 23:53:51|[32mINFO   [0m| [32mSuccess: Fetched 'commodity'.[0m
[32m•[0m 23:53:52|[32mINFO   [0m| [32mSuccess: Fetched 'crypto'.[0m
[32m•[0m 23:53:52|[32mINFO   [0m| [32m--- Processing Fetch Results ---[0m
[32m•[0m 23:53:52|[32mINFO   [0m| [32mFetch Results Summary: Processed=3, DB Inserts=3, Errors=0[0m
[32m•[0m 23:53:52|[32mINFO   [0m| [32m--- Checking Aggregation Tasks ---[0m
[32m•[0m 23:53:52|[32mINFO   [0m| [32mTask 'aggregate_6h_gold_currency' is due: Never run before.[0m
[32m•[0m 23:53:52|[32mINFO   [0m| [32mRunning Aggregation: 'aggregate_6h_gold_currency' target=2025-04-27T23:53:49.757759+00:00 period=[2025-04-27T17:53:49.757759+00:00 to 2025-04-27T23:53:49.757759+00:00)[0m
[32m•[0m 23:53:52|[32mINFO   [0m| [32mStarting aggregation for 'gold_currency_6h' (Period: 2025-04-27T17:53:49.757759+00:00 to 2025-04-27T23:53:49.757759+00:00)[0m
[32m•[0m 23:53:52|[32mINFO   [0m| [32mSkip Aggregation for gold_currency_6h: No raw data found in period 2025-04-27T17:53:49.757759+00:00 to 2025-04-27T23:53:49.757759+00:00.[0m
[32m•[0m 23:53:52|[32mINFO   [0m| [32mTask 'aggregate_12h_gold_currency' is due: Never run before.[0m
[32m•[0m 23:53:52|[32mINFO   [0m| [32mRunning Aggregation: 'aggregate_12h_gold_currency' target=2025-04-27T23:53:49.757759+00:00 period=[2025-04-27T11:53:49.757759+00:00 to 2025-04-27T23:53:49.757759+00:00)[0m
[32m•[0m 23:53:52|[32mINFO   [0m| [32mStarting aggregation for 'gold_currency_12h' (Period: 2025-04-27T11:53:49.757759+00:00 to 2025-04-27T23:53:49.757759+00:00)[0m
[32m•[0m 23:53:52|[32mINFO   [0m| [32mSkip Aggregation for gold_currency_12h: No raw data found in period 2025-04-27T11:53:49.757759+00:00 to 2025-04-27T23:53:49.757759+00:00.[0m
[32m•[0m 23:53:52|[32mINFO   [0m| [32mDaily task 'aggregate_daily_gold_currency' due: Never run before.[0m
[32m•[0m 23:53:52|[32mINFO   [0m| [32mRunning Aggregation: 'aggregate_daily_gold_currency' target=2025-04-27 period=[2025-04-26T20:30:00+00:00 to 2025-04-27T20:30:00+00:00)[0m
[32m•[0m 23:53:52|[32mINFO   [0m| [32mStarting aggregation for 'gold_currency_daily' (Period: 2025-04-26T20:30:00+00:00 to 2025-04-27T20:30:00+00:00)[0m
[32m•[0m 23:53:52|[32mINFO   [0m| [32mSkip Aggregation for gold_currency_daily: No raw data found in period 2025-04-26T20:30:00+00:00 to 2025-04-27T20:30:00+00:00.[0m
[32m•[0m 23:53:52|[32mINFO   [0m| [32mTask 'aggregate_3d_gold_currency' is due: Never run before.[0m
[32m•[0m 23:53:52|[32mINFO   [0m| [32mRunning Aggregation: 'aggregate_3d_gold_currency' target=2025-04-27T23:53:49.757759+00:00 period=[2025-04-24T23:53:49.757759+00:00 to 2025-04-27T23:53:49.757759+00:00)[0m
[32m•[0m 23:53:52|[32mINFO   [0m| [32mStarting aggregation for 'gold_currency_3d' (Period: 2025-04-24T23:53:49.757759+00:00 to 2025-04-27T23:53:49.757759+00:00)[0m
[32m•[0m 23:53:52|[32mINFO   [0m| [32mSkip Aggregation for gold_currency_3d: No raw data found in period 2025-04-24T23:53:49.757759+00:00 to 2025-04-27T23:53:49.757759+00:00.[0m
[32m•[0m 23:53:52|[32mINFO   [0m| [32mTask 'aggregate_weekly_gold_currency' is due: Never run before.[0m
[32m•[0m 23:53:52|[32mINFO   [0m| [32mRunning Aggregation: 'aggregate_weekly_gold_currency' target=2025-04-27T23:53:49.757759+00:00 period=[2025-04-20T23:53:49.757759+00:00 to 2025-04-27T23:53:49.757759+00:00)[0m
[32m•[0m 23:53:52|[32mINFO   [0m| [32mStarting aggregation for 'gold_currency_weekly' (Period: 2025-04-20T23:53:49.757759+00:00 to 2025-04-27T23:53:49.757759+00:00)[0m
[32m•[0m 23:53:52|[32mINFO   [0m| [32mSkip Aggregation for gold_currency_weekly: No raw data found in period 2025-04-20T23:53:49.757759+00:00 to 2025-04-27T23:53:49.757759+00:00.[0m
[32m•[0m 23:53:52|[32mINFO   [0m| [32mTask 'aggregate_6h_crypto' is due: Never run before.[0m
[32m•[0m 23:53:52|[32mINFO   [0m| [32mRunning Aggregation: 'aggregate_6h_crypto' target=2025-04-27T23:53:49.757759+00:00 period=[2025-04-27T17:53:49.757759+00:00 to 2025-04-27T23:53:49.757759+00:00)[0m
[32m•[0m 23:53:52|[32mINFO   [0m| [32mStarting aggregation for 'crypto_6h' (Period: 2025-04-27T17:53:49.757759+00:00 to 2025-04-27T23:53:49.757759+00:00)[0m
[32m•[0m 23:53:52|[32mINFO   [0m| [32mSkip Aggregation for crypto_6h: No raw data found in period 2025-04-27T17:53:49.757759+00:00 to 2025-04-27T23:53:49.757759+00:00.[0m
[32m•[0m 23:53:52|[32mINFO   [0m| [32mTask 'aggregate_12h_crypto' is due: Never run before.[0m
[32m•[0m 23:53:52|[32mINFO   [0m| [32mRunning Aggregation: 'aggregate_12h_crypto' target=2025-04-27T23:53:49.757759+00:00 period=[2025-04-27T11:53:49.757759+00:00 to 2025-04-27T23:53:49.757759+00:00)[0m
[32m•[0m 23:53:52|[32mINFO   [0m| [32mStarting aggregation for 'crypto_12h' (Period: 2025-04-27T11:53:49.757759+00:00 to 2025-04-27T23:53:49.757759+00:00)[0m
[32m•[0m 23:53:52|[32mINFO   [0m| [32mSkip Aggregation for crypto_12h: No raw data found in period 2025-04-27T11:53:49.757759+00:00 to 2025-04-27T23:53:49.757759+00:00.[0m
[32m•[0m 23:53:52|[32mINFO   [0m| [32mDaily task 'aggregate_daily_crypto' due: Never run before.[0m
[32m•[0m 23:53:52|[32mINFO   [0m| [32mRunning Aggregation: 'aggregate_daily_crypto' target=2025-04-27 period=[2025-04-26T20:30:00+00:00 to 2025-04-27T20:30:00+00:00)[0m
[32m•[0m 23:53:52|[32mINFO   [0m| [32mStarting aggregation for 'crypto_daily' (Period: 2025-04-26T20:30:00+00:00 to 2025-04-27T20:30:00+00:00)[0m
[32m•[0m 23:53:52|[32mINFO   [0m| [32mSkip Aggregation for crypto_daily: No raw data found in period 2025-04-26T20:30:00+00:00 to 2025-04-27T20:30:00+00:00.[0m
[32m•[0m 23:53:52|[32mINFO   [0m| [32mTask 'aggregate_3d_crypto' is due: Never run before.[0m
[32m•[0m 23:53:52|[32mINFO   [0m| [32mRunning Aggregation: 'aggregate_3d_crypto' target=2025-04-27T23:53:49.757759+00:00 period=[2025-04-24T23:53:49.757759+00:00 to 2025-04-27T23:53:49.757759+00:00)[0m
[32m•[0m 23:53:52|[32mINFO   [0m| [32mStarting aggregation for 'crypto_3d' (Period: 2025-04-24T23:53:49.757759+00:00 to 2025-04-27T23:53:49.757759+00:00)[0m
[32m•[0m 23:53:52|[32mINFO   [0m| [32mSkip Aggregation for crypto_3d: No raw data found in period 2025-04-24T23:53:49.757759+00:00 to 2025-04-27T23:53:49.757759+00:00.[0m
[32m•[0m 23:53:52|[32mINFO   [0m| [32mTask 'aggregate_weekly_crypto' is due: Never run before.[0m
[32m•[0m 23:53:52|[32mINFO   [0m| [32mRunning Aggregation: 'aggregate_weekly_crypto' target=2025-04-27T23:53:49.757759+00:00 period=[2025-04-20T23:53:49.757759+00:00 to 2025-04-27T23:53:49.757759+00:00)[0m
[32m•[0m 23:53:52|[32mINFO   [0m| [32mStarting aggregation for 'crypto_weekly' (Period: 2025-04-20T23:53:49.757759+00:00 to 2025-04-27T23:53:49.757759+00:00)[0m
[32m•[0m 23:53:52|[32mINFO   [0m| [32mSkip Aggregation for crypto_weekly: No raw data found in period 2025-04-20T23:53:49.757759+00:00 to 2025-04-27T23:53:49.757759+00:00.[0m
[32m•[0m 23:53:52|[32mINFO   [0m| [32mTask 'aggregate_6h_commodity' is due: Never run before.[0m
[32m•[0m 23:53:52|[32mINFO   [0m| [32mRunning Aggregation: 'aggregate_6h_commodity' target=2025-04-27T23:53:49.757759+00:00 period=[2025-04-27T17:53:49.757759+00:00 to 2025-04-27T23:53:49.757759+00:00)[0m
[32m•[0m 23:53:52|[32mINFO   [0m| [32mStarting aggregation for 'commodity_6h' (Period: 2025-04-27T17:53:49.757759+00:00 to 2025-04-27T23:53:49.757759+00:00)[0m
[32m•[0m 23:53:52|[32mINFO   [0m| [32mSkip Aggregation for commodity_6h: No raw data found in period 2025-04-27T17:53:49.757759+00:00 to 2025-04-27T23:53:49.757759+00:00.[0m
[32m•[0m 23:53:52|[32mINFO   [0m| [32mTask 'aggregate_12h_commodity' is due: Never run before.[0m
[32m•[0m 23:53:52|[32mINFO   [0m| [32mRunning Aggregation: 'aggregate_12h_commodity' target=2025-04-27T23:53:49.757759+00:00 period=[2025-04-27T11:53:49.757759+00:00 to 2025-04-27T23:53:49.757759+00:00)[0m
[32m•[0m 23:53:52|[32mINFO   [0m| [32mStarting aggregation for 'commodity_12h' (Period: 2025-04-27T11:53:49.757759+00:00 to 2025-04-27T23:53:49.757759+00:00)[0m
[32m•[0m 23:53:52|[32mINFO   [0m| [32mSkip Aggregation for commodity_12h: No raw data found in period 2025-04-27T11:53:49.757759+00:00 to 2025-04-27T23:53:49.757759+00:00.[0m
[32m•[0m 23:53:52|[32mINFO   [0m| [32mDaily task 'aggregate_daily_commodity' due: Never run before.[0m
[32m•[0m 23:53:52|[32mINFO   [0m| [32mRunning Aggregation: 'aggregate_daily_commodity' target=2025-04-27 period=[2025-04-26T20:30:00+00:00 to 2025-04-27T20:30:00+00:00)[0m
[32m•[0m 23:53:52|[32mINFO   [0m| [32mStarting aggregation for 'commodity_daily' (Period: 2025-04-26T20:30:00+00:00 to 2025-04-27T20:30:00+00:00)[0m
[32m•[0m 23:53:52|[32mINFO   [0m| [32mSkip Aggregation for commodity_daily: No raw data found in period 2025-04-26T20:30:00+00:00 to 2025-04-27T20:30:00+00:00.[0m
[32m•[0m 23:53:52|[32mINFO   [0m| [32mTask 'aggregate_3d_commodity' is due: Never run before.[0m
[32m•[0m 23:53:52|[32mINFO   [0m| [32mRunning Aggregation: 'aggregate_3d_commodity' target=2025-04-27T23:53:49.757759+00:00 period=[2025-04-24T23:53:49.757759+00:00 to 2025-04-27T23:53:49.757759+00:00)[0m
[32m•[0m 23:53:52|[32mINFO   [0m| [32mStarting aggregation for 'commodity_3d' (Period: 2025-04-24T23:53:49.757759+00:00 to 2025-04-27T23:53:49.757759+00:00)[0m
[32m•[0m 23:53:52|[32mINFO   [0m| [32mSkip Aggregation for commodity_3d: No raw data found in period 2025-04-24T23:53:49.757759+00:00 to 2025-04-27T23:53:49.757759+00:00.[0m
[32m•[0m 23:53:52|[32mINFO   [0m| [32mTask 'aggregate_weekly_commodity' is due: Never run before.[0m
[32m•[0m 23:53:52|[32mINFO   [0m| [32mRunning Aggregation: 'aggregate_weekly_commodity' target=2025-04-27T23:53:49.757759+00:00 period=[2025-04-20T23:53:49.757759+00:00 to 2025-04-27T23:53:49.757759+00:00)[0m
[32m•[0m 23:53:52|[32mINFO   [0m| [32mStarting aggregation for 'commodity_weekly' (Period: 2025-04-20T23:53:49.757759+00:00 to 2025-04-27T23:53:49.757759+00:00)[0m
[32m•[0m 23:53:52|[32mINFO   [0m| [32mSkip Aggregation for commodity_weekly: No raw data found in period 2025-04-20T23:53:49.757759+00:00 to 2025-04-27T23:53:49.757759+00:00.[0m
[32m•[0m 23:53:52|[32mINFO   [0m| [32mDaily task 'aggregate_daily_tse_ifb_symbols' due: Never run before.[0m
[32m•[0m 23:53:52|[32mINFO   [0m| [32mRunning Aggregation: 'aggregate_daily_tse_ifb_symbols' target=2025-04-27 period=[2025-04-26T20:30:00+00:00 to 2025-04-27T20:30:00+00:00)[0m
[32m•[0m 23:53:52|[32mINFO   [0m| [32mStarting aggregation for 'tse_ifb_symbols_daily' (Period: 2025-04-26T20:30:00+00:00 to 2025-04-27T20:30:00+00:00)[0m
[33m•[0m 23:53:52|[33mWARNING[0m| [33mSkip Aggregation for tse_ifb_symbols_daily: Raw table 'tse_ifb_symbols_raw' does not exist.[0m
[32m•[0m 23:53:52|[32mINFO   [0m| [32mAggregation Results Summary: Success=16, Skipped=0, Errors=0[0m
[32m•[0m 23:53:52|[32mINFO   [0m| [32mDB connection closed.[0m
[32m•[0m 23:53:52|[32mINFO   [0m| [32m[32m--- Market Data Sync Cycle Finished in 2.50 seconds ---[0m[0m
[32m•[0m 23:53:52|[32mINFO   [0m| [32mImprovement Suggestion 1: Implement more specific error handling for common API issues (e.g., rate limits, maintenance status codes).[0m
[32m•[0m 23:53:52|[32mINFO   [0m| [32mImprovement Suggestion 2: Consider adding data quality checks (e.g., price outliers, missing symbols) after fetching or before aggregation.[0m
[34m•[0m No .env file found at: /home/runner/work/riyales-api/riyales-api/src/../.env. Relying on system environment variables.
ggregation for crypto_daily: No raw data found in period 2025-04-26T20:30:00+00:00 to 2025-04-27T20:30:00+00:00.
2025-04-27 23:53:52|DEBUG  |MarketDataSync|Updated last run time for 'aggregate_daily_crypto' to 2025-04-27T23:53:52.178310+00:00
2025-04-27 23:53:52|INFO   |MarketDataSync|Task 'aggregate_3d_crypto' is due: Never run before.
2025-04-27 23:53:52|INFO   |MarketDataSync|Running Aggregation: 'aggregate_3d_crypto' target=2025-04-27T23:53:49.757759+00:00 period=[2025-04-24T23:53:49.757759+00:00 to 2025-04-27T23:53:49.757759+00:00)
2025-04-27 23:53:52|INFO   |MarketDataSync|Starting aggregation for 'crypto_3d' (Period: 2025-04-24T23:53:49.757759+00:00 to 2025-04-27T23:53:49.757759+00:00)
2025-04-27 23:53:52|INFO   |MarketDataSync|Skip Aggregation for crypto_3d: No raw data found in period 2025-04-24T23:53:49.757759+00:00 to 2025-04-27T23:53:49.757759+00:00.
2025-04-27 23:53:52|DEBUG  |MarketDataSync|Updated last run time for 'aggregate_3d_crypto' to 2025-04-27T23:53:52.184634+00:00
2025-04-27 23:53:52|INFO   |MarketDataSync|Task 'aggregate_weekly_crypto' is due: Never run before.
2025-04-27 23:53:52|INFO   |MarketDataSync|Running Aggregation: 'aggregate_weekly_crypto' target=2025-04-27T23:53:49.757759+00:00 period=[2025-04-20T23:53:49.757759+00:00 to 2025-04-27T23:53:49.757759+00:00)
2025-04-27 23:53:52|INFO   |MarketDataSync|Starting aggregation for 'crypto_weekly' (Period: 2025-04-20T23:53:49.757759+00:00 to 2025-04-27T23:53:49.757759+00:00)
2025-04-27 23:53:52|INFO   |MarketDataSync|Skip Aggregation for crypto_weekly: No raw data found in period 2025-04-20T23:53:49.757759+00:00 to 2025-04-27T23:53:49.757759+00:00.
2025-04-27 23:53:52|DEBUG  |MarketDataSync|Updated last run time for 'aggregate_weekly_crypto' to 2025-04-27T23:53:52.190994+00:00
2025-04-27 23:53:52|DEBUG  |MarketDataSync|Checking aggregations for 'commodity': Levels=['6h', '12h', 'daily', '3d', 'weekly']
2025-04-27 23:53:52|INFO   |MarketDataSync|Task 'aggregate_6h_commodity' is due: Never run before.
2025-04-27 23:53:52|INFO   |MarketDataSync|Running Aggregation: 'aggregate_6h_commodity' target=2025-04-27T23:53:49.757759+00:00 period=[2025-04-27T17:53:49.757759+00:00 to 2025-04-27T23:53:49.757759+00:00)
2025-04-27 23:53:52|INFO   |MarketDataSync|Starting aggregation for 'commodity_6h' (Period: 2025-04-27T17:53:49.757759+00:00 to 2025-04-27T23:53:49.757759+00:00)
2025-04-27 23:53:52|INFO   |MarketDataSync|Skip Aggregation for commodity_6h: No raw data found in period 2025-04-27T17:53:49.757759+00:00 to 2025-04-27T23:53:49.757759+00:00.
2025-04-27 23:53:52|DEBUG  |MarketDataSync|Updated last run time for 'aggregate_6h_commodity' to 2025-04-27T23:53:52.197363+00:00
2025-04-27 23:53:52|INFO   |MarketDataSync|Task 'aggregate_12h_commodity' is due: Never run before.
2025-04-27 23:53:52|INFO   |MarketDataSync|Running Aggregation: 'aggregate_12h_commodity' target=2025-04-27T23:53:49.757759+00:00 period=[2025-04-27T11:53:49.757759+00:00 to 2025-04-27T23:53:49.757759+00:00)
2025-04-27 23:53:52|INFO   |MarketDataSync|Starting aggregation for 'commodity_12h' (Period: 2025-04-27T11:53:49.757759+00:00 to 2025-04-27T23:53:49.757759+00:00)
2025-04-27 23:53:52|INFO   |MarketDataSync|Skip Aggregation for commodity_12h: No raw data found in period 2025-04-27T11:53:49.757759+00:00 to 2025-04-27T23:53:49.757759+00:00.
2025-04-27 23:53:52|DEBUG  |MarketDataSync|Updated last run time for 'aggregate_12h_commodity' to 2025-04-27T23:53:52.207218+00:00
2025-04-27 23:53:52|INFO   |MarketDataSync|Daily task 'aggregate_daily_commodity' due: Never run before.
2025-04-27 23:53:52|INFO   |MarketDataSync|Running Aggregation: 'aggregate_daily_commodity' target=2025-04-27 period=[2025-04-26T20:30:00+00:00 to 2025-04-27T20:30:00+00:00)
2025-04-27 23:53:52|INFO   |MarketDataSync|Starting aggregation for 'commodity_daily' (Period: 2025-04-26T20:30:00+00:00 to 2025-04-27T20:30:00+00:00)
2025-04-27 23:53:52|INFO   |MarketDataSync|Skip Aggregation for commodity_daily: No raw data found in period 2025-04-26T20:30:00+00:00 to 2025-04-27T20:30:00+00:00.
2025-04-27 23:53:52|DEBUG  |MarketDataSync|Updated last run time for 'aggregate_daily_commodity' to 2025-04-27T23:53:52.213290+00:00
2025-04-27 23:53:52|INFO   |MarketDataSync|Task 'aggregate_3d_commodity' is due: Never run before.
2025-04-27 23:53:52|INFO   |MarketDataSync|Running Aggregation: 'aggregate_3d_commodity' target=2025-04-27T23:53:49.757759+00:00 period=[2025-04-24T23:53:49.757759+00:00 to 2025-04-27T23:53:49.757759+00:00)
2025-04-27 23:53:52|INFO   |MarketDataSync|Starting aggregation for 'commodity_3d' (Period: 2025-04-24T23:53:49.757759+00:00 to 2025-04-27T23:53:49.757759+00:00)
2025-04-27 23:53:52|INFO   |MarketDataSync|Skip Aggregation for commodity_3d: No raw data found in period 2025-04-24T23:53:49.757759+00:00 to 2025-04-27T23:53:49.757759+00:00.
2025-04-27 23:53:52|DEBUG  |MarketDataSync|Updated last run time for 'aggregate_3d_commodity' to 2025-04-27T23:53:52.219063+00:00
2025-04-27 23:53:52|INFO   |MarketDataSync|Task 'aggregate_weekly_commodity' is due: Never run before.
2025-04-27 23:53:52|INFO   |MarketDataSync|Running Aggregation: 'aggregate_weekly_commodity' target=2025-04-27T23:53:49.757759+00:00 period=[2025-04-20T23:53:49.757759+00:00 to 2025-04-27T23:53:49.757759+00:00)
2025-04-27 23:53:52|INFO   |MarketDataSync|Starting aggregation for 'commodity_weekly' (Period: 2025-04-20T23:53:49.757759+00:00 to 2025-04-27T23:53:49.757759+00:00)
2025-04-27 23:53:52|INFO   |MarketDataSync|Skip Aggregation for commodity_weekly: No raw data found in period 2025-04-20T23:53:49.757759+00:00 to 2025-04-27T23:53:49.757759+00:00.
2025-04-27 23:53:52|DEBUG  |MarketDataSync|Updated last run time for 'aggregate_weekly_commodity' to 2025-04-27T23:53:52.225242+00:00
2025-04-27 23:53:52|DEBUG  |MarketDataSync|Checking aggregations for 'tse_ifb_symbols': Levels=['daily']
2025-04-27 23:53:52|INFO   |MarketDataSync|Daily task 'aggregate_daily_tse_ifb_symbols' due: Never run before.
2025-04-27 23:53:52|INFO   |MarketDataSync|Running Aggregation: 'aggregate_daily_tse_ifb_symbols' target=2025-04-27 period=[2025-04-26T20:30:00+00:00 to 2025-04-27T20:30:00+00:00)
2025-04-27 23:53:52|INFO   |MarketDataSync|Starting aggregation for 'tse_ifb_symbols_daily' (Period: 2025-04-26T20:30:00+00:00 to 2025-04-27T20:30:00+00:00)
2025-04-27 23:53:52|WARNING|MarketDataSync|Skip Aggregation for tse_ifb_symbols_daily: Raw table 'tse_ifb_symbols_raw' does not exist.
2025-04-27 23:53:52|INFO   |MarketDataSync|Aggregation Results Summary: Success=16, Skipped=0, Errors=0
2025-04-27 23:53:52|INFO   |MarketDataSync|DB connection closed.
2025-04-27 23:53:52|INFO   |MarketDataSync|[32m--- Market Data Sync Cycle Finished in 2.50 seconds ---[0m
2025-04-27 23:53:52|INFO   |MarketDataSync|Improvement Suggestion 1: Implement more specific error handling for common API issues (e.g., rate limits, maintenance status codes).
2025-04-27 23:53:52|INFO   |MarketDataSync|Improvement Suggestion 2: Consider adding data quality checks (e.g., price outliers, missing symbols) after fetching or before aggregation.
