2025-04-25 21:24:17|DEBUG  |MarketDataSync|Checking for logs older than 12 hours (2025-04-25T09:24:17.573390) in 'logs'...
2025-04-25 21:24:17|DEBUG  |MarketDataSync|Log cleanup finished. Removed 0 old files.
2025-04-25 21:24:17|INFO   |MarketDataSync|Logging setup complete. Target Console Level: INFO, File Level: DEBUG
2025-04-25 21:24:17|INFO   |MarketDataSync|Current log file: logs/market_data_20250425_212417.log
2025-04-25 21:24:17|DEBUG  |MarketDataSync|To change console log level, set the 'LOG_LEVEL' environment variable (e.g., 'DEBUG', 'INFO', 'WARNING').
2025-04-25 21:24:17|INFO   |MarketDataSync|[32m--- Starting Market Data Sync Cycle ---[0m
2025-04-25 21:24:17|DEBUG  |MarketDataSync|Attempting to connect to DB: data/market_data.duckdb
2025-04-25 21:24:17|INFO   |MarketDataSync|DB connection successful.
2025-04-25 21:24:17|DEBUG  |MarketDataSync|Ensured aggregation_tracker table exists.
2025-04-25 21:24:17|DEBUG  |MarketDataSync|Cycle time: UTC=2025-04-25T21:24:17.637744+00:00, Local=2025-04-26T00:54:17.637744+03:30
2025-04-25 21:24:17|INFO   |MarketDataSync|--- Checking API Fetch Tasks ---
2025-04-25 21:24:17|DEBUG  |MarketDataSync|Checking fetch task: 'gold_currency'
2025-04-25 21:24:17|DEBUG  |MarketDataSync|Task 'fetch_gold_currency': LastRunUTC=2025-04-25T20:51:41.480265+00:00, TimeSince=0:32:36.157479, Interval=0:10:00, IsDue=True
2025-04-25 21:24:17|INFO   |MarketDataSync|Scheduling fetch for: 'gold_currency'
2025-04-25 21:24:17|DEBUG  |MarketDataSync|Checking fetch task: 'crypto'
2025-04-25 21:24:17|DEBUG  |MarketDataSync|Task 'fetch_crypto': LastRunUTC=2025-04-25T20:51:41.480265+00:00, TimeSince=0:32:36.157479, Interval=0:10:00, IsDue=True
2025-04-25 21:24:17|INFO   |MarketDataSync|Scheduling fetch for: 'crypto'
2025-04-25 21:24:17|DEBUG  |MarketDataSync|Checking fetch task: 'commodity'
2025-04-25 21:24:17|DEBUG  |MarketDataSync|Task 'fetch_commodity': LastRunUTC=2025-04-25T20:51:41.480265+00:00, TimeSince=0:32:36.157479, Interval=0:10:00, IsDue=True
2025-04-25 21:24:17|INFO   |MarketDataSync|Scheduling fetch for: 'commodity'
2025-04-25 21:24:17|DEBUG  |MarketDataSync|Checking fetch task: 'tse_ifb_symbols'
2025-04-25 21:24:17|DEBUG  |MarketDataSync|Market Check: LocalTime=00:54:17 +0330, Weekday=5, CurrentTime=00:54:17.641033, MarketHours=08:45:00-12:45:00, MarketDays=[5, 6, 0, 1, 2]
2025-04-25 21:24:17|DEBUG  |MarketDataSync|Market Status: CLOSED (Within Market Hours Check)
2025-04-25 21:24:17|DEBUG  |MarketDataSync| -> Skip 'tse_ifb_symbols': Market is closed.
2025-04-25 21:24:17|DEBUG  |MarketDataSync|Checking fetch task: 'tse_options'
2025-04-25 21:24:17|DEBUG  |MarketDataSync| -> Skip 'tse_options': Disabled in config.
2025-04-25 21:24:17|DEBUG  |MarketDataSync|Checking fetch task: 'tse_nav'
2025-04-25 21:24:17|DEBUG  |MarketDataSync| -> Skip 'tse_nav': Disabled in config.
2025-04-25 21:24:17|DEBUG  |MarketDataSync|Checking fetch task: 'tse_index'
2025-04-25 21:24:17|DEBUG  |MarketDataSync| -> Skip 'tse_index': Disabled in config.
2025-04-25 21:24:17|DEBUG  |MarketDataSync|Checking fetch task: 'ifb_index'
2025-04-25 21:24:17|DEBUG  |MarketDataSync| -> Skip 'ifb_index': Disabled in config.
2025-04-25 21:24:17|DEBUG  |MarketDataSync|Checking fetch task: 'selected_indices'
2025-04-25 21:24:17|DEBUG  |MarketDataSync| -> Skip 'selected_indices': Disabled in config.
2025-04-25 21:24:17|DEBUG  |MarketDataSync|Checking fetch task: 'debt_securities'
2025-04-25 21:24:17|DEBUG  |MarketDataSync|Market Check: LocalTime=00:54:17 +0330, Weekday=5, CurrentTime=00:54:17.641392, MarketHours=08:45:00-12:45:00, MarketDays=[5, 6, 0, 1, 2]
2025-04-25 21:24:17|DEBUG  |MarketDataSync|Market Status: CLOSED (Within Market Hours Check)
2025-04-25 21:24:17|DEBUG  |MarketDataSync| -> Skip 'debt_securities': Market is closed.
2025-04-25 21:24:17|DEBUG  |MarketDataSync|Checking fetch task: 'housing_facilities'
2025-04-25 21:24:17|DEBUG  |MarketDataSync|Market Check: LocalTime=00:54:17 +0330, Weekday=5, CurrentTime=00:54:17.641489, MarketHours=08:45:00-12:45:00, MarketDays=[5, 6, 0, 1, 2]
2025-04-25 21:24:17|DEBUG  |MarketDataSync|Market Status: CLOSED (Within Market Hours Check)
2025-04-25 21:24:17|DEBUG  |MarketDataSync| -> Skip 'housing_facilities': Market is closed.
2025-04-25 21:24:17|DEBUG  |MarketDataSync|Checking fetch task: 'futures'
2025-04-25 21:24:17|DEBUG  |MarketDataSync|Market Check: LocalTime=00:54:17 +0330, Weekday=5, CurrentTime=00:54:17.641586, MarketHours=08:45:00-12:45:00, MarketDays=[5, 6, 0, 1, 2]
2025-04-25 21:24:17|DEBUG  |MarketDataSync|Market Status: CLOSED (Within Market Hours Check)
2025-04-25 21:24:17|DEBUG  |MarketDataSync| -> Skip 'futures': Market is closed.
2025-04-25 21:24:17|INFO   |MarketDataSync|Attempting to fetch data for 3 endpoints...
2025-04-25 21:24:17|DEBUG  |MarketDataSync|Requesting: gold_currency (https://brsapi.ir/Api/Market/Gold_Currency.php?key=********)
2025-04-25 21:24:17|DEBUG  |MarketDataSync|Requesting: crypto (https://brsapi.ir/Api/Market/Cryptocurrency.php?key=********)
2025-04-25 21:24:17|DEBUG  |MarketDataSync|Requesting: commodity (https://brsapi.ir/Api/Market/Commodity.php?key=********)
2025-04-25 21:24:19|DEBUG  |MarketDataSync|Response: crypto Status=200 in 1.50s
2025-04-25 21:24:19|DEBUG  |MarketDataSync|Response: gold_currency Status=200 in 1.54s
2025-04-25 21:24:19|INFO   |MarketDataSync|Success: Fetched 'gold_currency'.
2025-04-25 21:24:19|DEBUG  |MarketDataSync|Response: commodity Status=200 in 1.52s
2025-04-25 21:24:19|INFO   |MarketDataSync|Success: Fetched 'commodity'.
2025-04-25 21:24:19|INFO   |MarketDataSync|Success: Fetched 'crypto'.
2025-04-25 21:24:19|INFO   |MarketDataSync|--- Processing Fetch Results ---
2025-04-25 21:24:19|DEBUG  |MarketDataSync|Ensured table 'gold_currency_raw' exists or was created.
2025-04-25 21:24:19|DEBUG  |MarketDataSync|Inserted raw data into 'gold_currency_raw' for 2025-04-25T21:24:19.786062+00:00.
2025-04-25 21:24:19|DEBUG  |MarketDataSync|Saved latest raw JSON: gold_currency.json
2025-04-25 21:24:19|DEBUG  |MarketDataSync|Updated last run time for 'fetch_gold_currency' to 2025-04-25T21:24:17.637744+00:00
2025-04-25 21:24:19|DEBUG  |MarketDataSync|Ensured table 'crypto_raw' exists or was created.
2025-04-25 21:24:19|DEBUG  |MarketDataSync|Inserted raw data into 'crypto_raw' for 2025-04-25T21:24:19.786062+00:00.
2025-04-25 21:24:19|DEBUG  |MarketDataSync|Saved latest raw JSON: cryptocurrency.json
2025-04-25 21:24:19|DEBUG  |MarketDataSync|Updated last run time for 'fetch_crypto' to 2025-04-25T21:24:17.637744+00:00
2025-04-25 21:24:19|DEBUG  |MarketDataSync|Ensured table 'commodity_raw' exists or was created.
2025-04-25 21:24:19|DEBUG  |MarketDataSync|Inserted raw data into 'commodity_raw' for 2025-04-25T21:24:19.786062+00:00.
2025-04-25 21:24:19|DEBUG  |MarketDataSync|Saved latest raw JSON: commodity.json
2025-04-25 21:24:19|DEBUG  |MarketDataSync|Updated last run time for 'fetch_commodity' to 2025-04-25T21:24:17.637744+00:00
2025-04-25 21:24:19|INFO   |MarketDataSync|Fetch Results Summary: Processed=3, DB Inserts=3, Errors=0
2025-04-25 21:24:19|INFO   |MarketDataSync|--- Checking Aggregation Tasks ---
2025-04-25 21:24:19|DEBUG  |MarketDataSync|Checking aggregations for 'gold_currency': Levels=['6h', '12h', 'daily', '3d', 'weekly']
2025-04-25 21:24:19|DEBUG  |MarketDataSync|Task 'aggregate_6h_gold_currency': LastRunUTC=2025-04-25T16:19:23.792789+00:00, TimeSince=5:04:53.844955, Interval=6:00:00, IsDue=False
2025-04-25 21:24:19|DEBUG  |MarketDataSync|Task 'aggregate_12h_gold_currency': LastRunUTC=2025-04-25T10:17:00.654231+00:00, TimeSince=11:07:16.983513, Interval=12:00:00, IsDue=False
2025-04-25 21:24:19|DEBUG  |MarketDataSync|Skip Daily 'aggregate_daily_gold_currency': Already processed up to or including yesterday (2025-04-25).
2025-04-25 21:24:19|DEBUG  |MarketDataSync|Task 'aggregate_3d_gold_currency': LastRunUTC=2025-04-25T10:17:00.758358+00:00, TimeSince=11:07:16.879386, Interval=3 days, 0:00:00, IsDue=False
2025-04-25 21:24:19|DEBUG  |MarketDataSync|Task 'aggregate_weekly_gold_currency': LastRunUTC=2025-04-25T10:17:00.859913+00:00, TimeSince=11:07:16.777831, Interval=7 days, 0:00:00, IsDue=False
2025-04-25 21:24:19|DEBUG  |MarketDataSync|Checking aggregations for 'crypto': Levels=['6h', '12h', 'daily', '3d', 'weekly']
2025-04-25 21:24:19|DEBUG  |MarketDataSync|Task 'aggregate_6h_crypto': LastRunUTC=2025-04-25T16:19:24.042817+00:00, TimeSince=5:04:53.594927, Interval=6:00:00, IsDue=False
2025-04-25 21:24:19|DEBUG  |MarketDataSync|Task 'aggregate_12h_crypto': LastRunUTC=2025-04-25T10:17:01.473306+00:00, TimeSince=11:07:16.164438, Interval=12:00:00, IsDue=False
2025-04-25 21:24:19|DEBUG  |MarketDataSync|Skip Daily 'aggregate_daily_crypto': Already processed up to or including yesterday (2025-04-25).
2025-04-25 21:24:19|DEBUG  |MarketDataSync|Task 'aggregate_3d_crypto': LastRunUTC=2025-04-25T10:17:01.806736+00:00, TimeSince=11:07:15.831008, Interval=3 days, 0:00:00, IsDue=False
2025-04-25 21:24:19|DEBUG  |MarketDataSync|Task 'aggregate_weekly_crypto': LastRunUTC=2025-04-25T10:17:02.140826+00:00, TimeSince=11:07:15.496918, Interval=7 days, 0:00:00, IsDue=False
2025-04-25 21:24:19|DEBUG  |MarketDataSync|Checking aggregations for 'commodity': Levels=['6h', '12h', 'daily', '3d', 'weekly']
2025-04-25 21:24:19|DEBUG  |MarketDataSync|Task 'aggregate_6h_commodity': LastRunUTC=2025-04-25T16:19:24.085742+00:00, TimeSince=5:04:53.552002, Interval=6:00:00, IsDue=False
2025-04-25 21:24:19|DEBUG  |MarketDataSync|Task 'aggregate_12h_commodity': LastRunUTC=2025-04-25T10:17:02.231518+00:00, TimeSince=11:07:15.406226, Interval=12:00:00, IsDue=False
2025-04-25 21:24:19|DEBUG  |MarketDataSync|Skip Daily 'aggregate_daily_commodity': Already processed up to or including yesterday (2025-04-25).
2025-04-25 21:24:19|DEBUG  |MarketDataSync|Task 'aggregate_3d_commodity': LastRunUTC=2025-04-25T10:17:02.287106+00:00, TimeSince=11:07:15.350638, Interval=3 days, 0:00:00, IsDue=False
2025-04-25 21:24:19|DEBUG  |MarketDataSync|Task 'aggregate_weekly_commodity': LastRunUTC=2025-04-25T10:17:02.342094+00:00, TimeSince=11:07:15.295650, Interval=7 days, 0:00:00, IsDue=False
2025-04-25 21:24:19|DEBUG  |MarketDataSync|Checking aggregations for 'tse_ifb_symbols': Levels=['daily']
2025-04-25 21:24:19|INFO   |MarketDataSync|Daily task 'aggregate_daily_tse_ifb_symbols' due: Never run before.
2025-04-25 21:24:19|INFO   |MarketDataSync|Running Aggregation: 'aggregate_daily_tse_ifb_symbols' target=2025-04-25 period=[2025-04-24T20:30:00+00:00 to 2025-04-25T20:30:00+00:00)
2025-04-25 21:24:19|INFO   |MarketDataSync|Starting aggregation for 'tse_ifb_symbols_daily' (Period: 2025-04-24T20:30:00+00:00 to 2025-04-25T20:30:00+00:00)
2025-04-25 21:24:19|WARNING|MarketDataSync|Skip Aggregation for tse_ifb_symbols_daily: Raw table 'tse_ifb_symbols_raw' does not exist.
2025-04-25 21:24:19|INFO   |MarketDataSync|Aggregation Results Summary: Success=1, Skipped=15, Errors=0
2025-04-25 21:24:20|INFO   |MarketDataSync|DB connection closed.
2025-04-25 21:24:20|INFO   |MarketDataSync|[32m--- Market Data Sync Cycle Finished in 2.40 seconds ---[0m
2025-04-25 21:24:20|INFO   |MarketDataSync|Improvement Suggestion 1: Implement more specific error handling for common API issues (e.g., rate limits, maintenance status codes).
2025-04-25 21:24:20|INFO   |MarketDataSync|Improvement Suggestion 2: Consider adding data quality checks (e.g., price outliers, missing symbols) after fetching or before aggregation.
